[0.818s] DEBUG:colcon:Command line arguments: ['/usr/bin/colcon', 'build', '--event-handlers', 'status+', 'console_start_end+', '--cmake-args', '-G', 'CodeBlocks - Unix Makefiles', '-DCMAKE_BUILD_TYPE=Debug']
[0.818s] DEBUG:colcon:Parsed command line arguments: Namespace(log_base=None, log_level=None, verb_name='build', build_base='build', install_base='install', merge_install=False, symlink_install=False, test_result_base=None, continue_on_error=False, executor='parallel', parallel_workers=8, event_handlers=['status+', 'console_start_end+'], ignore_user_meta=False, metas=['./colcon.meta'], base_paths=['.'], packages_ignore=None, packages_ignore_regex=None, paths=None, packages_up_to=None, packages_up_to_regex=None, packages_above=None, packages_above_and_dependencies=None, packages_above_depth=None, packages_select_by_dep=None, packages_skip_by_dep=None, packages_skip_up_to=None, packages_select_build_failed=False, packages_skip_build_finished=False, packages_select_test_failures=False, packages_skip_test_passed=False, packages_select=None, packages_skip=None, packages_select_regex=None, packages_skip_regex=None, packages_start=None, packages_end=None, allow_overriding=[], cmake_args=['-G', 'CodeBlocks - Unix Makefiles', '-DCMAKE_BUILD_TYPE=Debug'], cmake_target=None, cmake_target_skip_unavailable=False, cmake_clean_cache=False, cmake_clean_first=False, cmake_force_configure=False, ament_cmake_args=None, catkin_cmake_args=None, catkin_skip_building_tests=False, verb_parser=<colcon_defaults.argument_parser.defaults.DefaultArgumentsDecorator object at 0x7f48d3d8c130>, verb_extension=<colcon_core.verb.build.BuildVerb object at 0x7f48d403d3f0>, main=<bound method BuildVerb.main of <colcon_core.verb.build.BuildVerb object at 0x7f48d403d3f0>>)
[0.856s] Level 1:colcon.colcon_core.package_discovery:discover_packages(colcon_meta) check parameters
[0.856s] Level 1:colcon.colcon_core.package_discovery:discover_packages(recursive) check parameters
[0.856s] Level 1:colcon.colcon_core.package_discovery:discover_packages(ignore) check parameters
[0.856s] Level 1:colcon.colcon_core.package_discovery:discover_packages(path) check parameters
[0.856s] Level 1:colcon.colcon_core.package_discovery:discover_packages(colcon_meta) discover
[0.856s] Level 1:colcon.colcon_core.package_discovery:discover_packages(recursive) discover
[0.856s] INFO:colcon.colcon_core.package_discovery:Crawling recursively for packages in '/home/robot33-6/student133_ws'
[0.856s] Level 1:colcon.colcon_core.package_identification:_identify(.) by extensions ['ignore', 'ignore_ament_install']
[0.857s] Level 1:colcon.colcon_core.package_identification:_identify(.) by extension 'ignore'
[0.857s] Level 1:colcon.colcon_core.package_identification:_identify(.) by extension 'ignore_ament_install'
[0.857s] Level 1:colcon.colcon_core.package_identification:_identify(.) by extensions ['colcon_pkg']
[0.857s] Level 1:colcon.colcon_core.package_identification:_identify(.) by extension 'colcon_pkg'
[0.857s] Level 1:colcon.colcon_core.package_identification:_identify(.) by extensions ['colcon_meta']
[0.857s] Level 1:colcon.colcon_core.package_identification:_identify(.) by extension 'colcon_meta'
[0.857s] Level 1:colcon.colcon_core.package_identification:_identify(.) by extensions ['ros']
[0.857s] Level 1:colcon.colcon_core.package_identification:_identify(.) by extension 'ros'
[0.866s] Level 1:colcon.colcon_core.package_identification:_identify(.) by extensions ['cmake', 'python']
[0.866s] Level 1:colcon.colcon_core.package_identification:_identify(.) by extension 'cmake'
[0.866s] Level 1:colcon.colcon_core.package_identification:_identify(.) by extension 'python'
[0.866s] Level 1:colcon.colcon_core.package_identification:_identify(.) by extensions ['python_setup_py']
[0.866s] Level 1:colcon.colcon_core.package_identification:_identify(.) by extension 'python_setup_py'
[0.866s] Level 1:colcon.colcon_core.package_identification:_identify(build) by extensions ['ignore', 'ignore_ament_install']
[0.866s] Level 1:colcon.colcon_core.package_identification:_identify(build) by extension 'ignore'
[0.866s] Level 1:colcon.colcon_core.package_identification:_identify(build) ignored
[0.866s] Level 1:colcon.colcon_core.package_identification:_identify(install) by extensions ['ignore', 'ignore_ament_install']
[0.866s] Level 1:colcon.colcon_core.package_identification:_identify(install) by extension 'ignore'
[0.866s] Level 1:colcon.colcon_core.package_identification:_identify(install) ignored
[0.866s] Level 1:colcon.colcon_core.package_identification:_identify(log) by extensions ['ignore', 'ignore_ament_install']
[0.866s] Level 1:colcon.colcon_core.package_identification:_identify(log) by extension 'ignore'
[0.867s] Level 1:colcon.colcon_core.package_identification:_identify(log) ignored
[0.867s] Level 1:colcon.colcon_core.package_identification:_identify(src) by extensions ['ignore', 'ignore_ament_install']
[0.867s] Level 1:colcon.colcon_core.package_identification:_identify(src) by extension 'ignore'
[0.867s] Level 1:colcon.colcon_core.package_identification:_identify(src) by extension 'ignore_ament_install'
[0.867s] Level 1:colcon.colcon_core.package_identification:_identify(src) by extensions ['colcon_pkg']
[0.867s] Level 1:colcon.colcon_core.package_identification:_identify(src) by extension 'colcon_pkg'
[0.867s] Level 1:colcon.colcon_core.package_identification:_identify(src) by extensions ['colcon_meta']
[0.867s] Level 1:colcon.colcon_core.package_identification:_identify(src) by extension 'colcon_meta'
[0.867s] Level 1:colcon.colcon_core.package_identification:_identify(src) by extensions ['ros']
[0.867s] Level 1:colcon.colcon_core.package_identification:_identify(src) by extension 'ros'
[0.867s] Level 1:colcon.colcon_core.package_identification:_identify(src) by extensions ['cmake', 'python']
[0.867s] Level 1:colcon.colcon_core.package_identification:_identify(src) by extension 'cmake'
[0.867s] Level 1:colcon.colcon_core.package_identification:_identify(src) by extension 'python'
[0.867s] Level 1:colcon.colcon_core.package_identification:_identify(src) by extensions ['python_setup_py']
[0.867s] Level 1:colcon.colcon_core.package_identification:_identify(src) by extension 'python_setup_py'
[0.867s] Level 1:colcon.colcon_core.package_identification:_identify(src/test_client) by extensions ['ignore', 'ignore_ament_install']
[0.867s] Level 1:colcon.colcon_core.package_identification:_identify(src/test_client) by extension 'ignore'
[0.867s] Level 1:colcon.colcon_core.package_identification:_identify(src/test_client) by extension 'ignore_ament_install'
[0.867s] Level 1:colcon.colcon_core.package_identification:_identify(src/test_client) by extensions ['colcon_pkg']
[0.867s] Level 1:colcon.colcon_core.package_identification:_identify(src/test_client) by extension 'colcon_pkg'
[0.867s] Level 1:colcon.colcon_core.package_identification:_identify(src/test_client) by extensions ['colcon_meta']
[0.867s] Level 1:colcon.colcon_core.package_identification:_identify(src/test_client) by extension 'colcon_meta'
[0.867s] Level 1:colcon.colcon_core.package_identification:_identify(src/test_client) by extensions ['ros']
[0.867s] Level 1:colcon.colcon_core.package_identification:_identify(src/test_client) by extension 'ros'
[0.869s] DEBUG:colcon.colcon_core.package_identification:Package 'src/test_client' with type 'ros.ament_cmake' and name 'test_client'
[0.869s] Level 1:colcon.colcon_core.package_identification:_identify(src/test_custom_msg) by extensions ['ignore', 'ignore_ament_install']
[0.869s] Level 1:colcon.colcon_core.package_identification:_identify(src/test_custom_msg) by extension 'ignore'
[0.869s] Level 1:colcon.colcon_core.package_identification:_identify(src/test_custom_msg) by extension 'ignore_ament_install'
[0.870s] Level 1:colcon.colcon_core.package_identification:_identify(src/test_custom_msg) by extensions ['colcon_pkg']
[0.870s] Level 1:colcon.colcon_core.package_identification:_identify(src/test_custom_msg) by extension 'colcon_pkg'
[0.870s] Level 1:colcon.colcon_core.package_identification:_identify(src/test_custom_msg) by extensions ['colcon_meta']
[0.870s] Level 1:colcon.colcon_core.package_identification:_identify(src/test_custom_msg) by extension 'colcon_meta'
[0.870s] Level 1:colcon.colcon_core.package_identification:_identify(src/test_custom_msg) by extensions ['ros']
[0.870s] Level 1:colcon.colcon_core.package_identification:_identify(src/test_custom_msg) by extension 'ros'
[0.870s] DEBUG:colcon.colcon_core.package_identification:Package 'src/test_custom_msg' with type 'ros.ament_cmake' and name 'test_custom_msg'
[0.870s] Level 1:colcon.colcon_core.package_identification:_identify(src/test_custom_publisher) by extensions ['ignore', 'ignore_ament_install']
[0.870s] Level 1:colcon.colcon_core.package_identification:_identify(src/test_custom_publisher) by extension 'ignore'
[0.870s] Level 1:colcon.colcon_core.package_identification:_identify(src/test_custom_publisher) by extension 'ignore_ament_install'
[0.870s] Level 1:colcon.colcon_core.package_identification:_identify(src/test_custom_publisher) by extensions ['colcon_pkg']
[0.870s] Level 1:colcon.colcon_core.package_identification:_identify(src/test_custom_publisher) by extension 'colcon_pkg'
[0.870s] Level 1:colcon.colcon_core.package_identification:_identify(src/test_custom_publisher) by extensions ['colcon_meta']
[0.870s] Level 1:colcon.colcon_core.package_identification:_identify(src/test_custom_publisher) by extension 'colcon_meta'
[0.871s] Level 1:colcon.colcon_core.package_identification:_identify(src/test_custom_publisher) by extensions ['ros']
[0.871s] Level 1:colcon.colcon_core.package_identification:_identify(src/test_custom_publisher) by extension 'ros'
[0.871s] DEBUG:colcon.colcon_core.package_identification:Package 'src/test_custom_publisher' with type 'ros.ament_cmake' and name 'test_custom_publisher'
[0.871s] Level 1:colcon.colcon_core.package_identification:_identify(src/test_custom_srv) by extensions ['ignore', 'ignore_ament_install']
[0.871s] Level 1:colcon.colcon_core.package_identification:_identify(src/test_custom_srv) by extension 'ignore'
[0.871s] Level 1:colcon.colcon_core.package_identification:_identify(src/test_custom_srv) by extension 'ignore_ament_install'
[0.871s] Level 1:colcon.colcon_core.package_identification:_identify(src/test_custom_srv) by extensions ['colcon_pkg']
[0.871s] Level 1:colcon.colcon_core.package_identification:_identify(src/test_custom_srv) by extension 'colcon_pkg'
[0.871s] Level 1:colcon.colcon_core.package_identification:_identify(src/test_custom_srv) by extensions ['colcon_meta']
[0.871s] Level 1:colcon.colcon_core.package_identification:_identify(src/test_custom_srv) by extension 'colcon_meta'
[0.871s] Level 1:colcon.colcon_core.package_identification:_identify(src/test_custom_srv) by extensions ['ros']
[0.871s] Level 1:colcon.colcon_core.package_identification:_identify(src/test_custom_srv) by extension 'ros'
[0.872s] DEBUG:colcon.colcon_core.package_identification:Package 'src/test_custom_srv' with type 'ros.ament_cmake' and name 'test_custom_srv'
[0.872s] Level 1:colcon.colcon_core.package_identification:_identify(src/test_pkg) by extensions ['ignore', 'ignore_ament_install']
[0.872s] Level 1:colcon.colcon_core.package_identification:_identify(src/test_pkg) by extension 'ignore'
[0.872s] Level 1:colcon.colcon_core.package_identification:_identify(src/test_pkg) by extension 'ignore_ament_install'
[0.872s] Level 1:colcon.colcon_core.package_identification:_identify(src/test_pkg) by extensions ['colcon_pkg']
[0.872s] Level 1:colcon.colcon_core.package_identification:_identify(src/test_pkg) by extension 'colcon_pkg'
[0.872s] Level 1:colcon.colcon_core.package_identification:_identify(src/test_pkg) by extensions ['colcon_meta']
[0.872s] Level 1:colcon.colcon_core.package_identification:_identify(src/test_pkg) by extension 'colcon_meta'
[0.872s] Level 1:colcon.colcon_core.package_identification:_identify(src/test_pkg) by extensions ['ros']
[0.872s] Level 1:colcon.colcon_core.package_identification:_identify(src/test_pkg) by extension 'ros'
[0.872s] DEBUG:colcon.colcon_core.package_identification:Package 'src/test_pkg' with type 'ros.ament_cmake' and name 'test_pkg'
[0.872s] Level 1:colcon.colcon_core.package_identification:_identify(src/test_publisher) by extensions ['ignore', 'ignore_ament_install']
[0.873s] Level 1:colcon.colcon_core.package_identification:_identify(src/test_publisher) by extension 'ignore'
[0.873s] Level 1:colcon.colcon_core.package_identification:_identify(src/test_publisher) by extension 'ignore_ament_install'
[0.873s] Level 1:colcon.colcon_core.package_identification:_identify(src/test_publisher) by extensions ['colcon_pkg']
[0.873s] Level 1:colcon.colcon_core.package_identification:_identify(src/test_publisher) by extension 'colcon_pkg'
[0.873s] Level 1:colcon.colcon_core.package_identification:_identify(src/test_publisher) by extensions ['colcon_meta']
[0.873s] Level 1:colcon.colcon_core.package_identification:_identify(src/test_publisher) by extension 'colcon_meta'
[0.873s] Level 1:colcon.colcon_core.package_identification:_identify(src/test_publisher) by extensions ['ros']
[0.873s] Level 1:colcon.colcon_core.package_identification:_identify(src/test_publisher) by extension 'ros'
[0.873s] DEBUG:colcon.colcon_core.package_identification:Package 'src/test_publisher' with type 'ros.ament_cmake' and name 'test_publisher'
[0.873s] Level 1:colcon.colcon_core.package_identification:_identify(src/test_service) by extensions ['ignore', 'ignore_ament_install']
[0.873s] Level 1:colcon.colcon_core.package_identification:_identify(src/test_service) by extension 'ignore'
[0.873s] Level 1:colcon.colcon_core.package_identification:_identify(src/test_service) by extension 'ignore_ament_install'
[0.873s] Level 1:colcon.colcon_core.package_identification:_identify(src/test_service) by extensions ['colcon_pkg']
[0.873s] Level 1:colcon.colcon_core.package_identification:_identify(src/test_service) by extension 'colcon_pkg'
[0.873s] Level 1:colcon.colcon_core.package_identification:_identify(src/test_service) by extensions ['colcon_meta']
[0.873s] Level 1:colcon.colcon_core.package_identification:_identify(src/test_service) by extension 'colcon_meta'
[0.873s] Level 1:colcon.colcon_core.package_identification:_identify(src/test_service) by extensions ['ros']
[0.873s] Level 1:colcon.colcon_core.package_identification:_identify(src/test_service) by extension 'ros'
[0.874s] DEBUG:colcon.colcon_core.package_identification:Package 'src/test_service' with type 'ros.ament_cmake' and name 'test_service'
[0.874s] Level 1:colcon.colcon_core.package_identification:_identify(src/test_subscriber) by extensions ['ignore', 'ignore_ament_install']
[0.874s] Level 1:colcon.colcon_core.package_identification:_identify(src/test_subscriber) by extension 'ignore'
[0.874s] Level 1:colcon.colcon_core.package_identification:_identify(src/test_subscriber) by extension 'ignore_ament_install'
[0.874s] Level 1:colcon.colcon_core.package_identification:_identify(src/test_subscriber) by extensions ['colcon_pkg']
[0.874s] Level 1:colcon.colcon_core.package_identification:_identify(src/test_subscriber) by extension 'colcon_pkg'
[0.874s] Level 1:colcon.colcon_core.package_identification:_identify(src/test_subscriber) by extensions ['colcon_meta']
[0.874s] Level 1:colcon.colcon_core.package_identification:_identify(src/test_subscriber) by extension 'colcon_meta'
[0.874s] Level 1:colcon.colcon_core.package_identification:_identify(src/test_subscriber) by extensions ['ros']
[0.874s] Level 1:colcon.colcon_core.package_identification:_identify(src/test_subscriber) by extension 'ros'
[0.875s] DEBUG:colcon.colcon_core.package_identification:Package 'src/test_subscriber' with type 'ros.ament_cmake' and name 'test_subscriber'
[0.875s] Level 1:colcon.colcon_core.package_discovery:discover_packages(recursive) using defaults
[0.875s] Level 1:colcon.colcon_core.package_discovery:discover_packages(ignore) discover
[0.875s] Level 1:colcon.colcon_core.package_discovery:discover_packages(ignore) using defaults
[0.875s] Level 1:colcon.colcon_core.package_discovery:discover_packages(path) discover
[0.875s] Level 1:colcon.colcon_core.package_discovery:discover_packages(path) using defaults
[0.948s] Level 1:colcon.colcon_core.package_discovery:discover_packages(prefix_path) check parameters
[0.948s] Level 1:colcon.colcon_core.package_discovery:discover_packages(prefix_path) discover
[0.972s] DEBUG:colcon.colcon_installed_package_information.package_discovery:Found 9 installed packages in /home/robot33-6/student133_ws/install
[0.985s] DEBUG:colcon.colcon_installed_package_information.package_discovery:Found 270 installed packages in /opt/ros/humble
[0.986s] Level 1:colcon.colcon_core.package_discovery:discover_packages(prefix_path) using defaults
[1.059s] Level 5:colcon.colcon_core.verb:set package 'test_client' build argument 'cmake_args' from command line to '['-G', 'CodeBlocks - Unix Makefiles', '-DCMAKE_BUILD_TYPE=Debug']'
[1.059s] Level 5:colcon.colcon_core.verb:set package 'test_client' build argument 'cmake_target' from command line to 'None'
[1.059s] Level 5:colcon.colcon_core.verb:set package 'test_client' build argument 'cmake_target_skip_unavailable' from command line to 'False'
[1.059s] Level 5:colcon.colcon_core.verb:set package 'test_client' build argument 'cmake_clean_cache' from command line to 'False'
[1.059s] Level 5:colcon.colcon_core.verb:set package 'test_client' build argument 'cmake_clean_first' from command line to 'False'
[1.059s] Level 5:colcon.colcon_core.verb:set package 'test_client' build argument 'cmake_force_configure' from command line to 'False'
[1.059s] Level 5:colcon.colcon_core.verb:set package 'test_client' build argument 'ament_cmake_args' from command line to 'None'
[1.059s] Level 5:colcon.colcon_core.verb:set package 'test_client' build argument 'catkin_cmake_args' from command line to 'None'
[1.059s] Level 5:colcon.colcon_core.verb:set package 'test_client' build argument 'catkin_skip_building_tests' from command line to 'False'
[1.059s] DEBUG:colcon.colcon_core.verb:Building package 'test_client' with the following arguments: {'ament_cmake_args': None, 'build_base': '/home/robot33-6/student133_ws/build/test_client', 'catkin_cmake_args': None, 'catkin_skip_building_tests': False, 'cmake_args': ['-G', 'CodeBlocks - Unix Makefiles', '-DCMAKE_BUILD_TYPE=Debug'], 'cmake_clean_cache': False, 'cmake_clean_first': False, 'cmake_force_configure': False, 'cmake_target': None, 'cmake_target_skip_unavailable': False, 'install_base': '/home/robot33-6/student133_ws/install/test_client', 'merge_install': False, 'path': '/home/robot33-6/student133_ws/src/test_client', 'symlink_install': False, 'test_result_base': None}
[1.071s] Level 5:colcon.colcon_core.verb:set package 'test_custom_msg' build argument 'cmake_args' from command line to '['-G', 'CodeBlocks - Unix Makefiles', '-DCMAKE_BUILD_TYPE=Debug']'
[1.071s] Level 5:colcon.colcon_core.verb:set package 'test_custom_msg' build argument 'cmake_target' from command line to 'None'
[1.071s] Level 5:colcon.colcon_core.verb:set package 'test_custom_msg' build argument 'cmake_target_skip_unavailable' from command line to 'False'
[1.071s] Level 5:colcon.colcon_core.verb:set package 'test_custom_msg' build argument 'cmake_clean_cache' from command line to 'False'
[1.071s] Level 5:colcon.colcon_core.verb:set package 'test_custom_msg' build argument 'cmake_clean_first' from command line to 'False'
[1.071s] Level 5:colcon.colcon_core.verb:set package 'test_custom_msg' build argument 'cmake_force_configure' from command line to 'False'
[1.071s] Level 5:colcon.colcon_core.verb:set package 'test_custom_msg' build argument 'ament_cmake_args' from command line to 'None'
[1.071s] Level 5:colcon.colcon_core.verb:set package 'test_custom_msg' build argument 'catkin_cmake_args' from command line to 'None'
[1.071s] Level 5:colcon.colcon_core.verb:set package 'test_custom_msg' build argument 'catkin_skip_building_tests' from command line to 'False'
[1.071s] DEBUG:colcon.colcon_core.verb:Building package 'test_custom_msg' with the following arguments: {'ament_cmake_args': None, 'build_base': '/home/robot33-6/student133_ws/build/test_custom_msg', 'catkin_cmake_args': None, 'catkin_skip_building_tests': False, 'cmake_args': ['-G', 'CodeBlocks - Unix Makefiles', '-DCMAKE_BUILD_TYPE=Debug'], 'cmake_clean_cache': False, 'cmake_clean_first': False, 'cmake_force_configure': False, 'cmake_target': None, 'cmake_target_skip_unavailable': False, 'install_base': '/home/robot33-6/student133_ws/install/test_custom_msg', 'merge_install': False, 'path': '/home/robot33-6/student133_ws/src/test_custom_msg', 'symlink_install': False, 'test_result_base': None}
[1.083s] Level 5:colcon.colcon_core.verb:set package 'test_custom_publisher' build argument 'cmake_args' from command line to '['-G', 'CodeBlocks - Unix Makefiles', '-DCMAKE_BUILD_TYPE=Debug']'
[1.083s] Level 5:colcon.colcon_core.verb:set package 'test_custom_publisher' build argument 'cmake_target' from command line to 'None'
[1.083s] Level 5:colcon.colcon_core.verb:set package 'test_custom_publisher' build argument 'cmake_target_skip_unavailable' from command line to 'False'
[1.083s] Level 5:colcon.colcon_core.verb:set package 'test_custom_publisher' build argument 'cmake_clean_cache' from command line to 'False'
[1.083s] Level 5:colcon.colcon_core.verb:set package 'test_custom_publisher' build argument 'cmake_clean_first' from command line to 'False'
[1.083s] Level 5:colcon.colcon_core.verb:set package 'test_custom_publisher' build argument 'cmake_force_configure' from command line to 'False'
[1.083s] Level 5:colcon.colcon_core.verb:set package 'test_custom_publisher' build argument 'ament_cmake_args' from command line to 'None'
[1.083s] Level 5:colcon.colcon_core.verb:set package 'test_custom_publisher' build argument 'catkin_cmake_args' from command line to 'None'
[1.083s] Level 5:colcon.colcon_core.verb:set package 'test_custom_publisher' build argument 'catkin_skip_building_tests' from command line to 'False'
[1.083s] DEBUG:colcon.colcon_core.verb:Building package 'test_custom_publisher' with the following arguments: {'ament_cmake_args': None, 'build_base': '/home/robot33-6/student133_ws/build/test_custom_publisher', 'catkin_cmake_args': None, 'catkin_skip_building_tests': False, 'cmake_args': ['-G', 'CodeBlocks - Unix Makefiles', '-DCMAKE_BUILD_TYPE=Debug'], 'cmake_clean_cache': False, 'cmake_clean_first': False, 'cmake_force_configure': False, 'cmake_target': None, 'cmake_target_skip_unavailable': False, 'install_base': '/home/robot33-6/student133_ws/install/test_custom_publisher', 'merge_install': False, 'path': '/home/robot33-6/student133_ws/src/test_custom_publisher', 'symlink_install': False, 'test_result_base': None}
[1.095s] Level 5:colcon.colcon_core.verb:set package 'test_custom_srv' build argument 'cmake_args' from command line to '['-G', 'CodeBlocks - Unix Makefiles', '-DCMAKE_BUILD_TYPE=Debug']'
[1.095s] Level 5:colcon.colcon_core.verb:set package 'test_custom_srv' build argument 'cmake_target' from command line to 'None'
[1.095s] Level 5:colcon.colcon_core.verb:set package 'test_custom_srv' build argument 'cmake_target_skip_unavailable' from command line to 'False'
[1.095s] Level 5:colcon.colcon_core.verb:set package 'test_custom_srv' build argument 'cmake_clean_cache' from command line to 'False'
[1.095s] Level 5:colcon.colcon_core.verb:set package 'test_custom_srv' build argument 'cmake_clean_first' from command line to 'False'
[1.095s] Level 5:colcon.colcon_core.verb:set package 'test_custom_srv' build argument 'cmake_force_configure' from command line to 'False'
[1.095s] Level 5:colcon.colcon_core.verb:set package 'test_custom_srv' build argument 'ament_cmake_args' from command line to 'None'
[1.095s] Level 5:colcon.colcon_core.verb:set package 'test_custom_srv' build argument 'catkin_cmake_args' from command line to 'None'
[1.095s] Level 5:colcon.colcon_core.verb:set package 'test_custom_srv' build argument 'catkin_skip_building_tests' from command line to 'False'
[1.095s] DEBUG:colcon.colcon_core.verb:Building package 'test_custom_srv' with the following arguments: {'ament_cmake_args': None, 'build_base': '/home/robot33-6/student133_ws/build/test_custom_srv', 'catkin_cmake_args': None, 'catkin_skip_building_tests': False, 'cmake_args': ['-G', 'CodeBlocks - Unix Makefiles', '-DCMAKE_BUILD_TYPE=Debug'], 'cmake_clean_cache': False, 'cmake_clean_first': False, 'cmake_force_configure': False, 'cmake_target': None, 'cmake_target_skip_unavailable': False, 'install_base': '/home/robot33-6/student133_ws/install/test_custom_srv', 'merge_install': False, 'path': '/home/robot33-6/student133_ws/src/test_custom_srv', 'symlink_install': False, 'test_result_base': None}
[1.106s] Level 5:colcon.colcon_core.verb:set package 'test_pkg' build argument 'cmake_args' from command line to '['-G', 'CodeBlocks - Unix Makefiles', '-DCMAKE_BUILD_TYPE=Debug']'
[1.106s] Level 5:colcon.colcon_core.verb:set package 'test_pkg' build argument 'cmake_target' from command line to 'None'
[1.106s] Level 5:colcon.colcon_core.verb:set package 'test_pkg' build argument 'cmake_target_skip_unavailable' from command line to 'False'
[1.106s] Level 5:colcon.colcon_core.verb:set package 'test_pkg' build argument 'cmake_clean_cache' from command line to 'False'
[1.106s] Level 5:colcon.colcon_core.verb:set package 'test_pkg' build argument 'cmake_clean_first' from command line to 'False'
[1.106s] Level 5:colcon.colcon_core.verb:set package 'test_pkg' build argument 'cmake_force_configure' from command line to 'False'
[1.106s] Level 5:colcon.colcon_core.verb:set package 'test_pkg' build argument 'ament_cmake_args' from command line to 'None'
[1.106s] Level 5:colcon.colcon_core.verb:set package 'test_pkg' build argument 'catkin_cmake_args' from command line to 'None'
[1.107s] Level 5:colcon.colcon_core.verb:set package 'test_pkg' build argument 'catkin_skip_building_tests' from command line to 'False'
[1.107s] DEBUG:colcon.colcon_core.verb:Building package 'test_pkg' with the following arguments: {'ament_cmake_args': None, 'build_base': '/home/robot33-6/student133_ws/build/test_pkg', 'catkin_cmake_args': None, 'catkin_skip_building_tests': False, 'cmake_args': ['-G', 'CodeBlocks - Unix Makefiles', '-DCMAKE_BUILD_TYPE=Debug'], 'cmake_clean_cache': False, 'cmake_clean_first': False, 'cmake_force_configure': False, 'cmake_target': None, 'cmake_target_skip_unavailable': False, 'install_base': '/home/robot33-6/student133_ws/install/test_pkg', 'merge_install': False, 'path': '/home/robot33-6/student133_ws/src/test_pkg', 'symlink_install': False, 'test_result_base': None}
[1.118s] Level 5:colcon.colcon_core.verb:set package 'test_publisher' build argument 'cmake_args' from command line to '['-G', 'CodeBlocks - Unix Makefiles', '-DCMAKE_BUILD_TYPE=Debug']'
[1.118s] Level 5:colcon.colcon_core.verb:set package 'test_publisher' build argument 'cmake_target' from command line to 'None'
[1.118s] Level 5:colcon.colcon_core.verb:set package 'test_publisher' build argument 'cmake_target_skip_unavailable' from command line to 'False'
[1.118s] Level 5:colcon.colcon_core.verb:set package 'test_publisher' build argument 'cmake_clean_cache' from command line to 'False'
[1.118s] Level 5:colcon.colcon_core.verb:set package 'test_publisher' build argument 'cmake_clean_first' from command line to 'False'
[1.118s] Level 5:colcon.colcon_core.verb:set package 'test_publisher' build argument 'cmake_force_configure' from command line to 'False'
[1.118s] Level 5:colcon.colcon_core.verb:set package 'test_publisher' build argument 'ament_cmake_args' from command line to 'None'
[1.118s] Level 5:colcon.colcon_core.verb:set package 'test_publisher' build argument 'catkin_cmake_args' from command line to 'None'
[1.118s] Level 5:colcon.colcon_core.verb:set package 'test_publisher' build argument 'catkin_skip_building_tests' from command line to 'False'
[1.118s] DEBUG:colcon.colcon_core.verb:Building package 'test_publisher' with the following arguments: {'ament_cmake_args': None, 'build_base': '/home/robot33-6/student133_ws/build/test_publisher', 'catkin_cmake_args': None, 'catkin_skip_building_tests': False, 'cmake_args': ['-G', 'CodeBlocks - Unix Makefiles', '-DCMAKE_BUILD_TYPE=Debug'], 'cmake_clean_cache': False, 'cmake_clean_first': False, 'cmake_force_configure': False, 'cmake_target': None, 'cmake_target_skip_unavailable': False, 'install_base': '/home/robot33-6/student133_ws/install/test_publisher', 'merge_install': False, 'path': '/home/robot33-6/student133_ws/src/test_publisher', 'symlink_install': False, 'test_result_base': None}
[1.130s] Level 5:colcon.colcon_core.verb:set package 'test_service' build argument 'cmake_args' from command line to '['-G', 'CodeBlocks - Unix Makefiles', '-DCMAKE_BUILD_TYPE=Debug']'
[1.130s] Level 5:colcon.colcon_core.verb:set package 'test_service' build argument 'cmake_target' from command line to 'None'
[1.130s] Level 5:colcon.colcon_core.verb:set package 'test_service' build argument 'cmake_target_skip_unavailable' from command line to 'False'
[1.130s] Level 5:colcon.colcon_core.verb:set package 'test_service' build argument 'cmake_clean_cache' from command line to 'False'
[1.130s] Level 5:colcon.colcon_core.verb:set package 'test_service' build argument 'cmake_clean_first' from command line to 'False'
[1.130s] Level 5:colcon.colcon_core.verb:set package 'test_service' build argument 'cmake_force_configure' from command line to 'False'
[1.130s] Level 5:colcon.colcon_core.verb:set package 'test_service' build argument 'ament_cmake_args' from command line to 'None'
[1.130s] Level 5:colcon.colcon_core.verb:set package 'test_service' build argument 'catkin_cmake_args' from command line to 'None'
[1.130s] Level 5:colcon.colcon_core.verb:set package 'test_service' build argument 'catkin_skip_building_tests' from command line to 'False'
[1.130s] DEBUG:colcon.colcon_core.verb:Building package 'test_service' with the following arguments: {'ament_cmake_args': None, 'build_base': '/home/robot33-6/student133_ws/build/test_service', 'catkin_cmake_args': None, 'catkin_skip_building_tests': False, 'cmake_args': ['-G', 'CodeBlocks - Unix Makefiles', '-DCMAKE_BUILD_TYPE=Debug'], 'cmake_clean_cache': False, 'cmake_clean_first': False, 'cmake_force_configure': False, 'cmake_target': None, 'cmake_target_skip_unavailable': False, 'install_base': '/home/robot33-6/student133_ws/install/test_service', 'merge_install': False, 'path': '/home/robot33-6/student133_ws/src/test_service', 'symlink_install': False, 'test_result_base': None}
[1.142s] Level 5:colcon.colcon_core.verb:set package 'test_subscriber' build argument 'cmake_args' from command line to '['-G', 'CodeBlocks - Unix Makefiles', '-DCMAKE_BUILD_TYPE=Debug']'
[1.142s] Level 5:colcon.colcon_core.verb:set package 'test_subscriber' build argument 'cmake_target' from command line to 'None'
[1.142s] Level 5:colcon.colcon_core.verb:set package 'test_subscriber' build argument 'cmake_target_skip_unavailable' from command line to 'False'
[1.142s] Level 5:colcon.colcon_core.verb:set package 'test_subscriber' build argument 'cmake_clean_cache' from command line to 'False'
[1.142s] Level 5:colcon.colcon_core.verb:set package 'test_subscriber' build argument 'cmake_clean_first' from command line to 'False'
[1.142s] Level 5:colcon.colcon_core.verb:set package 'test_subscriber' build argument 'cmake_force_configure' from command line to 'False'
[1.142s] Level 5:colcon.colcon_core.verb:set package 'test_subscriber' build argument 'ament_cmake_args' from command line to 'None'
[1.142s] Level 5:colcon.colcon_core.verb:set package 'test_subscriber' build argument 'catkin_cmake_args' from command line to 'None'
[1.142s] Level 5:colcon.colcon_core.verb:set package 'test_subscriber' build argument 'catkin_skip_building_tests' from command line to 'False'
[1.142s] DEBUG:colcon.colcon_core.verb:Building package 'test_subscriber' with the following arguments: {'ament_cmake_args': None, 'build_base': '/home/robot33-6/student133_ws/build/test_subscriber', 'catkin_cmake_args': None, 'catkin_skip_building_tests': False, 'cmake_args': ['-G', 'CodeBlocks - Unix Makefiles', '-DCMAKE_BUILD_TYPE=Debug'], 'cmake_clean_cache': False, 'cmake_clean_first': False, 'cmake_force_configure': False, 'cmake_target': None, 'cmake_target_skip_unavailable': False, 'install_base': '/home/robot33-6/student133_ws/install/test_subscriber', 'merge_install': False, 'path': '/home/robot33-6/student133_ws/src/test_subscriber', 'symlink_install': False, 'test_result_base': None}
[1.153s] INFO:colcon.colcon_core.executor:Executing jobs using 'parallel' executor
[1.166s] DEBUG:colcon.colcon_parallel_executor.executor.parallel:run_until_complete
[1.166s] INFO:colcon.colcon_ros.task.ament_cmake.build:Building ROS package in '/home/robot33-6/student133_ws/src/test_client' with build type 'ament_cmake'
[1.166s] INFO:colcon.colcon_cmake.task.cmake.build:Building CMake package in '/home/robot33-6/student133_ws/src/test_client'
[1.179s] INFO:colcon.colcon_core.plugin_system:Skipping extension 'colcon_core.shell.bat': Not used on non-Windows systems
[1.180s] INFO:colcon.colcon_core.shell:Skip shell extension 'powershell' for command environment: Not usable outside of PowerShell
[1.180s] DEBUG:colcon.colcon_core.shell:Skip shell extension 'dsv' for command environment
[1.217s] INFO:colcon.colcon_ros.task.ament_cmake.build:Building ROS package in '/home/robot33-6/student133_ws/src/test_custom_msg' with build type 'ament_cmake'
[1.217s] INFO:colcon.colcon_cmake.task.cmake.build:Building CMake package in '/home/robot33-6/student133_ws/src/test_custom_msg'
[1.230s] INFO:colcon.colcon_core.shell:Skip shell extension 'powershell' for command environment: Not usable outside of PowerShell
[1.230s] DEBUG:colcon.colcon_core.shell:Skip shell extension 'dsv' for command environment
[1.267s] INFO:colcon.colcon_ros.task.ament_cmake.build:Building ROS package in '/home/robot33-6/student133_ws/src/test_custom_publisher' with build type 'ament_cmake'
[1.267s] INFO:colcon.colcon_cmake.task.cmake.build:Building CMake package in '/home/robot33-6/student133_ws/src/test_custom_publisher'
[1.280s] INFO:colcon.colcon_core.shell:Skip shell extension 'powershell' for command environment: Not usable outside of PowerShell
[1.280s] DEBUG:colcon.colcon_core.shell:Skip shell extension 'dsv' for command environment
[1.326s] INFO:colcon.colcon_ros.task.ament_cmake.build:Building ROS package in '/home/robot33-6/student133_ws/src/test_custom_srv' with build type 'ament_cmake'
[1.326s] INFO:colcon.colcon_cmake.task.cmake.build:Building CMake package in '/home/robot33-6/student133_ws/src/test_custom_srv'
[1.339s] INFO:colcon.colcon_core.shell:Skip shell extension 'powershell' for command environment: Not usable outside of PowerShell
[1.339s] DEBUG:colcon.colcon_core.shell:Skip shell extension 'dsv' for command environment
[1.377s] INFO:colcon.colcon_ros.task.ament_cmake.build:Building ROS package in '/home/robot33-6/student133_ws/src/test_pkg' with build type 'ament_cmake'
[1.377s] INFO:colcon.colcon_cmake.task.cmake.build:Building CMake package in '/home/robot33-6/student133_ws/src/test_pkg'
[1.389s] INFO:colcon.colcon_core.shell:Skip shell extension 'powershell' for command environment: Not usable outside of PowerShell
[1.390s] DEBUG:colcon.colcon_core.shell:Skip shell extension 'dsv' for command environment
[1.427s] INFO:colcon.colcon_ros.task.ament_cmake.build:Building ROS package in '/home/robot33-6/student133_ws/src/test_publisher' with build type 'ament_cmake'
[1.428s] INFO:colcon.colcon_cmake.task.cmake.build:Building CMake package in '/home/robot33-6/student133_ws/src/test_publisher'
[1.440s] INFO:colcon.colcon_core.shell:Skip shell extension 'powershell' for command environment: Not usable outside of PowerShell
[1.440s] DEBUG:colcon.colcon_core.shell:Skip shell extension 'dsv' for command environment
[1.478s] INFO:colcon.colcon_ros.task.ament_cmake.build:Building ROS package in '/home/robot33-6/student133_ws/src/test_service' with build type 'ament_cmake'
[1.478s] INFO:colcon.colcon_cmake.task.cmake.build:Building CMake package in '/home/robot33-6/student133_ws/src/test_service'
[1.490s] INFO:colcon.colcon_core.shell:Skip shell extension 'powershell' for command environment: Not usable outside of PowerShell
[1.490s] DEBUG:colcon.colcon_core.shell:Skip shell extension 'dsv' for command environment
[1.528s] INFO:colcon.colcon_ros.task.ament_cmake.build:Building ROS package in '/home/robot33-6/student133_ws/src/test_subscriber' with build type 'ament_cmake'
[1.528s] INFO:colcon.colcon_cmake.task.cmake.build:Building CMake package in '/home/robot33-6/student133_ws/src/test_subscriber'
[1.540s] INFO:colcon.colcon_core.shell:Skip shell extension 'powershell' for command environment: Not usable outside of PowerShell
[1.540s] DEBUG:colcon.colcon_core.shell:Skip shell extension 'dsv' for command environment
[1.583s] DEBUG:colcon.colcon_core.event_handler.log_command:Invoking command in '/home/robot33-6/student133_ws/build/test_client': CMAKE_PREFIX_PATH=${CMAKE_PREFIX_PATH}:/opt/ros/humble /usr/bin/cmake /home/robot33-6/student133_ws/src/test_client -G CodeBlocks - Unix Makefiles -DCMAKE_BUILD_TYPE=Debug -DCMAKE_INSTALL_PREFIX=/home/robot33-6/student133_ws/install/test_client
[1.585s] DEBUG:colcon.colcon_core.event_handler.log_command:Invoking command in '/home/robot33-6/student133_ws/build/test_custom_msg': CMAKE_PREFIX_PATH=${CMAKE_PREFIX_PATH}:/opt/ros/humble /usr/bin/cmake --build /home/robot33-6/student133_ws/build/test_custom_msg -- -j8 -l8
[1.588s] DEBUG:colcon.colcon_core.event_handler.log_command:Invoking command in '/home/robot33-6/student133_ws/build/test_custom_publisher': CMAKE_PREFIX_PATH=${CMAKE_PREFIX_PATH}:/opt/ros/humble /usr/bin/cmake --build /home/robot33-6/student133_ws/build/test_custom_publisher -- -j8 -l8
[1.591s] DEBUG:colcon.colcon_core.event_handler.log_command:Invoking command in '/home/robot33-6/student133_ws/build/test_custom_srv': CMAKE_PREFIX_PATH=${CMAKE_PREFIX_PATH}:/opt/ros/humble /usr/bin/cmake --build /home/robot33-6/student133_ws/build/test_custom_srv -- -j8 -l8
[1.594s] DEBUG:colcon.colcon_core.event_handler.log_command:Invoking command in '/home/robot33-6/student133_ws/build/test_pkg': CMAKE_PREFIX_PATH=${CMAKE_PREFIX_PATH}:/opt/ros/humble /usr/bin/cmake --build /home/robot33-6/student133_ws/build/test_pkg -- -j8 -l8
[1.598s] DEBUG:colcon.colcon_core.event_handler.log_command:Invoking command in '/home/robot33-6/student133_ws/build/test_publisher': CMAKE_PREFIX_PATH=${CMAKE_PREFIX_PATH}:/opt/ros/humble /usr/bin/cmake --build /home/robot33-6/student133_ws/build/test_publisher -- -j8 -l8
[1.600s] DEBUG:colcon.colcon_core.event_handler.log_command:Invoking command in '/home/robot33-6/student133_ws/build/test_service': CMAKE_PREFIX_PATH=${CMAKE_PREFIX_PATH}:/opt/ros/humble /usr/bin/cmake --build /home/robot33-6/student133_ws/build/test_service -- -j8 -l8
[1.606s] DEBUG:colcon.colcon_core.event_handler.log_command:Invoking command in '/home/robot33-6/student133_ws/build/test_subscriber': CMAKE_PREFIX_PATH=${CMAKE_PREFIX_PATH}:/opt/ros/humble /usr/bin/cmake --build /home/robot33-6/student133_ws/build/test_subscriber -- -j8 -l8
[1.670s] DEBUG:colcon.colcon_core.event_handler.log_command:Invoked command in '/home/robot33-6/student133_ws/build/test_custom_publisher' returned '0': CMAKE_PREFIX_PATH=${CMAKE_PREFIX_PATH}:/opt/ros/humble /usr/bin/cmake --build /home/robot33-6/student133_ws/build/test_custom_publisher -- -j8 -l8
[1.720s] DEBUG:colcon.colcon_core.event_handler.log_command:Invoked command in '/home/robot33-6/student133_ws/build/test_pkg' returned '0': CMAKE_PREFIX_PATH=${CMAKE_PREFIX_PATH}:/opt/ros/humble /usr/bin/cmake --build /home/robot33-6/student133_ws/build/test_pkg -- -j8 -l8
[1.722s] DEBUG:colcon.colcon_core.event_handler.log_command:Invoked command in '/home/robot33-6/student133_ws/build/test_publisher' returned '0': CMAKE_PREFIX_PATH=${CMAKE_PREFIX_PATH}:/opt/ros/humble /usr/bin/cmake --build /home/robot33-6/student133_ws/build/test_publisher -- -j8 -l8
[1.731s] DEBUG:colcon.colcon_core.event_handler.log_command:Invoked command in '/home/robot33-6/student133_ws/build/test_subscriber' returned '0': CMAKE_PREFIX_PATH=${CMAKE_PREFIX_PATH}:/opt/ros/humble /usr/bin/cmake --build /home/robot33-6/student133_ws/build/test_subscriber -- -j8 -l8
[1.755s] DEBUG:colcon.colcon_core.event_handler.log_command:Invoked command in '/home/robot33-6/student133_ws/build/test_service' returned '0': CMAKE_PREFIX_PATH=${CMAKE_PREFIX_PATH}:/opt/ros/humble /usr/bin/cmake --build /home/robot33-6/student133_ws/build/test_service -- -j8 -l8
[1.770s] DEBUG:colcon.colcon_core.event_handler.log_command:Invoking command in '/home/robot33-6/student133_ws/build/test_custom_publisher': CMAKE_PREFIX_PATH=${CMAKE_PREFIX_PATH}:/opt/ros/humble /usr/bin/cmake --install /home/robot33-6/student133_ws/build/test_custom_publisher
[1.773s] DEBUG:colcon.colcon_core.event_handler.log_command:Invoking command in '/home/robot33-6/student133_ws/build/test_publisher': CMAKE_PREFIX_PATH=${CMAKE_PREFIX_PATH}:/opt/ros/humble /usr/bin/cmake --install /home/robot33-6/student133_ws/build/test_publisher
[1.785s] DEBUG:colcon.colcon_core.event_handler.log_command:Invoking command in '/home/robot33-6/student133_ws/build/test_pkg': CMAKE_PREFIX_PATH=${CMAKE_PREFIX_PATH}:/opt/ros/humble /usr/bin/cmake --install /home/robot33-6/student133_ws/build/test_pkg
[1.787s] Level 1:colcon.colcon_core.environment:create_environment_scripts_only(test_custom_publisher)
[1.790s] DEBUG:colcon.colcon_core.event_handler.log_command:Invoked command in '/home/robot33-6/student133_ws/build/test_custom_publisher' returned '0': CMAKE_PREFIX_PATH=${CMAKE_PREFIX_PATH}:/opt/ros/humble /usr/bin/cmake --install /home/robot33-6/student133_ws/build/test_custom_publisher
[1.809s] Level 1:colcon.colcon_core.environment:checking '/home/robot33-6/student133_ws/install/test_custom_publisher' for CMake module files
[1.810s] Level 1:colcon.colcon_core.environment:checking '/home/robot33-6/student133_ws/install/test_custom_publisher' for CMake config files
[1.810s] Level 1:colcon.colcon_core.shell:create_environment_hook('test_custom_publisher', 'cmake_prefix_path')
[1.831s] INFO:colcon.colcon_core.shell:Creating environment hook '/home/robot33-6/student133_ws/install/test_custom_publisher/share/test_custom_publisher/hook/cmake_prefix_path.ps1'
[1.832s] INFO:colcon.colcon_core.shell:Creating environment descriptor '/home/robot33-6/student133_ws/install/test_custom_publisher/share/test_custom_publisher/hook/cmake_prefix_path.dsv'
[1.832s] INFO:colcon.colcon_core.shell:Creating environment hook '/home/robot33-6/student133_ws/install/test_custom_publisher/share/test_custom_publisher/hook/cmake_prefix_path.sh'
[1.833s] Level 1:colcon.colcon_core.environment:checking '/home/robot33-6/student133_ws/install/test_custom_publisher/lib'
[1.834s] Level 1:colcon.colcon_core.environment:checking '/home/robot33-6/student133_ws/install/test_custom_publisher/bin'
[1.834s] Level 1:colcon.colcon_core.environment:checking '/home/robot33-6/student133_ws/install/test_custom_publisher/lib/pkgconfig/test_custom_publisher.pc'
[1.834s] Level 1:colcon.colcon_core.environment:checking '/home/robot33-6/student133_ws/install/test_custom_publisher/lib/python3.10/site-packages'
[1.834s] Level 1:colcon.colcon_core.environment:checking '/home/robot33-6/student133_ws/install/test_custom_publisher/bin'
[1.856s] INFO:colcon.colcon_core.shell:Creating package script '/home/robot33-6/student133_ws/install/test_custom_publisher/share/test_custom_publisher/package.ps1'
[1.857s] INFO:colcon.colcon_core.shell:Creating package descriptor '/home/robot33-6/student133_ws/install/test_custom_publisher/share/test_custom_publisher/package.dsv'
[1.858s] INFO:colcon.colcon_core.shell:Creating package script '/home/robot33-6/student133_ws/install/test_custom_publisher/share/test_custom_publisher/package.sh'
[1.859s] INFO:colcon.colcon_core.shell:Creating package script '/home/robot33-6/student133_ws/install/test_custom_publisher/share/test_custom_publisher/package.bash'
[1.860s] INFO:colcon.colcon_core.shell:Creating package script '/home/robot33-6/student133_ws/install/test_custom_publisher/share/test_custom_publisher/package.zsh'
[1.861s] Level 1:colcon.colcon_core.environment:create_file_with_runtime_dependencies(/home/robot33-6/student133_ws/install/test_custom_publisher/share/colcon-core/packages/test_custom_publisher)
[1.868s] DEBUG:colcon.colcon_core.event_handler.log_command:Invoking command in '/home/robot33-6/student133_ws/build/test_subscriber': CMAKE_PREFIX_PATH=${CMAKE_PREFIX_PATH}:/opt/ros/humble /usr/bin/cmake --install /home/robot33-6/student133_ws/build/test_subscriber
[1.869s] Level 1:colcon.colcon_core.environment:create_environment_scripts_only(test_publisher)
[1.871s] DEBUG:colcon.colcon_core.event_handler.log_command:Invoked command in '/home/robot33-6/student133_ws/build/test_publisher' returned '0': CMAKE_PREFIX_PATH=${CMAKE_PREFIX_PATH}:/opt/ros/humble /usr/bin/cmake --install /home/robot33-6/student133_ws/build/test_publisher
[1.888s] Level 1:colcon.colcon_core.environment:checking '/home/robot33-6/student133_ws/install/test_publisher' for CMake module files
[1.889s] Level 1:colcon.colcon_core.environment:checking '/home/robot33-6/student133_ws/install/test_publisher' for CMake config files
[1.889s] Level 1:colcon.colcon_core.shell:create_environment_hook('test_publisher', 'cmake_prefix_path')
[1.902s] INFO:colcon.colcon_core.shell:Creating environment hook '/home/robot33-6/student133_ws/install/test_publisher/share/test_publisher/hook/cmake_prefix_path.ps1'
[1.902s] INFO:colcon.colcon_core.shell:Creating environment descriptor '/home/robot33-6/student133_ws/install/test_publisher/share/test_publisher/hook/cmake_prefix_path.dsv'
[1.902s] INFO:colcon.colcon_core.shell:Creating environment hook '/home/robot33-6/student133_ws/install/test_publisher/share/test_publisher/hook/cmake_prefix_path.sh'
[1.903s] Level 1:colcon.colcon_core.environment:checking '/home/robot33-6/student133_ws/install/test_publisher/lib'
[1.903s] Level 1:colcon.colcon_core.environment:checking '/home/robot33-6/student133_ws/install/test_publisher/bin'
[1.903s] Level 1:colcon.colcon_core.environment:checking '/home/robot33-6/student133_ws/install/test_publisher/lib/pkgconfig/test_publisher.pc'
[1.903s] Level 1:colcon.colcon_core.environment:checking '/home/robot33-6/student133_ws/install/test_publisher/lib/python3.10/site-packages'
[1.903s] Level 1:colcon.colcon_core.environment:checking '/home/robot33-6/student133_ws/install/test_publisher/bin'
[1.916s] INFO:colcon.colcon_core.shell:Creating package script '/home/robot33-6/student133_ws/install/test_publisher/share/test_publisher/package.ps1'
[1.917s] INFO:colcon.colcon_core.shell:Creating package descriptor '/home/robot33-6/student133_ws/install/test_publisher/share/test_publisher/package.dsv'
[1.917s] INFO:colcon.colcon_core.shell:Creating package script '/home/robot33-6/student133_ws/install/test_publisher/share/test_publisher/package.sh'
[1.917s] INFO:colcon.colcon_core.shell:Creating package script '/home/robot33-6/student133_ws/install/test_publisher/share/test_publisher/package.bash'
[1.918s] INFO:colcon.colcon_core.shell:Creating package script '/home/robot33-6/student133_ws/install/test_publisher/share/test_publisher/package.zsh'
[1.918s] Level 1:colcon.colcon_core.environment:create_file_with_runtime_dependencies(/home/robot33-6/student133_ws/install/test_publisher/share/colcon-core/packages/test_publisher)
[1.919s] Level 1:colcon.colcon_core.environment:create_environment_scripts_only(test_pkg)
[1.920s] DEBUG:colcon.colcon_core.event_handler.log_command:Invoked command in '/home/robot33-6/student133_ws/build/test_pkg' returned '0': CMAKE_PREFIX_PATH=${CMAKE_PREFIX_PATH}:/opt/ros/humble /usr/bin/cmake --install /home/robot33-6/student133_ws/build/test_pkg
[1.942s] Level 1:colcon.colcon_core.environment:checking '/home/robot33-6/student133_ws/install/test_pkg' for CMake module files
[1.942s] Level 1:colcon.colcon_core.environment:checking '/home/robot33-6/student133_ws/install/test_pkg' for CMake config files
[1.943s] Level 1:colcon.colcon_core.shell:create_environment_hook('test_pkg', 'cmake_prefix_path')
[1.964s] INFO:colcon.colcon_core.shell:Creating environment hook '/home/robot33-6/student133_ws/install/test_pkg/share/test_pkg/hook/cmake_prefix_path.ps1'
[1.964s] INFO:colcon.colcon_core.shell:Creating environment descriptor '/home/robot33-6/student133_ws/install/test_pkg/share/test_pkg/hook/cmake_prefix_path.dsv'
[1.964s] INFO:colcon.colcon_core.shell:Creating environment hook '/home/robot33-6/student133_ws/install/test_pkg/share/test_pkg/hook/cmake_prefix_path.sh'
[1.965s] Level 1:colcon.colcon_core.environment:checking '/home/robot33-6/student133_ws/install/test_pkg/lib'
[1.965s] Level 1:colcon.colcon_core.environment:checking '/home/robot33-6/student133_ws/install/test_pkg/bin'
[1.965s] Level 1:colcon.colcon_core.environment:checking '/home/robot33-6/student133_ws/install/test_pkg/lib/pkgconfig/test_pkg.pc'
[1.965s] Level 1:colcon.colcon_core.environment:checking '/home/robot33-6/student133_ws/install/test_pkg/lib/python3.10/site-packages'
[1.965s] Level 1:colcon.colcon_core.environment:checking '/home/robot33-6/student133_ws/install/test_pkg/bin'
[1.978s] INFO:colcon.colcon_core.shell:Creating package script '/home/robot33-6/student133_ws/install/test_pkg/share/test_pkg/package.ps1'
[1.979s] INFO:colcon.colcon_core.shell:Creating package descriptor '/home/robot33-6/student133_ws/install/test_pkg/share/test_pkg/package.dsv'
[1.979s] INFO:colcon.colcon_core.shell:Creating package script '/home/robot33-6/student133_ws/install/test_pkg/share/test_pkg/package.sh'
[1.979s] INFO:colcon.colcon_core.shell:Creating package script '/home/robot33-6/student133_ws/install/test_pkg/share/test_pkg/package.bash'
[1.980s] INFO:colcon.colcon_core.shell:Creating package script '/home/robot33-6/student133_ws/install/test_pkg/share/test_pkg/package.zsh'
[1.980s] Level 1:colcon.colcon_core.environment:create_file_with_runtime_dependencies(/home/robot33-6/student133_ws/install/test_pkg/share/colcon-core/packages/test_pkg)
[1.983s] DEBUG:colcon.colcon_core.event_handler.log_command:Invoking command in '/home/robot33-6/student133_ws/build/test_service': CMAKE_PREFIX_PATH=${CMAKE_PREFIX_PATH}:/opt/ros/humble /usr/bin/cmake --install /home/robot33-6/student133_ws/build/test_service
[2.002s] Level 1:colcon.colcon_core.environment:create_environment_scripts_only(test_custom_publisher)
[2.016s] Level 1:colcon.colcon_core.environment:checking '/home/robot33-6/student133_ws/install/test_custom_publisher' for CMake module files
[2.016s] Level 1:colcon.colcon_core.environment:checking '/home/robot33-6/student133_ws/install/test_custom_publisher' for CMake config files
[2.016s] Level 1:colcon.colcon_core.shell:create_environment_hook('test_custom_publisher', 'cmake_prefix_path')
[2.030s] INFO:colcon.colcon_core.shell:Creating environment hook '/home/robot33-6/student133_ws/install/test_custom_publisher/share/test_custom_publisher/hook/cmake_prefix_path.ps1'
[2.030s] INFO:colcon.colcon_core.shell:Creating environment descriptor '/home/robot33-6/student133_ws/install/test_custom_publisher/share/test_custom_publisher/hook/cmake_prefix_path.dsv'
[2.030s] INFO:colcon.colcon_core.shell:Creating environment hook '/home/robot33-6/student133_ws/install/test_custom_publisher/share/test_custom_publisher/hook/cmake_prefix_path.sh'
[2.031s] Level 1:colcon.colcon_core.environment:checking '/home/robot33-6/student133_ws/install/test_custom_publisher/lib'
[2.031s] Level 1:colcon.colcon_core.environment:checking '/home/robot33-6/student133_ws/install/test_custom_publisher/bin'
[2.031s] Level 1:colcon.colcon_core.environment:checking '/home/robot33-6/student133_ws/install/test_custom_publisher/lib/pkgconfig/test_custom_publisher.pc'
[2.032s] Level 1:colcon.colcon_core.environment:checking '/home/robot33-6/student133_ws/install/test_custom_publisher/lib/python3.10/site-packages'
[2.032s] Level 1:colcon.colcon_core.environment:checking '/home/robot33-6/student133_ws/install/test_custom_publisher/bin'
[2.046s] INFO:colcon.colcon_core.shell:Creating package script '/home/robot33-6/student133_ws/install/test_custom_publisher/share/test_custom_publisher/package.ps1'
[2.047s] INFO:colcon.colcon_core.shell:Creating package descriptor '/home/robot33-6/student133_ws/install/test_custom_publisher/share/test_custom_publisher/package.dsv'
[2.048s] INFO:colcon.colcon_core.shell:Creating package script '/home/robot33-6/student133_ws/install/test_custom_publisher/share/test_custom_publisher/package.sh'
[2.049s] INFO:colcon.colcon_core.shell:Creating package script '/home/robot33-6/student133_ws/install/test_custom_publisher/share/test_custom_publisher/package.bash'
[2.049s] INFO:colcon.colcon_core.shell:Creating package script '/home/robot33-6/student133_ws/install/test_custom_publisher/share/test_custom_publisher/package.zsh'
[2.049s] Level 1:colcon.colcon_core.environment:create_file_with_runtime_dependencies(/home/robot33-6/student133_ws/install/test_custom_publisher/share/colcon-core/packages/test_custom_publisher)
[2.050s] Level 1:colcon.colcon_core.environment:create_environment_scripts_only(test_subscriber)
[2.052s] DEBUG:colcon.colcon_core.event_handler.log_command:Invoked command in '/home/robot33-6/student133_ws/build/test_subscriber' returned '0': CMAKE_PREFIX_PATH=${CMAKE_PREFIX_PATH}:/opt/ros/humble /usr/bin/cmake --install /home/robot33-6/student133_ws/build/test_subscriber
[2.065s] Level 1:colcon.colcon_core.environment:checking '/home/robot33-6/student133_ws/install/test_subscriber' for CMake module files
[2.065s] Level 1:colcon.colcon_core.environment:checking '/home/robot33-6/student133_ws/install/test_subscriber' for CMake config files
[2.065s] Level 1:colcon.colcon_core.shell:create_environment_hook('test_subscriber', 'cmake_prefix_path')
[2.078s] INFO:colcon.colcon_core.shell:Creating environment hook '/home/robot33-6/student133_ws/install/test_subscriber/share/test_subscriber/hook/cmake_prefix_path.ps1'
[2.078s] INFO:colcon.colcon_core.shell:Creating environment descriptor '/home/robot33-6/student133_ws/install/test_subscriber/share/test_subscriber/hook/cmake_prefix_path.dsv'
[2.078s] INFO:colcon.colcon_core.shell:Creating environment hook '/home/robot33-6/student133_ws/install/test_subscriber/share/test_subscriber/hook/cmake_prefix_path.sh'
[2.079s] Level 1:colcon.colcon_core.environment:checking '/home/robot33-6/student133_ws/install/test_subscriber/lib'
[2.079s] Level 1:colcon.colcon_core.environment:checking '/home/robot33-6/student133_ws/install/test_subscriber/bin'
[2.079s] Level 1:colcon.colcon_core.environment:checking '/home/robot33-6/student133_ws/install/test_subscriber/lib/pkgconfig/test_subscriber.pc'
[2.079s] Level 1:colcon.colcon_core.environment:checking '/home/robot33-6/student133_ws/install/test_subscriber/lib/python3.10/site-packages'
[2.080s] Level 1:colcon.colcon_core.environment:checking '/home/robot33-6/student133_ws/install/test_subscriber/bin'
[2.092s] INFO:colcon.colcon_core.shell:Creating package script '/home/robot33-6/student133_ws/install/test_subscriber/share/test_subscriber/package.ps1'
[2.092s] INFO:colcon.colcon_core.shell:Creating package descriptor '/home/robot33-6/student133_ws/install/test_subscriber/share/test_subscriber/package.dsv'
[2.093s] INFO:colcon.colcon_core.shell:Creating package script '/home/robot33-6/student133_ws/install/test_subscriber/share/test_subscriber/package.sh'
[2.093s] INFO:colcon.colcon_core.shell:Creating package script '/home/robot33-6/student133_ws/install/test_subscriber/share/test_subscriber/package.bash'
[2.093s] INFO:colcon.colcon_core.shell:Creating package script '/home/robot33-6/student133_ws/install/test_subscriber/share/test_subscriber/package.zsh'
[2.094s] Level 1:colcon.colcon_core.environment:create_file_with_runtime_dependencies(/home/robot33-6/student133_ws/install/test_subscriber/share/colcon-core/packages/test_subscriber)
[2.108s] Level 1:colcon.colcon_core.environment:create_environment_scripts_only(test_publisher)
[2.121s] Level 1:colcon.colcon_core.environment:checking '/home/robot33-6/student133_ws/install/test_publisher' for CMake module files
[2.121s] Level 1:colcon.colcon_core.environment:checking '/home/robot33-6/student133_ws/install/test_publisher' for CMake config files
[2.121s] Level 1:colcon.colcon_core.shell:create_environment_hook('test_publisher', 'cmake_prefix_path')
[2.133s] INFO:colcon.colcon_core.shell:Creating environment hook '/home/robot33-6/student133_ws/install/test_publisher/share/test_publisher/hook/cmake_prefix_path.ps1'
[2.134s] INFO:colcon.colcon_core.shell:Creating environment descriptor '/home/robot33-6/student133_ws/install/test_publisher/share/test_publisher/hook/cmake_prefix_path.dsv'
[2.134s] INFO:colcon.colcon_core.shell:Creating environment hook '/home/robot33-6/student133_ws/install/test_publisher/share/test_publisher/hook/cmake_prefix_path.sh'
[2.134s] Level 1:colcon.colcon_core.environment:checking '/home/robot33-6/student133_ws/install/test_publisher/lib'
[2.134s] Level 1:colcon.colcon_core.environment:checking '/home/robot33-6/student133_ws/install/test_publisher/bin'
[2.134s] Level 1:colcon.colcon_core.environment:checking '/home/robot33-6/student133_ws/install/test_publisher/lib/pkgconfig/test_publisher.pc'
[2.135s] Level 1:colcon.colcon_core.environment:checking '/home/robot33-6/student133_ws/install/test_publisher/lib/python3.10/site-packages'
[2.135s] Level 1:colcon.colcon_core.environment:checking '/home/robot33-6/student133_ws/install/test_publisher/bin'
[2.147s] INFO:colcon.colcon_core.shell:Creating package script '/home/robot33-6/student133_ws/install/test_publisher/share/test_publisher/package.ps1'
[2.148s] INFO:colcon.colcon_core.shell:Creating package descriptor '/home/robot33-6/student133_ws/install/test_publisher/share/test_publisher/package.dsv'
[2.148s] INFO:colcon.colcon_core.shell:Creating package script '/home/robot33-6/student133_ws/install/test_publisher/share/test_publisher/package.sh'
[2.148s] INFO:colcon.colcon_core.shell:Creating package script '/home/robot33-6/student133_ws/install/test_publisher/share/test_publisher/package.bash'
[2.148s] INFO:colcon.colcon_core.shell:Creating package script '/home/robot33-6/student133_ws/install/test_publisher/share/test_publisher/package.zsh'
[2.149s] Level 1:colcon.colcon_core.environment:create_file_with_runtime_dependencies(/home/robot33-6/student133_ws/install/test_publisher/share/colcon-core/packages/test_publisher)
[2.151s] Level 1:colcon.colcon_core.environment:create_environment_scripts_only(test_service)
[2.153s] DEBUG:colcon.colcon_core.event_handler.log_command:Invoked command in '/home/robot33-6/student133_ws/build/test_service' returned '0': CMAKE_PREFIX_PATH=${CMAKE_PREFIX_PATH}:/opt/ros/humble /usr/bin/cmake --install /home/robot33-6/student133_ws/build/test_service
[2.172s] Level 1:colcon.colcon_core.environment:checking '/home/robot33-6/student133_ws/install/test_service' for CMake module files
[2.173s] Level 1:colcon.colcon_core.environment:checking '/home/robot33-6/student133_ws/install/test_service' for CMake config files
[2.173s] Level 1:colcon.colcon_core.shell:create_environment_hook('test_service', 'cmake_prefix_path')
[2.185s] INFO:colcon.colcon_core.shell:Creating environment hook '/home/robot33-6/student133_ws/install/test_service/share/test_service/hook/cmake_prefix_path.ps1'
[2.186s] INFO:colcon.colcon_core.shell:Creating environment descriptor '/home/robot33-6/student133_ws/install/test_service/share/test_service/hook/cmake_prefix_path.dsv'
[2.186s] INFO:colcon.colcon_core.shell:Creating environment hook '/home/robot33-6/student133_ws/install/test_service/share/test_service/hook/cmake_prefix_path.sh'
[2.186s] Level 1:colcon.colcon_core.environment:checking '/home/robot33-6/student133_ws/install/test_service/lib'
[2.186s] Level 1:colcon.colcon_core.environment:checking '/home/robot33-6/student133_ws/install/test_service/bin'
[2.186s] Level 1:colcon.colcon_core.environment:checking '/home/robot33-6/student133_ws/install/test_service/lib/pkgconfig/test_service.pc'
[2.187s] Level 1:colcon.colcon_core.environment:checking '/home/robot33-6/student133_ws/install/test_service/lib/python3.10/site-packages'
[2.187s] Level 1:colcon.colcon_core.environment:checking '/home/robot33-6/student133_ws/install/test_service/bin'
[2.199s] INFO:colcon.colcon_core.shell:Creating package script '/home/robot33-6/student133_ws/install/test_service/share/test_service/package.ps1'
[2.200s] INFO:colcon.colcon_core.shell:Creating package descriptor '/home/robot33-6/student133_ws/install/test_service/share/test_service/package.dsv'
[2.200s] INFO:colcon.colcon_core.shell:Creating package script '/home/robot33-6/student133_ws/install/test_service/share/test_service/package.sh'
[2.200s] INFO:colcon.colcon_core.shell:Creating package script '/home/robot33-6/student133_ws/install/test_service/share/test_service/package.bash'
[2.200s] INFO:colcon.colcon_core.shell:Creating package script '/home/robot33-6/student133_ws/install/test_service/share/test_service/package.zsh'
[2.200s] Level 1:colcon.colcon_core.environment:create_file_with_runtime_dependencies(/home/robot33-6/student133_ws/install/test_service/share/colcon-core/packages/test_service)
[2.202s] DEBUG:colcon.colcon_core.event_handler.log_command:Invoked command in '/home/robot33-6/student133_ws/build/test_custom_msg' returned '0': CMAKE_PREFIX_PATH=${CMAKE_PREFIX_PATH}:/opt/ros/humble /usr/bin/cmake --build /home/robot33-6/student133_ws/build/test_custom_msg -- -j8 -l8
[2.203s] DEBUG:colcon.colcon_core.event_handler.log_command:Invoked command in '/home/robot33-6/student133_ws/build/test_custom_srv' returned '0': CMAKE_PREFIX_PATH=${CMAKE_PREFIX_PATH}:/opt/ros/humble /usr/bin/cmake --build /home/robot33-6/student133_ws/build/test_custom_srv -- -j8 -l8
[2.220s] Level 1:colcon.colcon_core.environment:create_environment_scripts_only(test_pkg)
[2.234s] Level 1:colcon.colcon_core.environment:checking '/home/robot33-6/student133_ws/install/test_pkg' for CMake module files
[2.234s] Level 1:colcon.colcon_core.environment:checking '/home/robot33-6/student133_ws/install/test_pkg' for CMake config files
[2.234s] Level 1:colcon.colcon_core.shell:create_environment_hook('test_pkg', 'cmake_prefix_path')
[2.248s] INFO:colcon.colcon_core.shell:Creating environment hook '/home/robot33-6/student133_ws/install/test_pkg/share/test_pkg/hook/cmake_prefix_path.ps1'
[2.249s] INFO:colcon.colcon_core.shell:Creating environment descriptor '/home/robot33-6/student133_ws/install/test_pkg/share/test_pkg/hook/cmake_prefix_path.dsv'
[2.249s] INFO:colcon.colcon_core.shell:Creating environment hook '/home/robot33-6/student133_ws/install/test_pkg/share/test_pkg/hook/cmake_prefix_path.sh'
[2.249s] Level 1:colcon.colcon_core.environment:checking '/home/robot33-6/student133_ws/install/test_pkg/lib'
[2.249s] Level 1:colcon.colcon_core.environment:checking '/home/robot33-6/student133_ws/install/test_pkg/bin'
[2.249s] Level 1:colcon.colcon_core.environment:checking '/home/robot33-6/student133_ws/install/test_pkg/lib/pkgconfig/test_pkg.pc'
[2.249s] Level 1:colcon.colcon_core.environment:checking '/home/robot33-6/student133_ws/install/test_pkg/lib/python3.10/site-packages'
[2.250s] Level 1:colcon.colcon_core.environment:checking '/home/robot33-6/student133_ws/install/test_pkg/bin'
[2.262s] INFO:colcon.colcon_core.shell:Creating package script '/home/robot33-6/student133_ws/install/test_pkg/share/test_pkg/package.ps1'
[2.262s] INFO:colcon.colcon_core.shell:Creating package descriptor '/home/robot33-6/student133_ws/install/test_pkg/share/test_pkg/package.dsv'
[2.263s] INFO:colcon.colcon_core.shell:Creating package script '/home/robot33-6/student133_ws/install/test_pkg/share/test_pkg/package.sh'
[2.263s] INFO:colcon.colcon_core.shell:Creating package script '/home/robot33-6/student133_ws/install/test_pkg/share/test_pkg/package.bash'
[2.263s] INFO:colcon.colcon_core.shell:Creating package script '/home/robot33-6/student133_ws/install/test_pkg/share/test_pkg/package.zsh'
[2.264s] Level 1:colcon.colcon_core.environment:create_file_with_runtime_dependencies(/home/robot33-6/student133_ws/install/test_pkg/share/colcon-core/packages/test_pkg)
[2.277s] Level 1:colcon.colcon_core.environment:create_environment_scripts_only(test_subscriber)
[2.290s] Level 1:colcon.colcon_core.environment:checking '/home/robot33-6/student133_ws/install/test_subscriber' for CMake module files
[2.290s] Level 1:colcon.colcon_core.environment:checking '/home/robot33-6/student133_ws/install/test_subscriber' for CMake config files
[2.290s] Level 1:colcon.colcon_core.shell:create_environment_hook('test_subscriber', 'cmake_prefix_path')
[2.302s] INFO:colcon.colcon_core.shell:Creating environment hook '/home/robot33-6/student133_ws/install/test_subscriber/share/test_subscriber/hook/cmake_prefix_path.ps1'
[2.303s] INFO:colcon.colcon_core.shell:Creating environment descriptor '/home/robot33-6/student133_ws/install/test_subscriber/share/test_subscriber/hook/cmake_prefix_path.dsv'
[2.303s] INFO:colcon.colcon_core.shell:Creating environment hook '/home/robot33-6/student133_ws/install/test_subscriber/share/test_subscriber/hook/cmake_prefix_path.sh'
[2.303s] Level 1:colcon.colcon_core.environment:checking '/home/robot33-6/student133_ws/install/test_subscriber/lib'
[2.304s] Level 1:colcon.colcon_core.environment:checking '/home/robot33-6/student133_ws/install/test_subscriber/bin'
[2.304s] Level 1:colcon.colcon_core.environment:checking '/home/robot33-6/student133_ws/install/test_subscriber/lib/pkgconfig/test_subscriber.pc'
[2.304s] Level 1:colcon.colcon_core.environment:checking '/home/robot33-6/student133_ws/install/test_subscriber/lib/python3.10/site-packages'
[2.304s] Level 1:colcon.colcon_core.environment:checking '/home/robot33-6/student133_ws/install/test_subscriber/bin'
[2.316s] INFO:colcon.colcon_core.shell:Creating package script '/home/robot33-6/student133_ws/install/test_subscriber/share/test_subscriber/package.ps1'
[2.317s] INFO:colcon.colcon_core.shell:Creating package descriptor '/home/robot33-6/student133_ws/install/test_subscriber/share/test_subscriber/package.dsv'
[2.317s] INFO:colcon.colcon_core.shell:Creating package script '/home/robot33-6/student133_ws/install/test_subscriber/share/test_subscriber/package.sh'
[2.317s] INFO:colcon.colcon_core.shell:Creating package script '/home/robot33-6/student133_ws/install/test_subscriber/share/test_subscriber/package.bash'
[2.318s] INFO:colcon.colcon_core.shell:Creating package script '/home/robot33-6/student133_ws/install/test_subscriber/share/test_subscriber/package.zsh'
[2.318s] Level 1:colcon.colcon_core.environment:create_file_with_runtime_dependencies(/home/robot33-6/student133_ws/install/test_subscriber/share/colcon-core/packages/test_subscriber)
[2.331s] Level 1:colcon.colcon_core.environment:create_environment_scripts_only(test_service)
[2.343s] Level 1:colcon.colcon_core.environment:checking '/home/robot33-6/student133_ws/install/test_service' for CMake module files
[2.344s] Level 1:colcon.colcon_core.environment:checking '/home/robot33-6/student133_ws/install/test_service' for CMake config files
[2.344s] Level 1:colcon.colcon_core.shell:create_environment_hook('test_service', 'cmake_prefix_path')
[2.356s] INFO:colcon.colcon_core.shell:Creating environment hook '/home/robot33-6/student133_ws/install/test_service/share/test_service/hook/cmake_prefix_path.ps1'
[2.356s] INFO:colcon.colcon_core.shell:Creating environment descriptor '/home/robot33-6/student133_ws/install/test_service/share/test_service/hook/cmake_prefix_path.dsv'
[2.356s] INFO:colcon.colcon_core.shell:Creating environment hook '/home/robot33-6/student133_ws/install/test_service/share/test_service/hook/cmake_prefix_path.sh'
[2.357s] Level 1:colcon.colcon_core.environment:checking '/home/robot33-6/student133_ws/install/test_service/lib'
[2.357s] Level 1:colcon.colcon_core.environment:checking '/home/robot33-6/student133_ws/install/test_service/bin'
[2.357s] Level 1:colcon.colcon_core.environment:checking '/home/robot33-6/student133_ws/install/test_service/lib/pkgconfig/test_service.pc'
[2.357s] Level 1:colcon.colcon_core.environment:checking '/home/robot33-6/student133_ws/install/test_service/lib/python3.10/site-packages'
[2.357s] Level 1:colcon.colcon_core.environment:checking '/home/robot33-6/student133_ws/install/test_service/bin'
[2.370s] INFO:colcon.colcon_core.shell:Creating package script '/home/robot33-6/student133_ws/install/test_service/share/test_service/package.ps1'
[2.370s] INFO:colcon.colcon_core.shell:Creating package descriptor '/home/robot33-6/student133_ws/install/test_service/share/test_service/package.dsv'
[2.370s] INFO:colcon.colcon_core.shell:Creating package script '/home/robot33-6/student133_ws/install/test_service/share/test_service/package.sh'
[2.371s] INFO:colcon.colcon_core.shell:Creating package script '/home/robot33-6/student133_ws/install/test_service/share/test_service/package.bash'
[2.371s] INFO:colcon.colcon_core.shell:Creating package script '/home/robot33-6/student133_ws/install/test_service/share/test_service/package.zsh'
[2.371s] Level 1:colcon.colcon_core.environment:create_file_with_runtime_dependencies(/home/robot33-6/student133_ws/install/test_service/share/colcon-core/packages/test_service)
[2.374s] DEBUG:colcon.colcon_core.event_handler.log_command:Invoking command in '/home/robot33-6/student133_ws/build/test_custom_msg': CMAKE_PREFIX_PATH=${CMAKE_PREFIX_PATH}:/opt/ros/humble /usr/bin/cmake --install /home/robot33-6/student133_ws/build/test_custom_msg
[2.374s] DEBUG:colcon.colcon_core.event_handler.log_command:Invoking command in '/home/robot33-6/student133_ws/build/test_custom_srv': CMAKE_PREFIX_PATH=${CMAKE_PREFIX_PATH}:/opt/ros/humble /usr/bin/cmake --install /home/robot33-6/student133_ws/build/test_custom_srv
[2.418s] Level 1:colcon.colcon_core.environment:create_environment_scripts_only(test_custom_srv)
[2.424s] DEBUG:colcon.colcon_core.event_handler.log_command:Invoked command in '/home/robot33-6/student133_ws/build/test_custom_srv' returned '0': CMAKE_PREFIX_PATH=${CMAKE_PREFIX_PATH}:/opt/ros/humble /usr/bin/cmake --install /home/robot33-6/student133_ws/build/test_custom_srv
[2.436s] Level 1:colcon.colcon_core.environment:checking '/home/robot33-6/student133_ws/install/test_custom_srv' for CMake module files
[2.436s] Level 1:colcon.colcon_core.environment:checking '/home/robot33-6/student133_ws/install/test_custom_srv' for CMake config files
[2.436s] Level 1:colcon.colcon_core.shell:create_environment_hook('test_custom_srv', 'cmake_prefix_path')
[2.448s] INFO:colcon.colcon_core.shell:Creating environment hook '/home/robot33-6/student133_ws/install/test_custom_srv/share/test_custom_srv/hook/cmake_prefix_path.ps1'
[2.449s] INFO:colcon.colcon_core.shell:Creating environment descriptor '/home/robot33-6/student133_ws/install/test_custom_srv/share/test_custom_srv/hook/cmake_prefix_path.dsv'
[2.449s] INFO:colcon.colcon_core.shell:Creating environment hook '/home/robot33-6/student133_ws/install/test_custom_srv/share/test_custom_srv/hook/cmake_prefix_path.sh'
[2.449s] Level 1:colcon.colcon_core.environment:checking '/home/robot33-6/student133_ws/install/test_custom_srv/lib'
[2.450s] Level 1:colcon.colcon_core.shell:create_environment_hook('test_custom_srv', 'ld_library_path_lib')
[2.462s] INFO:colcon.colcon_core.shell:Creating environment hook '/home/robot33-6/student133_ws/install/test_custom_srv/share/test_custom_srv/hook/ld_library_path_lib.ps1'
[2.462s] INFO:colcon.colcon_core.shell:Creating environment descriptor '/home/robot33-6/student133_ws/install/test_custom_srv/share/test_custom_srv/hook/ld_library_path_lib.dsv'
[2.462s] INFO:colcon.colcon_core.shell:Creating environment hook '/home/robot33-6/student133_ws/install/test_custom_srv/share/test_custom_srv/hook/ld_library_path_lib.sh'
[2.462s] Level 1:colcon.colcon_core.environment:checking '/home/robot33-6/student133_ws/install/test_custom_srv/bin'
[2.462s] Level 1:colcon.colcon_core.environment:checking '/home/robot33-6/student133_ws/install/test_custom_srv/lib/pkgconfig/test_custom_srv.pc'
[2.463s] Level 1:colcon.colcon_core.environment:checking '/home/robot33-6/student133_ws/install/test_custom_srv/lib/python3.10/site-packages'
[2.463s] Level 1:colcon.colcon_core.environment:checking '/home/robot33-6/student133_ws/install/test_custom_srv/bin'
[2.475s] INFO:colcon.colcon_core.shell:Creating package script '/home/robot33-6/student133_ws/install/test_custom_srv/share/test_custom_srv/package.ps1'
[2.476s] INFO:colcon.colcon_core.shell:Creating package descriptor '/home/robot33-6/student133_ws/install/test_custom_srv/share/test_custom_srv/package.dsv'
[2.476s] INFO:colcon.colcon_core.shell:Creating package script '/home/robot33-6/student133_ws/install/test_custom_srv/share/test_custom_srv/package.sh'
[2.476s] INFO:colcon.colcon_core.shell:Creating package script '/home/robot33-6/student133_ws/install/test_custom_srv/share/test_custom_srv/package.bash'
[2.477s] INFO:colcon.colcon_core.shell:Creating package script '/home/robot33-6/student133_ws/install/test_custom_srv/share/test_custom_srv/package.zsh'
[2.477s] Level 1:colcon.colcon_core.environment:create_file_with_runtime_dependencies(/home/robot33-6/student133_ws/install/test_custom_srv/share/colcon-core/packages/test_custom_srv)
[2.478s] Level 1:colcon.colcon_core.environment:create_environment_scripts_only(test_custom_msg)
[2.478s] DEBUG:colcon.colcon_core.event_handler.log_command:Invoked command in '/home/robot33-6/student133_ws/build/test_custom_msg' returned '0': CMAKE_PREFIX_PATH=${CMAKE_PREFIX_PATH}:/opt/ros/humble /usr/bin/cmake --install /home/robot33-6/student133_ws/build/test_custom_msg
[2.491s] Level 1:colcon.colcon_core.environment:checking '/home/robot33-6/student133_ws/install/test_custom_msg' for CMake module files
[2.492s] Level 1:colcon.colcon_core.environment:checking '/home/robot33-6/student133_ws/install/test_custom_msg' for CMake config files
[2.492s] Level 1:colcon.colcon_core.shell:create_environment_hook('test_custom_msg', 'cmake_prefix_path')
[2.504s] INFO:colcon.colcon_core.shell:Creating environment hook '/home/robot33-6/student133_ws/install/test_custom_msg/share/test_custom_msg/hook/cmake_prefix_path.ps1'
[2.505s] INFO:colcon.colcon_core.shell:Creating environment descriptor '/home/robot33-6/student133_ws/install/test_custom_msg/share/test_custom_msg/hook/cmake_prefix_path.dsv'
[2.505s] INFO:colcon.colcon_core.shell:Creating environment hook '/home/robot33-6/student133_ws/install/test_custom_msg/share/test_custom_msg/hook/cmake_prefix_path.sh'
[2.506s] Level 1:colcon.colcon_core.environment:checking '/home/robot33-6/student133_ws/install/test_custom_msg/lib'
[2.506s] Level 1:colcon.colcon_core.shell:create_environment_hook('test_custom_msg', 'ld_library_path_lib')
[2.519s] INFO:colcon.colcon_core.shell:Creating environment hook '/home/robot33-6/student133_ws/install/test_custom_msg/share/test_custom_msg/hook/ld_library_path_lib.ps1'
[2.520s] INFO:colcon.colcon_core.shell:Creating environment descriptor '/home/robot33-6/student133_ws/install/test_custom_msg/share/test_custom_msg/hook/ld_library_path_lib.dsv'
[2.520s] INFO:colcon.colcon_core.shell:Creating environment hook '/home/robot33-6/student133_ws/install/test_custom_msg/share/test_custom_msg/hook/ld_library_path_lib.sh'
[2.520s] Level 1:colcon.colcon_core.environment:checking '/home/robot33-6/student133_ws/install/test_custom_msg/bin'
[2.520s] Level 1:colcon.colcon_core.environment:checking '/home/robot33-6/student133_ws/install/test_custom_msg/lib/pkgconfig/test_custom_msg.pc'
[2.520s] Level 1:colcon.colcon_core.environment:checking '/home/robot33-6/student133_ws/install/test_custom_msg/lib/python3.10/site-packages'
[2.521s] Level 1:colcon.colcon_core.environment:checking '/home/robot33-6/student133_ws/install/test_custom_msg/bin'
[2.533s] INFO:colcon.colcon_core.shell:Creating package script '/home/robot33-6/student133_ws/install/test_custom_msg/share/test_custom_msg/package.ps1'
[2.533s] INFO:colcon.colcon_core.shell:Creating package descriptor '/home/robot33-6/student133_ws/install/test_custom_msg/share/test_custom_msg/package.dsv'
[2.534s] INFO:colcon.colcon_core.shell:Creating package script '/home/robot33-6/student133_ws/install/test_custom_msg/share/test_custom_msg/package.sh'
[2.534s] INFO:colcon.colcon_core.shell:Creating package script '/home/robot33-6/student133_ws/install/test_custom_msg/share/test_custom_msg/package.bash'
[2.534s] INFO:colcon.colcon_core.shell:Creating package script '/home/robot33-6/student133_ws/install/test_custom_msg/share/test_custom_msg/package.zsh'
[2.534s] Level 1:colcon.colcon_core.environment:create_file_with_runtime_dependencies(/home/robot33-6/student133_ws/install/test_custom_msg/share/colcon-core/packages/test_custom_msg)
[2.550s] Level 1:colcon.colcon_core.environment:create_environment_scripts_only(test_custom_srv)
[2.564s] Level 1:colcon.colcon_core.environment:checking '/home/robot33-6/student133_ws/install/test_custom_srv' for CMake module files
[2.565s] Level 1:colcon.colcon_core.environment:checking '/home/robot33-6/student133_ws/install/test_custom_srv' for CMake config files
[2.565s] Level 1:colcon.colcon_core.shell:create_environment_hook('test_custom_srv', 'cmake_prefix_path')
[2.578s] INFO:colcon.colcon_core.shell:Creating environment hook '/home/robot33-6/student133_ws/install/test_custom_srv/share/test_custom_srv/hook/cmake_prefix_path.ps1'
[2.579s] INFO:colcon.colcon_core.shell:Creating environment descriptor '/home/robot33-6/student133_ws/install/test_custom_srv/share/test_custom_srv/hook/cmake_prefix_path.dsv'
[2.579s] INFO:colcon.colcon_core.shell:Creating environment hook '/home/robot33-6/student133_ws/install/test_custom_srv/share/test_custom_srv/hook/cmake_prefix_path.sh'
[2.580s] Level 1:colcon.colcon_core.environment:checking '/home/robot33-6/student133_ws/install/test_custom_srv/lib'
[2.580s] Level 1:colcon.colcon_core.shell:create_environment_hook('test_custom_srv', 'ld_library_path_lib')
[2.592s] INFO:colcon.colcon_core.shell:Creating environment hook '/home/robot33-6/student133_ws/install/test_custom_srv/share/test_custom_srv/hook/ld_library_path_lib.ps1'
[2.592s] INFO:colcon.colcon_core.shell:Creating environment descriptor '/home/robot33-6/student133_ws/install/test_custom_srv/share/test_custom_srv/hook/ld_library_path_lib.dsv'
[2.593s] INFO:colcon.colcon_core.shell:Creating environment hook '/home/robot33-6/student133_ws/install/test_custom_srv/share/test_custom_srv/hook/ld_library_path_lib.sh'
[2.593s] Level 1:colcon.colcon_core.environment:checking '/home/robot33-6/student133_ws/install/test_custom_srv/bin'
[2.593s] Level 1:colcon.colcon_core.environment:checking '/home/robot33-6/student133_ws/install/test_custom_srv/lib/pkgconfig/test_custom_srv.pc'
[2.593s] Level 1:colcon.colcon_core.environment:checking '/home/robot33-6/student133_ws/install/test_custom_srv/lib/python3.10/site-packages'
[2.593s] Level 1:colcon.colcon_core.environment:checking '/home/robot33-6/student133_ws/install/test_custom_srv/bin'
[2.606s] INFO:colcon.colcon_core.shell:Creating package script '/home/robot33-6/student133_ws/install/test_custom_srv/share/test_custom_srv/package.ps1'
[2.606s] INFO:colcon.colcon_core.shell:Creating package descriptor '/home/robot33-6/student133_ws/install/test_custom_srv/share/test_custom_srv/package.dsv'
[2.607s] INFO:colcon.colcon_core.shell:Creating package script '/home/robot33-6/student133_ws/install/test_custom_srv/share/test_custom_srv/package.sh'
[2.607s] INFO:colcon.colcon_core.shell:Creating package script '/home/robot33-6/student133_ws/install/test_custom_srv/share/test_custom_srv/package.bash'
[2.607s] INFO:colcon.colcon_core.shell:Creating package script '/home/robot33-6/student133_ws/install/test_custom_srv/share/test_custom_srv/package.zsh'
[2.608s] Level 1:colcon.colcon_core.environment:create_file_with_runtime_dependencies(/home/robot33-6/student133_ws/install/test_custom_srv/share/colcon-core/packages/test_custom_srv)
[2.621s] Level 1:colcon.colcon_core.environment:create_environment_scripts_only(test_custom_msg)
[2.634s] Level 1:colcon.colcon_core.environment:checking '/home/robot33-6/student133_ws/install/test_custom_msg' for CMake module files
[2.634s] Level 1:colcon.colcon_core.environment:checking '/home/robot33-6/student133_ws/install/test_custom_msg' for CMake config files
[2.634s] Level 1:colcon.colcon_core.shell:create_environment_hook('test_custom_msg', 'cmake_prefix_path')
[2.646s] INFO:colcon.colcon_core.shell:Creating environment hook '/home/robot33-6/student133_ws/install/test_custom_msg/share/test_custom_msg/hook/cmake_prefix_path.ps1'
[2.647s] INFO:colcon.colcon_core.shell:Creating environment descriptor '/home/robot33-6/student133_ws/install/test_custom_msg/share/test_custom_msg/hook/cmake_prefix_path.dsv'
[2.647s] INFO:colcon.colcon_core.shell:Creating environment hook '/home/robot33-6/student133_ws/install/test_custom_msg/share/test_custom_msg/hook/cmake_prefix_path.sh'
[2.647s] Level 1:colcon.colcon_core.environment:checking '/home/robot33-6/student133_ws/install/test_custom_msg/lib'
[2.647s] Level 1:colcon.colcon_core.shell:create_environment_hook('test_custom_msg', 'ld_library_path_lib')
[2.660s] INFO:colcon.colcon_core.shell:Creating environment hook '/home/robot33-6/student133_ws/install/test_custom_msg/share/test_custom_msg/hook/ld_library_path_lib.ps1'
[2.660s] INFO:colcon.colcon_core.shell:Creating environment descriptor '/home/robot33-6/student133_ws/install/test_custom_msg/share/test_custom_msg/hook/ld_library_path_lib.dsv'
[2.660s] INFO:colcon.colcon_core.shell:Creating environment hook '/home/robot33-6/student133_ws/install/test_custom_msg/share/test_custom_msg/hook/ld_library_path_lib.sh'
[2.660s] Level 1:colcon.colcon_core.environment:checking '/home/robot33-6/student133_ws/install/test_custom_msg/bin'
[2.660s] Level 1:colcon.colcon_core.environment:checking '/home/robot33-6/student133_ws/install/test_custom_msg/lib/pkgconfig/test_custom_msg.pc'
[2.661s] Level 1:colcon.colcon_core.environment:checking '/home/robot33-6/student133_ws/install/test_custom_msg/lib/python3.10/site-packages'
[2.661s] Level 1:colcon.colcon_core.environment:checking '/home/robot33-6/student133_ws/install/test_custom_msg/bin'
[2.673s] INFO:colcon.colcon_core.shell:Creating package script '/home/robot33-6/student133_ws/install/test_custom_msg/share/test_custom_msg/package.ps1'
[2.674s] INFO:colcon.colcon_core.shell:Creating package descriptor '/home/robot33-6/student133_ws/install/test_custom_msg/share/test_custom_msg/package.dsv'
[2.674s] INFO:colcon.colcon_core.shell:Creating package script '/home/robot33-6/student133_ws/install/test_custom_msg/share/test_custom_msg/package.sh'
[2.674s] INFO:colcon.colcon_core.shell:Creating package script '/home/robot33-6/student133_ws/install/test_custom_msg/share/test_custom_msg/package.bash'
[2.674s] INFO:colcon.colcon_core.shell:Creating package script '/home/robot33-6/student133_ws/install/test_custom_msg/share/test_custom_msg/package.zsh'
[2.675s] Level 1:colcon.colcon_core.environment:create_file_with_runtime_dependencies(/home/robot33-6/student133_ws/install/test_custom_msg/share/colcon-core/packages/test_custom_msg)
[2.834s] DEBUG:colcon.colcon_core.event_handler.log_command:Invoked command in '/home/robot33-6/student133_ws/build/test_client' returned '1': CMAKE_PREFIX_PATH=${CMAKE_PREFIX_PATH}:/opt/ros/humble /usr/bin/cmake /home/robot33-6/student133_ws/src/test_client -G CodeBlocks - Unix Makefiles -DCMAKE_BUILD_TYPE=Debug -DCMAKE_INSTALL_PREFIX=/home/robot33-6/student133_ws/install/test_client
[2.842s] Level 1:colcon.colcon_core.environment:create_environment_scripts_only(test_client)
[2.854s] Level 1:colcon.colcon_core.environment:checking '/home/robot33-6/student133_ws/install/test_client' for CMake module files
[2.854s] Level 1:colcon.colcon_core.environment:checking '/home/robot33-6/student133_ws/install/test_client' for CMake config files
[2.854s] Level 1:colcon.colcon_core.environment:checking '/home/robot33-6/student133_ws/install/test_client/bin'
[2.854s] Level 1:colcon.colcon_core.environment:checking '/home/robot33-6/student133_ws/install/test_client/lib/pkgconfig/test_client.pc'
[2.855s] Level 1:colcon.colcon_core.environment:checking '/home/robot33-6/student133_ws/install/test_client/lib/python3.10/site-packages'
[2.855s] Level 1:colcon.colcon_core.environment:checking '/home/robot33-6/student133_ws/install/test_client/bin'
[2.866s] INFO:colcon.colcon_core.shell:Creating package script '/home/robot33-6/student133_ws/install/test_client/share/test_client/package.ps1'
[2.866s] INFO:colcon.colcon_core.shell:Creating package descriptor '/home/robot33-6/student133_ws/install/test_client/share/test_client/package.dsv'
[2.867s] INFO:colcon.colcon_core.shell:Creating package script '/home/robot33-6/student133_ws/install/test_client/share/test_client/package.sh'
[2.867s] INFO:colcon.colcon_core.shell:Creating package script '/home/robot33-6/student133_ws/install/test_client/share/test_client/package.bash'
[2.867s] INFO:colcon.colcon_core.shell:Creating package script '/home/robot33-6/student133_ws/install/test_client/share/test_client/package.zsh'
[2.867s] Level 1:colcon.colcon_core.environment:create_file_with_runtime_dependencies(/home/robot33-6/student133_ws/install/test_client/share/colcon-core/packages/test_client)
[2.878s] DEBUG:colcon.colcon_parallel_executor.executor.parallel:closing loop
[2.878s] DEBUG:colcon.colcon_parallel_executor.executor.parallel:loop closed
[2.878s] DEBUG:colcon.colcon_parallel_executor.executor.parallel:run_until_complete finished with '1'
[2.878s] DEBUG:colcon.colcon_core.event_reactor:joining thread
[2.896s] INFO:colcon.colcon_core.plugin_system:Skipping extension 'colcon_notification.desktop_notification.terminal_notifier': Not used on non-Darwin systems
[2.896s] INFO:colcon.colcon_core.plugin_system:Skipping extension 'colcon_notification.desktop_notification.win32': Not used on non-Windows systems
[2.896s] INFO:colcon.colcon_notification.desktop_notification:Sending desktop notification using 'notify2'
[2.906s] DEBUG:colcon.colcon_core.event_reactor:joined thread
[2.921s] INFO:colcon.colcon_core.shell:Creating prefix script '/home/robot33-6/student133_ws/install/local_setup.ps1'
[2.922s] INFO:colcon.colcon_core.shell:Creating prefix util module '/home/robot33-6/student133_ws/install/_local_setup_util_ps1.py'
[2.923s] INFO:colcon.colcon_core.shell:Creating prefix chain script '/home/robot33-6/student133_ws/install/setup.ps1'
[2.938s] INFO:colcon.colcon_core.shell:Creating prefix script '/home/robot33-6/student133_ws/install/local_setup.sh'
[2.939s] INFO:colcon.colcon_core.shell:Creating prefix util module '/home/robot33-6/student133_ws/install/_local_setup_util_sh.py'
[2.939s] INFO:colcon.colcon_core.shell:Creating prefix chain script '/home/robot33-6/student133_ws/install/setup.sh'
[2.955s] INFO:colcon.colcon_core.shell:Creating prefix script '/home/robot33-6/student133_ws/install/local_setup.bash'
[2.955s] INFO:colcon.colcon_core.shell:Creating prefix chain script '/home/robot33-6/student133_ws/install/setup.bash'
[2.969s] INFO:colcon.colcon_core.shell:Creating prefix script '/home/robot33-6/student133_ws/install/local_setup.zsh'
[2.970s] INFO:colcon.colcon_core.shell:Creating prefix chain script '/home/robot33-6/student133_ws/install/setup.zsh'
