[0.108s] Invoking command in '/home/eragon/student133_ws/build/l2_image_detector': CMAKE_PREFIX_PATH=${CMAKE_PREFIX_PATH}:/opt/ros/humble /usr/bin/cmake --build /home/eragon/student133_ws/build/l2_image_detector -- -j8 -l8
[0.534s] [ 50%] Building CXX object CMakeFiles/l2_image_detector_node.dir/src/l2_image_detector_node.cpp.o
[17.287s] [100%] Linking CXX executable l2_image_detector_node
[18.253s] [100%] Built target l2_image_detector_node
[18.274s] Invoked command in '/home/eragon/student133_ws/build/l2_image_detector' returned '0': CMAKE_PREFIX_PATH=${CMAKE_PREFIX_PATH}:/opt/ros/humble /usr/bin/cmake --build /home/eragon/student133_ws/build/l2_image_detector -- -j8 -l8
[18.275s] Invoking command in '/home/eragon/student133_ws/build/l2_image_detector': CMAKE_PREFIX_PATH=${CMAKE_PREFIX_PATH}:/opt/ros/humble /usr/bin/cmake --install /home/eragon/student133_ws/build/l2_image_detector
[18.290s] -- Install configuration: "Debug"
[18.290s] -- Installing: /home/eragon/student133_ws/install/l2_image_detector/lib/l2_image_detector/l2_image_detector_node
[18.298s] -- Set runtime path of "/home/eragon/student133_ws/install/l2_image_detector/lib/l2_image_detector/l2_image_detector_node" to ""
[18.298s] -- Up-to-date: /home/eragon/student133_ws/install/l2_image_detector/share/l2_image_detector/launch
[18.299s] -- Up-to-date: /home/eragon/student133_ws/install/l2_image_detector/share/l2_image_detector/launch/image_launch.py
[18.299s] -- Up-to-date: /home/eragon/student133_ws/install/l2_image_detector/share/ament_index/resource_index/package_run_dependencies/l2_image_detector
[18.299s] -- Up-to-date: /home/eragon/student133_ws/install/l2_image_detector/share/ament_index/resource_index/parent_prefix_path/l2_image_detector
[18.299s] -- Up-to-date: /home/eragon/student133_ws/install/l2_image_detector/share/l2_image_detector/environment/ament_prefix_path.sh
[18.299s] -- Up-to-date: /home/eragon/student133_ws/install/l2_image_detector/share/l2_image_detector/environment/ament_prefix_path.dsv
[18.300s] -- Up-to-date: /home/eragon/student133_ws/install/l2_image_detector/share/l2_image_detector/environment/path.sh
[18.300s] -- Up-to-date: /home/eragon/student133_ws/install/l2_image_detector/share/l2_image_detector/environment/path.dsv
[18.300s] -- Up-to-date: /home/eragon/student133_ws/install/l2_image_detector/share/l2_image_detector/local_setup.bash
[18.300s] -- Up-to-date: /home/eragon/student133_ws/install/l2_image_detector/share/l2_image_detector/local_setup.sh
[18.300s] -- Up-to-date: /home/eragon/student133_ws/install/l2_image_detector/share/l2_image_detector/local_setup.zsh
[18.300s] -- Up-to-date: /home/eragon/student133_ws/install/l2_image_detector/share/l2_image_detector/local_setup.dsv
[18.301s] -- Installing: /home/eragon/student133_ws/install/l2_image_detector/share/l2_image_detector/package.dsv
[18.301s] -- Up-to-date: /home/eragon/student133_ws/install/l2_image_detector/share/ament_index/resource_index/packages/l2_image_detector
[18.301s] -- Up-to-date: /home/eragon/student133_ws/install/l2_image_detector/share/l2_image_detector/cmake/l2_image_detectorConfig.cmake
[18.301s] -- Up-to-date: /home/eragon/student133_ws/install/l2_image_detector/share/l2_image_detector/cmake/l2_image_detectorConfig-version.cmake
[18.301s] -- Up-to-date: /home/eragon/student133_ws/install/l2_image_detector/share/l2_image_detector/package.xml
[18.303s] Invoked command in '/home/eragon/student133_ws/build/l2_image_detector' returned '0': CMAKE_PREFIX_PATH=${CMAKE_PREFIX_PATH}:/opt/ros/humble /usr/bin/cmake --install /home/eragon/student133_ws/build/l2_image_detector
