[0.055s] Invoking command in '/home/eragon/student133_ws/build/launch': CMAKE_PREFIX_PATH=${CMAKE_PREFIX_PATH}:/home/eragon/student133_ws/install/test_image_sender:/home/eragon/student133_ws/install/test_image_receiver:/opt/ros/humble /usr/bin/cmake --build /home/eragon/student133_ws/build/launch -- -j8 -l8
[0.138s] Invoked command in '/home/eragon/student133_ws/build/launch' returned '0': CMAKE_PREFIX_PATH=${CMAKE_PREFIX_PATH}:/home/eragon/student133_ws/install/test_image_sender:/home/eragon/student133_ws/install/test_image_receiver:/opt/ros/humble /usr/bin/cmake --build /home/eragon/student133_ws/build/launch -- -j8 -l8
[0.169s] Invoking command in '/home/eragon/student133_ws/build/launch': CMAKE_PREFIX_PATH=${CMAKE_PREFIX_PATH}:/home/eragon/student133_ws/install/test_image_sender:/home/eragon/student133_ws/install/test_image_receiver:/opt/ros/humble /usr/bin/cmake --install /home/eragon/student133_ws/build/launch
[0.189s] -- Install configuration: "Debug"
[0.189s] -- Up-to-date: /home/eragon/student133_ws/install/launch/share/launch/launch
[0.189s] -- Up-to-date: /home/eragon/student133_ws/install/launch/share/launch/launch/image_detection.launch.py
[0.190s] -- Up-to-date: /home/eragon/student133_ws/install/launch/share/ament_index/resource_index/package_run_dependencies/launch
[0.190s] -- Up-to-date: /home/eragon/student133_ws/install/launch/share/ament_index/resource_index/parent_prefix_path/launch
[0.190s] -- Up-to-date: /home/eragon/student133_ws/install/launch/share/launch/environment/ament_prefix_path.sh
[0.190s] -- Up-to-date: /home/eragon/student133_ws/install/launch/share/launch/environment/ament_prefix_path.dsv
[0.190s] -- Up-to-date: /home/eragon/student133_ws/install/launch/share/launch/environment/path.sh
[0.190s] -- Up-to-date: /home/eragon/student133_ws/install/launch/share/launch/environment/path.dsv
[0.190s] -- Up-to-date: /home/eragon/student133_ws/install/launch/share/launch/local_setup.bash
[0.190s] -- Up-to-date: /home/eragon/student133_ws/install/launch/share/launch/local_setup.sh
[0.190s] -- Up-to-date: /home/eragon/student133_ws/install/launch/share/launch/local_setup.zsh
[0.191s] -- Up-to-date: /home/eragon/student133_ws/install/launch/share/launch/local_setup.dsv
[0.191s] -- Installing: /home/eragon/student133_ws/install/launch/share/launch/package.dsv
[0.191s] -- Up-to-date: /home/eragon/student133_ws/install/launch/share/ament_index/resource_index/packages/launch
[0.191s] -- Up-to-date: /home/eragon/student133_ws/install/launch/share/launch/cmake/launchConfig.cmake
[0.191s] -- Up-to-date: /home/eragon/student133_ws/install/launch/share/launch/cmake/launchConfig-version.cmake
[0.191s] -- Up-to-date: /home/eragon/student133_ws/install/launch/share/launch/package.xml
[0.196s] Invoked command in '/home/eragon/student133_ws/build/launch' returned '0': CMAKE_PREFIX_PATH=${CMAKE_PREFIX_PATH}:/home/eragon/student133_ws/install/test_image_sender:/home/eragon/student133_ws/install/test_image_receiver:/opt/ros/humble /usr/bin/cmake --install /home/eragon/student133_ws/build/launch
