[0.055s] Invoking command in '/home/eragon/student133_ws/build/custom_counter': CMAKE_PREFIX_PATH=${CMAKE_PREFIX_PATH}:/opt/ros/humble /usr/bin/cmake --build /home/eragon/student133_ws/build/custom_counter -- -j8 -l8
[0.220s] [100%] Built target custom_counter_node
[0.280s] Invoked command in '/home/eragon/student133_ws/build/custom_counter' returned '0': CMAKE_PREFIX_PATH=${CMAKE_PREFIX_PATH}:/opt/ros/humble /usr/bin/cmake --build /home/eragon/student133_ws/build/custom_counter -- -j8 -l8
[0.437s] Invoking command in '/home/eragon/student133_ws/build/custom_counter': CMAKE_PREFIX_PATH=${CMAKE_PREFIX_PATH}:/opt/ros/humble /usr/bin/cmake --install /home/eragon/student133_ws/build/custom_counter
[0.457s] -- Install configuration: "Debug"
[0.459s] -- Installing: /home/eragon/student133_ws/install/custom_counter/lib/custom_counter/custom_counter_node
[0.545s] -- Set runtime path of "/home/eragon/student133_ws/install/custom_counter/lib/custom_counter/custom_counter_node" to ""
[0.545s] -- Installing: /home/eragon/student133_ws/install/custom_counter/share/ament_index/resource_index/package_run_dependencies/custom_counter
[0.545s] -- Installing: /home/eragon/student133_ws/install/custom_counter/share/ament_index/resource_index/parent_prefix_path/custom_counter
[0.545s] -- Installing: /home/eragon/student133_ws/install/custom_counter/share/custom_counter/environment/ament_prefix_path.sh
[0.546s] -- Installing: /home/eragon/student133_ws/install/custom_counter/share/custom_counter/environment/ament_prefix_path.dsv
[0.546s] -- Installing: /home/eragon/student133_ws/install/custom_counter/share/custom_counter/environment/path.sh
[0.546s] -- Installing: /home/eragon/student133_ws/install/custom_counter/share/custom_counter/environment/path.dsv
[0.546s] -- Installing: /home/eragon/student133_ws/install/custom_counter/share/custom_counter/local_setup.bash
[0.546s] -- Installing: /home/eragon/student133_ws/install/custom_counter/share/custom_counter/local_setup.sh
[0.546s] -- Installing: /home/eragon/student133_ws/install/custom_counter/share/custom_counter/local_setup.zsh
[0.546s] -- Installing: /home/eragon/student133_ws/install/custom_counter/share/custom_counter/local_setup.dsv
[0.547s] -- Installing: /home/eragon/student133_ws/install/custom_counter/share/custom_counter/package.dsv
[0.547s] -- Installing: /home/eragon/student133_ws/install/custom_counter/share/ament_index/resource_index/packages/custom_counter
[0.547s] -- Installing: /home/eragon/student133_ws/install/custom_counter/share/custom_counter/cmake/custom_counterConfig.cmake
[0.547s] -- Installing: /home/eragon/student133_ws/install/custom_counter/share/custom_counter/cmake/custom_counterConfig-version.cmake
[0.547s] -- Installing: /home/eragon/student133_ws/install/custom_counter/share/custom_counter/package.xml
[0.604s] Invoked command in '/home/eragon/student133_ws/build/custom_counter' returned '0': CMAKE_PREFIX_PATH=${CMAKE_PREFIX_PATH}:/opt/ros/humble /usr/bin/cmake --install /home/eragon/student133_ws/build/custom_counter
