[0.049s] Invoking command in '/home/eragon/student133_ws/build/l3_pointcloud2': CMAKE_PREFIX_PATH=${CMAKE_PREFIX_PATH}:/opt/ros/humble /usr/bin/cmake /home/eragon/student133_ws/src/l3_pointcloud2 -G CodeBlocks - Unix Makefiles -DCMAKE_BUILD_TYPE=Debug -DCMAKE_INSTALL_PREFIX=/home/eragon/student133_ws/install/l3_pointcloud2
[0.230s] -- The C compiler identification is GNU 11.4.0
[0.335s] -- The CXX compiler identification is GNU 11.4.0
[0.453s] -- Detecting C compiler ABI info
[0.662s] -- Detecting C compiler ABI info - done
[0.681s] -- Check for working C compiler: /usr/bin/cc - skipped
[0.685s] -- Detecting C compile features
[0.686s] -- Detecting C compile features - done
[0.703s] -- Detecting CXX compiler ABI info
[0.984s] -- Detecting CXX compiler ABI info - done
[0.986s] -- Check for working CXX compiler: /usr/bin/c++ - skipped
[0.987s] -- Detecting CXX compile features
[0.987s] -- Detecting CXX compile features - done
[0.987s] -- Found ament_cmake: 1.3.11 (/opt/ros/humble/share/ament_cmake/cmake)
[1.338s] -- Found Python3: /usr/bin/python3 (found version "3.10.12") found components: Interpreter 
[1.581s] -- Found rclcpp: 16.0.11 (/opt/ros/humble/share/rclcpp/cmake)
[1.692s] -- Found rosidl_generator_c: 3.1.6 (/opt/ros/humble/share/rosidl_generator_c/cmake)
[1.706s] -- Found rosidl_adapter: 3.1.6 (/opt/ros/humble/share/rosidl_adapter/cmake)
[1.732s] -- Found rosidl_generator_cpp: 3.1.6 (/opt/ros/humble/share/rosidl_generator_cpp/cmake)
[1.768s] -- Using all available rosidl_typesupport_c: rosidl_typesupport_fastrtps_c;rosidl_typesupport_introspection_c
[1.803s] -- Using all available rosidl_typesupport_cpp: rosidl_typesupport_fastrtps_cpp;rosidl_typesupport_introspection_cpp
[1.905s] -- Found rmw_implementation_cmake: 6.1.2 (/opt/ros/humble/share/rmw_implementation_cmake/cmake)
[1.915s] -- Found rmw_fastrtps_cpp: 6.2.7 (/opt/ros/humble/share/rmw_fastrtps_cpp/cmake)
[2.148s] -- Found OpenSSL: /usr/lib/x86_64-linux-gnu/libcrypto.so (found version "3.0.2")  
[2.199s] -- Found FastRTPS: /opt/ros/humble/include  
[2.265s] -- Using RMW implementation 'rmw_fastrtps_cpp' as default
[2.288s] -- Looking for pthread.h
[2.428s] -- Looking for pthread.h - found
[2.429s] -- Performing Test CMAKE_HAVE_LIBC_PTHREAD
[2.547s] -- Performing Test CMAKE_HAVE_LIBC_PTHREAD - Success
[2.549s] -- Found Threads: TRUE  
[2.642s] -- Found cv_bridge: 3.2.1 (/opt/ros/humble/share/cv_bridge/cmake)
[2.712s] -- Found image_transport: 3.1.10 (/opt/ros/humble/share/image_transport/cmake)
[2.779s] -- Found OpenCV: /usr (found version "4.5.4") 
[2.784s] -- Found ament_lint_auto: 0.12.11 (/opt/ros/humble/share/ament_lint_auto/cmake)
[2.935s] -- Added test 'cppcheck' to perform static code analysis on C / C++ code
[2.935s] -- Configured cppcheck include dirs: /home/eragon/student133_ws/src/l3_pointcloud2/include
[2.935s] -- Configured cppcheck exclude dirs and/or files: 
[2.936s] -- Added test 'lint_cmake' to check CMake code style
[2.938s] -- Added test 'uncrustify' to check C / C++ code style
[2.938s] -- Configured uncrustify additional arguments: 
[2.939s] -- Added test 'xmllint' to check XML markup files
[2.942s] -- Configuring done
[2.972s] -- Generating done
[2.978s] -- Build files have been written to: /home/eragon/student133_ws/build/l3_pointcloud2
[2.991s] Invoked command in '/home/eragon/student133_ws/build/l3_pointcloud2' returned '0': CMAKE_PREFIX_PATH=${CMAKE_PREFIX_PATH}:/opt/ros/humble /usr/bin/cmake /home/eragon/student133_ws/src/l3_pointcloud2 -G CodeBlocks - Unix Makefiles -DCMAKE_BUILD_TYPE=Debug -DCMAKE_INSTALL_PREFIX=/home/eragon/student133_ws/install/l3_pointcloud2
[2.993s] Invoking command in '/home/eragon/student133_ws/build/l3_pointcloud2': CMAKE_PREFIX_PATH=${CMAKE_PREFIX_PATH}:/opt/ros/humble /usr/bin/cmake --build /home/eragon/student133_ws/build/l3_pointcloud2 -- -j8 -l8
[3.069s] [ 50%] Building CXX object CMakeFiles/l3_pointcloud2_node.dir/src/l3_pointcloud2_node.cpp.o
[11.320s] [100%] Linking CXX executable l3_pointcloud2_node
[11.970s] [100%] Built target l3_pointcloud2_node
[11.998s] Invoked command in '/home/eragon/student133_ws/build/l3_pointcloud2' returned '0': CMAKE_PREFIX_PATH=${CMAKE_PREFIX_PATH}:/opt/ros/humble /usr/bin/cmake --build /home/eragon/student133_ws/build/l3_pointcloud2 -- -j8 -l8
[12.000s] Invoking command in '/home/eragon/student133_ws/build/l3_pointcloud2': CMAKE_PREFIX_PATH=${CMAKE_PREFIX_PATH}:/opt/ros/humble /usr/bin/cmake --install /home/eragon/student133_ws/build/l3_pointcloud2
[12.014s] -- Install configuration: "Debug"
[12.014s] -- Installing: /home/eragon/student133_ws/install/l3_pointcloud2/lib/l3_pointcloud2/l3_pointcloud2_node
[12.022s] -- Set runtime path of "/home/eragon/student133_ws/install/l3_pointcloud2/lib/l3_pointcloud2/l3_pointcloud2_node" to ""
[12.023s] -- Installing: /home/eragon/student133_ws/install/l3_pointcloud2/share/ament_index/resource_index/package_run_dependencies/l3_pointcloud2
[12.023s] -- Installing: /home/eragon/student133_ws/install/l3_pointcloud2/share/ament_index/resource_index/parent_prefix_path/l3_pointcloud2
[12.024s] -- Installing: /home/eragon/student133_ws/install/l3_pointcloud2/share/l3_pointcloud2/environment/ament_prefix_path.sh
[12.024s] -- Installing: /home/eragon/student133_ws/install/l3_pointcloud2/share/l3_pointcloud2/environment/ament_prefix_path.dsv
[12.024s] -- Installing: /home/eragon/student133_ws/install/l3_pointcloud2/share/l3_pointcloud2/environment/path.sh
[12.024s] -- Installing: /home/eragon/student133_ws/install/l3_pointcloud2/share/l3_pointcloud2/environment/path.dsv
[12.024s] -- Installing: /home/eragon/student133_ws/install/l3_pointcloud2/share/l3_pointcloud2/local_setup.bash
[12.024s] -- Installing: /home/eragon/student133_ws/install/l3_pointcloud2/share/l3_pointcloud2/local_setup.sh
[12.025s] -- Installing: /home/eragon/student133_ws/install/l3_pointcloud2/share/l3_pointcloud2/local_setup.zsh
[12.025s] -- Installing: /home/eragon/student133_ws/install/l3_pointcloud2/share/l3_pointcloud2/local_setup.dsv
[12.025s] -- Installing: /home/eragon/student133_ws/install/l3_pointcloud2/share/l3_pointcloud2/package.dsv
[12.025s] -- Installing: /home/eragon/student133_ws/install/l3_pointcloud2/share/ament_index/resource_index/packages/l3_pointcloud2
[12.025s] -- Installing: /home/eragon/student133_ws/install/l3_pointcloud2/share/l3_pointcloud2/cmake/l3_pointcloud2Config.cmake
[12.026s] -- Installing: /home/eragon/student133_ws/install/l3_pointcloud2/share/l3_pointcloud2/cmake/l3_pointcloud2Config-version.cmake
[12.026s] -- Installing: /home/eragon/student133_ws/install/l3_pointcloud2/share/l3_pointcloud2/package.xml
[12.029s] Invoked command in '/home/eragon/student133_ws/build/l3_pointcloud2' returned '0': CMAKE_PREFIX_PATH=${CMAKE_PREFIX_PATH}:/opt/ros/humble /usr/bin/cmake --install /home/eragon/student133_ws/build/l3_pointcloud2
