[0.078s] Invoking command in '/home/eragon/student133_ws/build/circle_detector': CMAKE_PREFIX_PATH=${CMAKE_PREFIX_PATH}:/opt/ros/humble /usr/bin/cmake --build /home/eragon/student133_ws/build/circle_detector -- -j8 -l8
[0.244s] [ 50%] Building CXX object CMakeFiles/circle_detector_node.dir/src/circle_detector_node.cpp.o
[17.609s] [100%] Linking CXX executable circle_detector_node
[18.848s] [100%] Built target circle_detector_node
[18.871s] Invoked command in '/home/eragon/student133_ws/build/circle_detector' returned '0': CMAKE_PREFIX_PATH=${CMAKE_PREFIX_PATH}:/opt/ros/humble /usr/bin/cmake --build /home/eragon/student133_ws/build/circle_detector -- -j8 -l8
[18.874s] Invoking command in '/home/eragon/student133_ws/build/circle_detector': CMAKE_PREFIX_PATH=${CMAKE_PREFIX_PATH}:/opt/ros/humble /usr/bin/cmake --install /home/eragon/student133_ws/build/circle_detector
[18.888s] -- Install configuration: "Debug"
[18.888s] -- Installing: /home/eragon/student133_ws/install/circle_detector/lib/circle_detector/circle_detector_node
[18.915s] -- Set runtime path of "/home/eragon/student133_ws/install/circle_detector/lib/circle_detector/circle_detector_node" to ""
[18.915s] -- Up-to-date: /home/eragon/student133_ws/install/circle_detector/share/ament_index/resource_index/package_run_dependencies/circle_detector
[18.915s] -- Up-to-date: /home/eragon/student133_ws/install/circle_detector/share/ament_index/resource_index/parent_prefix_path/circle_detector
[18.915s] -- Up-to-date: /home/eragon/student133_ws/install/circle_detector/share/circle_detector/environment/ament_prefix_path.sh
[18.915s] -- Up-to-date: /home/eragon/student133_ws/install/circle_detector/share/circle_detector/environment/ament_prefix_path.dsv
[18.916s] -- Up-to-date: /home/eragon/student133_ws/install/circle_detector/share/circle_detector/environment/path.sh
[18.916s] -- Up-to-date: /home/eragon/student133_ws/install/circle_detector/share/circle_detector/environment/path.dsv
[18.916s] -- Up-to-date: /home/eragon/student133_ws/install/circle_detector/share/circle_detector/local_setup.bash
[18.916s] -- Up-to-date: /home/eragon/student133_ws/install/circle_detector/share/circle_detector/local_setup.sh
[18.916s] -- Up-to-date: /home/eragon/student133_ws/install/circle_detector/share/circle_detector/local_setup.zsh
[18.917s] -- Up-to-date: /home/eragon/student133_ws/install/circle_detector/share/circle_detector/local_setup.dsv
[18.918s] -- Installing: /home/eragon/student133_ws/install/circle_detector/share/circle_detector/package.dsv
[18.919s] -- Up-to-date: /home/eragon/student133_ws/install/circle_detector/share/ament_index/resource_index/packages/circle_detector
[18.919s] -- Up-to-date: /home/eragon/student133_ws/install/circle_detector/share/circle_detector/cmake/circle_detectorConfig.cmake
[18.920s] -- Up-to-date: /home/eragon/student133_ws/install/circle_detector/share/circle_detector/cmake/circle_detectorConfig-version.cmake
[18.920s] -- Up-to-date: /home/eragon/student133_ws/install/circle_detector/share/circle_detector/package.xml
[18.921s] Invoked command in '/home/eragon/student133_ws/build/circle_detector' returned '0': CMAKE_PREFIX_PATH=${CMAKE_PREFIX_PATH}:/opt/ros/humble /usr/bin/cmake --install /home/eragon/student133_ws/build/circle_detector
