[0.083s] Invoking command in '/home/eragon/student133_ws/build/l2_image_sender': CMAKE_PREFIX_PATH=${CMAKE_PREFIX_PATH}:/opt/ros/humble /usr/bin/cmake --build /home/eragon/student133_ws/build/l2_image_sender -- -j8 -l8
[0.247s] Consolidate compiler generated dependencies of target l2_image_sender_node
[0.309s] [100%] Built target l2_image_sender_node
[0.377s] Invoked command in '/home/eragon/student133_ws/build/l2_image_sender' returned '0': CMAKE_PREFIX_PATH=${CMAKE_PREFIX_PATH}:/opt/ros/humble /usr/bin/cmake --build /home/eragon/student133_ws/build/l2_image_sender -- -j8 -l8
[0.419s] Invoking command in '/home/eragon/student133_ws/build/l2_image_sender': CMAKE_PREFIX_PATH=${CMAKE_PREFIX_PATH}:/opt/ros/humble /usr/bin/cmake --install /home/eragon/student133_ws/build/l2_image_sender
[0.466s] -- Install configuration: "Debug"
[0.471s] -- Up-to-date: /home/eragon/student133_ws/install/l2_image_sender/lib/l2_image_sender/l2_image_sender_node
[0.471s] -- Up-to-date: /home/eragon/student133_ws/install/l2_image_sender/share/ament_index/resource_index/package_run_dependencies/l2_image_sender
[0.472s] -- Up-to-date: /home/eragon/student133_ws/install/l2_image_sender/share/ament_index/resource_index/parent_prefix_path/l2_image_sender
[0.472s] -- Up-to-date: /home/eragon/student133_ws/install/l2_image_sender/share/l2_image_sender/environment/ament_prefix_path.sh
[0.472s] -- Up-to-date: /home/eragon/student133_ws/install/l2_image_sender/share/l2_image_sender/environment/ament_prefix_path.dsv
[0.472s] -- Up-to-date: /home/eragon/student133_ws/install/l2_image_sender/share/l2_image_sender/environment/path.sh
[0.472s] -- Up-to-date: /home/eragon/student133_ws/install/l2_image_sender/share/l2_image_sender/environment/path.dsv
[0.472s] -- Up-to-date: /home/eragon/student133_ws/install/l2_image_sender/share/l2_image_sender/local_setup.bash
[0.473s] -- Up-to-date: /home/eragon/student133_ws/install/l2_image_sender/share/l2_image_sender/local_setup.sh
[0.473s] -- Up-to-date: /home/eragon/student133_ws/install/l2_image_sender/share/l2_image_sender/local_setup.zsh
[0.473s] -- Up-to-date: /home/eragon/student133_ws/install/l2_image_sender/share/l2_image_sender/local_setup.dsv
[0.474s] -- Installing: /home/eragon/student133_ws/install/l2_image_sender/share/l2_image_sender/package.dsv
[0.474s] -- Up-to-date: /home/eragon/student133_ws/install/l2_image_sender/share/ament_index/resource_index/packages/l2_image_sender
[0.474s] -- Up-to-date: /home/eragon/student133_ws/install/l2_image_sender/share/l2_image_sender/cmake/l2_image_senderConfig.cmake
[0.474s] -- Up-to-date: /home/eragon/student133_ws/install/l2_image_sender/share/l2_image_sender/cmake/l2_image_senderConfig-version.cmake
[0.474s] -- Up-to-date: /home/eragon/student133_ws/install/l2_image_sender/share/l2_image_sender/package.xml
[0.491s] Invoked command in '/home/eragon/student133_ws/build/l2_image_sender' returned '0': CMAKE_PREFIX_PATH=${CMAKE_PREFIX_PATH}:/opt/ros/humble /usr/bin/cmake --install /home/eragon/student133_ws/build/l2_image_sender
