-- Found ament_cmake: 1.3.11 (/opt/ros/humble/share/ament_cmake/cmake)
-- Found rclcpp: 16.0.11 (/opt/ros/humble/share/rclcpp/cmake)
-- Found rosidl_generator_c: 3.1.6 (/opt/ros/humble/share/rosidl_generator_c/cmake)
-- Found rosidl_adapter: 3.1.6 (/opt/ros/humble/share/rosidl_adapter/cmake)
-- Found rosidl_generator_cpp: 3.1.6 (/opt/ros/humble/share/rosidl_generator_cpp/cmake)
-- Using all available rosidl_typesupport_c: rosidl_typesupport_fastrtps_c;rosidl_typesupport_introspection_c
-- Using all available rosidl_typesupport_cpp: rosidl_typesupport_fastrtps_cpp;rosidl_typesupport_introspection_cpp
-- Found rmw_implementation_cmake: 6.1.2 (/opt/ros/humble/share/rmw_implementation_cmake/cmake)
-- Found rmw_fastrtps_cpp: 6.2.7 (/opt/ros/humble/share/rmw_fastrtps_cpp/cmake)
-- Found OpenSSL: /usr/lib/x86_64-linux-gnu/libcrypto.so (found version "3.0.2")  
-- Found FastRTPS: /opt/ros/humble/include  
-- Using RMW implementation 'rmw_fastrtps_cpp' as default
-- Looking for pthread.h
-- Looking for pthread.h - found
-- Performing Test CMAKE_HAVE_LIBC_PTHREAD
-- Performing Test CMAKE_HAVE_LIBC_PTHREAD - Success
-- Found Threads: TRUE  
-- Found cv_bridge: 3.2.1 (/opt/ros/humble/share/cv_bridge/cmake)
-- Found image_transport: 3.1.10 (/opt/ros/humble/share/image_transport/cmake)
-- Found OpenCV: /usr (found version "4.5.4") 
-- Found ament_lint_auto: 0.12.11 (/opt/ros/humble/share/ament_lint_auto/cmake)
-- Added test 'cppcheck' to perform static code analysis on C / C++ code
-- Configured cppcheck include dirs: /home/eragon/student133_ws/src/l2_image_detector/include
-- Configured cppcheck exclude dirs and/or files: 
-- Added test 'flake8' to check Python code syntax and style conventions
-- Added test 'lint_cmake' to check CMake code style
-- Added test 'pep257' to check Python code against some of the docstring style conventions in PEP 257
-- Added test 'uncrustify' to check C / C++ code style
-- Configured uncrustify additional arguments: 
-- Added test 'xmllint' to check XML markup files
-- Configuring done
-- Generating done
-- Build files have been written to: /home/eragon/student133_ws/build/l2_image_detector
[ 50%] Building CXX object CMakeFiles/l2_image_detector_node.dir/src/l2_image_detector_node.cpp.o
[100%] Linking CXX executable l2_image_detector_node
[100%] Built target l2_image_detector_node
-- Install configuration: "Debug"
-- Installing: /home/eragon/student133_ws/install/l2_image_detector/lib/l2_image_detector/l2_image_detector_node
-- Set runtime path of "/home/eragon/student133_ws/install/l2_image_detector/lib/l2_image_detector/l2_image_detector_node" to ""
-- Installing: /home/eragon/student133_ws/install/l2_image_detector/share/l2_image_detector/launch
-- Installing: /home/eragon/student133_ws/install/l2_image_detector/share/l2_image_detector/launch/image_launch.py
-- Up-to-date: /home/eragon/student133_ws/install/l2_image_detector/share/ament_index/resource_index/package_run_dependencies/l2_image_detector
-- Installing: /home/eragon/student133_ws/install/l2_image_detector/share/ament_index/resource_index/parent_prefix_path/l2_image_detector
-- Up-to-date: /home/eragon/student133_ws/install/l2_image_detector/share/l2_image_detector/environment/ament_prefix_path.sh
-- Installing: /home/eragon/student133_ws/install/l2_image_detector/share/l2_image_detector/environment/ament_prefix_path.dsv
-- Up-to-date: /home/eragon/student133_ws/install/l2_image_detector/share/l2_image_detector/environment/path.sh
-- Installing: /home/eragon/student133_ws/install/l2_image_detector/share/l2_image_detector/environment/path.dsv
-- Up-to-date: /home/eragon/student133_ws/install/l2_image_detector/share/l2_image_detector/local_setup.bash
-- Up-to-date: /home/eragon/student133_ws/install/l2_image_detector/share/l2_image_detector/local_setup.sh
-- Up-to-date: /home/eragon/student133_ws/install/l2_image_detector/share/l2_image_detector/local_setup.zsh
-- Installing: /home/eragon/student133_ws/install/l2_image_detector/share/l2_image_detector/local_setup.dsv
-- Installing: /home/eragon/student133_ws/install/l2_image_detector/share/l2_image_detector/package.dsv
-- Up-to-date: /home/eragon/student133_ws/install/l2_image_detector/share/ament_index/resource_index/packages/l2_image_detector
-- Up-to-date: /home/eragon/student133_ws/install/l2_image_detector/share/l2_image_detector/cmake/l2_image_detectorConfig.cmake
-- Up-to-date: /home/eragon/student133_ws/install/l2_image_detector/share/l2_image_detector/cmake/l2_image_detectorConfig-version.cmake
-- Up-to-date: /home/eragon/student133_ws/install/l2_image_detector/share/l2_image_detector/package.xml
