[0.048s] Invoking command in '/home/eragon/student133_ws/build/image_pub': CMAKE_PREFIX_PATH=${CMAKE_PREFIX_PATH}:/opt/ros/humble /usr/bin/cmake /home/eragon/student133_ws/src/image_pub -G CodeBlocks - Unix Makefiles -DCMAKE_BUILD_TYPE=Debug -DCMAKE_INSTALL_PREFIX=/home/eragon/student133_ws/install/image_pub
[0.182s] -- The C compiler identification is GNU 11.4.0
[0.310s] -- The CXX compiler identification is GNU 11.4.0
[0.391s] -- Detecting C compiler ABI info
[0.618s] -- Detecting C compiler ABI info - done
[0.649s] -- Check for working C compiler: /usr/bin/cc - skipped
[0.653s] -- Detecting C compile features
[0.653s] -- Detecting C compile features - done
[0.660s] -- Detecting CXX compiler ABI info
[0.981s] -- Detecting CXX compiler ABI info - done
[1.012s] -- Check for working CXX compiler: /usr/bin/c++ - skipped
[1.013s] -- Detecting CXX compile features
[1.019s] -- Detecting CXX compile features - done
[1.025s] -- Found ament_cmake: 1.3.11 (/opt/ros/humble/share/ament_cmake/cmake)
[1.528s] -- Found Python3: /usr/bin/python3 (found version "3.10.12") found components: Interpreter 
[1.857s] -- Found rclcpp: 16.0.11 (/opt/ros/humble/share/rclcpp/cmake)
[1.953s] -- Found rosidl_generator_c: 3.1.6 (/opt/ros/humble/share/rosidl_generator_c/cmake)
[1.975s] -- Found rosidl_adapter: 3.1.6 (/opt/ros/humble/share/rosidl_adapter/cmake)
[1.988s] -- Found rosidl_generator_cpp: 3.1.6 (/opt/ros/humble/share/rosidl_generator_cpp/cmake)
[2.029s] -- Using all available rosidl_typesupport_c: rosidl_typesupport_fastrtps_c;rosidl_typesupport_introspection_c
[2.072s] -- Using all available rosidl_typesupport_cpp: rosidl_typesupport_fastrtps_cpp;rosidl_typesupport_introspection_cpp
[2.231s] -- Found rmw_implementation_cmake: 6.1.2 (/opt/ros/humble/share/rmw_implementation_cmake/cmake)
[2.233s] -- Found rmw_fastrtps_cpp: 6.2.7 (/opt/ros/humble/share/rmw_fastrtps_cpp/cmake)
[2.457s] -- Found OpenSSL: /usr/lib/x86_64-linux-gnu/libcrypto.so (found version "3.0.2")  
[2.512s] -- Found FastRTPS: /opt/ros/humble/include  
[2.585s] -- Using RMW implementation 'rmw_fastrtps_cpp' as default
[2.604s] -- Looking for pthread.h
[2.716s] -- Looking for pthread.h - found
[2.717s] -- Performing Test CMAKE_HAVE_LIBC_PTHREAD
[2.834s] -- Performing Test CMAKE_HAVE_LIBC_PTHREAD - Success
[2.835s] -- Found Threads: TRUE  
[2.914s] -- Found cv_bridge: 3.2.1 (/opt/ros/humble/share/cv_bridge/cmake)
[2.978s] -- Found image_transport: 3.1.10 (/opt/ros/humble/share/image_transport/cmake)
[3.041s] -- Found OpenCV: /usr (found version "4.5.4") 
[3.046s] -- Found ament_lint_auto: 0.12.11 (/opt/ros/humble/share/ament_lint_auto/cmake)
[3.221s] -- Added test 'cppcheck' to perform static code analysis on C / C++ code
[3.221s] -- Configured cppcheck include dirs: /home/eragon/student133_ws/src/image_pub/include
[3.221s] -- Configured cppcheck exclude dirs and/or files: 
[3.223s] -- Added test 'lint_cmake' to check CMake code style
[3.225s] -- Added test 'uncrustify' to check C / C++ code style
[3.225s] -- Configured uncrustify additional arguments: 
[3.227s] -- Added test 'xmllint' to check XML markup files
[3.230s] -- Configuring done
[3.269s] -- Generating done
[3.275s] -- Build files have been written to: /home/eragon/student133_ws/build/image_pub
[3.293s] Invoked command in '/home/eragon/student133_ws/build/image_pub' returned '0': CMAKE_PREFIX_PATH=${CMAKE_PREFIX_PATH}:/opt/ros/humble /usr/bin/cmake /home/eragon/student133_ws/src/image_pub -G CodeBlocks - Unix Makefiles -DCMAKE_BUILD_TYPE=Debug -DCMAKE_INSTALL_PREFIX=/home/eragon/student133_ws/install/image_pub
[3.295s] Invoking command in '/home/eragon/student133_ws/build/image_pub': CMAKE_PREFIX_PATH=${CMAKE_PREFIX_PATH}:/opt/ros/humble /usr/bin/cmake --build /home/eragon/student133_ws/build/image_pub -- -j8 -l8
[3.369s] [ 50%] Building CXX object CMakeFiles/image_pub_node.dir/src/image_pub_node.cpp.o
[10.607s] [100%] Linking CXX executable image_pub_node
[11.421s] [100%] Built target image_pub_node
