[0.067s] Invoking command in '/home/eragon/student133_ws/build/pointcloud': CMAKE_PREFIX_PATH=${CMAKE_PREFIX_PATH}:/opt/ros/humble /usr/bin/cmake --build /home/eragon/student133_ws/build/pointcloud -- -j8 -l8
[0.203s] Consolidate compiler generated dependencies of target pointcloud_node
[0.222s] [ 50%] Building CXX object CMakeFiles/pointcloud_node.dir/src/pointcloud_node.cpp.o
[11.198s] [100%] Linking CXX executable pointcloud_node
[11.887s] [100%] Built target pointcloud_node
[11.908s] Invoked command in '/home/eragon/student133_ws/build/pointcloud' returned '0': CMAKE_PREFIX_PATH=${CMAKE_PREFIX_PATH}:/opt/ros/humble /usr/bin/cmake --build /home/eragon/student133_ws/build/pointcloud -- -j8 -l8
[11.911s] Invoking command in '/home/eragon/student133_ws/build/pointcloud': CMAKE_PREFIX_PATH=${CMAKE_PREFIX_PATH}:/opt/ros/humble /usr/bin/cmake --install /home/eragon/student133_ws/build/pointcloud
[11.924s] -- Install configuration: "Debug"
[11.925s] -- Installing: /home/eragon/student133_ws/install/pointcloud/lib/pointcloud/pointcloud_node
[11.932s] -- Set runtime path of "/home/eragon/student133_ws/install/pointcloud/lib/pointcloud/pointcloud_node" to ""
[11.933s] -- Up-to-date: /home/eragon/student133_ws/install/pointcloud/share/pointcloud/launch
[11.933s] -- Up-to-date: /home/eragon/student133_ws/install/pointcloud/share/pointcloud/launch/image_launch.py
[11.933s] -- Up-to-date: /home/eragon/student133_ws/install/pointcloud/share/ament_index/resource_index/package_run_dependencies/pointcloud
[11.934s] -- Up-to-date: /home/eragon/student133_ws/install/pointcloud/share/ament_index/resource_index/parent_prefix_path/pointcloud
[11.934s] -- Up-to-date: /home/eragon/student133_ws/install/pointcloud/share/pointcloud/environment/ament_prefix_path.sh
[11.934s] -- Up-to-date: /home/eragon/student133_ws/install/pointcloud/share/pointcloud/environment/ament_prefix_path.dsv
[11.934s] -- Up-to-date: /home/eragon/student133_ws/install/pointcloud/share/pointcloud/environment/path.sh
[11.934s] -- Up-to-date: /home/eragon/student133_ws/install/pointcloud/share/pointcloud/environment/path.dsv
[11.934s] -- Up-to-date: /home/eragon/student133_ws/install/pointcloud/share/pointcloud/local_setup.bash
[11.935s] -- Up-to-date: /home/eragon/student133_ws/install/pointcloud/share/pointcloud/local_setup.sh
[11.935s] -- Up-to-date: /home/eragon/student133_ws/install/pointcloud/share/pointcloud/local_setup.zsh
[11.935s] -- Up-to-date: /home/eragon/student133_ws/install/pointcloud/share/pointcloud/local_setup.dsv
[11.937s] -- Installing: /home/eragon/student133_ws/install/pointcloud/share/pointcloud/package.dsv
[11.937s] -- Up-to-date: /home/eragon/student133_ws/install/pointcloud/share/ament_index/resource_index/packages/pointcloud
[11.937s] -- Up-to-date: /home/eragon/student133_ws/install/pointcloud/share/pointcloud/cmake/pointcloudConfig.cmake
[11.937s] -- Up-to-date: /home/eragon/student133_ws/install/pointcloud/share/pointcloud/cmake/pointcloudConfig-version.cmake
[11.938s] -- Up-to-date: /home/eragon/student133_ws/install/pointcloud/share/pointcloud/package.xml
[11.938s] Invoked command in '/home/eragon/student133_ws/build/pointcloud' returned '0': CMAKE_PREFIX_PATH=${CMAKE_PREFIX_PATH}:/opt/ros/humble /usr/bin/cmake --install /home/eragon/student133_ws/build/pointcloud
