[0.052s] Invoking command in '/home/eragon/student133_ws/build/image_pub': CMAKE_PREFIX_PATH=${CMAKE_PREFIX_PATH}:/opt/ros/humble /usr/bin/cmake --build /home/eragon/student133_ws/build/image_pub -- -j8 -l8
[0.184s] [ 50%] Building CXX object CMakeFiles/image_pub_node.dir/src/image_pub_node.cpp.o
[6.736s] [100%] Linking CXX executable image_pub_node
[7.245s] [100%] Built target image_pub_node
[7.266s] Invoked command in '/home/eragon/student133_ws/build/image_pub' returned '0': CMAKE_PREFIX_PATH=${CMAKE_PREFIX_PATH}:/opt/ros/humble /usr/bin/cmake --build /home/eragon/student133_ws/build/image_pub -- -j8 -l8
[7.268s] Invoking command in '/home/eragon/student133_ws/build/image_pub': CMAKE_PREFIX_PATH=${CMAKE_PREFIX_PATH}:/opt/ros/humble /usr/bin/cmake --install /home/eragon/student133_ws/build/image_pub
[7.279s] -- Install configuration: "Debug"
[7.280s] -- Installing: /home/eragon/student133_ws/install/image_pub/lib/image_pub/image_pub_node
[7.283s] -- Set runtime path of "/home/eragon/student133_ws/install/image_pub/lib/image_pub/image_pub_node" to ""
[7.283s] -- Up-to-date: /home/eragon/student133_ws/install/image_pub/share/ament_index/resource_index/package_run_dependencies/image_pub
[7.283s] -- Up-to-date: /home/eragon/student133_ws/install/image_pub/share/ament_index/resource_index/parent_prefix_path/image_pub
[7.284s] -- Up-to-date: /home/eragon/student133_ws/install/image_pub/share/image_pub/environment/ament_prefix_path.sh
[7.284s] -- Up-to-date: /home/eragon/student133_ws/install/image_pub/share/image_pub/environment/ament_prefix_path.dsv
[7.284s] -- Up-to-date: /home/eragon/student133_ws/install/image_pub/share/image_pub/environment/path.sh
[7.284s] -- Up-to-date: /home/eragon/student133_ws/install/image_pub/share/image_pub/environment/path.dsv
[7.285s] -- Up-to-date: /home/eragon/student133_ws/install/image_pub/share/image_pub/local_setup.bash
[7.285s] -- Up-to-date: /home/eragon/student133_ws/install/image_pub/share/image_pub/local_setup.sh
[7.285s] -- Up-to-date: /home/eragon/student133_ws/install/image_pub/share/image_pub/local_setup.zsh
[7.285s] -- Up-to-date: /home/eragon/student133_ws/install/image_pub/share/image_pub/local_setup.dsv
[7.286s] -- Installing: /home/eragon/student133_ws/install/image_pub/share/image_pub/package.dsv
[7.287s] -- Up-to-date: /home/eragon/student133_ws/install/image_pub/share/ament_index/resource_index/packages/image_pub
[7.288s] -- Up-to-date: /home/eragon/student133_ws/install/image_pub/share/image_pub/cmake/image_pubConfig.cmake
[7.288s] -- Up-to-date: /home/eragon/student133_ws/install/image_pub/share/image_pub/cmake/image_pubConfig-version.cmake
[7.288s] -- Up-to-date: /home/eragon/student133_ws/install/image_pub/share/image_pub/package.xml
[7.289s] Invoked command in '/home/eragon/student133_ws/build/image_pub' returned '0': CMAKE_PREFIX_PATH=${CMAKE_PREFIX_PATH}:/opt/ros/humble /usr/bin/cmake --install /home/eragon/student133_ws/build/image_pub
