[0.091s] Invoking command in '/home/eragon/student133_ws/build/circle_detector': CMAKE_PREFIX_PATH=${CMAKE_PREFIX_PATH}:/opt/ros/humble /usr/bin/cmake --build /home/eragon/student133_ws/build/circle_detector -- -j8 -l8
[0.207s] [100%] Built target circle_detector_node
[0.265s] Invoked command in '/home/eragon/student133_ws/build/circle_detector' returned '0': CMAKE_PREFIX_PATH=${CMAKE_PREFIX_PATH}:/opt/ros/humble /usr/bin/cmake --build /home/eragon/student133_ws/build/circle_detector -- -j8 -l8
[0.266s] Invoking command in '/home/eragon/student133_ws/build/circle_detector': CMAKE_PREFIX_PATH=${CMAKE_PREFIX_PATH}:/opt/ros/humble /usr/bin/cmake --install /home/eragon/student133_ws/build/circle_detector
[0.341s] -- Install configuration: "Debug"
[0.341s] -- Up-to-date: /home/eragon/student133_ws/install/circle_detector/lib/circle_detector/circle_detector_node
[0.341s] -- Up-to-date: /home/eragon/student133_ws/install/circle_detector/share/ament_index/resource_index/package_run_dependencies/circle_detector
[0.341s] -- Up-to-date: /home/eragon/student133_ws/install/circle_detector/share/ament_index/resource_index/parent_prefix_path/circle_detector
[0.341s] -- Up-to-date: /home/eragon/student133_ws/install/circle_detector/share/circle_detector/environment/ament_prefix_path.sh
[0.342s] -- Up-to-date: /home/eragon/student133_ws/install/circle_detector/share/circle_detector/environment/ament_prefix_path.dsv
[0.342s] -- Up-to-date: /home/eragon/student133_ws/install/circle_detector/share/circle_detector/environment/path.sh
[0.342s] -- Up-to-date: /home/eragon/student133_ws/install/circle_detector/share/circle_detector/environment/path.dsv
[0.342s] -- Up-to-date: /home/eragon/student133_ws/install/circle_detector/share/circle_detector/local_setup.bash
[0.342s] -- Up-to-date: /home/eragon/student133_ws/install/circle_detector/share/circle_detector/local_setup.sh
[0.342s] -- Up-to-date: /home/eragon/student133_ws/install/circle_detector/share/circle_detector/local_setup.zsh
[0.342s] -- Up-to-date: /home/eragon/student133_ws/install/circle_detector/share/circle_detector/local_setup.dsv
[0.343s] -- Installing: /home/eragon/student133_ws/install/circle_detector/share/circle_detector/package.dsv
[0.343s] -- Up-to-date: /home/eragon/student133_ws/install/circle_detector/share/ament_index/resource_index/packages/circle_detector
[0.343s] -- Up-to-date: /home/eragon/student133_ws/install/circle_detector/share/circle_detector/cmake/circle_detectorConfig.cmake
[0.344s] -- Up-to-date: /home/eragon/student133_ws/install/circle_detector/share/circle_detector/cmake/circle_detectorConfig-version.cmake
[0.345s] -- Up-to-date: /home/eragon/student133_ws/install/circle_detector/share/circle_detector/package.xml
[0.350s] Invoked command in '/home/eragon/student133_ws/build/circle_detector' returned '0': CMAKE_PREFIX_PATH=${CMAKE_PREFIX_PATH}:/opt/ros/humble /usr/bin/cmake --install /home/eragon/student133_ws/build/circle_detector
