[0.031s] Invoking command in '/home/robot33-6/student133_ws/build/custom_counter': CMAKE_PREFIX_PATH=${CMAKE_PREFIX_PATH}:/opt/ros/humble /usr/bin/cmake --build /home/robot33-6/student133_ws/build/custom_counter -- -j8 -l8
[0.094s] Consolidate compiler generated dependencies of target custom_counter_node
[0.101s] [ 50%] Building CXX object CMakeFiles/custom_counter_node.dir/src/custom_counter_node.cpp.o
[2.303s] /home/robot33-6/student133_ws/src/custom_counter/src/custom_counter_node.cpp: In member function ‘void TestCounter::message_callback_sub(std_msgs::msg::Int32)’:
[2.303s] /home/robot33-6/student133_ws/src/custom_counter/src/custom_counter_node.cpp:39:9: warning: operation on ‘((TestCounter*)this)->TestCounter::sub’ may be undefined [-Wsequence-point]
[2.303s]    39 |     sub = sub++ ;
[2.303s]       |     ~~~~^~~~~~~
[2.303s] /home/robot33-6/student133_ws/src/custom_counter/src/custom_counter_node.cpp: In member function ‘void TestCounter::message_callback_pub(std_msgs::msg::Int32)’:
[2.304s] /home/robot33-6/student133_ws/src/custom_counter/src/custom_counter_node.cpp:47:10: warning: operation on ‘((TestCounter*)this)->TestCounter::pub’ may be undefined [-Wsequence-point]
[2.304s]    47 |      pub = pub++;
[2.304s]       |      ~~~~^~~~~~~
[8.371s] [100%] Linking CXX executable custom_counter_node
[8.710s] [100%] Built target custom_counter_node
[8.717s] Invoked command in '/home/robot33-6/student133_ws/build/custom_counter' returned '0': CMAKE_PREFIX_PATH=${CMAKE_PREFIX_PATH}:/opt/ros/humble /usr/bin/cmake --build /home/robot33-6/student133_ws/build/custom_counter -- -j8 -l8
[8.736s] Invoking command in '/home/robot33-6/student133_ws/build/custom_counter': CMAKE_PREFIX_PATH=${CMAKE_PREFIX_PATH}:/opt/ros/humble /usr/bin/cmake --install /home/robot33-6/student133_ws/build/custom_counter
[8.741s] -- Install configuration: "Debug"
[8.741s] -- Installing: /home/robot33-6/student133_ws/install/custom_counter/lib/custom_counter/custom_counter_node
[8.750s] -- Set runtime path of "/home/robot33-6/student133_ws/install/custom_counter/lib/custom_counter/custom_counter_node" to ""
[8.750s] -- Up-to-date: /home/robot33-6/student133_ws/install/custom_counter/share/ament_index/resource_index/package_run_dependencies/custom_counter
[8.750s] -- Up-to-date: /home/robot33-6/student133_ws/install/custom_counter/share/ament_index/resource_index/parent_prefix_path/custom_counter
[8.750s] -- Up-to-date: /home/robot33-6/student133_ws/install/custom_counter/share/custom_counter/environment/ament_prefix_path.sh
[8.750s] -- Up-to-date: /home/robot33-6/student133_ws/install/custom_counter/share/custom_counter/environment/ament_prefix_path.dsv
[8.750s] -- Up-to-date: /home/robot33-6/student133_ws/install/custom_counter/share/custom_counter/environment/path.sh
[8.750s] -- Up-to-date: /home/robot33-6/student133_ws/install/custom_counter/share/custom_counter/environment/path.dsv
[8.750s] -- Up-to-date: /home/robot33-6/student133_ws/install/custom_counter/share/custom_counter/local_setup.bash
[8.750s] -- Up-to-date: /home/robot33-6/student133_ws/install/custom_counter/share/custom_counter/local_setup.sh
[8.750s] -- Up-to-date: /home/robot33-6/student133_ws/install/custom_counter/share/custom_counter/local_setup.zsh
[8.750s] -- Up-to-date: /home/robot33-6/student133_ws/install/custom_counter/share/custom_counter/local_setup.dsv
[8.750s] -- Installing: /home/robot33-6/student133_ws/install/custom_counter/share/custom_counter/package.dsv
[8.751s] -- Up-to-date: /home/robot33-6/student133_ws/install/custom_counter/share/ament_index/resource_index/packages/custom_counter
[8.751s] -- Up-to-date: /home/robot33-6/student133_ws/install/custom_counter/share/custom_counter/cmake/custom_counterConfig.cmake
[8.751s] -- Up-to-date: /home/robot33-6/student133_ws/install/custom_counter/share/custom_counter/cmake/custom_counterConfig-version.cmake
[8.751s] -- Up-to-date: /home/robot33-6/student133_ws/install/custom_counter/share/custom_counter/package.xml
[8.751s] Invoked command in '/home/robot33-6/student133_ws/build/custom_counter' returned '0': CMAKE_PREFIX_PATH=${CMAKE_PREFIX_PATH}:/opt/ros/humble /usr/bin/cmake --install /home/robot33-6/student133_ws/build/custom_counter
