[0.077s] Invoking command in '/home/eragon/student133_ws/build/custom_counter': CMAKE_PREFIX_PATH=${CMAKE_PREFIX_PATH}:/opt/ros/humble /usr/bin/cmake --build /home/eragon/student133_ws/build/custom_counter -- -j8 -l8
[0.277s] [ 50%] Building CXX object CMakeFiles/custom_counter_node.dir/src/custom_counter_node.cpp.o
[36.999s] [100%] Linking CXX executable custom_counter_node
[37.865s] [100%] Built target custom_counter_node
[37.888s] Invoked command in '/home/eragon/student133_ws/build/custom_counter' returned '0': CMAKE_PREFIX_PATH=${CMAKE_PREFIX_PATH}:/opt/ros/humble /usr/bin/cmake --build /home/eragon/student133_ws/build/custom_counter -- -j8 -l8
[37.935s] Invoking command in '/home/eragon/student133_ws/build/custom_counter': CMAKE_PREFIX_PATH=${CMAKE_PREFIX_PATH}:/opt/ros/humble /usr/bin/cmake --install /home/eragon/student133_ws/build/custom_counter
[37.947s] -- Install configuration: "Debug"
[37.948s] -- Installing: /home/eragon/student133_ws/install/custom_counter/lib/custom_counter/custom_counter_node
[37.974s] -- Set runtime path of "/home/eragon/student133_ws/install/custom_counter/lib/custom_counter/custom_counter_node" to ""
[37.975s] -- Up-to-date: /home/eragon/student133_ws/install/custom_counter/share/ament_index/resource_index/package_run_dependencies/custom_counter
[37.976s] -- Up-to-date: /home/eragon/student133_ws/install/custom_counter/share/ament_index/resource_index/parent_prefix_path/custom_counter
[37.977s] -- Up-to-date: /home/eragon/student133_ws/install/custom_counter/share/custom_counter/environment/ament_prefix_path.sh
[37.977s] -- Up-to-date: /home/eragon/student133_ws/install/custom_counter/share/custom_counter/environment/ament_prefix_path.dsv
[37.978s] -- Up-to-date: /home/eragon/student133_ws/install/custom_counter/share/custom_counter/environment/path.sh
[37.978s] -- Up-to-date: /home/eragon/student133_ws/install/custom_counter/share/custom_counter/environment/path.dsv
[37.978s] -- Up-to-date: /home/eragon/student133_ws/install/custom_counter/share/custom_counter/local_setup.bash
[37.978s] -- Up-to-date: /home/eragon/student133_ws/install/custom_counter/share/custom_counter/local_setup.sh
[37.978s] -- Up-to-date: /home/eragon/student133_ws/install/custom_counter/share/custom_counter/local_setup.zsh
[37.978s] -- Up-to-date: /home/eragon/student133_ws/install/custom_counter/share/custom_counter/local_setup.dsv
[37.979s] -- Installing: /home/eragon/student133_ws/install/custom_counter/share/custom_counter/package.dsv
[37.979s] -- Up-to-date: /home/eragon/student133_ws/install/custom_counter/share/ament_index/resource_index/packages/custom_counter
[37.979s] -- Up-to-date: /home/eragon/student133_ws/install/custom_counter/share/custom_counter/cmake/custom_counterConfig.cmake
[37.979s] -- Up-to-date: /home/eragon/student133_ws/install/custom_counter/share/custom_counter/cmake/custom_counterConfig-version.cmake
[37.979s] -- Up-to-date: /home/eragon/student133_ws/install/custom_counter/share/custom_counter/package.xml
[37.984s] Invoked command in '/home/eragon/student133_ws/build/custom_counter' returned '0': CMAKE_PREFIX_PATH=${CMAKE_PREFIX_PATH}:/opt/ros/humble /usr/bin/cmake --install /home/eragon/student133_ws/build/custom_counter
