[0.068s] Invoking command in '/home/eragon/student133_ws/build/l2_image_sender': CMAKE_PREFIX_PATH=${CMAKE_PREFIX_PATH}:/opt/ros/humble /usr/bin/cmake --build /home/eragon/student133_ws/build/l2_image_sender -- -j8 -l8
[0.231s] Consolidate compiler generated dependencies of target l2_image_sender_node
[0.264s] [ 50%] Building CXX object CMakeFiles/l2_image_sender_node.dir/src/l2_image_sender_node.cpp.o
[9.629s] [100%] Linking CXX executable l2_image_sender_node
[10.309s] [100%] Built target l2_image_sender_node
[10.331s] Invoked command in '/home/eragon/student133_ws/build/l2_image_sender' returned '0': CMAKE_PREFIX_PATH=${CMAKE_PREFIX_PATH}:/opt/ros/humble /usr/bin/cmake --build /home/eragon/student133_ws/build/l2_image_sender -- -j8 -l8
[10.333s] Invoking command in '/home/eragon/student133_ws/build/l2_image_sender': CMAKE_PREFIX_PATH=${CMAKE_PREFIX_PATH}:/opt/ros/humble /usr/bin/cmake --install /home/eragon/student133_ws/build/l2_image_sender
[10.346s] -- Install configuration: "Debug"
[10.346s] -- Installing: /home/eragon/student133_ws/install/l2_image_sender/lib/l2_image_sender/l2_image_sender_node
[10.350s] -- Set runtime path of "/home/eragon/student133_ws/install/l2_image_sender/lib/l2_image_sender/l2_image_sender_node" to ""
[10.351s] -- Up-to-date: /home/eragon/student133_ws/install/l2_image_sender/share/ament_index/resource_index/package_run_dependencies/l2_image_sender
[10.351s] -- Up-to-date: /home/eragon/student133_ws/install/l2_image_sender/share/ament_index/resource_index/parent_prefix_path/l2_image_sender
[10.351s] -- Up-to-date: /home/eragon/student133_ws/install/l2_image_sender/share/l2_image_sender/environment/ament_prefix_path.sh
[10.351s] -- Up-to-date: /home/eragon/student133_ws/install/l2_image_sender/share/l2_image_sender/environment/ament_prefix_path.dsv
[10.351s] -- Up-to-date: /home/eragon/student133_ws/install/l2_image_sender/share/l2_image_sender/environment/path.sh
[10.352s] -- Up-to-date: /home/eragon/student133_ws/install/l2_image_sender/share/l2_image_sender/environment/path.dsv
[10.352s] -- Up-to-date: /home/eragon/student133_ws/install/l2_image_sender/share/l2_image_sender/local_setup.bash
[10.352s] -- Up-to-date: /home/eragon/student133_ws/install/l2_image_sender/share/l2_image_sender/local_setup.sh
[10.352s] -- Up-to-date: /home/eragon/student133_ws/install/l2_image_sender/share/l2_image_sender/local_setup.zsh
[10.352s] -- Up-to-date: /home/eragon/student133_ws/install/l2_image_sender/share/l2_image_sender/local_setup.dsv
[10.352s] -- Installing: /home/eragon/student133_ws/install/l2_image_sender/share/l2_image_sender/package.dsv
[10.352s] -- Up-to-date: /home/eragon/student133_ws/install/l2_image_sender/share/ament_index/resource_index/packages/l2_image_sender
[10.353s] -- Up-to-date: /home/eragon/student133_ws/install/l2_image_sender/share/l2_image_sender/cmake/l2_image_senderConfig.cmake
[10.353s] -- Up-to-date: /home/eragon/student133_ws/install/l2_image_sender/share/l2_image_sender/cmake/l2_image_senderConfig-version.cmake
[10.353s] -- Up-to-date: /home/eragon/student133_ws/install/l2_image_sender/share/l2_image_sender/package.xml
[10.355s] Invoked command in '/home/eragon/student133_ws/build/l2_image_sender' returned '0': CMAKE_PREFIX_PATH=${CMAKE_PREFIX_PATH}:/opt/ros/humble /usr/bin/cmake --install /home/eragon/student133_ws/build/l2_image_sender
