[0.814s] DEBUG:colcon:Command line arguments: ['/usr/bin/colcon', 'build', '--event-handlers', 'status+', 'console_start_end+', '--cmake-args', '-G', 'CodeBlocks - Unix Makefiles', '-DCMAKE_BUILD_TYPE=Debug']
[0.814s] DEBUG:colcon:Parsed command line arguments: Namespace(log_base=None, log_level=None, verb_name='build', build_base='build', install_base='install', merge_install=False, symlink_install=False, test_result_base=None, continue_on_error=False, executor='parallel', parallel_workers=8, event_handlers=['status+', 'console_start_end+'], ignore_user_meta=False, metas=['./colcon.meta'], base_paths=['.'], packages_ignore=None, packages_ignore_regex=None, paths=None, packages_up_to=None, packages_up_to_regex=None, packages_above=None, packages_above_and_dependencies=None, packages_above_depth=None, packages_select_by_dep=None, packages_skip_by_dep=None, packages_skip_up_to=None, packages_select_build_failed=False, packages_skip_build_finished=False, packages_select_test_failures=False, packages_skip_test_passed=False, packages_select=None, packages_skip=None, packages_select_regex=None, packages_skip_regex=None, packages_start=None, packages_end=None, allow_overriding=[], cmake_args=['-G', 'CodeBlocks - Unix Makefiles', '-DCMAKE_BUILD_TYPE=Debug'], cmake_target=None, cmake_target_skip_unavailable=False, cmake_clean_cache=False, cmake_clean_first=False, cmake_force_configure=False, ament_cmake_args=None, catkin_cmake_args=None, catkin_skip_building_tests=False, verb_parser=<colcon_defaults.argument_parser.defaults.DefaultArgumentsDecorator object at 0x7f560507ef50>, verb_extension=<colcon_core.verb.build.BuildVerb object at 0x7f56062cbc10>, main=<bound method BuildVerb.main of <colcon_core.verb.build.BuildVerb object at 0x7f56062cbc10>>)
[0.852s] Level 1:colcon.colcon_core.package_discovery:discover_packages(colcon_meta) check parameters
[0.852s] Level 1:colcon.colcon_core.package_discovery:discover_packages(recursive) check parameters
[0.852s] Level 1:colcon.colcon_core.package_discovery:discover_packages(ignore) check parameters
[0.852s] Level 1:colcon.colcon_core.package_discovery:discover_packages(path) check parameters
[0.852s] Level 1:colcon.colcon_core.package_discovery:discover_packages(colcon_meta) discover
[0.852s] Level 1:colcon.colcon_core.package_discovery:discover_packages(recursive) discover
[0.852s] INFO:colcon.colcon_core.package_discovery:Crawling recursively for packages in '/home/robot33-6/student133_ws'
[0.852s] Level 1:colcon.colcon_core.package_identification:_identify(.) by extensions ['ignore', 'ignore_ament_install']
[0.852s] Level 1:colcon.colcon_core.package_identification:_identify(.) by extension 'ignore'
[0.852s] Level 1:colcon.colcon_core.package_identification:_identify(.) by extension 'ignore_ament_install'
[0.852s] Level 1:colcon.colcon_core.package_identification:_identify(.) by extensions ['colcon_pkg']
[0.852s] Level 1:colcon.colcon_core.package_identification:_identify(.) by extension 'colcon_pkg'
[0.852s] Level 1:colcon.colcon_core.package_identification:_identify(.) by extensions ['colcon_meta']
[0.852s] Level 1:colcon.colcon_core.package_identification:_identify(.) by extension 'colcon_meta'
[0.852s] Level 1:colcon.colcon_core.package_identification:_identify(.) by extensions ['ros']
[0.852s] Level 1:colcon.colcon_core.package_identification:_identify(.) by extension 'ros'
[0.861s] Level 1:colcon.colcon_core.package_identification:_identify(.) by extensions ['cmake', 'python']
[0.861s] Level 1:colcon.colcon_core.package_identification:_identify(.) by extension 'cmake'
[0.861s] Level 1:colcon.colcon_core.package_identification:_identify(.) by extension 'python'
[0.861s] Level 1:colcon.colcon_core.package_identification:_identify(.) by extensions ['python_setup_py']
[0.861s] Level 1:colcon.colcon_core.package_identification:_identify(.) by extension 'python_setup_py'
[0.861s] Level 1:colcon.colcon_core.package_identification:_identify(build) by extensions ['ignore', 'ignore_ament_install']
[0.861s] Level 1:colcon.colcon_core.package_identification:_identify(build) by extension 'ignore'
[0.861s] Level 1:colcon.colcon_core.package_identification:_identify(build) ignored
[0.861s] Level 1:colcon.colcon_core.package_identification:_identify(install) by extensions ['ignore', 'ignore_ament_install']
[0.861s] Level 1:colcon.colcon_core.package_identification:_identify(install) by extension 'ignore'
[0.861s] Level 1:colcon.colcon_core.package_identification:_identify(install) ignored
[0.862s] Level 1:colcon.colcon_core.package_identification:_identify(log) by extensions ['ignore', 'ignore_ament_install']
[0.862s] Level 1:colcon.colcon_core.package_identification:_identify(log) by extension 'ignore'
[0.862s] Level 1:colcon.colcon_core.package_identification:_identify(log) ignored
[0.862s] Level 1:colcon.colcon_core.package_identification:_identify(src) by extensions ['ignore', 'ignore_ament_install']
[0.862s] Level 1:colcon.colcon_core.package_identification:_identify(src) by extension 'ignore'
[0.862s] Level 1:colcon.colcon_core.package_identification:_identify(src) by extension 'ignore_ament_install'
[0.862s] Level 1:colcon.colcon_core.package_identification:_identify(src) by extensions ['colcon_pkg']
[0.862s] Level 1:colcon.colcon_core.package_identification:_identify(src) by extension 'colcon_pkg'
[0.862s] Level 1:colcon.colcon_core.package_identification:_identify(src) by extensions ['colcon_meta']
[0.862s] Level 1:colcon.colcon_core.package_identification:_identify(src) by extension 'colcon_meta'
[0.862s] Level 1:colcon.colcon_core.package_identification:_identify(src) by extensions ['ros']
[0.862s] Level 1:colcon.colcon_core.package_identification:_identify(src) by extension 'ros'
[0.862s] Level 1:colcon.colcon_core.package_identification:_identify(src) by extensions ['cmake', 'python']
[0.862s] Level 1:colcon.colcon_core.package_identification:_identify(src) by extension 'cmake'
[0.862s] Level 1:colcon.colcon_core.package_identification:_identify(src) by extension 'python'
[0.862s] Level 1:colcon.colcon_core.package_identification:_identify(src) by extensions ['python_setup_py']
[0.862s] Level 1:colcon.colcon_core.package_identification:_identify(src) by extension 'python_setup_py'
[0.862s] Level 1:colcon.colcon_core.package_identification:_identify(src/test_custom_msg) by extensions ['ignore', 'ignore_ament_install']
[0.862s] Level 1:colcon.colcon_core.package_identification:_identify(src/test_custom_msg) by extension 'ignore'
[0.862s] Level 1:colcon.colcon_core.package_identification:_identify(src/test_custom_msg) by extension 'ignore_ament_install'
[0.862s] Level 1:colcon.colcon_core.package_identification:_identify(src/test_custom_msg) by extensions ['colcon_pkg']
[0.862s] Level 1:colcon.colcon_core.package_identification:_identify(src/test_custom_msg) by extension 'colcon_pkg'
[0.862s] Level 1:colcon.colcon_core.package_identification:_identify(src/test_custom_msg) by extensions ['colcon_meta']
[0.862s] Level 1:colcon.colcon_core.package_identification:_identify(src/test_custom_msg) by extension 'colcon_meta'
[0.863s] Level 1:colcon.colcon_core.package_identification:_identify(src/test_custom_msg) by extensions ['ros']
[0.863s] Level 1:colcon.colcon_core.package_identification:_identify(src/test_custom_msg) by extension 'ros'
[0.864s] DEBUG:colcon.colcon_core.package_identification:Package 'src/test_custom_msg' with type 'ros.ament_cmake' and name 'test_custom_msg'
[0.865s] Level 1:colcon.colcon_core.package_identification:_identify(src/test_custom_publisher) by extensions ['ignore', 'ignore_ament_install']
[0.865s] Level 1:colcon.colcon_core.package_identification:_identify(src/test_custom_publisher) by extension 'ignore'
[0.865s] Level 1:colcon.colcon_core.package_identification:_identify(src/test_custom_publisher) by extension 'ignore_ament_install'
[0.865s] Level 1:colcon.colcon_core.package_identification:_identify(src/test_custom_publisher) by extensions ['colcon_pkg']
[0.865s] Level 1:colcon.colcon_core.package_identification:_identify(src/test_custom_publisher) by extension 'colcon_pkg'
[0.865s] Level 1:colcon.colcon_core.package_identification:_identify(src/test_custom_publisher) by extensions ['colcon_meta']
[0.865s] Level 1:colcon.colcon_core.package_identification:_identify(src/test_custom_publisher) by extension 'colcon_meta'
[0.865s] Level 1:colcon.colcon_core.package_identification:_identify(src/test_custom_publisher) by extensions ['ros']
[0.865s] Level 1:colcon.colcon_core.package_identification:_identify(src/test_custom_publisher) by extension 'ros'
[0.865s] DEBUG:colcon.colcon_core.package_identification:Package 'src/test_custom_publisher' with type 'ros.ament_cmake' and name 'test_custom_publisher'
[0.865s] Level 1:colcon.colcon_core.package_identification:_identify(src/test_pkg) by extensions ['ignore', 'ignore_ament_install']
[0.865s] Level 1:colcon.colcon_core.package_identification:_identify(src/test_pkg) by extension 'ignore'
[0.865s] Level 1:colcon.colcon_core.package_identification:_identify(src/test_pkg) by extension 'ignore_ament_install'
[0.865s] Level 1:colcon.colcon_core.package_identification:_identify(src/test_pkg) by extensions ['colcon_pkg']
[0.866s] Level 1:colcon.colcon_core.package_identification:_identify(src/test_pkg) by extension 'colcon_pkg'
[0.866s] Level 1:colcon.colcon_core.package_identification:_identify(src/test_pkg) by extensions ['colcon_meta']
[0.866s] Level 1:colcon.colcon_core.package_identification:_identify(src/test_pkg) by extension 'colcon_meta'
[0.866s] Level 1:colcon.colcon_core.package_identification:_identify(src/test_pkg) by extensions ['ros']
[0.866s] Level 1:colcon.colcon_core.package_identification:_identify(src/test_pkg) by extension 'ros'
[0.866s] DEBUG:colcon.colcon_core.package_identification:Package 'src/test_pkg' with type 'ros.ament_cmake' and name 'test_pkg'
[0.866s] Level 1:colcon.colcon_core.package_identification:_identify(src/test_publisher) by extensions ['ignore', 'ignore_ament_install']
[0.866s] Level 1:colcon.colcon_core.package_identification:_identify(src/test_publisher) by extension 'ignore'
[0.866s] Level 1:colcon.colcon_core.package_identification:_identify(src/test_publisher) by extension 'ignore_ament_install'
[0.866s] Level 1:colcon.colcon_core.package_identification:_identify(src/test_publisher) by extensions ['colcon_pkg']
[0.866s] Level 1:colcon.colcon_core.package_identification:_identify(src/test_publisher) by extension 'colcon_pkg'
[0.866s] Level 1:colcon.colcon_core.package_identification:_identify(src/test_publisher) by extensions ['colcon_meta']
[0.866s] Level 1:colcon.colcon_core.package_identification:_identify(src/test_publisher) by extension 'colcon_meta'
[0.866s] Level 1:colcon.colcon_core.package_identification:_identify(src/test_publisher) by extensions ['ros']
[0.866s] Level 1:colcon.colcon_core.package_identification:_identify(src/test_publisher) by extension 'ros'
[0.867s] DEBUG:colcon.colcon_core.package_identification:Package 'src/test_publisher' with type 'ros.ament_cmake' and name 'test_publisher'
[0.867s] Level 1:colcon.colcon_core.package_identification:_identify(src/test_subscriber) by extensions ['ignore', 'ignore_ament_install']
[0.867s] Level 1:colcon.colcon_core.package_identification:_identify(src/test_subscriber) by extension 'ignore'
[0.867s] Level 1:colcon.colcon_core.package_identification:_identify(src/test_subscriber) by extension 'ignore_ament_install'
[0.867s] Level 1:colcon.colcon_core.package_identification:_identify(src/test_subscriber) by extensions ['colcon_pkg']
[0.867s] Level 1:colcon.colcon_core.package_identification:_identify(src/test_subscriber) by extension 'colcon_pkg'
[0.867s] Level 1:colcon.colcon_core.package_identification:_identify(src/test_subscriber) by extensions ['colcon_meta']
[0.867s] Level 1:colcon.colcon_core.package_identification:_identify(src/test_subscriber) by extension 'colcon_meta'
[0.867s] Level 1:colcon.colcon_core.package_identification:_identify(src/test_subscriber) by extensions ['ros']
[0.867s] Level 1:colcon.colcon_core.package_identification:_identify(src/test_subscriber) by extension 'ros'
[0.867s] DEBUG:colcon.colcon_core.package_identification:Package 'src/test_subscriber' with type 'ros.ament_cmake' and name 'test_subscriber'
[0.867s] Level 1:colcon.colcon_core.package_discovery:discover_packages(recursive) using defaults
[0.867s] Level 1:colcon.colcon_core.package_discovery:discover_packages(ignore) discover
[0.867s] Level 1:colcon.colcon_core.package_discovery:discover_packages(ignore) using defaults
[0.867s] Level 1:colcon.colcon_core.package_discovery:discover_packages(path) discover
[0.867s] Level 1:colcon.colcon_core.package_discovery:discover_packages(path) using defaults
[0.940s] Level 1:colcon.colcon_core.package_discovery:discover_packages(prefix_path) check parameters
[0.940s] Level 1:colcon.colcon_core.package_discovery:discover_packages(prefix_path) discover
[0.964s] DEBUG:colcon.colcon_installed_package_information.package_discovery:Found 6 installed packages in /home/robot33-6/student133_ws/install
[0.976s] DEBUG:colcon.colcon_installed_package_information.package_discovery:Found 270 installed packages in /opt/ros/humble
[0.978s] Level 1:colcon.colcon_core.package_discovery:discover_packages(prefix_path) using defaults
[1.050s] Level 5:colcon.colcon_core.verb:set package 'test_custom_msg' build argument 'cmake_args' from command line to '['-G', 'CodeBlocks - Unix Makefiles', '-DCMAKE_BUILD_TYPE=Debug']'
[1.050s] Level 5:colcon.colcon_core.verb:set package 'test_custom_msg' build argument 'cmake_target' from command line to 'None'
[1.050s] Level 5:colcon.colcon_core.verb:set package 'test_custom_msg' build argument 'cmake_target_skip_unavailable' from command line to 'False'
[1.050s] Level 5:colcon.colcon_core.verb:set package 'test_custom_msg' build argument 'cmake_clean_cache' from command line to 'False'
[1.050s] Level 5:colcon.colcon_core.verb:set package 'test_custom_msg' build argument 'cmake_clean_first' from command line to 'False'
[1.050s] Level 5:colcon.colcon_core.verb:set package 'test_custom_msg' build argument 'cmake_force_configure' from command line to 'False'
[1.050s] Level 5:colcon.colcon_core.verb:set package 'test_custom_msg' build argument 'ament_cmake_args' from command line to 'None'
[1.050s] Level 5:colcon.colcon_core.verb:set package 'test_custom_msg' build argument 'catkin_cmake_args' from command line to 'None'
[1.050s] Level 5:colcon.colcon_core.verb:set package 'test_custom_msg' build argument 'catkin_skip_building_tests' from command line to 'False'
[1.050s] DEBUG:colcon.colcon_core.verb:Building package 'test_custom_msg' with the following arguments: {'ament_cmake_args': None, 'build_base': '/home/robot33-6/student133_ws/build/test_custom_msg', 'catkin_cmake_args': None, 'catkin_skip_building_tests': False, 'cmake_args': ['-G', 'CodeBlocks - Unix Makefiles', '-DCMAKE_BUILD_TYPE=Debug'], 'cmake_clean_cache': False, 'cmake_clean_first': False, 'cmake_force_configure': False, 'cmake_target': None, 'cmake_target_skip_unavailable': False, 'install_base': '/home/robot33-6/student133_ws/install/test_custom_msg', 'merge_install': False, 'path': '/home/robot33-6/student133_ws/src/test_custom_msg', 'symlink_install': False, 'test_result_base': None}
[1.062s] Level 5:colcon.colcon_core.verb:set package 'test_custom_publisher' build argument 'cmake_args' from command line to '['-G', 'CodeBlocks - Unix Makefiles', '-DCMAKE_BUILD_TYPE=Debug']'
[1.062s] Level 5:colcon.colcon_core.verb:set package 'test_custom_publisher' build argument 'cmake_target' from command line to 'None'
[1.062s] Level 5:colcon.colcon_core.verb:set package 'test_custom_publisher' build argument 'cmake_target_skip_unavailable' from command line to 'False'
[1.062s] Level 5:colcon.colcon_core.verb:set package 'test_custom_publisher' build argument 'cmake_clean_cache' from command line to 'False'
[1.062s] Level 5:colcon.colcon_core.verb:set package 'test_custom_publisher' build argument 'cmake_clean_first' from command line to 'False'
[1.062s] Level 5:colcon.colcon_core.verb:set package 'test_custom_publisher' build argument 'cmake_force_configure' from command line to 'False'
[1.062s] Level 5:colcon.colcon_core.verb:set package 'test_custom_publisher' build argument 'ament_cmake_args' from command line to 'None'
[1.062s] Level 5:colcon.colcon_core.verb:set package 'test_custom_publisher' build argument 'catkin_cmake_args' from command line to 'None'
[1.062s] Level 5:colcon.colcon_core.verb:set package 'test_custom_publisher' build argument 'catkin_skip_building_tests' from command line to 'False'
[1.062s] DEBUG:colcon.colcon_core.verb:Building package 'test_custom_publisher' with the following arguments: {'ament_cmake_args': None, 'build_base': '/home/robot33-6/student133_ws/build/test_custom_publisher', 'catkin_cmake_args': None, 'catkin_skip_building_tests': False, 'cmake_args': ['-G', 'CodeBlocks - Unix Makefiles', '-DCMAKE_BUILD_TYPE=Debug'], 'cmake_clean_cache': False, 'cmake_clean_first': False, 'cmake_force_configure': False, 'cmake_target': None, 'cmake_target_skip_unavailable': False, 'install_base': '/home/robot33-6/student133_ws/install/test_custom_publisher', 'merge_install': False, 'path': '/home/robot33-6/student133_ws/src/test_custom_publisher', 'symlink_install': False, 'test_result_base': None}
[1.074s] Level 5:colcon.colcon_core.verb:set package 'test_pkg' build argument 'cmake_args' from command line to '['-G', 'CodeBlocks - Unix Makefiles', '-DCMAKE_BUILD_TYPE=Debug']'
[1.074s] Level 5:colcon.colcon_core.verb:set package 'test_pkg' build argument 'cmake_target' from command line to 'None'
[1.074s] Level 5:colcon.colcon_core.verb:set package 'test_pkg' build argument 'cmake_target_skip_unavailable' from command line to 'False'
[1.074s] Level 5:colcon.colcon_core.verb:set package 'test_pkg' build argument 'cmake_clean_cache' from command line to 'False'
[1.074s] Level 5:colcon.colcon_core.verb:set package 'test_pkg' build argument 'cmake_clean_first' from command line to 'False'
[1.074s] Level 5:colcon.colcon_core.verb:set package 'test_pkg' build argument 'cmake_force_configure' from command line to 'False'
[1.074s] Level 5:colcon.colcon_core.verb:set package 'test_pkg' build argument 'ament_cmake_args' from command line to 'None'
[1.074s] Level 5:colcon.colcon_core.verb:set package 'test_pkg' build argument 'catkin_cmake_args' from command line to 'None'
[1.074s] Level 5:colcon.colcon_core.verb:set package 'test_pkg' build argument 'catkin_skip_building_tests' from command line to 'False'
[1.074s] DEBUG:colcon.colcon_core.verb:Building package 'test_pkg' with the following arguments: {'ament_cmake_args': None, 'build_base': '/home/robot33-6/student133_ws/build/test_pkg', 'catkin_cmake_args': None, 'catkin_skip_building_tests': False, 'cmake_args': ['-G', 'CodeBlocks - Unix Makefiles', '-DCMAKE_BUILD_TYPE=Debug'], 'cmake_clean_cache': False, 'cmake_clean_first': False, 'cmake_force_configure': False, 'cmake_target': None, 'cmake_target_skip_unavailable': False, 'install_base': '/home/robot33-6/student133_ws/install/test_pkg', 'merge_install': False, 'path': '/home/robot33-6/student133_ws/src/test_pkg', 'symlink_install': False, 'test_result_base': None}
[1.085s] Level 5:colcon.colcon_core.verb:set package 'test_publisher' build argument 'cmake_args' from command line to '['-G', 'CodeBlocks - Unix Makefiles', '-DCMAKE_BUILD_TYPE=Debug']'
[1.086s] Level 5:colcon.colcon_core.verb:set package 'test_publisher' build argument 'cmake_target' from command line to 'None'
[1.086s] Level 5:colcon.colcon_core.verb:set package 'test_publisher' build argument 'cmake_target_skip_unavailable' from command line to 'False'
[1.086s] Level 5:colcon.colcon_core.verb:set package 'test_publisher' build argument 'cmake_clean_cache' from command line to 'False'
[1.086s] Level 5:colcon.colcon_core.verb:set package 'test_publisher' build argument 'cmake_clean_first' from command line to 'False'
[1.086s] Level 5:colcon.colcon_core.verb:set package 'test_publisher' build argument 'cmake_force_configure' from command line to 'False'
[1.086s] Level 5:colcon.colcon_core.verb:set package 'test_publisher' build argument 'ament_cmake_args' from command line to 'None'
[1.086s] Level 5:colcon.colcon_core.verb:set package 'test_publisher' build argument 'catkin_cmake_args' from command line to 'None'
[1.086s] Level 5:colcon.colcon_core.verb:set package 'test_publisher' build argument 'catkin_skip_building_tests' from command line to 'False'
[1.086s] DEBUG:colcon.colcon_core.verb:Building package 'test_publisher' with the following arguments: {'ament_cmake_args': None, 'build_base': '/home/robot33-6/student133_ws/build/test_publisher', 'catkin_cmake_args': None, 'catkin_skip_building_tests': False, 'cmake_args': ['-G', 'CodeBlocks - Unix Makefiles', '-DCMAKE_BUILD_TYPE=Debug'], 'cmake_clean_cache': False, 'cmake_clean_first': False, 'cmake_force_configure': False, 'cmake_target': None, 'cmake_target_skip_unavailable': False, 'install_base': '/home/robot33-6/student133_ws/install/test_publisher', 'merge_install': False, 'path': '/home/robot33-6/student133_ws/src/test_publisher', 'symlink_install': False, 'test_result_base': None}
[1.097s] Level 5:colcon.colcon_core.verb:set package 'test_subscriber' build argument 'cmake_args' from command line to '['-G', 'CodeBlocks - Unix Makefiles', '-DCMAKE_BUILD_TYPE=Debug']'
[1.097s] Level 5:colcon.colcon_core.verb:set package 'test_subscriber' build argument 'cmake_target' from command line to 'None'
[1.097s] Level 5:colcon.colcon_core.verb:set package 'test_subscriber' build argument 'cmake_target_skip_unavailable' from command line to 'False'
[1.097s] Level 5:colcon.colcon_core.verb:set package 'test_subscriber' build argument 'cmake_clean_cache' from command line to 'False'
[1.097s] Level 5:colcon.colcon_core.verb:set package 'test_subscriber' build argument 'cmake_clean_first' from command line to 'False'
[1.097s] Level 5:colcon.colcon_core.verb:set package 'test_subscriber' build argument 'cmake_force_configure' from command line to 'False'
[1.097s] Level 5:colcon.colcon_core.verb:set package 'test_subscriber' build argument 'ament_cmake_args' from command line to 'None'
[1.097s] Level 5:colcon.colcon_core.verb:set package 'test_subscriber' build argument 'catkin_cmake_args' from command line to 'None'
[1.097s] Level 5:colcon.colcon_core.verb:set package 'test_subscriber' build argument 'catkin_skip_building_tests' from command line to 'False'
[1.097s] DEBUG:colcon.colcon_core.verb:Building package 'test_subscriber' with the following arguments: {'ament_cmake_args': None, 'build_base': '/home/robot33-6/student133_ws/build/test_subscriber', 'catkin_cmake_args': None, 'catkin_skip_building_tests': False, 'cmake_args': ['-G', 'CodeBlocks - Unix Makefiles', '-DCMAKE_BUILD_TYPE=Debug'], 'cmake_clean_cache': False, 'cmake_clean_first': False, 'cmake_force_configure': False, 'cmake_target': None, 'cmake_target_skip_unavailable': False, 'install_base': '/home/robot33-6/student133_ws/install/test_subscriber', 'merge_install': False, 'path': '/home/robot33-6/student133_ws/src/test_subscriber', 'symlink_install': False, 'test_result_base': None}
[1.109s] INFO:colcon.colcon_core.executor:Executing jobs using 'parallel' executor
[1.121s] DEBUG:colcon.colcon_parallel_executor.executor.parallel:run_until_complete
[1.121s] INFO:colcon.colcon_ros.task.ament_cmake.build:Building ROS package in '/home/robot33-6/student133_ws/src/test_custom_msg' with build type 'ament_cmake'
[1.121s] INFO:colcon.colcon_cmake.task.cmake.build:Building CMake package in '/home/robot33-6/student133_ws/src/test_custom_msg'
[1.135s] INFO:colcon.colcon_core.plugin_system:Skipping extension 'colcon_core.shell.bat': Not used on non-Windows systems
[1.135s] INFO:colcon.colcon_core.shell:Skip shell extension 'powershell' for command environment: Not usable outside of PowerShell
[1.135s] DEBUG:colcon.colcon_core.shell:Skip shell extension 'dsv' for command environment
[1.171s] INFO:colcon.colcon_ros.task.ament_cmake.build:Building ROS package in '/home/robot33-6/student133_ws/src/test_custom_publisher' with build type 'ament_cmake'
[1.172s] INFO:colcon.colcon_cmake.task.cmake.build:Building CMake package in '/home/robot33-6/student133_ws/src/test_custom_publisher'
[1.184s] INFO:colcon.colcon_core.shell:Skip shell extension 'powershell' for command environment: Not usable outside of PowerShell
[1.184s] DEBUG:colcon.colcon_core.shell:Skip shell extension 'dsv' for command environment
[1.220s] INFO:colcon.colcon_ros.task.ament_cmake.build:Building ROS package in '/home/robot33-6/student133_ws/src/test_pkg' with build type 'ament_cmake'
[1.221s] INFO:colcon.colcon_cmake.task.cmake.build:Building CMake package in '/home/robot33-6/student133_ws/src/test_pkg'
[1.233s] INFO:colcon.colcon_core.shell:Skip shell extension 'powershell' for command environment: Not usable outside of PowerShell
[1.233s] DEBUG:colcon.colcon_core.shell:Skip shell extension 'dsv' for command environment
[1.270s] INFO:colcon.colcon_ros.task.ament_cmake.build:Building ROS package in '/home/robot33-6/student133_ws/src/test_publisher' with build type 'ament_cmake'
[1.270s] INFO:colcon.colcon_cmake.task.cmake.build:Building CMake package in '/home/robot33-6/student133_ws/src/test_publisher'
[1.290s] INFO:colcon.colcon_core.shell:Skip shell extension 'powershell' for command environment: Not usable outside of PowerShell
[1.290s] DEBUG:colcon.colcon_core.shell:Skip shell extension 'dsv' for command environment
[1.327s] INFO:colcon.colcon_ros.task.ament_cmake.build:Building ROS package in '/home/robot33-6/student133_ws/src/test_subscriber' with build type 'ament_cmake'
[1.327s] INFO:colcon.colcon_cmake.task.cmake.build:Building CMake package in '/home/robot33-6/student133_ws/src/test_subscriber'
[1.340s] INFO:colcon.colcon_core.shell:Skip shell extension 'powershell' for command environment: Not usable outside of PowerShell
[1.340s] DEBUG:colcon.colcon_core.shell:Skip shell extension 'dsv' for command environment
[1.382s] DEBUG:colcon.colcon_core.event_handler.log_command:Invoking command in '/home/robot33-6/student133_ws/build/test_custom_msg': CMAKE_PREFIX_PATH=${CMAKE_PREFIX_PATH}:/opt/ros/humble /usr/bin/cmake --build /home/robot33-6/student133_ws/build/test_custom_msg -- -j8 -l8
[1.384s] DEBUG:colcon.colcon_core.event_handler.log_command:Invoking command in '/home/robot33-6/student133_ws/build/test_custom_publisher': CMAKE_PREFIX_PATH=${CMAKE_PREFIX_PATH}:/opt/ros/humble /usr/bin/cmake --build /home/robot33-6/student133_ws/build/test_custom_publisher -- -j8 -l8
[1.386s] DEBUG:colcon.colcon_core.event_handler.log_command:Invoking command in '/home/robot33-6/student133_ws/build/test_pkg': CMAKE_PREFIX_PATH=${CMAKE_PREFIX_PATH}:/opt/ros/humble /usr/bin/cmake --build /home/robot33-6/student133_ws/build/test_pkg -- -j8 -l8
[1.388s] DEBUG:colcon.colcon_core.event_handler.log_command:Invoking command in '/home/robot33-6/student133_ws/build/test_publisher': CMAKE_PREFIX_PATH=${CMAKE_PREFIX_PATH}:/opt/ros/humble /usr/bin/cmake --build /home/robot33-6/student133_ws/build/test_publisher -- -j8 -l8
[1.393s] DEBUG:colcon.colcon_core.event_handler.log_command:Invoking command in '/home/robot33-6/student133_ws/build/test_subscriber': CMAKE_PREFIX_PATH=${CMAKE_PREFIX_PATH}:/opt/ros/humble /usr/bin/cmake --build /home/robot33-6/student133_ws/build/test_subscriber -- -j8 -l8
[1.465s] DEBUG:colcon.colcon_core.event_handler.log_command:Invoked command in '/home/robot33-6/student133_ws/build/test_pkg' returned '0': CMAKE_PREFIX_PATH=${CMAKE_PREFIX_PATH}:/opt/ros/humble /usr/bin/cmake --build /home/robot33-6/student133_ws/build/test_pkg -- -j8 -l8
[1.468s] DEBUG:colcon.colcon_core.event_handler.log_command:Invoked command in '/home/robot33-6/student133_ws/build/test_subscriber' returned '0': CMAKE_PREFIX_PATH=${CMAKE_PREFIX_PATH}:/opt/ros/humble /usr/bin/cmake --build /home/robot33-6/student133_ws/build/test_subscriber -- -j8 -l8
[1.470s] DEBUG:colcon.colcon_core.event_handler.log_command:Invoked command in '/home/robot33-6/student133_ws/build/test_publisher' returned '0': CMAKE_PREFIX_PATH=${CMAKE_PREFIX_PATH}:/opt/ros/humble /usr/bin/cmake --build /home/robot33-6/student133_ws/build/test_publisher -- -j8 -l8
[1.495s] DEBUG:colcon.colcon_core.event_handler.log_command:Invoking command in '/home/robot33-6/student133_ws/build/test_pkg': CMAKE_PREFIX_PATH=${CMAKE_PREFIX_PATH}:/opt/ros/humble /usr/bin/cmake --install /home/robot33-6/student133_ws/build/test_pkg
[1.498s] DEBUG:colcon.colcon_core.event_handler.log_command:Invoking command in '/home/robot33-6/student133_ws/build/test_publisher': CMAKE_PREFIX_PATH=${CMAKE_PREFIX_PATH}:/opt/ros/humble /usr/bin/cmake --install /home/robot33-6/student133_ws/build/test_publisher
[1.499s] DEBUG:colcon.colcon_core.event_handler.log_command:Invoking command in '/home/robot33-6/student133_ws/build/test_subscriber': CMAKE_PREFIX_PATH=${CMAKE_PREFIX_PATH}:/opt/ros/humble /usr/bin/cmake --install /home/robot33-6/student133_ws/build/test_subscriber
[1.505s] Level 1:colcon.colcon_core.environment:create_environment_scripts_only(test_pkg)
[1.505s] DEBUG:colcon.colcon_core.event_handler.log_command:Invoked command in '/home/robot33-6/student133_ws/build/test_pkg' returned '0': CMAKE_PREFIX_PATH=${CMAKE_PREFIX_PATH}:/opt/ros/humble /usr/bin/cmake --install /home/robot33-6/student133_ws/build/test_pkg
[1.523s] Level 1:colcon.colcon_core.environment:checking '/home/robot33-6/student133_ws/install/test_pkg' for CMake module files
[1.523s] Level 1:colcon.colcon_core.environment:checking '/home/robot33-6/student133_ws/install/test_pkg' for CMake config files
[1.524s] Level 1:colcon.colcon_core.shell:create_environment_hook('test_pkg', 'cmake_prefix_path')
[1.538s] INFO:colcon.colcon_core.shell:Creating environment hook '/home/robot33-6/student133_ws/install/test_pkg/share/test_pkg/hook/cmake_prefix_path.ps1'
[1.538s] INFO:colcon.colcon_core.shell:Creating environment descriptor '/home/robot33-6/student133_ws/install/test_pkg/share/test_pkg/hook/cmake_prefix_path.dsv'
[1.539s] INFO:colcon.colcon_core.shell:Creating environment hook '/home/robot33-6/student133_ws/install/test_pkg/share/test_pkg/hook/cmake_prefix_path.sh'
[1.540s] Level 1:colcon.colcon_core.environment:checking '/home/robot33-6/student133_ws/install/test_pkg/lib'
[1.540s] Level 1:colcon.colcon_core.environment:checking '/home/robot33-6/student133_ws/install/test_pkg/bin'
[1.540s] Level 1:colcon.colcon_core.environment:checking '/home/robot33-6/student133_ws/install/test_pkg/lib/pkgconfig/test_pkg.pc'
[1.540s] Level 1:colcon.colcon_core.environment:checking '/home/robot33-6/student133_ws/install/test_pkg/lib/python3.10/site-packages'
[1.540s] Level 1:colcon.colcon_core.environment:checking '/home/robot33-6/student133_ws/install/test_pkg/bin'
[1.557s] INFO:colcon.colcon_core.shell:Creating package script '/home/robot33-6/student133_ws/install/test_pkg/share/test_pkg/package.ps1'
[1.557s] INFO:colcon.colcon_core.shell:Creating package descriptor '/home/robot33-6/student133_ws/install/test_pkg/share/test_pkg/package.dsv'
[1.558s] INFO:colcon.colcon_core.shell:Creating package script '/home/robot33-6/student133_ws/install/test_pkg/share/test_pkg/package.sh'
[1.558s] INFO:colcon.colcon_core.shell:Creating package script '/home/robot33-6/student133_ws/install/test_pkg/share/test_pkg/package.bash'
[1.559s] INFO:colcon.colcon_core.shell:Creating package script '/home/robot33-6/student133_ws/install/test_pkg/share/test_pkg/package.zsh'
[1.559s] Level 1:colcon.colcon_core.environment:create_file_with_runtime_dependencies(/home/robot33-6/student133_ws/install/test_pkg/share/colcon-core/packages/test_pkg)
[1.561s] Level 1:colcon.colcon_core.environment:create_environment_scripts_only(test_publisher)
[1.568s] DEBUG:colcon.colcon_core.event_handler.log_command:Invoked command in '/home/robot33-6/student133_ws/build/test_publisher' returned '0': CMAKE_PREFIX_PATH=${CMAKE_PREFIX_PATH}:/opt/ros/humble /usr/bin/cmake --install /home/robot33-6/student133_ws/build/test_publisher
[1.578s] Level 1:colcon.colcon_core.environment:checking '/home/robot33-6/student133_ws/install/test_publisher' for CMake module files
[1.579s] Level 1:colcon.colcon_core.environment:checking '/home/robot33-6/student133_ws/install/test_publisher' for CMake config files
[1.579s] Level 1:colcon.colcon_core.shell:create_environment_hook('test_publisher', 'cmake_prefix_path')
[1.591s] INFO:colcon.colcon_core.shell:Creating environment hook '/home/robot33-6/student133_ws/install/test_publisher/share/test_publisher/hook/cmake_prefix_path.ps1'
[1.591s] INFO:colcon.colcon_core.shell:Creating environment descriptor '/home/robot33-6/student133_ws/install/test_publisher/share/test_publisher/hook/cmake_prefix_path.dsv'
[1.592s] INFO:colcon.colcon_core.shell:Creating environment hook '/home/robot33-6/student133_ws/install/test_publisher/share/test_publisher/hook/cmake_prefix_path.sh'
[1.592s] Level 1:colcon.colcon_core.environment:checking '/home/robot33-6/student133_ws/install/test_publisher/lib'
[1.592s] Level 1:colcon.colcon_core.environment:checking '/home/robot33-6/student133_ws/install/test_publisher/bin'
[1.592s] Level 1:colcon.colcon_core.environment:checking '/home/robot33-6/student133_ws/install/test_publisher/lib/pkgconfig/test_publisher.pc'
[1.592s] Level 1:colcon.colcon_core.environment:checking '/home/robot33-6/student133_ws/install/test_publisher/lib/python3.10/site-packages'
[1.592s] Level 1:colcon.colcon_core.environment:checking '/home/robot33-6/student133_ws/install/test_publisher/bin'
[1.605s] INFO:colcon.colcon_core.shell:Creating package script '/home/robot33-6/student133_ws/install/test_publisher/share/test_publisher/package.ps1'
[1.605s] INFO:colcon.colcon_core.shell:Creating package descriptor '/home/robot33-6/student133_ws/install/test_publisher/share/test_publisher/package.dsv'
[1.606s] INFO:colcon.colcon_core.shell:Creating package script '/home/robot33-6/student133_ws/install/test_publisher/share/test_publisher/package.sh'
[1.606s] INFO:colcon.colcon_core.shell:Creating package script '/home/robot33-6/student133_ws/install/test_publisher/share/test_publisher/package.bash'
[1.606s] INFO:colcon.colcon_core.shell:Creating package script '/home/robot33-6/student133_ws/install/test_publisher/share/test_publisher/package.zsh'
[1.606s] Level 1:colcon.colcon_core.environment:create_file_with_runtime_dependencies(/home/robot33-6/student133_ws/install/test_publisher/share/colcon-core/packages/test_publisher)
[1.607s] Level 1:colcon.colcon_core.environment:create_environment_scripts_only(test_subscriber)
[1.608s] DEBUG:colcon.colcon_core.event_handler.log_command:Invoked command in '/home/robot33-6/student133_ws/build/test_subscriber' returned '0': CMAKE_PREFIX_PATH=${CMAKE_PREFIX_PATH}:/opt/ros/humble /usr/bin/cmake --install /home/robot33-6/student133_ws/build/test_subscriber
[1.621s] Level 1:colcon.colcon_core.environment:checking '/home/robot33-6/student133_ws/install/test_subscriber' for CMake module files
[1.621s] Level 1:colcon.colcon_core.environment:checking '/home/robot33-6/student133_ws/install/test_subscriber' for CMake config files
[1.621s] Level 1:colcon.colcon_core.shell:create_environment_hook('test_subscriber', 'cmake_prefix_path')
[1.641s] INFO:colcon.colcon_core.shell:Creating environment hook '/home/robot33-6/student133_ws/install/test_subscriber/share/test_subscriber/hook/cmake_prefix_path.ps1'
[1.642s] INFO:colcon.colcon_core.shell:Creating environment descriptor '/home/robot33-6/student133_ws/install/test_subscriber/share/test_subscriber/hook/cmake_prefix_path.dsv'
[1.642s] INFO:colcon.colcon_core.shell:Creating environment hook '/home/robot33-6/student133_ws/install/test_subscriber/share/test_subscriber/hook/cmake_prefix_path.sh'
[1.642s] Level 1:colcon.colcon_core.environment:checking '/home/robot33-6/student133_ws/install/test_subscriber/lib'
[1.642s] Level 1:colcon.colcon_core.environment:checking '/home/robot33-6/student133_ws/install/test_subscriber/bin'
[1.643s] Level 1:colcon.colcon_core.environment:checking '/home/robot33-6/student133_ws/install/test_subscriber/lib/pkgconfig/test_subscriber.pc'
[1.643s] Level 1:colcon.colcon_core.environment:checking '/home/robot33-6/student133_ws/install/test_subscriber/lib/python3.10/site-packages'
[1.643s] Level 1:colcon.colcon_core.environment:checking '/home/robot33-6/student133_ws/install/test_subscriber/bin'
[1.659s] INFO:colcon.colcon_core.shell:Creating package script '/home/robot33-6/student133_ws/install/test_subscriber/share/test_subscriber/package.ps1'
[1.660s] INFO:colcon.colcon_core.shell:Creating package descriptor '/home/robot33-6/student133_ws/install/test_subscriber/share/test_subscriber/package.dsv'
[1.660s] INFO:colcon.colcon_core.shell:Creating package script '/home/robot33-6/student133_ws/install/test_subscriber/share/test_subscriber/package.sh'
[1.660s] INFO:colcon.colcon_core.shell:Creating package script '/home/robot33-6/student133_ws/install/test_subscriber/share/test_subscriber/package.bash'
[1.660s] INFO:colcon.colcon_core.shell:Creating package script '/home/robot33-6/student133_ws/install/test_subscriber/share/test_subscriber/package.zsh'
[1.661s] Level 1:colcon.colcon_core.environment:create_file_with_runtime_dependencies(/home/robot33-6/student133_ws/install/test_subscriber/share/colcon-core/packages/test_subscriber)
[1.675s] Level 1:colcon.colcon_core.environment:create_environment_scripts_only(test_pkg)
[1.688s] Level 1:colcon.colcon_core.environment:checking '/home/robot33-6/student133_ws/install/test_pkg' for CMake module files
[1.688s] Level 1:colcon.colcon_core.environment:checking '/home/robot33-6/student133_ws/install/test_pkg' for CMake config files
[1.688s] Level 1:colcon.colcon_core.shell:create_environment_hook('test_pkg', 'cmake_prefix_path')
[1.701s] INFO:colcon.colcon_core.shell:Creating environment hook '/home/robot33-6/student133_ws/install/test_pkg/share/test_pkg/hook/cmake_prefix_path.ps1'
[1.701s] INFO:colcon.colcon_core.shell:Creating environment descriptor '/home/robot33-6/student133_ws/install/test_pkg/share/test_pkg/hook/cmake_prefix_path.dsv'
[1.702s] INFO:colcon.colcon_core.shell:Creating environment hook '/home/robot33-6/student133_ws/install/test_pkg/share/test_pkg/hook/cmake_prefix_path.sh'
[1.702s] Level 1:colcon.colcon_core.environment:checking '/home/robot33-6/student133_ws/install/test_pkg/lib'
[1.702s] Level 1:colcon.colcon_core.environment:checking '/home/robot33-6/student133_ws/install/test_pkg/bin'
[1.702s] Level 1:colcon.colcon_core.environment:checking '/home/robot33-6/student133_ws/install/test_pkg/lib/pkgconfig/test_pkg.pc'
[1.703s] Level 1:colcon.colcon_core.environment:checking '/home/robot33-6/student133_ws/install/test_pkg/lib/python3.10/site-packages'
[1.703s] Level 1:colcon.colcon_core.environment:checking '/home/robot33-6/student133_ws/install/test_pkg/bin'
[1.715s] INFO:colcon.colcon_core.shell:Creating package script '/home/robot33-6/student133_ws/install/test_pkg/share/test_pkg/package.ps1'
[1.716s] INFO:colcon.colcon_core.shell:Creating package descriptor '/home/robot33-6/student133_ws/install/test_pkg/share/test_pkg/package.dsv'
[1.716s] INFO:colcon.colcon_core.shell:Creating package script '/home/robot33-6/student133_ws/install/test_pkg/share/test_pkg/package.sh'
[1.716s] INFO:colcon.colcon_core.shell:Creating package script '/home/robot33-6/student133_ws/install/test_pkg/share/test_pkg/package.bash'
[1.717s] INFO:colcon.colcon_core.shell:Creating package script '/home/robot33-6/student133_ws/install/test_pkg/share/test_pkg/package.zsh'
[1.717s] Level 1:colcon.colcon_core.environment:create_file_with_runtime_dependencies(/home/robot33-6/student133_ws/install/test_pkg/share/colcon-core/packages/test_pkg)
[1.730s] Level 1:colcon.colcon_core.environment:create_environment_scripts_only(test_publisher)
[1.743s] Level 1:colcon.colcon_core.environment:checking '/home/robot33-6/student133_ws/install/test_publisher' for CMake module files
[1.743s] Level 1:colcon.colcon_core.environment:checking '/home/robot33-6/student133_ws/install/test_publisher' for CMake config files
[1.743s] Level 1:colcon.colcon_core.shell:create_environment_hook('test_publisher', 'cmake_prefix_path')
[1.755s] INFO:colcon.colcon_core.shell:Creating environment hook '/home/robot33-6/student133_ws/install/test_publisher/share/test_publisher/hook/cmake_prefix_path.ps1'
[1.756s] INFO:colcon.colcon_core.shell:Creating environment descriptor '/home/robot33-6/student133_ws/install/test_publisher/share/test_publisher/hook/cmake_prefix_path.dsv'
[1.756s] INFO:colcon.colcon_core.shell:Creating environment hook '/home/robot33-6/student133_ws/install/test_publisher/share/test_publisher/hook/cmake_prefix_path.sh'
[1.756s] Level 1:colcon.colcon_core.environment:checking '/home/robot33-6/student133_ws/install/test_publisher/lib'
[1.756s] Level 1:colcon.colcon_core.environment:checking '/home/robot33-6/student133_ws/install/test_publisher/bin'
[1.756s] Level 1:colcon.colcon_core.environment:checking '/home/robot33-6/student133_ws/install/test_publisher/lib/pkgconfig/test_publisher.pc'
[1.756s] Level 1:colcon.colcon_core.environment:checking '/home/robot33-6/student133_ws/install/test_publisher/lib/python3.10/site-packages'
[1.757s] Level 1:colcon.colcon_core.environment:checking '/home/robot33-6/student133_ws/install/test_publisher/bin'
[1.769s] INFO:colcon.colcon_core.shell:Creating package script '/home/robot33-6/student133_ws/install/test_publisher/share/test_publisher/package.ps1'
[1.769s] INFO:colcon.colcon_core.shell:Creating package descriptor '/home/robot33-6/student133_ws/install/test_publisher/share/test_publisher/package.dsv'
[1.770s] INFO:colcon.colcon_core.shell:Creating package script '/home/robot33-6/student133_ws/install/test_publisher/share/test_publisher/package.sh'
[1.770s] INFO:colcon.colcon_core.shell:Creating package script '/home/robot33-6/student133_ws/install/test_publisher/share/test_publisher/package.bash'
[1.770s] INFO:colcon.colcon_core.shell:Creating package script '/home/robot33-6/student133_ws/install/test_publisher/share/test_publisher/package.zsh'
[1.771s] Level 1:colcon.colcon_core.environment:create_file_with_runtime_dependencies(/home/robot33-6/student133_ws/install/test_publisher/share/colcon-core/packages/test_publisher)
[1.774s] DEBUG:colcon.colcon_core.event_handler.log_command:Invoked command in '/home/robot33-6/student133_ws/build/test_custom_msg' returned '0': CMAKE_PREFIX_PATH=${CMAKE_PREFIX_PATH}:/opt/ros/humble /usr/bin/cmake --build /home/robot33-6/student133_ws/build/test_custom_msg -- -j8 -l8
[1.787s] Level 1:colcon.colcon_core.environment:create_environment_scripts_only(test_subscriber)
[1.801s] Level 1:colcon.colcon_core.environment:checking '/home/robot33-6/student133_ws/install/test_subscriber' for CMake module files
[1.801s] Level 1:colcon.colcon_core.environment:checking '/home/robot33-6/student133_ws/install/test_subscriber' for CMake config files
[1.801s] Level 1:colcon.colcon_core.shell:create_environment_hook('test_subscriber', 'cmake_prefix_path')
[1.814s] INFO:colcon.colcon_core.shell:Creating environment hook '/home/robot33-6/student133_ws/install/test_subscriber/share/test_subscriber/hook/cmake_prefix_path.ps1'
[1.814s] INFO:colcon.colcon_core.shell:Creating environment descriptor '/home/robot33-6/student133_ws/install/test_subscriber/share/test_subscriber/hook/cmake_prefix_path.dsv'
[1.815s] INFO:colcon.colcon_core.shell:Creating environment hook '/home/robot33-6/student133_ws/install/test_subscriber/share/test_subscriber/hook/cmake_prefix_path.sh'
[1.815s] Level 1:colcon.colcon_core.environment:checking '/home/robot33-6/student133_ws/install/test_subscriber/lib'
[1.815s] Level 1:colcon.colcon_core.environment:checking '/home/robot33-6/student133_ws/install/test_subscriber/bin'
[1.815s] Level 1:colcon.colcon_core.environment:checking '/home/robot33-6/student133_ws/install/test_subscriber/lib/pkgconfig/test_subscriber.pc'
[1.815s] Level 1:colcon.colcon_core.environment:checking '/home/robot33-6/student133_ws/install/test_subscriber/lib/python3.10/site-packages'
[1.816s] Level 1:colcon.colcon_core.environment:checking '/home/robot33-6/student133_ws/install/test_subscriber/bin'
[1.828s] INFO:colcon.colcon_core.shell:Creating package script '/home/robot33-6/student133_ws/install/test_subscriber/share/test_subscriber/package.ps1'
[1.828s] INFO:colcon.colcon_core.shell:Creating package descriptor '/home/robot33-6/student133_ws/install/test_subscriber/share/test_subscriber/package.dsv'
[1.829s] INFO:colcon.colcon_core.shell:Creating package script '/home/robot33-6/student133_ws/install/test_subscriber/share/test_subscriber/package.sh'
[1.829s] INFO:colcon.colcon_core.shell:Creating package script '/home/robot33-6/student133_ws/install/test_subscriber/share/test_subscriber/package.bash'
[1.829s] INFO:colcon.colcon_core.shell:Creating package script '/home/robot33-6/student133_ws/install/test_subscriber/share/test_subscriber/package.zsh'
[1.830s] Level 1:colcon.colcon_core.environment:create_file_with_runtime_dependencies(/home/robot33-6/student133_ws/install/test_subscriber/share/colcon-core/packages/test_subscriber)
[1.832s] DEBUG:colcon.colcon_core.event_handler.log_command:Invoking command in '/home/robot33-6/student133_ws/build/test_custom_msg': CMAKE_PREFIX_PATH=${CMAKE_PREFIX_PATH}:/opt/ros/humble /usr/bin/cmake --install /home/robot33-6/student133_ws/build/test_custom_msg
[1.874s] Level 1:colcon.colcon_core.environment:create_environment_scripts_only(test_custom_msg)
[1.874s] DEBUG:colcon.colcon_core.event_handler.log_command:Invoked command in '/home/robot33-6/student133_ws/build/test_custom_msg' returned '0': CMAKE_PREFIX_PATH=${CMAKE_PREFIX_PATH}:/opt/ros/humble /usr/bin/cmake --install /home/robot33-6/student133_ws/build/test_custom_msg
[1.886s] Level 1:colcon.colcon_core.environment:checking '/home/robot33-6/student133_ws/install/test_custom_msg' for CMake module files
[1.887s] Level 1:colcon.colcon_core.environment:checking '/home/robot33-6/student133_ws/install/test_custom_msg' for CMake config files
[1.887s] Level 1:colcon.colcon_core.shell:create_environment_hook('test_custom_msg', 'cmake_prefix_path')
[1.899s] INFO:colcon.colcon_core.shell:Creating environment hook '/home/robot33-6/student133_ws/install/test_custom_msg/share/test_custom_msg/hook/cmake_prefix_path.ps1'
[1.900s] INFO:colcon.colcon_core.shell:Creating environment descriptor '/home/robot33-6/student133_ws/install/test_custom_msg/share/test_custom_msg/hook/cmake_prefix_path.dsv'
[1.900s] INFO:colcon.colcon_core.shell:Creating environment hook '/home/robot33-6/student133_ws/install/test_custom_msg/share/test_custom_msg/hook/cmake_prefix_path.sh'
[1.900s] Level 1:colcon.colcon_core.environment:checking '/home/robot33-6/student133_ws/install/test_custom_msg/lib'
[1.900s] Level 1:colcon.colcon_core.shell:create_environment_hook('test_custom_msg', 'ld_library_path_lib')
[1.913s] INFO:colcon.colcon_core.shell:Creating environment hook '/home/robot33-6/student133_ws/install/test_custom_msg/share/test_custom_msg/hook/ld_library_path_lib.ps1'
[1.913s] INFO:colcon.colcon_core.shell:Creating environment descriptor '/home/robot33-6/student133_ws/install/test_custom_msg/share/test_custom_msg/hook/ld_library_path_lib.dsv'
[1.913s] INFO:colcon.colcon_core.shell:Creating environment hook '/home/robot33-6/student133_ws/install/test_custom_msg/share/test_custom_msg/hook/ld_library_path_lib.sh'
[1.913s] Level 1:colcon.colcon_core.environment:checking '/home/robot33-6/student133_ws/install/test_custom_msg/bin'
[1.914s] Level 1:colcon.colcon_core.environment:checking '/home/robot33-6/student133_ws/install/test_custom_msg/lib/pkgconfig/test_custom_msg.pc'
[1.914s] Level 1:colcon.colcon_core.environment:checking '/home/robot33-6/student133_ws/install/test_custom_msg/lib/python3.10/site-packages'
[1.914s] Level 1:colcon.colcon_core.environment:checking '/home/robot33-6/student133_ws/install/test_custom_msg/bin'
[1.926s] INFO:colcon.colcon_core.shell:Creating package script '/home/robot33-6/student133_ws/install/test_custom_msg/share/test_custom_msg/package.ps1'
[1.927s] INFO:colcon.colcon_core.shell:Creating package descriptor '/home/robot33-6/student133_ws/install/test_custom_msg/share/test_custom_msg/package.dsv'
[1.927s] INFO:colcon.colcon_core.shell:Creating package script '/home/robot33-6/student133_ws/install/test_custom_msg/share/test_custom_msg/package.sh'
[1.927s] INFO:colcon.colcon_core.shell:Creating package script '/home/robot33-6/student133_ws/install/test_custom_msg/share/test_custom_msg/package.bash'
[1.928s] INFO:colcon.colcon_core.shell:Creating package script '/home/robot33-6/student133_ws/install/test_custom_msg/share/test_custom_msg/package.zsh'
[1.928s] Level 1:colcon.colcon_core.environment:create_file_with_runtime_dependencies(/home/robot33-6/student133_ws/install/test_custom_msg/share/colcon-core/packages/test_custom_msg)
[1.978s] Level 1:colcon.colcon_core.environment:create_environment_scripts_only(test_custom_msg)
[1.990s] Level 1:colcon.colcon_core.environment:checking '/home/robot33-6/student133_ws/install/test_custom_msg' for CMake module files
[1.990s] Level 1:colcon.colcon_core.environment:checking '/home/robot33-6/student133_ws/install/test_custom_msg' for CMake config files
[1.990s] Level 1:colcon.colcon_core.shell:create_environment_hook('test_custom_msg', 'cmake_prefix_path')
[2.003s] INFO:colcon.colcon_core.shell:Creating environment hook '/home/robot33-6/student133_ws/install/test_custom_msg/share/test_custom_msg/hook/cmake_prefix_path.ps1'
[2.003s] INFO:colcon.colcon_core.shell:Creating environment descriptor '/home/robot33-6/student133_ws/install/test_custom_msg/share/test_custom_msg/hook/cmake_prefix_path.dsv'
[2.003s] INFO:colcon.colcon_core.shell:Creating environment hook '/home/robot33-6/student133_ws/install/test_custom_msg/share/test_custom_msg/hook/cmake_prefix_path.sh'
[2.004s] Level 1:colcon.colcon_core.environment:checking '/home/robot33-6/student133_ws/install/test_custom_msg/lib'
[2.004s] Level 1:colcon.colcon_core.shell:create_environment_hook('test_custom_msg', 'ld_library_path_lib')
[2.016s] INFO:colcon.colcon_core.shell:Creating environment hook '/home/robot33-6/student133_ws/install/test_custom_msg/share/test_custom_msg/hook/ld_library_path_lib.ps1'
[2.017s] INFO:colcon.colcon_core.shell:Creating environment descriptor '/home/robot33-6/student133_ws/install/test_custom_msg/share/test_custom_msg/hook/ld_library_path_lib.dsv'
[2.017s] INFO:colcon.colcon_core.shell:Creating environment hook '/home/robot33-6/student133_ws/install/test_custom_msg/share/test_custom_msg/hook/ld_library_path_lib.sh'
[2.017s] Level 1:colcon.colcon_core.environment:checking '/home/robot33-6/student133_ws/install/test_custom_msg/bin'
[2.017s] Level 1:colcon.colcon_core.environment:checking '/home/robot33-6/student133_ws/install/test_custom_msg/lib/pkgconfig/test_custom_msg.pc'
[2.018s] Level 1:colcon.colcon_core.environment:checking '/home/robot33-6/student133_ws/install/test_custom_msg/lib/python3.10/site-packages'
[2.018s] Level 1:colcon.colcon_core.environment:checking '/home/robot33-6/student133_ws/install/test_custom_msg/bin'
[2.030s] INFO:colcon.colcon_core.shell:Creating package script '/home/robot33-6/student133_ws/install/test_custom_msg/share/test_custom_msg/package.ps1'
[2.031s] INFO:colcon.colcon_core.shell:Creating package descriptor '/home/robot33-6/student133_ws/install/test_custom_msg/share/test_custom_msg/package.dsv'
[2.031s] INFO:colcon.colcon_core.shell:Creating package script '/home/robot33-6/student133_ws/install/test_custom_msg/share/test_custom_msg/package.sh'
[2.032s] INFO:colcon.colcon_core.shell:Creating package script '/home/robot33-6/student133_ws/install/test_custom_msg/share/test_custom_msg/package.bash'
[2.032s] INFO:colcon.colcon_core.shell:Creating package script '/home/robot33-6/student133_ws/install/test_custom_msg/share/test_custom_msg/package.zsh'
[2.032s] Level 1:colcon.colcon_core.environment:create_file_with_runtime_dependencies(/home/robot33-6/student133_ws/install/test_custom_msg/share/colcon-core/packages/test_custom_msg)
[5.667s] DEBUG:colcon.colcon_core.event_handler.log_command:Invoked command in '/home/robot33-6/student133_ws/build/test_custom_publisher' returned '0': CMAKE_PREFIX_PATH=${CMAKE_PREFIX_PATH}:/opt/ros/humble /usr/bin/cmake --build /home/robot33-6/student133_ws/build/test_custom_publisher -- -j8 -l8
[5.682s] DEBUG:colcon.colcon_core.event_handler.log_command:Invoking command in '/home/robot33-6/student133_ws/build/test_custom_publisher': CMAKE_PREFIX_PATH=${CMAKE_PREFIX_PATH}:/opt/ros/humble /usr/bin/cmake --install /home/robot33-6/student133_ws/build/test_custom_publisher
[5.691s] Level 1:colcon.colcon_core.environment:create_environment_scripts_only(test_custom_publisher)
[5.692s] DEBUG:colcon.colcon_core.event_handler.log_command:Invoked command in '/home/robot33-6/student133_ws/build/test_custom_publisher' returned '0': CMAKE_PREFIX_PATH=${CMAKE_PREFIX_PATH}:/opt/ros/humble /usr/bin/cmake --install /home/robot33-6/student133_ws/build/test_custom_publisher
[5.704s] Level 1:colcon.colcon_core.environment:checking '/home/robot33-6/student133_ws/install/test_custom_publisher' for CMake module files
[5.704s] Level 1:colcon.colcon_core.environment:checking '/home/robot33-6/student133_ws/install/test_custom_publisher' for CMake config files
[5.704s] Level 1:colcon.colcon_core.shell:create_environment_hook('test_custom_publisher', 'cmake_prefix_path')
[5.716s] INFO:colcon.colcon_core.shell:Creating environment hook '/home/robot33-6/student133_ws/install/test_custom_publisher/share/test_custom_publisher/hook/cmake_prefix_path.ps1'
[5.717s] INFO:colcon.colcon_core.shell:Creating environment descriptor '/home/robot33-6/student133_ws/install/test_custom_publisher/share/test_custom_publisher/hook/cmake_prefix_path.dsv'
[5.717s] INFO:colcon.colcon_core.shell:Creating environment hook '/home/robot33-6/student133_ws/install/test_custom_publisher/share/test_custom_publisher/hook/cmake_prefix_path.sh'
[5.717s] Level 1:colcon.colcon_core.environment:checking '/home/robot33-6/student133_ws/install/test_custom_publisher/lib'
[5.717s] Level 1:colcon.colcon_core.environment:checking '/home/robot33-6/student133_ws/install/test_custom_publisher/bin'
[5.717s] Level 1:colcon.colcon_core.environment:checking '/home/robot33-6/student133_ws/install/test_custom_publisher/lib/pkgconfig/test_custom_publisher.pc'
[5.717s] Level 1:colcon.colcon_core.environment:checking '/home/robot33-6/student133_ws/install/test_custom_publisher/lib/python3.10/site-packages'
[5.718s] Level 1:colcon.colcon_core.environment:checking '/home/robot33-6/student133_ws/install/test_custom_publisher/bin'
[5.730s] INFO:colcon.colcon_core.shell:Creating package script '/home/robot33-6/student133_ws/install/test_custom_publisher/share/test_custom_publisher/package.ps1'
[5.730s] INFO:colcon.colcon_core.shell:Creating package descriptor '/home/robot33-6/student133_ws/install/test_custom_publisher/share/test_custom_publisher/package.dsv'
[5.731s] INFO:colcon.colcon_core.shell:Creating package script '/home/robot33-6/student133_ws/install/test_custom_publisher/share/test_custom_publisher/package.sh'
[5.731s] INFO:colcon.colcon_core.shell:Creating package script '/home/robot33-6/student133_ws/install/test_custom_publisher/share/test_custom_publisher/package.bash'
[5.731s] INFO:colcon.colcon_core.shell:Creating package script '/home/robot33-6/student133_ws/install/test_custom_publisher/share/test_custom_publisher/package.zsh'
[5.731s] Level 1:colcon.colcon_core.environment:create_file_with_runtime_dependencies(/home/robot33-6/student133_ws/install/test_custom_publisher/share/colcon-core/packages/test_custom_publisher)
[5.763s] Level 1:colcon.colcon_core.environment:create_environment_scripts_only(test_custom_publisher)
[5.777s] Level 1:colcon.colcon_core.environment:checking '/home/robot33-6/student133_ws/install/test_custom_publisher' for CMake module files
[5.778s] Level 1:colcon.colcon_core.environment:checking '/home/robot33-6/student133_ws/install/test_custom_publisher' for CMake config files
[5.778s] Level 1:colcon.colcon_core.shell:create_environment_hook('test_custom_publisher', 'cmake_prefix_path')
[5.791s] INFO:colcon.colcon_core.shell:Creating environment hook '/home/robot33-6/student133_ws/install/test_custom_publisher/share/test_custom_publisher/hook/cmake_prefix_path.ps1'
[5.791s] INFO:colcon.colcon_core.shell:Creating environment descriptor '/home/robot33-6/student133_ws/install/test_custom_publisher/share/test_custom_publisher/hook/cmake_prefix_path.dsv'
[5.791s] INFO:colcon.colcon_core.shell:Creating environment hook '/home/robot33-6/student133_ws/install/test_custom_publisher/share/test_custom_publisher/hook/cmake_prefix_path.sh'
[5.792s] Level 1:colcon.colcon_core.environment:checking '/home/robot33-6/student133_ws/install/test_custom_publisher/lib'
[5.792s] Level 1:colcon.colcon_core.environment:checking '/home/robot33-6/student133_ws/install/test_custom_publisher/bin'
[5.792s] Level 1:colcon.colcon_core.environment:checking '/home/robot33-6/student133_ws/install/test_custom_publisher/lib/pkgconfig/test_custom_publisher.pc'
[5.792s] Level 1:colcon.colcon_core.environment:checking '/home/robot33-6/student133_ws/install/test_custom_publisher/lib/python3.10/site-packages'
[5.792s] Level 1:colcon.colcon_core.environment:checking '/home/robot33-6/student133_ws/install/test_custom_publisher/bin'
[5.804s] INFO:colcon.colcon_core.shell:Creating package script '/home/robot33-6/student133_ws/install/test_custom_publisher/share/test_custom_publisher/package.ps1'
[5.805s] INFO:colcon.colcon_core.shell:Creating package descriptor '/home/robot33-6/student133_ws/install/test_custom_publisher/share/test_custom_publisher/package.dsv'
[5.805s] INFO:colcon.colcon_core.shell:Creating package script '/home/robot33-6/student133_ws/install/test_custom_publisher/share/test_custom_publisher/package.sh'
[5.805s] INFO:colcon.colcon_core.shell:Creating package script '/home/robot33-6/student133_ws/install/test_custom_publisher/share/test_custom_publisher/package.bash'
[5.806s] INFO:colcon.colcon_core.shell:Creating package script '/home/robot33-6/student133_ws/install/test_custom_publisher/share/test_custom_publisher/package.zsh'
[5.806s] Level 1:colcon.colcon_core.environment:create_file_with_runtime_dependencies(/home/robot33-6/student133_ws/install/test_custom_publisher/share/colcon-core/packages/test_custom_publisher)
[5.806s] DEBUG:colcon.colcon_parallel_executor.executor.parallel:closing loop
[5.806s] DEBUG:colcon.colcon_parallel_executor.executor.parallel:loop closed
[5.806s] DEBUG:colcon.colcon_parallel_executor.executor.parallel:run_until_complete finished with '0'
[5.806s] DEBUG:colcon.colcon_core.event_reactor:joining thread
[5.822s] INFO:colcon.colcon_core.plugin_system:Skipping extension 'colcon_notification.desktop_notification.terminal_notifier': Not used on non-Darwin systems
[5.823s] INFO:colcon.colcon_core.plugin_system:Skipping extension 'colcon_notification.desktop_notification.win32': Not used on non-Windows systems
[5.823s] INFO:colcon.colcon_notification.desktop_notification:Sending desktop notification using 'notify2'
[5.831s] DEBUG:colcon.colcon_core.event_reactor:joined thread
[5.843s] INFO:colcon.colcon_core.shell:Creating prefix script '/home/robot33-6/student133_ws/install/local_setup.ps1'
[5.844s] INFO:colcon.colcon_core.shell:Creating prefix util module '/home/robot33-6/student133_ws/install/_local_setup_util_ps1.py'
[5.845s] INFO:colcon.colcon_core.shell:Creating prefix chain script '/home/robot33-6/student133_ws/install/setup.ps1'
[5.858s] INFO:colcon.colcon_core.shell:Creating prefix script '/home/robot33-6/student133_ws/install/local_setup.sh'
[5.858s] INFO:colcon.colcon_core.shell:Creating prefix util module '/home/robot33-6/student133_ws/install/_local_setup_util_sh.py'
[5.859s] INFO:colcon.colcon_core.shell:Creating prefix chain script '/home/robot33-6/student133_ws/install/setup.sh'
[5.872s] INFO:colcon.colcon_core.shell:Creating prefix script '/home/robot33-6/student133_ws/install/local_setup.bash'
[5.872s] INFO:colcon.colcon_core.shell:Creating prefix chain script '/home/robot33-6/student133_ws/install/setup.bash'
[5.885s] INFO:colcon.colcon_core.shell:Creating prefix script '/home/robot33-6/student133_ws/install/local_setup.zsh'
[5.886s] INFO:colcon.colcon_core.shell:Creating prefix chain script '/home/robot33-6/student133_ws/install/setup.zsh'
