[0.054s] Invoking command in '/home/eragon/student133_ws/build/circle_detector': CMAKE_PREFIX_PATH=${CMAKE_PREFIX_PATH}:/opt/ros/humble /usr/bin/cmake /home/eragon/student133_ws/src/circle_detector -G CodeBlocks - Unix Makefiles -DCMAKE_BUILD_TYPE=Debug -DCMAKE_INSTALL_PREFIX=/home/eragon/student133_ws/install/circle_detector
[0.196s] -- The C compiler identification is GNU 11.4.0
[0.332s] -- The CXX compiler identification is GNU 11.4.0
[0.408s] -- Detecting C compiler ABI info
[0.605s] -- Detecting C compiler ABI info - done
[0.629s] -- Check for working C compiler: /usr/bin/cc - skipped
[0.633s] -- Detecting C compile features
[0.635s] -- Detecting C compile features - done
[0.654s] -- Detecting CXX compiler ABI info
[1.032s] -- Detecting CXX compiler ABI info - done
[1.061s] -- Check for working CXX compiler: /usr/bin/c++ - skipped
[1.062s] -- Detecting CXX compile features
[1.063s] -- Detecting CXX compile features - done
[1.078s] -- Found ament_cmake: 1.3.11 (/opt/ros/humble/share/ament_cmake/cmake)
[1.593s] -- Found Python3: /usr/bin/python3 (found version "3.10.12") found components: Interpreter 
[1.871s] -- Found rclcpp: 16.0.11 (/opt/ros/humble/share/rclcpp/cmake)
[2.012s] -- Found rosidl_generator_c: 3.1.6 (/opt/ros/humble/share/rosidl_generator_c/cmake)
[2.042s] -- Found rosidl_adapter: 3.1.6 (/opt/ros/humble/share/rosidl_adapter/cmake)
[2.052s] -- Found rosidl_generator_cpp: 3.1.6 (/opt/ros/humble/share/rosidl_generator_cpp/cmake)
[2.086s] -- Using all available rosidl_typesupport_c: rosidl_typesupport_fastrtps_c;rosidl_typesupport_introspection_c
[2.163s] -- Using all available rosidl_typesupport_cpp: rosidl_typesupport_fastrtps_cpp;rosidl_typesupport_introspection_cpp
[2.285s] -- Found rmw_implementation_cmake: 6.1.2 (/opt/ros/humble/share/rmw_implementation_cmake/cmake)
[2.285s] -- Found rmw_fastrtps_cpp: 6.2.7 (/opt/ros/humble/share/rmw_fastrtps_cpp/cmake)
[2.486s] -- Found OpenSSL: /usr/lib/x86_64-linux-gnu/libcrypto.so (found version "3.0.2")  
[2.541s] -- Found FastRTPS: /opt/ros/humble/include  
[2.611s] -- Using RMW implementation 'rmw_fastrtps_cpp' as default
[2.629s] -- Looking for pthread.h
[2.739s] -- Looking for pthread.h - found
[2.740s] -- Performing Test CMAKE_HAVE_LIBC_PTHREAD
[2.849s] -- Performing Test CMAKE_HAVE_LIBC_PTHREAD - Success
[2.851s] -- Found Threads: TRUE  
[2.930s] -- Found cv_bridge: 3.2.1 (/opt/ros/humble/share/cv_bridge/cmake)
[2.993s] -- Found image_transport: 3.1.10 (/opt/ros/humble/share/image_transport/cmake)
[3.055s] -- Found OpenCV: /usr (found version "4.5.4") 
[3.070s] -- Found visualization_msgs: 4.2.4 (/opt/ros/humble/share/visualization_msgs/cmake)
[3.104s] -- Found ament_lint_auto: 0.12.11 (/opt/ros/humble/share/ament_lint_auto/cmake)
[3.244s] -- Added test 'cppcheck' to perform static code analysis on C / C++ code
[3.244s] -- Configured cppcheck include dirs: /home/eragon/student133_ws/src/circle_detector/include
[3.244s] -- Configured cppcheck exclude dirs and/or files: 
[3.245s] -- Added test 'lint_cmake' to check CMake code style
[3.247s] -- Added test 'uncrustify' to check C / C++ code style
[3.247s] -- Configured uncrustify additional arguments: 
[3.248s] -- Added test 'xmllint' to check XML markup files
[3.251s] -- Configuring done
[3.284s] -- Generating done
[3.291s] -- Build files have been written to: /home/eragon/student133_ws/build/circle_detector
[3.311s] Invoked command in '/home/eragon/student133_ws/build/circle_detector' returned '0': CMAKE_PREFIX_PATH=${CMAKE_PREFIX_PATH}:/opt/ros/humble /usr/bin/cmake /home/eragon/student133_ws/src/circle_detector -G CodeBlocks - Unix Makefiles -DCMAKE_BUILD_TYPE=Debug -DCMAKE_INSTALL_PREFIX=/home/eragon/student133_ws/install/circle_detector
[3.313s] Invoking command in '/home/eragon/student133_ws/build/circle_detector': CMAKE_PREFIX_PATH=${CMAKE_PREFIX_PATH}:/opt/ros/humble /usr/bin/cmake --build /home/eragon/student133_ws/build/circle_detector -- -j8 -l8
[3.409s] [ 50%] Building CXX object CMakeFiles/circle_detector_node.dir/src/circle_detector_node.cpp.o
[20.689s] [100%] Linking CXX executable circle_detector_node
[21.733s] [100%] Built target circle_detector_node
