-- The C compiler identification is GNU 11.4.0
-- The CXX compiler identification is GNU 11.4.0
-- Detecting C compiler ABI info
-- Detecting C compiler ABI info - done
-- Check for working C compiler: /usr/bin/cc - skipped
-- Detecting C compile features
-- Detecting C compile features - done
-- Detecting CXX compiler ABI info
-- Detecting CXX compiler ABI info - done
-- Check for working CXX compiler: /usr/bin/c++ - skipped
-- Detecting CXX compile features
-- Detecting CXX compile features - done
-- Found ament_cmake: 1.3.11 (/opt/ros/humble/share/ament_cmake/cmake)
-- Found Python3: /usr/bin/python3 (found version "3.10.12") found components: Interpreter 
-- Found sensor_msgs: 4.2.4 (/opt/ros/humble/share/sensor_msgs/cmake)
-- Found rosidl_generator_c: 3.1.6 (/opt/ros/humble/share/rosidl_generator_c/cmake)
-- Found rosidl_adapter: 3.1.6 (/opt/ros/humble/share/rosidl_adapter/cmake)
-- Found rosidl_generator_cpp: 3.1.6 (/opt/ros/humble/share/rosidl_generator_cpp/cmake)
-- Using all available rosidl_typesupport_c: rosidl_typesupport_fastrtps_c;rosidl_typesupport_introspection_c
-- Using all available rosidl_typesupport_cpp: rosidl_typesupport_fastrtps_cpp;rosidl_typesupport_introspection_cpp
-- Found rclcpp: 16.0.11 (/opt/ros/humble/share/rclcpp/cmake)
-- Found rmw_implementation_cmake: 6.1.2 (/opt/ros/humble/share/rmw_implementation_cmake/cmake)
-- Found rmw_fastrtps_cpp: 6.2.7 (/opt/ros/humble/share/rmw_fastrtps_cpp/cmake)
-- Found OpenSSL: /usr/lib/x86_64-linux-gnu/libcrypto.so (found version "3.0.2")  
-- Found FastRTPS: /opt/ros/humble/include  
-- Using RMW implementation 'rmw_fastrtps_cpp' as default
-- Looking for pthread.h
-- Looking for pthread.h - found
-- Performing Test CMAKE_HAVE_LIBC_PTHREAD
-- Performing Test CMAKE_HAVE_LIBC_PTHREAD - Success
-- Found Threads: TRUE  
-- Found cv_bridge: 3.2.1 (/opt/ros/humble/share/cv_bridge/cmake)
-- Found image_transport: 3.1.10 (/opt/ros/humble/share/image_transport/cmake)
-- Found OpenCV: /usr (found version "4.5.4") 
-- Found ament_lint_auto: 0.12.11 (/opt/ros/humble/share/ament_lint_auto/cmake)
-- Added test 'cppcheck' to perform static code analysis on C / C++ code
-- Configured cppcheck include dirs: /home/eragon/student133_ws/src/l3_pointcloud/include
-- Configured cppcheck exclude dirs and/or files: 
-- Added test 'flake8' to check Python code syntax and style conventions
-- Added test 'lint_cmake' to check CMake code style
-- Added test 'pep257' to check Python code against some of the docstring style conventions in PEP 257
-- Added test 'uncrustify' to check C / C++ code style
-- Configured uncrustify additional arguments: 
-- Added test 'xmllint' to check XML markup files
-- Configuring done
-- Generating done
-- Build files have been written to: /home/eragon/student133_ws/build/l3_pointcloud
[ 50%] Building CXX object CMakeFiles/l3_pointcloud_node.dir/src/l3_pointcloud_node.cpp.o
[100%] Linking CXX executable l3_pointcloud_node
[100%] Built target l3_pointcloud_node
-- Install configuration: "Debug"
-- Installing: /home/eragon/student133_ws/install/l3_pointcloud/lib/l3_pointcloud/l3_pointcloud_node
-- Set runtime path of "/home/eragon/student133_ws/install/l3_pointcloud/lib/l3_pointcloud/l3_pointcloud_node" to ""
-- Installing: /home/eragon/student133_ws/install/l3_pointcloud/share/l3_pointcloud/launch
-- Installing: /home/eragon/student133_ws/install/l3_pointcloud/share/l3_pointcloud/launch/cloud_launch.py
-- Installing: /home/eragon/student133_ws/install/l3_pointcloud/share/ament_index/resource_index/package_run_dependencies/l3_pointcloud
-- Installing: /home/eragon/student133_ws/install/l3_pointcloud/share/ament_index/resource_index/parent_prefix_path/l3_pointcloud
-- Installing: /home/eragon/student133_ws/install/l3_pointcloud/share/l3_pointcloud/environment/ament_prefix_path.sh
-- Installing: /home/eragon/student133_ws/install/l3_pointcloud/share/l3_pointcloud/environment/ament_prefix_path.dsv
-- Installing: /home/eragon/student133_ws/install/l3_pointcloud/share/l3_pointcloud/environment/path.sh
-- Installing: /home/eragon/student133_ws/install/l3_pointcloud/share/l3_pointcloud/environment/path.dsv
-- Installing: /home/eragon/student133_ws/install/l3_pointcloud/share/l3_pointcloud/local_setup.bash
-- Installing: /home/eragon/student133_ws/install/l3_pointcloud/share/l3_pointcloud/local_setup.sh
-- Installing: /home/eragon/student133_ws/install/l3_pointcloud/share/l3_pointcloud/local_setup.zsh
-- Installing: /home/eragon/student133_ws/install/l3_pointcloud/share/l3_pointcloud/local_setup.dsv
-- Installing: /home/eragon/student133_ws/install/l3_pointcloud/share/l3_pointcloud/package.dsv
-- Installing: /home/eragon/student133_ws/install/l3_pointcloud/share/ament_index/resource_index/packages/l3_pointcloud
-- Installing: /home/eragon/student133_ws/install/l3_pointcloud/share/l3_pointcloud/cmake/l3_pointcloudConfig.cmake
-- Installing: /home/eragon/student133_ws/install/l3_pointcloud/share/l3_pointcloud/cmake/l3_pointcloudConfig-version.cmake
-- Installing: /home/eragon/student133_ws/install/l3_pointcloud/share/l3_pointcloud/package.xml
