[0.051s] Invoking command in '/home/eragon/student133_ws/build/l3_pointcloud': CMAKE_PREFIX_PATH=${CMAKE_PREFIX_PATH}:/opt/ros/humble /usr/bin/cmake /home/eragon/student133_ws/src/l3_pointcloud -G CodeBlocks - Unix Makefiles -DCMAKE_BUILD_TYPE=Debug -DCMAKE_INSTALL_PREFIX=/home/eragon/student133_ws/install/l3_pointcloud
[0.236s] -- The C compiler identification is GNU 11.4.0
[0.341s] -- The CXX compiler identification is GNU 11.4.0
[0.459s] -- Detecting C compiler ABI info
[0.675s] -- Detecting C compiler ABI info - done
[0.700s] -- Check for working C compiler: /usr/bin/cc - skipped
[0.700s] -- Detecting C compile features
[0.702s] -- Detecting C compile features - done
[0.713s] -- Detecting CXX compiler ABI info
[0.995s] -- Detecting CXX compiler ABI info - done
[0.995s] -- Check for working CXX compiler: /usr/bin/c++ - skipped
[0.995s] -- Detecting CXX compile features
[0.996s] -- Detecting CXX compile features - done
[0.996s] -- Found ament_cmake: 1.3.11 (/opt/ros/humble/share/ament_cmake/cmake)
[1.345s] -- Found Python3: /usr/bin/python3 (found version "3.10.12") found components: Interpreter 
[1.587s] -- Found sensor_msgs: 4.2.4 (/opt/ros/humble/share/sensor_msgs/cmake)
[1.699s] -- Found rosidl_generator_c: 3.1.6 (/opt/ros/humble/share/rosidl_generator_c/cmake)
[1.710s] -- Found rosidl_adapter: 3.1.6 (/opt/ros/humble/share/rosidl_adapter/cmake)
[1.739s] -- Found rosidl_generator_cpp: 3.1.6 (/opt/ros/humble/share/rosidl_generator_cpp/cmake)
[1.774s] -- Using all available rosidl_typesupport_c: rosidl_typesupport_fastrtps_c;rosidl_typesupport_introspection_c
[1.810s] -- Using all available rosidl_typesupport_cpp: rosidl_typesupport_fastrtps_cpp;rosidl_typesupport_introspection_cpp
[1.914s] -- Found rclcpp: 16.0.11 (/opt/ros/humble/share/rclcpp/cmake)
[1.991s] -- Found rmw_implementation_cmake: 6.1.2 (/opt/ros/humble/share/rmw_implementation_cmake/cmake)
[1.999s] -- Found rmw_fastrtps_cpp: 6.2.7 (/opt/ros/humble/share/rmw_fastrtps_cpp/cmake)
[2.198s] -- Found OpenSSL: /usr/lib/x86_64-linux-gnu/libcrypto.so (found version "3.0.2")  
[2.244s] -- Found FastRTPS: /opt/ros/humble/include  
[2.313s] -- Using RMW implementation 'rmw_fastrtps_cpp' as default
[2.332s] -- Looking for pthread.h
[2.460s] -- Looking for pthread.h - found
[2.460s] -- Performing Test CMAKE_HAVE_LIBC_PTHREAD
[2.573s] -- Performing Test CMAKE_HAVE_LIBC_PTHREAD - Success
[2.574s] -- Found Threads: TRUE  
[2.647s] -- Found cv_bridge: 3.2.1 (/opt/ros/humble/share/cv_bridge/cmake)
[2.675s] -- Found image_transport: 3.1.10 (/opt/ros/humble/share/image_transport/cmake)
[2.755s] -- Found OpenCV: /usr (found version "4.5.4") 
[2.760s] -- Found ament_lint_auto: 0.12.11 (/opt/ros/humble/share/ament_lint_auto/cmake)
[2.926s] -- Added test 'cppcheck' to perform static code analysis on C / C++ code
[2.926s] -- Configured cppcheck include dirs: /home/eragon/student133_ws/src/l3_pointcloud/include
[2.926s] -- Configured cppcheck exclude dirs and/or files: 
[2.927s] -- Added test 'flake8' to check Python code syntax and style conventions
[2.928s] -- Added test 'lint_cmake' to check CMake code style
[2.930s] -- Added test 'pep257' to check Python code against some of the docstring style conventions in PEP 257
[2.932s] -- Added test 'uncrustify' to check C / C++ code style
[2.932s] -- Configured uncrustify additional arguments: 
[2.933s] -- Added test 'xmllint' to check XML markup files
[2.937s] -- Configuring done
[2.969s] -- Generating done
[2.975s] -- Build files have been written to: /home/eragon/student133_ws/build/l3_pointcloud
[2.989s] Invoked command in '/home/eragon/student133_ws/build/l3_pointcloud' returned '0': CMAKE_PREFIX_PATH=${CMAKE_PREFIX_PATH}:/opt/ros/humble /usr/bin/cmake /home/eragon/student133_ws/src/l3_pointcloud -G CodeBlocks - Unix Makefiles -DCMAKE_BUILD_TYPE=Debug -DCMAKE_INSTALL_PREFIX=/home/eragon/student133_ws/install/l3_pointcloud
[2.990s] Invoking command in '/home/eragon/student133_ws/build/l3_pointcloud': CMAKE_PREFIX_PATH=${CMAKE_PREFIX_PATH}:/opt/ros/humble /usr/bin/cmake --build /home/eragon/student133_ws/build/l3_pointcloud -- -j8 -l8
[3.075s] [ 50%] Building CXX object CMakeFiles/l3_pointcloud_node.dir/src/l3_pointcloud_node.cpp.o
[11.277s] [100%] Linking CXX executable l3_pointcloud_node
[11.934s] [100%] Built target l3_pointcloud_node
[11.960s] Invoked command in '/home/eragon/student133_ws/build/l3_pointcloud' returned '0': CMAKE_PREFIX_PATH=${CMAKE_PREFIX_PATH}:/opt/ros/humble /usr/bin/cmake --build /home/eragon/student133_ws/build/l3_pointcloud -- -j8 -l8
[11.962s] Invoking command in '/home/eragon/student133_ws/build/l3_pointcloud': CMAKE_PREFIX_PATH=${CMAKE_PREFIX_PATH}:/opt/ros/humble /usr/bin/cmake --install /home/eragon/student133_ws/build/l3_pointcloud
[11.975s] -- Install configuration: "Debug"
[11.975s] -- Installing: /home/eragon/student133_ws/install/l3_pointcloud/lib/l3_pointcloud/l3_pointcloud_node
[11.982s] -- Set runtime path of "/home/eragon/student133_ws/install/l3_pointcloud/lib/l3_pointcloud/l3_pointcloud_node" to ""
[11.982s] -- Installing: /home/eragon/student133_ws/install/l3_pointcloud/share/l3_pointcloud/launch
[11.982s] -- Installing: /home/eragon/student133_ws/install/l3_pointcloud/share/l3_pointcloud/launch/cloud_launch.py
[11.982s] -- Installing: /home/eragon/student133_ws/install/l3_pointcloud/share/ament_index/resource_index/package_run_dependencies/l3_pointcloud
[11.983s] -- Installing: /home/eragon/student133_ws/install/l3_pointcloud/share/ament_index/resource_index/parent_prefix_path/l3_pointcloud
[11.983s] -- Installing: /home/eragon/student133_ws/install/l3_pointcloud/share/l3_pointcloud/environment/ament_prefix_path.sh
[11.983s] -- Installing: /home/eragon/student133_ws/install/l3_pointcloud/share/l3_pointcloud/environment/ament_prefix_path.dsv
[11.983s] -- Installing: /home/eragon/student133_ws/install/l3_pointcloud/share/l3_pointcloud/environment/path.sh
[11.984s] -- Installing: /home/eragon/student133_ws/install/l3_pointcloud/share/l3_pointcloud/environment/path.dsv
[11.984s] -- Installing: /home/eragon/student133_ws/install/l3_pointcloud/share/l3_pointcloud/local_setup.bash
[11.984s] -- Installing: /home/eragon/student133_ws/install/l3_pointcloud/share/l3_pointcloud/local_setup.sh
[11.984s] -- Installing: /home/eragon/student133_ws/install/l3_pointcloud/share/l3_pointcloud/local_setup.zsh
[11.985s] -- Installing: /home/eragon/student133_ws/install/l3_pointcloud/share/l3_pointcloud/local_setup.dsv
[11.985s] -- Installing: /home/eragon/student133_ws/install/l3_pointcloud/share/l3_pointcloud/package.dsv
[11.985s] -- Installing: /home/eragon/student133_ws/install/l3_pointcloud/share/ament_index/resource_index/packages/l3_pointcloud
[11.986s] -- Installing: /home/eragon/student133_ws/install/l3_pointcloud/share/l3_pointcloud/cmake/l3_pointcloudConfig.cmake
[11.986s] -- Installing: /home/eragon/student133_ws/install/l3_pointcloud/share/l3_pointcloud/cmake/l3_pointcloudConfig-version.cmake
[11.986s] -- Installing: /home/eragon/student133_ws/install/l3_pointcloud/share/l3_pointcloud/package.xml
[11.990s] Invoked command in '/home/eragon/student133_ws/build/l3_pointcloud' returned '0': CMAKE_PREFIX_PATH=${CMAKE_PREFIX_PATH}:/opt/ros/humble /usr/bin/cmake --install /home/eragon/student133_ws/build/l3_pointcloud
