[0.080s] Invoking command in '/home/eragon/student133_ws/build/l2_image_sender': CMAKE_PREFIX_PATH=${CMAKE_PREFIX_PATH}:/opt/ros/humble /usr/bin/cmake --build /home/eragon/student133_ws/build/l2_image_sender -- -j8 -l8
[0.257s] [ 50%] Building CXX object CMakeFiles/l2_image_sender_node.dir/src/l2_image_sender_node.cpp.o
[9.741s] [100%] Linking CXX executable l2_image_sender_node
[10.438s] [100%] Built target l2_image_sender_node
[10.463s] Invoked command in '/home/eragon/student133_ws/build/l2_image_sender' returned '0': CMAKE_PREFIX_PATH=${CMAKE_PREFIX_PATH}:/opt/ros/humble /usr/bin/cmake --build /home/eragon/student133_ws/build/l2_image_sender -- -j8 -l8
[10.466s] Invoking command in '/home/eragon/student133_ws/build/l2_image_sender': CMAKE_PREFIX_PATH=${CMAKE_PREFIX_PATH}:/opt/ros/humble /usr/bin/cmake --install /home/eragon/student133_ws/build/l2_image_sender
[10.480s] -- Install configuration: "Debug"
[10.481s] -- Installing: /home/eragon/student133_ws/install/l2_image_sender/lib/l2_image_sender/l2_image_sender_node
[10.486s] -- Set runtime path of "/home/eragon/student133_ws/install/l2_image_sender/lib/l2_image_sender/l2_image_sender_node" to ""
[10.486s] -- Up-to-date: /home/eragon/student133_ws/install/l2_image_sender/share/ament_index/resource_index/package_run_dependencies/l2_image_sender
[10.486s] -- Up-to-date: /home/eragon/student133_ws/install/l2_image_sender/share/ament_index/resource_index/parent_prefix_path/l2_image_sender
[10.486s] -- Up-to-date: /home/eragon/student133_ws/install/l2_image_sender/share/l2_image_sender/environment/ament_prefix_path.sh
[10.487s] -- Up-to-date: /home/eragon/student133_ws/install/l2_image_sender/share/l2_image_sender/environment/ament_prefix_path.dsv
[10.487s] -- Up-to-date: /home/eragon/student133_ws/install/l2_image_sender/share/l2_image_sender/environment/path.sh
[10.487s] -- Up-to-date: /home/eragon/student133_ws/install/l2_image_sender/share/l2_image_sender/environment/path.dsv
[10.487s] -- Up-to-date: /home/eragon/student133_ws/install/l2_image_sender/share/l2_image_sender/local_setup.bash
[10.488s] -- Up-to-date: /home/eragon/student133_ws/install/l2_image_sender/share/l2_image_sender/local_setup.sh
[10.488s] -- Up-to-date: /home/eragon/student133_ws/install/l2_image_sender/share/l2_image_sender/local_setup.zsh
[10.488s] -- Up-to-date: /home/eragon/student133_ws/install/l2_image_sender/share/l2_image_sender/local_setup.dsv
[10.488s] -- Installing: /home/eragon/student133_ws/install/l2_image_sender/share/l2_image_sender/package.dsv
[10.488s] -- Up-to-date: /home/eragon/student133_ws/install/l2_image_sender/share/ament_index/resource_index/packages/l2_image_sender
[10.488s] -- Up-to-date: /home/eragon/student133_ws/install/l2_image_sender/share/l2_image_sender/cmake/l2_image_senderConfig.cmake
[10.489s] -- Up-to-date: /home/eragon/student133_ws/install/l2_image_sender/share/l2_image_sender/cmake/l2_image_senderConfig-version.cmake
[10.489s] -- Up-to-date: /home/eragon/student133_ws/install/l2_image_sender/share/l2_image_sender/package.xml
[10.491s] Invoked command in '/home/eragon/student133_ws/build/l2_image_sender' returned '0': CMAKE_PREFIX_PATH=${CMAKE_PREFIX_PATH}:/opt/ros/humble /usr/bin/cmake --install /home/eragon/student133_ws/build/l2_image_sender
