[0.000000] (-) TimerEvent: {}
[0.000163] (test_pkg) JobQueued: {'identifier': 'test_pkg', 'dependencies': OrderedDict()}
[0.000546] (test_pkg) JobStarted: {'identifier': 'test_pkg'}
[0.039282] (test_pkg) JobProgress: {'identifier': 'test_pkg', 'progress': 'cmake'}
[0.039816] (test_pkg) Command: {'cmd': ['/usr/bin/cmake', '/home/robot33-5/student133_ws/src/test_pkg', '-G', 'CodeBlocks - Unix Makefiles', '-DCMAKE_BUILD_TYPE=Debug', '-DCMAKE_INSTALL_PREFIX=/home/robot33-5/student133_ws/install/test_pkg'], 'cwd': '/home/robot33-5/student133_ws/build/test_pkg', 'env': OrderedDict([('GJS_DEBUG_TOPICS', 'JS ERROR;JS LOG'), ('LC_TIME', 'ru_RU.UTF-8'), ('SNAP_COMMON', '/var/snap/qtcreator-ros/common'), ('SNAP_INSTANCE_KEY', ''), ('USER', 'robot33-5'), ('XDG_SESSION_TYPE', 'wayland'), ('LD_LIBRARY_PATH', '/opt/ros/humble/opt/rviz_ogre_vendor/lib:/opt/ros/humble/lib/x86_64-linux-gnu:/opt/ros/humble/lib:/snap/qtcreator-ros/107/lib:/snap/qtcreator-ros/107/usr/lib/x86_64-linux-gnu'), ('SHLVL', '1'), ('SNAP_UID', '1000'), ('HOME', '/home/robot33-5'), ('SNAP_LIBRARY_PATH', '/var/lib/snapd/lib/gl:/var/lib/snapd/lib/gl32:/var/lib/snapd/void'), ('DESKTOP_SESSION', 'ubuntu'), ('QTDIR', '/usr/lib/x86_64-linux-gnu/qt5'), ('SNAP_USER_DATA', '/home/robot33-5/snap/qtcreator-ros/107'), ('GIO_LAUNCHED_DESKTOP_FILE', '/var/lib/snapd/desktop/applications/qtcreator-ros_qtcreator-ros.desktop'), ('GNOME_SHELL_SESSION_MODE', 'ubuntu'), ('GTK_MODULES', 'gail:atk-bridge'), ('ROS_PYTHON_VERSION', '3'), ('LC_MONETARY', 'ru_RU.UTF-8'), ('MANAGERPID', '1392'), ('DBUS_SESSION_BUS_ADDRESS', 'unix:path=/run/user/1000/bus'), ('SYSTEMD_EXEC_PID', '1568'), ('GIO_LAUNCHED_DESKTOP_FILE_PID', '6902'), ('SNAP_REVISION', '107'), ('IM_CONFIG_PHASE', '1'), ('ROS_DISTRO', 'humble'), ('WAYLAND_DISPLAY', 'wayland-0'), ('LOGNAME', 'robot33-5'), ('JOURNAL_STREAM', '8:28026'), ('SNAP_CONTEXT', 'LPsIUpTfNsdvJiuC9PQttVL9Kp7JxPCS1EuRBfoqsQhqHTJvyXaY'), ('_', '/usr/bin/env'), ('ROS_VERSION', '2'), ('SNAP_VERSION', '12.0.2'), ('XDG_SESSION_CLASS', 'user'), ('TERM', 'xterm'), ('USERNAME', 'robot33-5'), ('GNOME_DESKTOP_SESSION_ID', 'this-is-deprecated'), ('ROS_LOCALHOST_ONLY', '0'), ('SNAP_INSTANCE_NAME', 'qtcreator-ros'), ('PATH', '/opt/ros/humble/bin:/usr/local/sbin:/usr/local/bin:/usr/sbin:/usr/bin:/sbin:/bin:/usr/games:/usr/local/games:/snap/bin:/snap/bin'), ('INVOCATION_ID', '4b6a7057ad524f0183bbec85fb432212'), ('SESSION_MANAGER', 'local/robot33-5:@/tmp/.ICE-unix/1542,unix/robot33-5:/tmp/.ICE-unix/1542'), ('BAMF_DESKTOP_FILE_HINT', '/var/lib/snapd/desktop/applications/qtcreator-ros_qtcreator-ros.desktop'), ('GNOME_SETUP_DISPLAY', ':1'), ('LC_ADDRESS', 'ru_RU.UTF-8'), ('SNAP_DATA', '/var/snap/qtcreator-ros/107'), ('XDG_MENU_PREFIX', 'gnome-'), ('XDG_RUNTIME_DIR', '/run/user/1000'), ('DISPLAY', ':0'), ('LANG', 'en_US.UTF-8'), ('LC_TELEPHONE', 'ru_RU.UTF-8'), ('XDG_CURRENT_DESKTOP', 'ubuntu:GNOME'), ('XAUTHORITY', '/run/user/1000/.mutter-Xwaylandauth.QQR0I2'), ('XDG_SESSION_DESKTOP', 'ubuntu'), ('XMODIFIERS', '@im=ibus'), ('AMENT_PREFIX_PATH', '/opt/ros/humble'), ('SNAP_ARCH', 'amd64'), ('SNAP_COOKIE', 'LPsIUpTfNsdvJiuC9PQttVL9Kp7JxPCS1EuRBfoqsQhqHTJvyXaY'), ('SNAP_USER_COMMON', '/home/robot33-5/snap/qtcreator-ros/common'), ('SSH_AGENT_LAUNCHER', 'gnome-keyring'), ('SSH_AUTH_SOCK', '/run/user/1000/keyring/ssh'), ('LC_NAME', 'ru_RU.UTF-8'), ('SHELL', '/bin/bash'), ('GDMSESSION', 'ubuntu'), ('QT_ACCESSIBILITY', '1'), ('SNAP_REEXEC', ''), ('SNAP_NAME', 'qtcreator-ros'), ('LC_MEASUREMENT', 'ru_RU.UTF-8'), ('GJS_DEBUG_OUTPUT', 'stderr'), ('LC_IDENTIFICATION', 'ru_RU.UTF-8'), ('QT_IM_MODULE', 'ibus'), ('PWD', '/home/robot33-5/student133_ws/build/test_pkg'), ('QT_QPA_PLATFORM', 'wayland;xcb'), ('SNAP_REAL_HOME', '/home/robot33-5'), ('XDG_CONFIG_DIRS', '/etc/xdg/xdg-ubuntu:/etc/xdg'), ('XDG_DATA_DIRS', '/usr/share/ubuntu:/usr/local/share/:/usr/share/:/var/lib/snapd/desktop'), ('LC_NUMERIC', 'ru_RU.UTF-8'), ('PYTHONPATH', '/opt/ros/humble/lib/python3.10/site-packages:/opt/ros/humble/local/lib/python3.10/dist-packages'), ('SNAP', '/snap/qtcreator-ros/107'), ('SNAP_EUID', '1000'), ('LC_PAPER', 'ru_RU.UTF-8'), ('COLCON', '1'), ('LIBGL_DRIVERS_PATH', '/snap/qtcreator-ros/107/usr/lib/x86_64-linux-gnu/dri'), ('CMAKE_PREFIX_PATH', '/opt/ros/humble')]), 'shell': False}
[0.099892] (-) TimerEvent: {}
[0.200121] (-) TimerEvent: {}
[0.300425] (-) TimerEvent: {}
[0.400716] (-) TimerEvent: {}
[0.500990] (-) TimerEvent: {}
[0.538886] (test_pkg) StdoutLine: {'line': b'-- The C compiler identification is GNU 11.4.0\n'}
[0.601159] (-) TimerEvent: {}
[0.701420] (-) TimerEvent: {}
[0.799314] (test_pkg) StdoutLine: {'line': b'-- The CXX compiler identification is GNU 11.4.0\n'}
[0.801520] (-) TimerEvent: {}
[0.901816] (-) TimerEvent: {}
[0.907786] (test_pkg) StdoutLine: {'line': b'-- Detecting C compiler ABI info\n'}
[1.001989] (-) TimerEvent: {}
[1.040039] (test_pkg) StdoutLine: {'line': b'-- Detecting C compiler ABI info - done\n'}
[1.047070] (test_pkg) StdoutLine: {'line': b'-- Check for working C compiler: /usr/bin/cc - skipped\n'}
[1.047518] (test_pkg) StdoutLine: {'line': b'-- Detecting C compile features\n'}
[1.048060] (test_pkg) StdoutLine: {'line': b'-- Detecting C compile features - done\n'}
[1.051630] (test_pkg) StdoutLine: {'line': b'-- Detecting CXX compiler ABI info\n'}
[1.102105] (-) TimerEvent: {}
[1.133926] (test_pkg) StdoutLine: {'line': b'-- Detecting CXX compiler ABI info - done\n'}
[1.140271] (test_pkg) StdoutLine: {'line': b'-- Check for working CXX compiler: /usr/bin/c++ - skipped\n'}
[1.140482] (test_pkg) StdoutLine: {'line': b'-- Detecting CXX compile features\n'}
[1.140855] (test_pkg) StdoutLine: {'line': b'-- Detecting CXX compile features - done\n'}
[1.170193] (test_pkg) StdoutLine: {'line': b'-- Found ament_cmake: 1.3.7 (/opt/ros/humble/share/ament_cmake/cmake)\n'}
[1.202250] (-) TimerEvent: {}
[1.302447] (-) TimerEvent: {}
[1.380630] (test_pkg) StdoutLine: {'line': b'-- Found Python3: /usr/bin/python3.10 (found version "3.10.12") found components: Interpreter \n'}
[1.402550] (-) TimerEvent: {}
[1.502775] (-) TimerEvent: {}
[1.556874] (test_pkg) StdoutLine: {'line': b'-- Found rclcpp: 16.0.8 (/opt/ros/humble/share/rclcpp/cmake)\n'}
[1.602913] (-) TimerEvent: {}
[1.690773] (test_pkg) StdoutLine: {'line': b'-- Found rosidl_generator_c: 3.1.5 (/opt/ros/humble/share/rosidl_generator_c/cmake)\n'}
[1.695922] (test_pkg) StdoutLine: {'line': b'-- Found rosidl_adapter: 3.1.5 (/opt/ros/humble/share/rosidl_adapter/cmake)\n'}
[1.703005] (-) TimerEvent: {}
[1.707228] (test_pkg) StdoutLine: {'line': b'-- Found rosidl_generator_cpp: 3.1.5 (/opt/ros/humble/share/rosidl_generator_cpp/cmake)\n'}
[1.723395] (test_pkg) StdoutLine: {'line': b'-- Using all available rosidl_typesupport_c: rosidl_typesupport_fastrtps_c;rosidl_typesupport_introspection_c\n'}
[1.742655] (test_pkg) StdoutLine: {'line': b'-- Using all available rosidl_typesupport_cpp: rosidl_typesupport_fastrtps_cpp;rosidl_typesupport_introspection_cpp\n'}
[1.803121] (-) TimerEvent: {}
[1.879516] (test_pkg) StdoutLine: {'line': b'-- Found rmw_implementation_cmake: 6.1.1 (/opt/ros/humble/share/rmw_implementation_cmake/cmake)\n'}
[1.883519] (test_pkg) StdoutLine: {'line': b'-- Found rmw_fastrtps_cpp: 6.2.6 (/opt/ros/humble/share/rmw_fastrtps_cpp/cmake)\n'}
[1.903204] (-) TimerEvent: {}
[2.003431] (-) TimerEvent: {}
[2.103644] (-) TimerEvent: {}
[2.126245] (test_pkg) StdoutLine: {'line': b'-- Found OpenSSL: /usr/lib/x86_64-linux-gnu/libcrypto.so (found version "3.0.2")  \n'}
[2.154378] (test_pkg) StdoutLine: {'line': b'-- Found FastRTPS: /opt/ros/humble/include  \n'}
[2.187323] (test_pkg) StdoutLine: {'line': b"-- Using RMW implementation 'rmw_fastrtps_cpp' as default\n"}
[2.203722] (-) TimerEvent: {}
[2.228851] (test_pkg) StdoutLine: {'line': b'-- Looking for pthread.h\n'}
[2.303828] (-) TimerEvent: {}
[2.349536] (test_pkg) StdoutLine: {'line': b'-- Looking for pthread.h - found\n'}
[2.349840] (test_pkg) StdoutLine: {'line': b'-- Performing Test CMAKE_HAVE_LIBC_PTHREAD\n'}
[2.403946] (-) TimerEvent: {}
[2.421923] (test_pkg) StdoutLine: {'line': b'-- Performing Test CMAKE_HAVE_LIBC_PTHREAD - Success\n'}
[2.422715] (test_pkg) StdoutLine: {'line': b'-- Found Threads: TRUE  \n'}
[2.504101] (-) TimerEvent: {}
[2.604301] (-) TimerEvent: {}
[2.645956] (test_pkg) StdoutLine: {'line': b'-- Found ament_lint_auto: 0.12.10 (/opt/ros/humble/share/ament_lint_auto/cmake)\n'}
[2.704407] (-) TimerEvent: {}
[2.758444] (test_pkg) StdoutLine: {'line': b"-- Added test 'cppcheck' to perform static code analysis on C / C++ code\n"}
[2.758901] (test_pkg) StdoutLine: {'line': b'-- Configured cppcheck include dirs: \n'}
[2.758969] (test_pkg) StdoutLine: {'line': b'-- Configured cppcheck exclude dirs and/or files: \n'}
[2.759783] (test_pkg) StdoutLine: {'line': b"-- Added test 'lint_cmake' to check CMake code style\n"}
[2.760973] (test_pkg) StdoutLine: {'line': b"-- Added test 'uncrustify' to check C / C++ code style\n"}
[2.761036] (test_pkg) StdoutLine: {'line': b'-- Configured uncrustify additional arguments: \n'}
[2.761597] (test_pkg) StdoutLine: {'line': b"-- Added test 'xmllint' to check XML markup files\n"}
[2.775377] (test_pkg) StdoutLine: {'line': b'-- Configuring done\n'}
[2.787177] (test_pkg) StdoutLine: {'line': b'-- Generating done\n'}
[2.788301] (test_pkg) StdoutLine: {'line': b'-- Build files have been written to: /home/robot33-5/student133_ws/build/test_pkg\n'}
[2.793700] (test_pkg) CommandEnded: {'returncode': 0}
[2.795473] (test_pkg) JobProgress: {'identifier': 'test_pkg', 'progress': 'build'}
[2.795507] (test_pkg) Command: {'cmd': ['/usr/bin/cmake', '--build', '/home/robot33-5/student133_ws/build/test_pkg', '--', '-j8', '-l8'], 'cwd': '/home/robot33-5/student133_ws/build/test_pkg', 'env': OrderedDict([('GJS_DEBUG_TOPICS', 'JS ERROR;JS LOG'), ('LC_TIME', 'ru_RU.UTF-8'), ('SNAP_COMMON', '/var/snap/qtcreator-ros/common'), ('SNAP_INSTANCE_KEY', ''), ('USER', 'robot33-5'), ('XDG_SESSION_TYPE', 'wayland'), ('LD_LIBRARY_PATH', '/opt/ros/humble/opt/rviz_ogre_vendor/lib:/opt/ros/humble/lib/x86_64-linux-gnu:/opt/ros/humble/lib:/snap/qtcreator-ros/107/lib:/snap/qtcreator-ros/107/usr/lib/x86_64-linux-gnu'), ('SHLVL', '1'), ('SNAP_UID', '1000'), ('HOME', '/home/robot33-5'), ('SNAP_LIBRARY_PATH', '/var/lib/snapd/lib/gl:/var/lib/snapd/lib/gl32:/var/lib/snapd/void'), ('DESKTOP_SESSION', 'ubuntu'), ('QTDIR', '/usr/lib/x86_64-linux-gnu/qt5'), ('SNAP_USER_DATA', '/home/robot33-5/snap/qtcreator-ros/107'), ('GIO_LAUNCHED_DESKTOP_FILE', '/var/lib/snapd/desktop/applications/qtcreator-ros_qtcreator-ros.desktop'), ('GNOME_SHELL_SESSION_MODE', 'ubuntu'), ('GTK_MODULES', 'gail:atk-bridge'), ('ROS_PYTHON_VERSION', '3'), ('LC_MONETARY', 'ru_RU.UTF-8'), ('MANAGERPID', '1392'), ('DBUS_SESSION_BUS_ADDRESS', 'unix:path=/run/user/1000/bus'), ('SYSTEMD_EXEC_PID', '1568'), ('GIO_LAUNCHED_DESKTOP_FILE_PID', '6902'), ('SNAP_REVISION', '107'), ('IM_CONFIG_PHASE', '1'), ('ROS_DISTRO', 'humble'), ('WAYLAND_DISPLAY', 'wayland-0'), ('LOGNAME', 'robot33-5'), ('JOURNAL_STREAM', '8:28026'), ('SNAP_CONTEXT', 'LPsIUpTfNsdvJiuC9PQttVL9Kp7JxPCS1EuRBfoqsQhqHTJvyXaY'), ('_', '/usr/bin/env'), ('ROS_VERSION', '2'), ('SNAP_VERSION', '12.0.2'), ('XDG_SESSION_CLASS', 'user'), ('TERM', 'xterm'), ('USERNAME', 'robot33-5'), ('GNOME_DESKTOP_SESSION_ID', 'this-is-deprecated'), ('ROS_LOCALHOST_ONLY', '0'), ('SNAP_INSTANCE_NAME', 'qtcreator-ros'), ('PATH', '/opt/ros/humble/bin:/usr/local/sbin:/usr/local/bin:/usr/sbin:/usr/bin:/sbin:/bin:/usr/games:/usr/local/games:/snap/bin:/snap/bin'), ('INVOCATION_ID', '4b6a7057ad524f0183bbec85fb432212'), ('SESSION_MANAGER', 'local/robot33-5:@/tmp/.ICE-unix/1542,unix/robot33-5:/tmp/.ICE-unix/1542'), ('BAMF_DESKTOP_FILE_HINT', '/var/lib/snapd/desktop/applications/qtcreator-ros_qtcreator-ros.desktop'), ('GNOME_SETUP_DISPLAY', ':1'), ('LC_ADDRESS', 'ru_RU.UTF-8'), ('SNAP_DATA', '/var/snap/qtcreator-ros/107'), ('XDG_MENU_PREFIX', 'gnome-'), ('XDG_RUNTIME_DIR', '/run/user/1000'), ('DISPLAY', ':0'), ('LANG', 'en_US.UTF-8'), ('LC_TELEPHONE', 'ru_RU.UTF-8'), ('XDG_CURRENT_DESKTOP', 'ubuntu:GNOME'), ('XAUTHORITY', '/run/user/1000/.mutter-Xwaylandauth.QQR0I2'), ('XDG_SESSION_DESKTOP', 'ubuntu'), ('XMODIFIERS', '@im=ibus'), ('AMENT_PREFIX_PATH', '/opt/ros/humble'), ('SNAP_ARCH', 'amd64'), ('SNAP_COOKIE', 'LPsIUpTfNsdvJiuC9PQttVL9Kp7JxPCS1EuRBfoqsQhqHTJvyXaY'), ('SNAP_USER_COMMON', '/home/robot33-5/snap/qtcreator-ros/common'), ('SSH_AGENT_LAUNCHER', 'gnome-keyring'), ('SSH_AUTH_SOCK', '/run/user/1000/keyring/ssh'), ('LC_NAME', 'ru_RU.UTF-8'), ('SHELL', '/bin/bash'), ('GDMSESSION', 'ubuntu'), ('QT_ACCESSIBILITY', '1'), ('SNAP_REEXEC', ''), ('SNAP_NAME', 'qtcreator-ros'), ('LC_MEASUREMENT', 'ru_RU.UTF-8'), ('GJS_DEBUG_OUTPUT', 'stderr'), ('LC_IDENTIFICATION', 'ru_RU.UTF-8'), ('QT_IM_MODULE', 'ibus'), ('PWD', '/home/robot33-5/student133_ws/build/test_pkg'), ('QT_QPA_PLATFORM', 'wayland;xcb'), ('SNAP_REAL_HOME', '/home/robot33-5'), ('XDG_CONFIG_DIRS', '/etc/xdg/xdg-ubuntu:/etc/xdg'), ('XDG_DATA_DIRS', '/usr/share/ubuntu:/usr/local/share/:/usr/share/:/var/lib/snapd/desktop'), ('LC_NUMERIC', 'ru_RU.UTF-8'), ('PYTHONPATH', '/opt/ros/humble/lib/python3.10/site-packages:/opt/ros/humble/local/lib/python3.10/dist-packages'), ('SNAP', '/snap/qtcreator-ros/107'), ('SNAP_EUID', '1000'), ('LC_PAPER', 'ru_RU.UTF-8'), ('COLCON', '1'), ('LIBGL_DRIVERS_PATH', '/snap/qtcreator-ros/107/usr/lib/x86_64-linux-gnu/dri'), ('CMAKE_PREFIX_PATH', '/opt/ros/humble')]), 'shell': False}
[2.804515] (-) TimerEvent: {}
[2.829267] (test_pkg) StdoutLine: {'line': b'[ 50%] Building CXX object CMakeFiles/test_pkg_node.dir/src/test_pkg_node.cpp.o\n'}
[2.862672] (test_pkg) StderrLine: {'line': b'/home/robot33-5/student133_ws/src/test_pkg/src/test_pkg_node.cpp: In function \xe2\x80\x98int main(int, char**)\xe2\x80\x99:\n'}
[2.862809] (test_pkg) StderrLine: {'line': b'/home/robot33-5/student133_ws/src/test_pkg/src/test_pkg_node.cpp:1:14: warning: unused parameter \xe2\x80\x98argc\xe2\x80\x99 [-Wunused-parameter]\n'}
[2.862873] (test_pkg) StderrLine: {'line': b'    1 | int main(int argc, char **argv)\n'}
[2.862929] (test_pkg) StderrLine: {'line': b'      |          ~~~~^~~~\n'}
[2.862982] (test_pkg) StderrLine: {'line': b'/home/robot33-5/student133_ws/src/test_pkg/src/test_pkg_node.cpp:1:27: warning: unused parameter \xe2\x80\x98argv\xe2\x80\x99 [-Wunused-parameter]\n'}
[2.863035] (test_pkg) StderrLine: {'line': b'    1 | int main(int argc, char **argv)\n'}
[2.863088] (test_pkg) StderrLine: {'line': b'      |                    ~~~~~~~^~~~\n'}
[2.874767] (test_pkg) StdoutLine: {'line': b'[100%] Linking CXX executable test_pkg_node\n'}
[2.904683] (-) TimerEvent: {}
[3.004965] (-) TimerEvent: {}
[3.080763] (test_pkg) StdoutLine: {'line': b'[100%] Built target test_pkg_node\n'}
[3.087873] (test_pkg) CommandEnded: {'returncode': 0}
[3.103934] (test_pkg) JobProgress: {'identifier': 'test_pkg', 'progress': 'install'}
[3.105053] (-) TimerEvent: {}
[3.109821] (test_pkg) Command: {'cmd': ['/usr/bin/cmake', '--install', '/home/robot33-5/student133_ws/build/test_pkg'], 'cwd': '/home/robot33-5/student133_ws/build/test_pkg', 'env': OrderedDict([('GJS_DEBUG_TOPICS', 'JS ERROR;JS LOG'), ('LC_TIME', 'ru_RU.UTF-8'), ('SNAP_COMMON', '/var/snap/qtcreator-ros/common'), ('SNAP_INSTANCE_KEY', ''), ('USER', 'robot33-5'), ('XDG_SESSION_TYPE', 'wayland'), ('LD_LIBRARY_PATH', '/opt/ros/humble/opt/rviz_ogre_vendor/lib:/opt/ros/humble/lib/x86_64-linux-gnu:/opt/ros/humble/lib:/snap/qtcreator-ros/107/lib:/snap/qtcreator-ros/107/usr/lib/x86_64-linux-gnu'), ('SHLVL', '1'), ('SNAP_UID', '1000'), ('HOME', '/home/robot33-5'), ('SNAP_LIBRARY_PATH', '/var/lib/snapd/lib/gl:/var/lib/snapd/lib/gl32:/var/lib/snapd/void'), ('DESKTOP_SESSION', 'ubuntu'), ('QTDIR', '/usr/lib/x86_64-linux-gnu/qt5'), ('SNAP_USER_DATA', '/home/robot33-5/snap/qtcreator-ros/107'), ('GIO_LAUNCHED_DESKTOP_FILE', '/var/lib/snapd/desktop/applications/qtcreator-ros_qtcreator-ros.desktop'), ('GNOME_SHELL_SESSION_MODE', 'ubuntu'), ('GTK_MODULES', 'gail:atk-bridge'), ('ROS_PYTHON_VERSION', '3'), ('LC_MONETARY', 'ru_RU.UTF-8'), ('MANAGERPID', '1392'), ('DBUS_SESSION_BUS_ADDRESS', 'unix:path=/run/user/1000/bus'), ('SYSTEMD_EXEC_PID', '1568'), ('GIO_LAUNCHED_DESKTOP_FILE_PID', '6902'), ('SNAP_REVISION', '107'), ('IM_CONFIG_PHASE', '1'), ('ROS_DISTRO', 'humble'), ('WAYLAND_DISPLAY', 'wayland-0'), ('LOGNAME', 'robot33-5'), ('JOURNAL_STREAM', '8:28026'), ('SNAP_CONTEXT', 'LPsIUpTfNsdvJiuC9PQttVL9Kp7JxPCS1EuRBfoqsQhqHTJvyXaY'), ('_', '/usr/bin/env'), ('ROS_VERSION', '2'), ('SNAP_VERSION', '12.0.2'), ('XDG_SESSION_CLASS', 'user'), ('TERM', 'xterm'), ('USERNAME', 'robot33-5'), ('GNOME_DESKTOP_SESSION_ID', 'this-is-deprecated'), ('ROS_LOCALHOST_ONLY', '0'), ('SNAP_INSTANCE_NAME', 'qtcreator-ros'), ('PATH', '/opt/ros/humble/bin:/usr/local/sbin:/usr/local/bin:/usr/sbin:/usr/bin:/sbin:/bin:/usr/games:/usr/local/games:/snap/bin:/snap/bin'), ('INVOCATION_ID', '4b6a7057ad524f0183bbec85fb432212'), ('SESSION_MANAGER', 'local/robot33-5:@/tmp/.ICE-unix/1542,unix/robot33-5:/tmp/.ICE-unix/1542'), ('BAMF_DESKTOP_FILE_HINT', '/var/lib/snapd/desktop/applications/qtcreator-ros_qtcreator-ros.desktop'), ('GNOME_SETUP_DISPLAY', ':1'), ('LC_ADDRESS', 'ru_RU.UTF-8'), ('SNAP_DATA', '/var/snap/qtcreator-ros/107'), ('XDG_MENU_PREFIX', 'gnome-'), ('XDG_RUNTIME_DIR', '/run/user/1000'), ('DISPLAY', ':0'), ('LANG', 'en_US.UTF-8'), ('LC_TELEPHONE', 'ru_RU.UTF-8'), ('XDG_CURRENT_DESKTOP', 'ubuntu:GNOME'), ('XAUTHORITY', '/run/user/1000/.mutter-Xwaylandauth.QQR0I2'), ('XDG_SESSION_DESKTOP', 'ubuntu'), ('XMODIFIERS', '@im=ibus'), ('AMENT_PREFIX_PATH', '/opt/ros/humble'), ('SNAP_ARCH', 'amd64'), ('SNAP_COOKIE', 'LPsIUpTfNsdvJiuC9PQttVL9Kp7JxPCS1EuRBfoqsQhqHTJvyXaY'), ('SNAP_USER_COMMON', '/home/robot33-5/snap/qtcreator-ros/common'), ('SSH_AGENT_LAUNCHER', 'gnome-keyring'), ('SSH_AUTH_SOCK', '/run/user/1000/keyring/ssh'), ('LC_NAME', 'ru_RU.UTF-8'), ('SHELL', '/bin/bash'), ('GDMSESSION', 'ubuntu'), ('QT_ACCESSIBILITY', '1'), ('SNAP_REEXEC', ''), ('SNAP_NAME', 'qtcreator-ros'), ('LC_MEASUREMENT', 'ru_RU.UTF-8'), ('GJS_DEBUG_OUTPUT', 'stderr'), ('LC_IDENTIFICATION', 'ru_RU.UTF-8'), ('QT_IM_MODULE', 'ibus'), ('PWD', '/home/robot33-5/student133_ws/build/test_pkg'), ('QT_QPA_PLATFORM', 'wayland;xcb'), ('SNAP_REAL_HOME', '/home/robot33-5'), ('XDG_CONFIG_DIRS', '/etc/xdg/xdg-ubuntu:/etc/xdg'), ('XDG_DATA_DIRS', '/usr/share/ubuntu:/usr/local/share/:/usr/share/:/var/lib/snapd/desktop'), ('LC_NUMERIC', 'ru_RU.UTF-8'), ('PYTHONPATH', '/opt/ros/humble/lib/python3.10/site-packages:/opt/ros/humble/local/lib/python3.10/dist-packages'), ('SNAP', '/snap/qtcreator-ros/107'), ('SNAP_EUID', '1000'), ('LC_PAPER', 'ru_RU.UTF-8'), ('COLCON', '1'), ('LIBGL_DRIVERS_PATH', '/snap/qtcreator-ros/107/usr/lib/x86_64-linux-gnu/dri'), ('CMAKE_PREFIX_PATH', '/opt/ros/humble')]), 'shell': False}
[3.115831] (test_pkg) StdoutLine: {'line': b'-- Install configuration: "Debug"\n'}
[3.115999] (test_pkg) StdoutLine: {'line': b'-- Installing: /home/robot33-5/student133_ws/install/test_pkg/lib/test_pkg/test_pkg_node\n'}
[3.116221] (test_pkg) StdoutLine: {'line': b'-- Set runtime path of "/home/robot33-5/student133_ws/install/test_pkg/lib/test_pkg/test_pkg_node" to ""\n'}
[3.116437] (test_pkg) StdoutLine: {'line': b'-- Installing: /home/robot33-5/student133_ws/install/test_pkg/share/ament_index/resource_index/package_run_dependencies/test_pkg\n'}
[3.116497] (test_pkg) StdoutLine: {'line': b'-- Installing: /home/robot33-5/student133_ws/install/test_pkg/share/ament_index/resource_index/parent_prefix_path/test_pkg\n'}
[3.116643] (test_pkg) StdoutLine: {'line': b'-- Installing: /home/robot33-5/student133_ws/install/test_pkg/share/test_pkg/environment/ament_prefix_path.sh\n'}
[3.116694] (test_pkg) StdoutLine: {'line': b'-- Installing: /home/robot33-5/student133_ws/install/test_pkg/share/test_pkg/environment/ament_prefix_path.dsv\n'}
[3.116786] (test_pkg) StdoutLine: {'line': b'-- Installing: /home/robot33-5/student133_ws/install/test_pkg/share/test_pkg/environment/path.sh\n'}
[3.116836] (test_pkg) StdoutLine: {'line': b'-- Installing: /home/robot33-5/student133_ws/install/test_pkg/share/test_pkg/environment/path.dsv\n'}
[3.116921] (test_pkg) StdoutLine: {'line': b'-- Installing: /home/robot33-5/student133_ws/install/test_pkg/share/test_pkg/local_setup.bash\n'}
[3.117000] (test_pkg) StdoutLine: {'line': b'-- Installing: /home/robot33-5/student133_ws/install/test_pkg/share/test_pkg/local_setup.sh\n'}
[3.117084] (test_pkg) StdoutLine: {'line': b'-- Installing: /home/robot33-5/student133_ws/install/test_pkg/share/test_pkg/local_setup.zsh\n'}
[3.117173] (test_pkg) StdoutLine: {'line': b'-- Installing: /home/robot33-5/student133_ws/install/test_pkg/share/test_pkg/local_setup.dsv\n'}
[3.117256] (test_pkg) StdoutLine: {'line': b'-- Installing: /home/robot33-5/student133_ws/install/test_pkg/share/test_pkg/package.dsv\n'}
[3.117353] (test_pkg) StdoutLine: {'line': b'-- Installing: /home/robot33-5/student133_ws/install/test_pkg/share/ament_index/resource_index/packages/test_pkg\n'}
[3.117465] (test_pkg) StdoutLine: {'line': b'-- Installing: /home/robot33-5/student133_ws/install/test_pkg/share/test_pkg/cmake/test_pkgConfig.cmake\n'}
[3.117548] (test_pkg) StdoutLine: {'line': b'-- Installing: /home/robot33-5/student133_ws/install/test_pkg/share/test_pkg/cmake/test_pkgConfig-version.cmake\n'}
[3.117638] (test_pkg) StdoutLine: {'line': b'-- Installing: /home/robot33-5/student133_ws/install/test_pkg/share/test_pkg/package.xml\n'}
[3.118640] (test_pkg) CommandEnded: {'returncode': 0}
[3.205498] (-) TimerEvent: {}
[3.231572] (test_pkg) JobEnded: {'identifier': 'test_pkg', 'rc': 0}
[3.231788] (-) EventReactorShutdown: {}
