[2.297s] DEBUG:colcon:Command line arguments: ['/usr/bin/colcon', 'build', '--event-handlers', 'status+', 'console_start_end+', '--cmake-args', '-G', 'CodeBlocks - Unix Makefiles', '-DCMAKE_BUILD_TYPE=Debug']
[2.297s] DEBUG:colcon:Parsed command line arguments: Namespace(log_base=None, log_level=None, verb_name='build', build_base='build', install_base='install', merge_install=False, symlink_install=False, test_result_base=None, continue_on_error=False, executor='parallel', parallel_workers=8, event_handlers=['status+', 'console_start_end+'], ignore_user_meta=False, metas=['./colcon.meta'], base_paths=['.'], packages_ignore=None, packages_ignore_regex=None, paths=None, packages_up_to=None, packages_up_to_regex=None, packages_above=None, packages_above_and_dependencies=None, packages_above_depth=None, packages_select_by_dep=None, packages_skip_by_dep=None, packages_skip_up_to=None, packages_select_build_failed=False, packages_skip_build_finished=False, packages_select_test_failures=False, packages_skip_test_passed=False, packages_select=None, packages_skip=None, packages_select_regex=None, packages_skip_regex=None, packages_start=None, packages_end=None, allow_overriding=[], cmake_args=['-G', 'CodeBlocks - Unix Makefiles', '-DCMAKE_BUILD_TYPE=Debug'], cmake_target=None, cmake_target_skip_unavailable=False, cmake_clean_cache=False, cmake_clean_first=False, cmake_force_configure=False, ament_cmake_args=None, catkin_cmake_args=None, catkin_skip_building_tests=False, verb_parser=<colcon_defaults.argument_parser.defaults.DefaultArgumentsDecorator object at 0x7ff85520c940>, verb_extension=<colcon_core.verb.build.BuildVerb object at 0x7ff8556b4df0>, main=<bound method BuildVerb.main of <colcon_core.verb.build.BuildVerb object at 0x7ff8556b4df0>>)
[2.507s] Level 1:colcon.colcon_core.package_discovery:discover_packages(colcon_meta) check parameters
[2.508s] Level 1:colcon.colcon_core.package_discovery:discover_packages(recursive) check parameters
[2.508s] Level 1:colcon.colcon_core.package_discovery:discover_packages(ignore) check parameters
[2.508s] Level 1:colcon.colcon_core.package_discovery:discover_packages(path) check parameters
[2.508s] Level 1:colcon.colcon_core.package_discovery:discover_packages(colcon_meta) discover
[2.508s] Level 1:colcon.colcon_core.package_discovery:discover_packages(recursive) discover
[2.508s] INFO:colcon.colcon_core.package_discovery:Crawling recursively for packages in '/home/robot33-5/student133_ws'
[2.508s] Level 1:colcon.colcon_core.package_identification:_identify(.) by extensions ['ignore', 'ignore_ament_install']
[2.508s] Level 1:colcon.colcon_core.package_identification:_identify(.) by extension 'ignore'
[2.508s] Level 1:colcon.colcon_core.package_identification:_identify(.) by extension 'ignore_ament_install'
[2.508s] Level 1:colcon.colcon_core.package_identification:_identify(.) by extensions ['colcon_pkg']
[2.508s] Level 1:colcon.colcon_core.package_identification:_identify(.) by extension 'colcon_pkg'
[2.508s] Level 1:colcon.colcon_core.package_identification:_identify(.) by extensions ['colcon_meta']
[2.508s] Level 1:colcon.colcon_core.package_identification:_identify(.) by extension 'colcon_meta'
[2.508s] Level 1:colcon.colcon_core.package_identification:_identify(.) by extensions ['ros']
[2.508s] Level 1:colcon.colcon_core.package_identification:_identify(.) by extension 'ros'
[2.517s] Level 1:colcon.colcon_core.package_identification:_identify(.) by extensions ['cmake', 'python']
[2.517s] Level 1:colcon.colcon_core.package_identification:_identify(.) by extension 'cmake'
[2.517s] Level 1:colcon.colcon_core.package_identification:_identify(.) by extension 'python'
[2.517s] Level 1:colcon.colcon_core.package_identification:_identify(.) by extensions ['python_setup_py']
[2.517s] Level 1:colcon.colcon_core.package_identification:_identify(.) by extension 'python_setup_py'
[2.517s] Level 1:colcon.colcon_core.package_identification:_identify(build) by extensions ['ignore', 'ignore_ament_install']
[2.518s] Level 1:colcon.colcon_core.package_identification:_identify(build) by extension 'ignore'
[2.518s] Level 1:colcon.colcon_core.package_identification:_identify(build) ignored
[2.518s] Level 1:colcon.colcon_core.package_identification:_identify(install) by extensions ['ignore', 'ignore_ament_install']
[2.518s] Level 1:colcon.colcon_core.package_identification:_identify(install) by extension 'ignore'
[2.518s] Level 1:colcon.colcon_core.package_identification:_identify(install) ignored
[2.518s] Level 1:colcon.colcon_core.package_identification:_identify(log) by extensions ['ignore', 'ignore_ament_install']
[2.518s] Level 1:colcon.colcon_core.package_identification:_identify(log) by extension 'ignore'
[2.518s] Level 1:colcon.colcon_core.package_identification:_identify(log) ignored
[2.518s] Level 1:colcon.colcon_core.package_identification:_identify(src) by extensions ['ignore', 'ignore_ament_install']
[2.518s] Level 1:colcon.colcon_core.package_identification:_identify(src) by extension 'ignore'
[2.518s] Level 1:colcon.colcon_core.package_identification:_identify(src) by extension 'ignore_ament_install'
[2.518s] Level 1:colcon.colcon_core.package_identification:_identify(src) by extensions ['colcon_pkg']
[2.518s] Level 1:colcon.colcon_core.package_identification:_identify(src) by extension 'colcon_pkg'
[2.518s] Level 1:colcon.colcon_core.package_identification:_identify(src) by extensions ['colcon_meta']
[2.518s] Level 1:colcon.colcon_core.package_identification:_identify(src) by extension 'colcon_meta'
[2.518s] Level 1:colcon.colcon_core.package_identification:_identify(src) by extensions ['ros']
[2.518s] Level 1:colcon.colcon_core.package_identification:_identify(src) by extension 'ros'
[2.518s] Level 1:colcon.colcon_core.package_identification:_identify(src) by extensions ['cmake', 'python']
[2.518s] Level 1:colcon.colcon_core.package_identification:_identify(src) by extension 'cmake'
[2.518s] Level 1:colcon.colcon_core.package_identification:_identify(src) by extension 'python'
[2.518s] Level 1:colcon.colcon_core.package_identification:_identify(src) by extensions ['python_setup_py']
[2.519s] Level 1:colcon.colcon_core.package_identification:_identify(src) by extension 'python_setup_py'
[2.519s] Level 1:colcon.colcon_core.package_identification:_identify(src/test_pkg) by extensions ['ignore', 'ignore_ament_install']
[2.519s] Level 1:colcon.colcon_core.package_identification:_identify(src/test_pkg) by extension 'ignore'
[2.519s] Level 1:colcon.colcon_core.package_identification:_identify(src/test_pkg) by extension 'ignore_ament_install'
[2.519s] Level 1:colcon.colcon_core.package_identification:_identify(src/test_pkg) by extensions ['colcon_pkg']
[2.519s] Level 1:colcon.colcon_core.package_identification:_identify(src/test_pkg) by extension 'colcon_pkg'
[2.519s] Level 1:colcon.colcon_core.package_identification:_identify(src/test_pkg) by extensions ['colcon_meta']
[2.519s] Level 1:colcon.colcon_core.package_identification:_identify(src/test_pkg) by extension 'colcon_meta'
[2.519s] Level 1:colcon.colcon_core.package_identification:_identify(src/test_pkg) by extensions ['ros']
[2.519s] Level 1:colcon.colcon_core.package_identification:_identify(src/test_pkg) by extension 'ros'
[2.543s] DEBUG:colcon.colcon_core.package_identification:Package 'src/test_pkg' with type 'ros.ament_cmake' and name 'test_pkg'
[2.543s] Level 1:colcon.colcon_core.package_discovery:discover_packages(recursive) using defaults
[2.543s] Level 1:colcon.colcon_core.package_discovery:discover_packages(ignore) discover
[2.543s] Level 1:colcon.colcon_core.package_discovery:discover_packages(ignore) using defaults
[2.543s] Level 1:colcon.colcon_core.package_discovery:discover_packages(path) discover
[2.543s] Level 1:colcon.colcon_core.package_discovery:discover_packages(path) using defaults
[2.681s] Level 1:colcon.colcon_core.package_discovery:discover_packages(prefix_path) check parameters
[2.681s] Level 1:colcon.colcon_core.package_discovery:discover_packages(prefix_path) discover
[2.705s] DEBUG:colcon.colcon_installed_package_information.package_discovery:Found 270 installed packages in /opt/ros/humble
[2.706s] Level 1:colcon.colcon_core.package_discovery:discover_packages(prefix_path) using defaults
[2.785s] Level 5:colcon.colcon_core.verb:set package 'test_pkg' build argument 'cmake_args' from command line to '['-G', 'CodeBlocks - Unix Makefiles', '-DCMAKE_BUILD_TYPE=Debug']'
[2.785s] Level 5:colcon.colcon_core.verb:set package 'test_pkg' build argument 'cmake_target' from command line to 'None'
[2.785s] Level 5:colcon.colcon_core.verb:set package 'test_pkg' build argument 'cmake_target_skip_unavailable' from command line to 'False'
[2.785s] Level 5:colcon.colcon_core.verb:set package 'test_pkg' build argument 'cmake_clean_cache' from command line to 'False'
[2.785s] Level 5:colcon.colcon_core.verb:set package 'test_pkg' build argument 'cmake_clean_first' from command line to 'False'
[2.785s] Level 5:colcon.colcon_core.verb:set package 'test_pkg' build argument 'cmake_force_configure' from command line to 'False'
[2.785s] Level 5:colcon.colcon_core.verb:set package 'test_pkg' build argument 'ament_cmake_args' from command line to 'None'
[2.785s] Level 5:colcon.colcon_core.verb:set package 'test_pkg' build argument 'catkin_cmake_args' from command line to 'None'
[2.786s] Level 5:colcon.colcon_core.verb:set package 'test_pkg' build argument 'catkin_skip_building_tests' from command line to 'False'
[2.786s] DEBUG:colcon.colcon_core.verb:Building package 'test_pkg' with the following arguments: {'ament_cmake_args': None, 'build_base': '/home/robot33-5/student133_ws/build/test_pkg', 'catkin_cmake_args': None, 'catkin_skip_building_tests': False, 'cmake_args': ['-G', 'CodeBlocks - Unix Makefiles', '-DCMAKE_BUILD_TYPE=Debug'], 'cmake_clean_cache': False, 'cmake_clean_first': False, 'cmake_force_configure': False, 'cmake_target': None, 'cmake_target_skip_unavailable': False, 'install_base': '/home/robot33-5/student133_ws/install/test_pkg', 'merge_install': False, 'path': '/home/robot33-5/student133_ws/src/test_pkg', 'symlink_install': False, 'test_result_base': None}
[2.797s] INFO:colcon.colcon_core.executor:Executing jobs using 'parallel' executor
[2.809s] DEBUG:colcon.colcon_parallel_executor.executor.parallel:run_until_complete
[2.809s] INFO:colcon.colcon_ros.task.ament_cmake.build:Building ROS package in '/home/robot33-5/student133_ws/src/test_pkg' with build type 'ament_cmake'
[2.809s] INFO:colcon.colcon_cmake.task.cmake.build:Building CMake package in '/home/robot33-5/student133_ws/src/test_pkg'
[2.822s] INFO:colcon.colcon_core.plugin_system:Skipping extension 'colcon_core.shell.bat': Not used on non-Windows systems
[2.822s] INFO:colcon.colcon_core.shell:Skip shell extension 'powershell' for command environment: Not usable outside of PowerShell
[2.822s] DEBUG:colcon.colcon_core.shell:Skip shell extension 'dsv' for command environment
[2.849s] DEBUG:colcon.colcon_core.event_handler.log_command:Invoking command in '/home/robot33-5/student133_ws/build/test_pkg': CMAKE_PREFIX_PATH=/opt/ros/humble /usr/bin/cmake /home/robot33-5/student133_ws/src/test_pkg -G CodeBlocks - Unix Makefiles -DCMAKE_BUILD_TYPE=Debug -DCMAKE_INSTALL_PREFIX=/home/robot33-5/student133_ws/install/test_pkg
[5.603s] DEBUG:colcon.colcon_core.event_handler.log_command:Invoked command in '/home/robot33-5/student133_ws/build/test_pkg' returned '0': CMAKE_PREFIX_PATH=/opt/ros/humble /usr/bin/cmake /home/robot33-5/student133_ws/src/test_pkg -G CodeBlocks - Unix Makefiles -DCMAKE_BUILD_TYPE=Debug -DCMAKE_INSTALL_PREFIX=/home/robot33-5/student133_ws/install/test_pkg
[5.604s] DEBUG:colcon.colcon_core.event_handler.log_command:Invoking command in '/home/robot33-5/student133_ws/build/test_pkg': CMAKE_PREFIX_PATH=/opt/ros/humble /usr/bin/cmake --build /home/robot33-5/student133_ws/build/test_pkg -- -j8 -l8
[5.897s] DEBUG:colcon.colcon_core.event_handler.log_command:Invoked command in '/home/robot33-5/student133_ws/build/test_pkg' returned '0': CMAKE_PREFIX_PATH=/opt/ros/humble /usr/bin/cmake --build /home/robot33-5/student133_ws/build/test_pkg -- -j8 -l8
[5.919s] DEBUG:colcon.colcon_core.event_handler.log_command:Invoking command in '/home/robot33-5/student133_ws/build/test_pkg': CMAKE_PREFIX_PATH=/opt/ros/humble /usr/bin/cmake --install /home/robot33-5/student133_ws/build/test_pkg
[5.927s] Level 1:colcon.colcon_core.environment:create_environment_scripts_only(test_pkg)
[5.927s] DEBUG:colcon.colcon_core.event_handler.log_command:Invoked command in '/home/robot33-5/student133_ws/build/test_pkg' returned '0': CMAKE_PREFIX_PATH=/opt/ros/humble /usr/bin/cmake --install /home/robot33-5/student133_ws/build/test_pkg
[5.940s] Level 1:colcon.colcon_core.environment:checking '/home/robot33-5/student133_ws/install/test_pkg' for CMake module files
[5.941s] Level 1:colcon.colcon_core.environment:checking '/home/robot33-5/student133_ws/install/test_pkg' for CMake config files
[5.941s] Level 1:colcon.colcon_core.shell:create_environment_hook('test_pkg', 'cmake_prefix_path')
[5.953s] INFO:colcon.colcon_core.shell:Creating environment hook '/home/robot33-5/student133_ws/install/test_pkg/share/test_pkg/hook/cmake_prefix_path.ps1'
[5.953s] INFO:colcon.colcon_core.shell:Creating environment descriptor '/home/robot33-5/student133_ws/install/test_pkg/share/test_pkg/hook/cmake_prefix_path.dsv'
[5.954s] INFO:colcon.colcon_core.shell:Creating environment hook '/home/robot33-5/student133_ws/install/test_pkg/share/test_pkg/hook/cmake_prefix_path.sh'
[5.954s] Level 1:colcon.colcon_core.environment:checking '/home/robot33-5/student133_ws/install/test_pkg/lib'
[5.954s] Level 1:colcon.colcon_core.environment:checking '/home/robot33-5/student133_ws/install/test_pkg/bin'
[5.954s] Level 1:colcon.colcon_core.environment:checking '/home/robot33-5/student133_ws/install/test_pkg/lib/pkgconfig/test_pkg.pc'
[5.955s] Level 1:colcon.colcon_core.environment:checking '/home/robot33-5/student133_ws/install/test_pkg/lib/python3.10/site-packages'
[5.955s] Level 1:colcon.colcon_core.environment:checking '/home/robot33-5/student133_ws/install/test_pkg/bin'
[5.968s] INFO:colcon.colcon_core.shell:Creating package script '/home/robot33-5/student133_ws/install/test_pkg/share/test_pkg/package.ps1'
[5.969s] INFO:colcon.colcon_core.shell:Creating package descriptor '/home/robot33-5/student133_ws/install/test_pkg/share/test_pkg/package.dsv'
[5.969s] INFO:colcon.colcon_core.shell:Creating package script '/home/robot33-5/student133_ws/install/test_pkg/share/test_pkg/package.sh'
[5.970s] INFO:colcon.colcon_core.shell:Creating package script '/home/robot33-5/student133_ws/install/test_pkg/share/test_pkg/package.bash'
[5.971s] INFO:colcon.colcon_core.shell:Creating package script '/home/robot33-5/student133_ws/install/test_pkg/share/test_pkg/package.zsh'
[5.971s] Level 1:colcon.colcon_core.environment:create_file_with_runtime_dependencies(/home/robot33-5/student133_ws/install/test_pkg/share/colcon-core/packages/test_pkg)
[6.000s] Level 1:colcon.colcon_core.environment:create_environment_scripts_only(test_pkg)
[6.012s] Level 1:colcon.colcon_core.environment:checking '/home/robot33-5/student133_ws/install/test_pkg' for CMake module files
[6.013s] Level 1:colcon.colcon_core.environment:checking '/home/robot33-5/student133_ws/install/test_pkg' for CMake config files
[6.013s] Level 1:colcon.colcon_core.shell:create_environment_hook('test_pkg', 'cmake_prefix_path')
[6.025s] INFO:colcon.colcon_core.shell:Creating environment hook '/home/robot33-5/student133_ws/install/test_pkg/share/test_pkg/hook/cmake_prefix_path.ps1'
[6.025s] INFO:colcon.colcon_core.shell:Creating environment descriptor '/home/robot33-5/student133_ws/install/test_pkg/share/test_pkg/hook/cmake_prefix_path.dsv'
[6.025s] INFO:colcon.colcon_core.shell:Creating environment hook '/home/robot33-5/student133_ws/install/test_pkg/share/test_pkg/hook/cmake_prefix_path.sh'
[6.026s] Level 1:colcon.colcon_core.environment:checking '/home/robot33-5/student133_ws/install/test_pkg/lib'
[6.026s] Level 1:colcon.colcon_core.environment:checking '/home/robot33-5/student133_ws/install/test_pkg/bin'
[6.026s] Level 1:colcon.colcon_core.environment:checking '/home/robot33-5/student133_ws/install/test_pkg/lib/pkgconfig/test_pkg.pc'
[6.026s] Level 1:colcon.colcon_core.environment:checking '/home/robot33-5/student133_ws/install/test_pkg/lib/python3.10/site-packages'
[6.026s] Level 1:colcon.colcon_core.environment:checking '/home/robot33-5/student133_ws/install/test_pkg/bin'
[6.038s] INFO:colcon.colcon_core.shell:Creating package script '/home/robot33-5/student133_ws/install/test_pkg/share/test_pkg/package.ps1'
[6.039s] INFO:colcon.colcon_core.shell:Creating package descriptor '/home/robot33-5/student133_ws/install/test_pkg/share/test_pkg/package.dsv'
[6.039s] INFO:colcon.colcon_core.shell:Creating package script '/home/robot33-5/student133_ws/install/test_pkg/share/test_pkg/package.sh'
[6.039s] INFO:colcon.colcon_core.shell:Creating package script '/home/robot33-5/student133_ws/install/test_pkg/share/test_pkg/package.bash'
[6.039s] INFO:colcon.colcon_core.shell:Creating package script '/home/robot33-5/student133_ws/install/test_pkg/share/test_pkg/package.zsh'
[6.040s] Level 1:colcon.colcon_core.environment:create_file_with_runtime_dependencies(/home/robot33-5/student133_ws/install/test_pkg/share/colcon-core/packages/test_pkg)
[6.040s] DEBUG:colcon.colcon_parallel_executor.executor.parallel:closing loop
[6.040s] DEBUG:colcon.colcon_parallel_executor.executor.parallel:loop closed
[6.040s] DEBUG:colcon.colcon_parallel_executor.executor.parallel:run_until_complete finished with '0'
[6.040s] DEBUG:colcon.colcon_core.event_reactor:joining thread
[6.055s] INFO:colcon.colcon_core.plugin_system:Skipping extension 'colcon_notification.desktop_notification.terminal_notifier': Not used on non-Darwin systems
[6.055s] INFO:colcon.colcon_core.plugin_system:Skipping extension 'colcon_notification.desktop_notification.win32': Not used on non-Windows systems
[6.056s] INFO:colcon.colcon_notification.desktop_notification:Sending desktop notification using 'notify2'
[6.076s] DEBUG:colcon.colcon_core.event_reactor:joined thread
[6.089s] INFO:colcon.colcon_core.shell:Creating prefix script '/home/robot33-5/student133_ws/install/local_setup.ps1'
[6.089s] INFO:colcon.colcon_core.shell:Creating prefix util module '/home/robot33-5/student133_ws/install/_local_setup_util_ps1.py'
[6.090s] INFO:colcon.colcon_core.shell:Creating prefix chain script '/home/robot33-5/student133_ws/install/setup.ps1'
[6.103s] INFO:colcon.colcon_core.shell:Creating prefix script '/home/robot33-5/student133_ws/install/local_setup.sh'
[6.103s] INFO:colcon.colcon_core.shell:Creating prefix util module '/home/robot33-5/student133_ws/install/_local_setup_util_sh.py'
[6.104s] INFO:colcon.colcon_core.shell:Creating prefix chain script '/home/robot33-5/student133_ws/install/setup.sh'
[6.125s] INFO:colcon.colcon_core.shell:Creating prefix script '/home/robot33-5/student133_ws/install/local_setup.bash'
[6.125s] INFO:colcon.colcon_core.shell:Creating prefix chain script '/home/robot33-5/student133_ws/install/setup.bash'
[6.138s] INFO:colcon.colcon_core.shell:Creating prefix script '/home/robot33-5/student133_ws/install/local_setup.zsh'
[6.138s] INFO:colcon.colcon_core.shell:Creating prefix chain script '/home/robot33-5/student133_ws/install/setup.zsh'
