[0.031s] Invoking command in '/home/robot33-6/student133_ws/build/custom_counter': CMAKE_PREFIX_PATH=${CMAKE_PREFIX_PATH}:/opt/ros/humble /usr/bin/cmake /home/robot33-6/student133_ws/src/custom_counter -G CodeBlocks - Unix Makefiles -DCMAKE_BUILD_TYPE=Debug -DCMAKE_INSTALL_PREFIX=/home/robot33-6/student133_ws/install/custom_counter
[0.066s] -- Found ament_cmake: 1.3.8 (/opt/ros/humble/share/ament_cmake/cmake)
[0.318s] -- Found Python3: /usr/bin/python3 (found version "3.10.12") found components: Interpreter 
[0.483s] -- Found rclcpp: 16.0.8 (/opt/ros/humble/share/rclcpp/cmake)
[0.551s] -- Found rosidl_generator_c: 3.1.5 (/opt/ros/humble/share/rosidl_generator_c/cmake)
[0.560s] -- Found rosidl_adapter: 3.1.5 (/opt/ros/humble/share/rosidl_adapter/cmake)
[0.574s] -- Found rosidl_generator_cpp: 3.1.5 (/opt/ros/humble/share/rosidl_generator_cpp/cmake)
[0.597s] -- Using all available rosidl_typesupport_c: rosidl_typesupport_fastrtps_c;rosidl_typesupport_introspection_c
[0.628s] -- Using all available rosidl_typesupport_cpp: rosidl_typesupport_fastrtps_cpp;rosidl_typesupport_introspection_cpp
[0.743s] -- Found rmw_implementation_cmake: 6.1.1 (/opt/ros/humble/share/rmw_implementation_cmake/cmake)
[0.748s] -- Found rmw_fastrtps_cpp: 6.2.6 (/opt/ros/humble/share/rmw_fastrtps_cpp/cmake)
[0.891s] -- Found OpenSSL: /usr/lib/x86_64-linux-gnu/libcrypto.so (found version "3.0.2")  
[0.926s] -- Found FastRTPS: /opt/ros/humble/include  
[0.988s] -- Using RMW implementation 'rmw_fastrtps_cpp' as default
[1.002s] -- Looking for pthread.h
[1.112s] -- Looking for pthread.h - found
[1.112s] -- Performing Test CMAKE_HAVE_LIBC_PTHREAD
[1.225s] -- Performing Test CMAKE_HAVE_LIBC_PTHREAD - Success
[1.235s] -- Found Threads: TRUE  
[1.479s] -- Found ament_lint_auto: 0.12.10 (/opt/ros/humble/share/ament_lint_auto/cmake)
[1.637s] -- Added test 'cppcheck' to perform static code analysis on C / C++ code
[1.637s] -- Configured cppcheck include dirs: 
[1.637s] -- Configured cppcheck exclude dirs and/or files: 
[1.638s] -- Added test 'lint_cmake' to check CMake code style
[1.640s] -- Added test 'uncrustify' to check C / C++ code style
[1.640s] -- Configured uncrustify additional arguments: 
[1.641s] -- Added test 'xmllint' to check XML markup files
[1.643s] -- Configuring done
[1.665s] -- Generating done
[1.667s] -- Build files have been written to: /home/robot33-6/student133_ws/build/custom_counter
[1.684s] Invoked command in '/home/robot33-6/student133_ws/build/custom_counter' returned '0': CMAKE_PREFIX_PATH=${CMAKE_PREFIX_PATH}:/opt/ros/humble /usr/bin/cmake /home/robot33-6/student133_ws/src/custom_counter -G CodeBlocks - Unix Makefiles -DCMAKE_BUILD_TYPE=Debug -DCMAKE_INSTALL_PREFIX=/home/robot33-6/student133_ws/install/custom_counter
[1.684s] Invoking command in '/home/robot33-6/student133_ws/build/custom_counter': CMAKE_PREFIX_PATH=${CMAKE_PREFIX_PATH}:/opt/ros/humble /usr/bin/cmake --build /home/robot33-6/student133_ws/build/custom_counter -- -j8 -l8
[1.752s] [ 50%] Building CXX object CMakeFiles/custom_counter_node.dir/src/custom_counter_node.cpp.o
[10.207s] [100%] Linking CXX executable custom_counter_node
[10.540s] [100%] Built target custom_counter_node
