[0.051s] Invoking command in '/home/eragon/student133_ws/build/custom_counter': CMAKE_PREFIX_PATH=${CMAKE_PREFIX_PATH}:/opt/ros/humble /usr/bin/cmake --build /home/eragon/student133_ws/build/custom_counter -- -j8 -l8
[0.193s] [100%] Built target custom_counter_node
[0.230s] Invoked command in '/home/eragon/student133_ws/build/custom_counter' returned '0': CMAKE_PREFIX_PATH=${CMAKE_PREFIX_PATH}:/opt/ros/humble /usr/bin/cmake --build /home/eragon/student133_ws/build/custom_counter -- -j8 -l8
[0.365s] Invoking command in '/home/eragon/student133_ws/build/custom_counter': CMAKE_PREFIX_PATH=${CMAKE_PREFIX_PATH}:/opt/ros/humble /usr/bin/cmake --install /home/eragon/student133_ws/build/custom_counter
[0.378s] -- Install configuration: "Debug"
[0.378s] -- Up-to-date: /home/eragon/student133_ws/install/custom_counter/lib/custom_counter/custom_counter_node
[0.378s] -- Up-to-date: /home/eragon/student133_ws/install/custom_counter/share/ament_index/resource_index/package_run_dependencies/custom_counter
[0.378s] -- Up-to-date: /home/eragon/student133_ws/install/custom_counter/share/ament_index/resource_index/parent_prefix_path/custom_counter
[0.378s] -- Up-to-date: /home/eragon/student133_ws/install/custom_counter/share/custom_counter/environment/ament_prefix_path.sh
[0.378s] -- Up-to-date: /home/eragon/student133_ws/install/custom_counter/share/custom_counter/environment/ament_prefix_path.dsv
[0.378s] -- Up-to-date: /home/eragon/student133_ws/install/custom_counter/share/custom_counter/environment/path.sh
[0.378s] -- Up-to-date: /home/eragon/student133_ws/install/custom_counter/share/custom_counter/environment/path.dsv
[0.378s] -- Up-to-date: /home/eragon/student133_ws/install/custom_counter/share/custom_counter/local_setup.bash
[0.379s] -- Up-to-date: /home/eragon/student133_ws/install/custom_counter/share/custom_counter/local_setup.sh
[0.379s] -- Up-to-date: /home/eragon/student133_ws/install/custom_counter/share/custom_counter/local_setup.zsh
[0.379s] -- Up-to-date: /home/eragon/student133_ws/install/custom_counter/share/custom_counter/local_setup.dsv
[0.379s] -- Installing: /home/eragon/student133_ws/install/custom_counter/share/custom_counter/package.dsv
[0.379s] -- Up-to-date: /home/eragon/student133_ws/install/custom_counter/share/ament_index/resource_index/packages/custom_counter
[0.380s] -- Up-to-date: /home/eragon/student133_ws/install/custom_counter/share/custom_counter/cmake/custom_counterConfig.cmake
[0.381s] -- Up-to-date: /home/eragon/student133_ws/install/custom_counter/share/custom_counter/cmake/custom_counterConfig-version.cmake
[0.381s] -- Up-to-date: /home/eragon/student133_ws/install/custom_counter/share/custom_counter/package.xml
[0.384s] Invoked command in '/home/eragon/student133_ws/build/custom_counter' returned '0': CMAKE_PREFIX_PATH=${CMAKE_PREFIX_PATH}:/opt/ros/humble /usr/bin/cmake --install /home/eragon/student133_ws/build/custom_counter
