[0.059s] Invoking command in '/home/eragon/student133_ws/build/pointcloud2': CMAKE_PREFIX_PATH=${CMAKE_PREFIX_PATH}:/opt/ros/humble /usr/bin/cmake --build /home/eragon/student133_ws/build/pointcloud2 -- -j8 -l8
[0.169s] Consolidate compiler generated dependencies of target pointcloud2_node
[0.252s] [100%] Built target pointcloud2_node
[0.270s] Invoked command in '/home/eragon/student133_ws/build/pointcloud2' returned '0': CMAKE_PREFIX_PATH=${CMAKE_PREFIX_PATH}:/opt/ros/humble /usr/bin/cmake --build /home/eragon/student133_ws/build/pointcloud2 -- -j8 -l8
[0.270s] Invoking command in '/home/eragon/student133_ws/build/pointcloud2': CMAKE_PREFIX_PATH=${CMAKE_PREFIX_PATH}:/opt/ros/humble /usr/bin/cmake --install /home/eragon/student133_ws/build/pointcloud2
[0.320s] -- Install configuration: "Debug"
[0.320s] -- Up-to-date: /home/eragon/student133_ws/install/pointcloud2/lib/pointcloud2/pointcloud2_node
[0.320s] -- Up-to-date: /home/eragon/student133_ws/install/pointcloud2/share/pointcloud2/launch
[0.321s] -- Up-to-date: /home/eragon/student133_ws/install/pointcloud2/share/pointcloud2/launch/image_launch.py
[0.321s] -- Up-to-date: /home/eragon/student133_ws/install/pointcloud2/share/ament_index/resource_index/package_run_dependencies/pointcloud2
[0.321s] -- Up-to-date: /home/eragon/student133_ws/install/pointcloud2/share/ament_index/resource_index/parent_prefix_path/pointcloud2
[0.321s] -- Up-to-date: /home/eragon/student133_ws/install/pointcloud2/share/pointcloud2/environment/ament_prefix_path.sh
[0.321s] -- Up-to-date: /home/eragon/student133_ws/install/pointcloud2/share/pointcloud2/environment/ament_prefix_path.dsv
[0.321s] -- Up-to-date: /home/eragon/student133_ws/install/pointcloud2/share/pointcloud2/environment/path.sh
[0.321s] -- Up-to-date: /home/eragon/student133_ws/install/pointcloud2/share/pointcloud2/environment/path.dsv
[0.321s] -- Up-to-date: /home/eragon/student133_ws/install/pointcloud2/share/pointcloud2/local_setup.bash
[0.321s] -- Up-to-date: /home/eragon/student133_ws/install/pointcloud2/share/pointcloud2/local_setup.sh
[0.322s] -- Up-to-date: /home/eragon/student133_ws/install/pointcloud2/share/pointcloud2/local_setup.zsh
[0.322s] -- Up-to-date: /home/eragon/student133_ws/install/pointcloud2/share/pointcloud2/local_setup.dsv
[0.322s] -- Installing: /home/eragon/student133_ws/install/pointcloud2/share/pointcloud2/package.dsv
[0.322s] -- Up-to-date: /home/eragon/student133_ws/install/pointcloud2/share/ament_index/resource_index/packages/pointcloud2
[0.322s] -- Up-to-date: /home/eragon/student133_ws/install/pointcloud2/share/pointcloud2/cmake/pointcloud2Config.cmake
[0.322s] -- Up-to-date: /home/eragon/student133_ws/install/pointcloud2/share/pointcloud2/cmake/pointcloud2Config-version.cmake
[0.323s] -- Up-to-date: /home/eragon/student133_ws/install/pointcloud2/share/pointcloud2/package.xml
[0.365s] Invoked command in '/home/eragon/student133_ws/build/pointcloud2' returned '0': CMAKE_PREFIX_PATH=${CMAKE_PREFIX_PATH}:/opt/ros/humble /usr/bin/cmake --install /home/eragon/student133_ws/build/pointcloud2
