[0.033s] Invoking command in '/home/robot33-6/student133_ws/build/custom_counter': CMAKE_PREFIX_PATH=${CMAKE_PREFIX_PATH}:/opt/ros/humble /usr/bin/cmake --build /home/robot33-6/student133_ws/build/custom_counter -- -j8 -l8
[0.103s] Consolidate compiler generated dependencies of target custom_counter_node
[0.144s] [ 50%] Building CXX object CMakeFiles/custom_counter_node.dir/src/custom_counter_node.cpp.o
[8.412s] [100%] Linking CXX executable custom_counter_node
[8.779s] [100%] Built target custom_counter_node
[8.787s] Invoked command in '/home/robot33-6/student133_ws/build/custom_counter' returned '0': CMAKE_PREFIX_PATH=${CMAKE_PREFIX_PATH}:/opt/ros/humble /usr/bin/cmake --build /home/robot33-6/student133_ws/build/custom_counter -- -j8 -l8
[8.805s] Invoking command in '/home/robot33-6/student133_ws/build/custom_counter': CMAKE_PREFIX_PATH=${CMAKE_PREFIX_PATH}:/opt/ros/humble /usr/bin/cmake --install /home/robot33-6/student133_ws/build/custom_counter
[8.811s] -- Install configuration: "Debug"
[8.811s] -- Installing: /home/robot33-6/student133_ws/install/custom_counter/lib/custom_counter/custom_counter_node
[8.820s] -- Set runtime path of "/home/robot33-6/student133_ws/install/custom_counter/lib/custom_counter/custom_counter_node" to ""
[8.820s] -- Up-to-date: /home/robot33-6/student133_ws/install/custom_counter/share/ament_index/resource_index/package_run_dependencies/custom_counter
[8.820s] -- Up-to-date: /home/robot33-6/student133_ws/install/custom_counter/share/ament_index/resource_index/parent_prefix_path/custom_counter
[8.820s] -- Up-to-date: /home/robot33-6/student133_ws/install/custom_counter/share/custom_counter/environment/ament_prefix_path.sh
[8.820s] -- Up-to-date: /home/robot33-6/student133_ws/install/custom_counter/share/custom_counter/environment/ament_prefix_path.dsv
[8.820s] -- Up-to-date: /home/robot33-6/student133_ws/install/custom_counter/share/custom_counter/environment/path.sh
[8.820s] -- Up-to-date: /home/robot33-6/student133_ws/install/custom_counter/share/custom_counter/environment/path.dsv
[8.820s] -- Up-to-date: /home/robot33-6/student133_ws/install/custom_counter/share/custom_counter/local_setup.bash
[8.820s] -- Up-to-date: /home/robot33-6/student133_ws/install/custom_counter/share/custom_counter/local_setup.sh
[8.820s] -- Up-to-date: /home/robot33-6/student133_ws/install/custom_counter/share/custom_counter/local_setup.zsh
[8.821s] -- Up-to-date: /home/robot33-6/student133_ws/install/custom_counter/share/custom_counter/local_setup.dsv
[8.821s] -- Installing: /home/robot33-6/student133_ws/install/custom_counter/share/custom_counter/package.dsv
[8.821s] -- Up-to-date: /home/robot33-6/student133_ws/install/custom_counter/share/ament_index/resource_index/packages/custom_counter
[8.821s] -- Up-to-date: /home/robot33-6/student133_ws/install/custom_counter/share/custom_counter/cmake/custom_counterConfig.cmake
[8.822s] -- Up-to-date: /home/robot33-6/student133_ws/install/custom_counter/share/custom_counter/cmake/custom_counterConfig-version.cmake
[8.822s] -- Up-to-date: /home/robot33-6/student133_ws/install/custom_counter/share/custom_counter/package.xml
[8.822s] Invoked command in '/home/robot33-6/student133_ws/build/custom_counter' returned '0': CMAKE_PREFIX_PATH=${CMAKE_PREFIX_PATH}:/opt/ros/humble /usr/bin/cmake --install /home/robot33-6/student133_ws/build/custom_counter
