[0.071s] Invoking command in '/home/eragon/student133_ws/build/l2_image_sender': CMAKE_PREFIX_PATH=${CMAKE_PREFIX_PATH}:/opt/ros/humble /usr/bin/cmake --build /home/eragon/student133_ws/build/l2_image_sender -- -j8 -l8
[0.199s] [100%] Built target l2_image_sender_node
[0.259s] Invoked command in '/home/eragon/student133_ws/build/l2_image_sender' returned '0': CMAKE_PREFIX_PATH=${CMAKE_PREFIX_PATH}:/opt/ros/humble /usr/bin/cmake --build /home/eragon/student133_ws/build/l2_image_sender -- -j8 -l8
[0.299s] Invoking command in '/home/eragon/student133_ws/build/l2_image_sender': CMAKE_PREFIX_PATH=${CMAKE_PREFIX_PATH}:/opt/ros/humble /usr/bin/cmake --install /home/eragon/student133_ws/build/l2_image_sender
[0.339s] -- Install configuration: "Debug"
[0.340s] -- Up-to-date: /home/eragon/student133_ws/install/l2_image_sender/lib/l2_image_sender/l2_image_sender_node
[0.340s] -- Up-to-date: /home/eragon/student133_ws/install/l2_image_sender/share/ament_index/resource_index/package_run_dependencies/l2_image_sender
[0.340s] -- Up-to-date: /home/eragon/student133_ws/install/l2_image_sender/share/ament_index/resource_index/parent_prefix_path/l2_image_sender
[0.340s] -- Up-to-date: /home/eragon/student133_ws/install/l2_image_sender/share/l2_image_sender/environment/ament_prefix_path.sh
[0.340s] -- Up-to-date: /home/eragon/student133_ws/install/l2_image_sender/share/l2_image_sender/environment/ament_prefix_path.dsv
[0.341s] -- Up-to-date: /home/eragon/student133_ws/install/l2_image_sender/share/l2_image_sender/environment/path.sh
[0.349s] -- Up-to-date: /home/eragon/student133_ws/install/l2_image_sender/share/l2_image_sender/environment/path.dsv
[0.350s] -- Up-to-date: /home/eragon/student133_ws/install/l2_image_sender/share/l2_image_sender/local_setup.bash
[0.350s] -- Up-to-date: /home/eragon/student133_ws/install/l2_image_sender/share/l2_image_sender/local_setup.sh
[0.350s] -- Up-to-date: /home/eragon/student133_ws/install/l2_image_sender/share/l2_image_sender/local_setup.zsh
[0.350s] -- Up-to-date: /home/eragon/student133_ws/install/l2_image_sender/share/l2_image_sender/local_setup.dsv
[0.350s] -- Installing: /home/eragon/student133_ws/install/l2_image_sender/share/l2_image_sender/package.dsv
[0.366s] -- Up-to-date: /home/eragon/student133_ws/install/l2_image_sender/share/ament_index/resource_index/packages/l2_image_sender
[0.366s] -- Up-to-date: /home/eragon/student133_ws/install/l2_image_sender/share/l2_image_sender/cmake/l2_image_senderConfig.cmake
[0.366s] -- Up-to-date: /home/eragon/student133_ws/install/l2_image_sender/share/l2_image_sender/cmake/l2_image_senderConfig-version.cmake
[0.367s] -- Up-to-date: /home/eragon/student133_ws/install/l2_image_sender/share/l2_image_sender/package.xml
[0.377s] Invoked command in '/home/eragon/student133_ws/build/l2_image_sender' returned '0': CMAKE_PREFIX_PATH=${CMAKE_PREFIX_PATH}:/opt/ros/humble /usr/bin/cmake --install /home/eragon/student133_ws/build/l2_image_sender
