[0.082s] Invoking command in '/home/eragon/student133_ws/build/custom_counter': CMAKE_PREFIX_PATH=${CMAKE_PREFIX_PATH}:/opt/ros/humble /usr/bin/cmake --build /home/eragon/student133_ws/build/custom_counter -- -j8 -l8
[0.304s] [ 50%] Building CXX object CMakeFiles/custom_counter_node.dir/src/custom_counter_node.cpp.o
[41.609s] [100%] Linking CXX executable custom_counter_node
[43.468s] [100%] Built target custom_counter_node
[43.540s] Invoked command in '/home/eragon/student133_ws/build/custom_counter' returned '0': CMAKE_PREFIX_PATH=${CMAKE_PREFIX_PATH}:/opt/ros/humble /usr/bin/cmake --build /home/eragon/student133_ws/build/custom_counter -- -j8 -l8
[43.687s] Invoking command in '/home/eragon/student133_ws/build/custom_counter': CMAKE_PREFIX_PATH=${CMAKE_PREFIX_PATH}:/opt/ros/humble /usr/bin/cmake --install /home/eragon/student133_ws/build/custom_counter
[43.741s] -- Install configuration: "Debug"
[43.742s] -- Installing: /home/eragon/student133_ws/install/custom_counter/lib/custom_counter/custom_counter_node
[43.808s] -- Set runtime path of "/home/eragon/student133_ws/install/custom_counter/lib/custom_counter/custom_counter_node" to ""
[43.809s] -- Up-to-date: /home/eragon/student133_ws/install/custom_counter/share/ament_index/resource_index/package_run_dependencies/custom_counter
[43.809s] -- Up-to-date: /home/eragon/student133_ws/install/custom_counter/share/ament_index/resource_index/parent_prefix_path/custom_counter
[43.809s] -- Up-to-date: /home/eragon/student133_ws/install/custom_counter/share/custom_counter/environment/ament_prefix_path.sh
[43.810s] -- Up-to-date: /home/eragon/student133_ws/install/custom_counter/share/custom_counter/environment/ament_prefix_path.dsv
[43.810s] -- Up-to-date: /home/eragon/student133_ws/install/custom_counter/share/custom_counter/environment/path.sh
[43.810s] -- Up-to-date: /home/eragon/student133_ws/install/custom_counter/share/custom_counter/environment/path.dsv
[43.814s] -- Up-to-date: /home/eragon/student133_ws/install/custom_counter/share/custom_counter/local_setup.bash
[43.815s] -- Up-to-date: /home/eragon/student133_ws/install/custom_counter/share/custom_counter/local_setup.sh
[43.819s] -- Up-to-date: /home/eragon/student133_ws/install/custom_counter/share/custom_counter/local_setup.zsh
[43.819s] -- Up-to-date: /home/eragon/student133_ws/install/custom_counter/share/custom_counter/local_setup.dsv
[43.819s] -- Installing: /home/eragon/student133_ws/install/custom_counter/share/custom_counter/package.dsv
[43.820s] -- Up-to-date: /home/eragon/student133_ws/install/custom_counter/share/ament_index/resource_index/packages/custom_counter
[43.820s] -- Up-to-date: /home/eragon/student133_ws/install/custom_counter/share/custom_counter/cmake/custom_counterConfig.cmake
[43.820s] -- Up-to-date: /home/eragon/student133_ws/install/custom_counter/share/custom_counter/cmake/custom_counterConfig-version.cmake
[43.820s] -- Up-to-date: /home/eragon/student133_ws/install/custom_counter/share/custom_counter/package.xml
[43.821s] Invoked command in '/home/eragon/student133_ws/build/custom_counter' returned '0': CMAKE_PREFIX_PATH=${CMAKE_PREFIX_PATH}:/opt/ros/humble /usr/bin/cmake --install /home/eragon/student133_ws/build/custom_counter
