[0.076s] Invoking command in '/home/eragon/student133_ws/build/circle_detector': CMAKE_PREFIX_PATH=${CMAKE_PREFIX_PATH}:/opt/ros/humble /usr/bin/cmake --build /home/eragon/student133_ws/build/circle_detector -- -j8 -l8
[0.230s] Consolidate compiler generated dependencies of target circle_detector_node
[0.269s] [100%] Built target circle_detector_node
[0.353s] Invoked command in '/home/eragon/student133_ws/build/circle_detector' returned '0': CMAKE_PREFIX_PATH=${CMAKE_PREFIX_PATH}:/opt/ros/humble /usr/bin/cmake --build /home/eragon/student133_ws/build/circle_detector -- -j8 -l8
[0.361s] Invoking command in '/home/eragon/student133_ws/build/circle_detector': CMAKE_PREFIX_PATH=${CMAKE_PREFIX_PATH}:/opt/ros/humble /usr/bin/cmake --install /home/eragon/student133_ws/build/circle_detector
[0.409s] -- Install configuration: "Debug"
[0.410s] -- Up-to-date: /home/eragon/student133_ws/install/circle_detector/lib/circle_detector/circle_detector_node
[0.410s] -- Up-to-date: /home/eragon/student133_ws/install/circle_detector/share/ament_index/resource_index/package_run_dependencies/circle_detector
[0.412s] -- Up-to-date: /home/eragon/student133_ws/install/circle_detector/share/ament_index/resource_index/parent_prefix_path/circle_detector
[0.413s] -- Up-to-date: /home/eragon/student133_ws/install/circle_detector/share/circle_detector/environment/ament_prefix_path.sh
[0.413s] -- Up-to-date: /home/eragon/student133_ws/install/circle_detector/share/circle_detector/environment/ament_prefix_path.dsv
[0.413s] -- Up-to-date: /home/eragon/student133_ws/install/circle_detector/share/circle_detector/environment/path.sh
[0.413s] -- Up-to-date: /home/eragon/student133_ws/install/circle_detector/share/circle_detector/environment/path.dsv
[0.413s] -- Up-to-date: /home/eragon/student133_ws/install/circle_detector/share/circle_detector/local_setup.bash
[0.413s] -- Up-to-date: /home/eragon/student133_ws/install/circle_detector/share/circle_detector/local_setup.sh
[0.414s] -- Up-to-date: /home/eragon/student133_ws/install/circle_detector/share/circle_detector/local_setup.zsh
[0.418s] -- Up-to-date: /home/eragon/student133_ws/install/circle_detector/share/circle_detector/local_setup.dsv
[0.418s] -- Installing: /home/eragon/student133_ws/install/circle_detector/share/circle_detector/package.dsv
[0.419s] -- Up-to-date: /home/eragon/student133_ws/install/circle_detector/share/ament_index/resource_index/packages/circle_detector
[0.419s] -- Up-to-date: /home/eragon/student133_ws/install/circle_detector/share/circle_detector/cmake/circle_detectorConfig.cmake
[0.419s] -- Up-to-date: /home/eragon/student133_ws/install/circle_detector/share/circle_detector/cmake/circle_detectorConfig-version.cmake
[0.419s] -- Up-to-date: /home/eragon/student133_ws/install/circle_detector/share/circle_detector/package.xml
[0.429s] Invoked command in '/home/eragon/student133_ws/build/circle_detector' returned '0': CMAKE_PREFIX_PATH=${CMAKE_PREFIX_PATH}:/opt/ros/humble /usr/bin/cmake --install /home/eragon/student133_ws/build/circle_detector
