[0.044s] Invoking command in '/home/eragon/student133_ws/build/launch': CMAKE_PREFIX_PATH=${CMAKE_PREFIX_PATH}:/opt/ros/humble /usr/bin/cmake /home/eragon/student133_ws/src/launch -G CodeBlocks - Unix Makefiles -DCMAKE_BUILD_TYPE=Debug -DCMAKE_INSTALL_PREFIX=/home/eragon/student133_ws/install/launch
[0.178s] -- The C compiler identification is GNU 11.4.0
[0.300s] -- The CXX compiler identification is GNU 11.4.0
[0.377s] -- Detecting C compiler ABI info
[0.573s] -- Detecting C compiler ABI info - done
[0.605s] -- Check for working C compiler: /usr/bin/cc - skipped
[0.612s] -- Detecting C compile features
[0.612s] -- Detecting C compile features - done
[0.621s] -- Detecting CXX compiler ABI info
[0.936s] -- Detecting CXX compiler ABI info - done
[0.936s] -- Check for working CXX compiler: /usr/bin/c++ - skipped
[0.936s] -- Detecting CXX compile features
[0.936s] -- Detecting CXX compile features - done
[0.957s] -- Found ament_cmake: 1.3.11 (/opt/ros/humble/share/ament_cmake/cmake)
[1.372s] -- Found Python3: /usr/bin/python3 (found version "3.10.12") found components: Interpreter 
[1.703s] -- Found ament_lint_auto: 0.12.11 (/opt/ros/humble/share/ament_lint_auto/cmake)
[1.932s] -- Added test 'flake8' to check Python code syntax and style conventions
[1.932s] -- Added test 'lint_cmake' to check CMake code style
[1.932s] -- Added test 'pep257' to check Python code against some of the docstring style conventions in PEP 257
[1.932s] -- Added test 'xmllint' to check XML markup files
[1.932s] -- Configuring done
[1.935s] -- Generating done
[1.935s] -- Build files have been written to: /home/eragon/student133_ws/build/launch
[1.951s] Invoked command in '/home/eragon/student133_ws/build/launch' returned '0': CMAKE_PREFIX_PATH=${CMAKE_PREFIX_PATH}:/opt/ros/humble /usr/bin/cmake /home/eragon/student133_ws/src/launch -G CodeBlocks - Unix Makefiles -DCMAKE_BUILD_TYPE=Debug -DCMAKE_INSTALL_PREFIX=/home/eragon/student133_ws/install/launch
[1.952s] Invoking command in '/home/eragon/student133_ws/build/launch': CMAKE_PREFIX_PATH=${CMAKE_PREFIX_PATH}:/opt/ros/humble /usr/bin/cmake --build /home/eragon/student133_ws/build/launch -- -j8 -l8
[2.060s] Invoked command in '/home/eragon/student133_ws/build/launch' returned '0': CMAKE_PREFIX_PATH=${CMAKE_PREFIX_PATH}:/opt/ros/humble /usr/bin/cmake --build /home/eragon/student133_ws/build/launch -- -j8 -l8
[2.061s] Invoking command in '/home/eragon/student133_ws/build/launch': CMAKE_PREFIX_PATH=${CMAKE_PREFIX_PATH}:/opt/ros/humble /usr/bin/cmake --install /home/eragon/student133_ws/build/launch
[2.079s] -- Install configuration: "Debug"
[2.079s] -- Installing: /home/eragon/student133_ws/install/launch/share/launch/launch
[2.079s] -- Installing: /home/eragon/student133_ws/install/launch/share/launch/launch/image_detection.launch.py
[2.080s] -- Installing: /home/eragon/student133_ws/install/launch/share/ament_index/resource_index/package_run_dependencies/launch
[2.081s] -- Installing: /home/eragon/student133_ws/install/launch/share/ament_index/resource_index/parent_prefix_path/launch
[2.081s] -- Installing: /home/eragon/student133_ws/install/launch/share/launch/environment/ament_prefix_path.sh
[2.082s] -- Installing: /home/eragon/student133_ws/install/launch/share/launch/environment/ament_prefix_path.dsv
[2.082s] -- Installing: /home/eragon/student133_ws/install/launch/share/launch/environment/path.sh
[2.082s] -- Installing: /home/eragon/student133_ws/install/launch/share/launch/environment/path.dsv
[2.083s] -- Installing: /home/eragon/student133_ws/install/launch/share/launch/local_setup.bash
[2.083s] -- Installing: /home/eragon/student133_ws/install/launch/share/launch/local_setup.sh
[2.084s] -- Installing: /home/eragon/student133_ws/install/launch/share/launch/local_setup.zsh
[2.084s] -- Installing: /home/eragon/student133_ws/install/launch/share/launch/local_setup.dsv
[2.085s] -- Installing: /home/eragon/student133_ws/install/launch/share/launch/package.dsv
[2.085s] -- Installing: /home/eragon/student133_ws/install/launch/share/ament_index/resource_index/packages/launch
[2.085s] -- Installing: /home/eragon/student133_ws/install/launch/share/launch/cmake/launchConfig.cmake
[2.086s] -- Installing: /home/eragon/student133_ws/install/launch/share/launch/cmake/launchConfig-version.cmake
[2.086s] -- Installing: /home/eragon/student133_ws/install/launch/share/launch/package.xml
[2.095s] Invoked command in '/home/eragon/student133_ws/build/launch' returned '0': CMAKE_PREFIX_PATH=${CMAKE_PREFIX_PATH}:/opt/ros/humble /usr/bin/cmake --install /home/eragon/student133_ws/build/launch
