[0.798s] DEBUG:colcon:Command line arguments: ['/usr/bin/colcon', 'build', '--event-handlers', 'status+', 'console_start_end+', '--cmake-args', '-G', 'CodeBlocks - Unix Makefiles', '-DCMAKE_BUILD_TYPE=Debug']
[0.798s] DEBUG:colcon:Parsed command line arguments: Namespace(log_base=None, log_level=None, verb_name='build', build_base='build', install_base='install', merge_install=False, symlink_install=False, test_result_base=None, continue_on_error=False, executor='parallel', parallel_workers=8, event_handlers=['status+', 'console_start_end+'], ignore_user_meta=False, metas=['./colcon.meta'], base_paths=['.'], packages_ignore=None, packages_ignore_regex=None, paths=None, packages_up_to=None, packages_up_to_regex=None, packages_above=None, packages_above_and_dependencies=None, packages_above_depth=None, packages_select_by_dep=None, packages_skip_by_dep=None, packages_skip_up_to=None, packages_select_build_failed=False, packages_skip_build_finished=False, packages_select_test_failures=False, packages_skip_test_passed=False, packages_select=None, packages_skip=None, packages_select_regex=None, packages_skip_regex=None, packages_start=None, packages_end=None, allow_overriding=[], cmake_args=['-G', 'CodeBlocks - Unix Makefiles', '-DCMAKE_BUILD_TYPE=Debug'], cmake_target=None, cmake_target_skip_unavailable=False, cmake_clean_cache=False, cmake_clean_first=False, cmake_force_configure=False, ament_cmake_args=None, catkin_cmake_args=None, catkin_skip_building_tests=False, verb_parser=<colcon_defaults.argument_parser.defaults.DefaultArgumentsDecorator object at 0x7fadff37ded0>, verb_extension=<colcon_core.verb.build.BuildVerb object at 0x7fadff631c90>, main=<bound method BuildVerb.main of <colcon_core.verb.build.BuildVerb object at 0x7fadff631c90>>)
[0.836s] Level 1:colcon.colcon_core.package_discovery:discover_packages(colcon_meta) check parameters
[0.836s] Level 1:colcon.colcon_core.package_discovery:discover_packages(recursive) check parameters
[0.836s] Level 1:colcon.colcon_core.package_discovery:discover_packages(ignore) check parameters
[0.836s] Level 1:colcon.colcon_core.package_discovery:discover_packages(path) check parameters
[0.836s] Level 1:colcon.colcon_core.package_discovery:discover_packages(colcon_meta) discover
[0.836s] Level 1:colcon.colcon_core.package_discovery:discover_packages(recursive) discover
[0.836s] INFO:colcon.colcon_core.package_discovery:Crawling recursively for packages in '/home/robot33-6/student133_ws'
[0.836s] Level 1:colcon.colcon_core.package_identification:_identify(.) by extensions ['ignore', 'ignore_ament_install']
[0.836s] Level 1:colcon.colcon_core.package_identification:_identify(.) by extension 'ignore'
[0.836s] Level 1:colcon.colcon_core.package_identification:_identify(.) by extension 'ignore_ament_install'
[0.836s] Level 1:colcon.colcon_core.package_identification:_identify(.) by extensions ['colcon_pkg']
[0.836s] Level 1:colcon.colcon_core.package_identification:_identify(.) by extension 'colcon_pkg'
[0.836s] Level 1:colcon.colcon_core.package_identification:_identify(.) by extensions ['colcon_meta']
[0.836s] Level 1:colcon.colcon_core.package_identification:_identify(.) by extension 'colcon_meta'
[0.836s] Level 1:colcon.colcon_core.package_identification:_identify(.) by extensions ['ros']
[0.836s] Level 1:colcon.colcon_core.package_identification:_identify(.) by extension 'ros'
[0.845s] Level 1:colcon.colcon_core.package_identification:_identify(.) by extensions ['cmake', 'python']
[0.845s] Level 1:colcon.colcon_core.package_identification:_identify(.) by extension 'cmake'
[0.845s] Level 1:colcon.colcon_core.package_identification:_identify(.) by extension 'python'
[0.845s] Level 1:colcon.colcon_core.package_identification:_identify(.) by extensions ['python_setup_py']
[0.845s] Level 1:colcon.colcon_core.package_identification:_identify(.) by extension 'python_setup_py'
[0.845s] Level 1:colcon.colcon_core.package_identification:_identify(build) by extensions ['ignore', 'ignore_ament_install']
[0.845s] Level 1:colcon.colcon_core.package_identification:_identify(build) by extension 'ignore'
[0.846s] Level 1:colcon.colcon_core.package_identification:_identify(build) ignored
[0.846s] Level 1:colcon.colcon_core.package_identification:_identify(install) by extensions ['ignore', 'ignore_ament_install']
[0.846s] Level 1:colcon.colcon_core.package_identification:_identify(install) by extension 'ignore'
[0.846s] Level 1:colcon.colcon_core.package_identification:_identify(install) ignored
[0.846s] Level 1:colcon.colcon_core.package_identification:_identify(log) by extensions ['ignore', 'ignore_ament_install']
[0.846s] Level 1:colcon.colcon_core.package_identification:_identify(log) by extension 'ignore'
[0.846s] Level 1:colcon.colcon_core.package_identification:_identify(log) ignored
[0.846s] Level 1:colcon.colcon_core.package_identification:_identify(src) by extensions ['ignore', 'ignore_ament_install']
[0.846s] Level 1:colcon.colcon_core.package_identification:_identify(src) by extension 'ignore'
[0.846s] Level 1:colcon.colcon_core.package_identification:_identify(src) by extension 'ignore_ament_install'
[0.846s] Level 1:colcon.colcon_core.package_identification:_identify(src) by extensions ['colcon_pkg']
[0.846s] Level 1:colcon.colcon_core.package_identification:_identify(src) by extension 'colcon_pkg'
[0.846s] Level 1:colcon.colcon_core.package_identification:_identify(src) by extensions ['colcon_meta']
[0.846s] Level 1:colcon.colcon_core.package_identification:_identify(src) by extension 'colcon_meta'
[0.846s] Level 1:colcon.colcon_core.package_identification:_identify(src) by extensions ['ros']
[0.846s] Level 1:colcon.colcon_core.package_identification:_identify(src) by extension 'ros'
[0.846s] Level 1:colcon.colcon_core.package_identification:_identify(src) by extensions ['cmake', 'python']
[0.846s] Level 1:colcon.colcon_core.package_identification:_identify(src) by extension 'cmake'
[0.846s] Level 1:colcon.colcon_core.package_identification:_identify(src) by extension 'python'
[0.846s] Level 1:colcon.colcon_core.package_identification:_identify(src) by extensions ['python_setup_py']
[0.846s] Level 1:colcon.colcon_core.package_identification:_identify(src) by extension 'python_setup_py'
[0.847s] Level 1:colcon.colcon_core.package_identification:_identify(src/test_client) by extensions ['ignore', 'ignore_ament_install']
[0.847s] Level 1:colcon.colcon_core.package_identification:_identify(src/test_client) by extension 'ignore'
[0.847s] Level 1:colcon.colcon_core.package_identification:_identify(src/test_client) by extension 'ignore_ament_install'
[0.847s] Level 1:colcon.colcon_core.package_identification:_identify(src/test_client) by extensions ['colcon_pkg']
[0.847s] Level 1:colcon.colcon_core.package_identification:_identify(src/test_client) by extension 'colcon_pkg'
[0.847s] Level 1:colcon.colcon_core.package_identification:_identify(src/test_client) by extensions ['colcon_meta']
[0.847s] Level 1:colcon.colcon_core.package_identification:_identify(src/test_client) by extension 'colcon_meta'
[0.847s] Level 1:colcon.colcon_core.package_identification:_identify(src/test_client) by extensions ['ros']
[0.847s] Level 1:colcon.colcon_core.package_identification:_identify(src/test_client) by extension 'ros'
[0.849s] DEBUG:colcon.colcon_core.package_identification:Package 'src/test_client' with type 'ros.ament_cmake' and name 'test_client'
[0.849s] Level 1:colcon.colcon_core.package_identification:_identify(src/test_custom_msg) by extensions ['ignore', 'ignore_ament_install']
[0.849s] Level 1:colcon.colcon_core.package_identification:_identify(src/test_custom_msg) by extension 'ignore'
[0.849s] Level 1:colcon.colcon_core.package_identification:_identify(src/test_custom_msg) by extension 'ignore_ament_install'
[0.849s] Level 1:colcon.colcon_core.package_identification:_identify(src/test_custom_msg) by extensions ['colcon_pkg']
[0.849s] Level 1:colcon.colcon_core.package_identification:_identify(src/test_custom_msg) by extension 'colcon_pkg'
[0.849s] Level 1:colcon.colcon_core.package_identification:_identify(src/test_custom_msg) by extensions ['colcon_meta']
[0.849s] Level 1:colcon.colcon_core.package_identification:_identify(src/test_custom_msg) by extension 'colcon_meta'
[0.849s] Level 1:colcon.colcon_core.package_identification:_identify(src/test_custom_msg) by extensions ['ros']
[0.849s] Level 1:colcon.colcon_core.package_identification:_identify(src/test_custom_msg) by extension 'ros'
[0.850s] DEBUG:colcon.colcon_core.package_identification:Package 'src/test_custom_msg' with type 'ros.ament_cmake' and name 'test_custom_msg'
[0.850s] Level 1:colcon.colcon_core.package_identification:_identify(src/test_custom_publisher) by extensions ['ignore', 'ignore_ament_install']
[0.850s] Level 1:colcon.colcon_core.package_identification:_identify(src/test_custom_publisher) by extension 'ignore'
[0.850s] Level 1:colcon.colcon_core.package_identification:_identify(src/test_custom_publisher) by extension 'ignore_ament_install'
[0.850s] Level 1:colcon.colcon_core.package_identification:_identify(src/test_custom_publisher) by extensions ['colcon_pkg']
[0.850s] Level 1:colcon.colcon_core.package_identification:_identify(src/test_custom_publisher) by extension 'colcon_pkg'
[0.850s] Level 1:colcon.colcon_core.package_identification:_identify(src/test_custom_publisher) by extensions ['colcon_meta']
[0.850s] Level 1:colcon.colcon_core.package_identification:_identify(src/test_custom_publisher) by extension 'colcon_meta'
[0.850s] Level 1:colcon.colcon_core.package_identification:_identify(src/test_custom_publisher) by extensions ['ros']
[0.850s] Level 1:colcon.colcon_core.package_identification:_identify(src/test_custom_publisher) by extension 'ros'
[0.850s] DEBUG:colcon.colcon_core.package_identification:Package 'src/test_custom_publisher' with type 'ros.ament_cmake' and name 'test_custom_publisher'
[0.850s] Level 1:colcon.colcon_core.package_identification:_identify(src/test_custom_srv) by extensions ['ignore', 'ignore_ament_install']
[0.850s] Level 1:colcon.colcon_core.package_identification:_identify(src/test_custom_srv) by extension 'ignore'
[0.851s] Level 1:colcon.colcon_core.package_identification:_identify(src/test_custom_srv) by extension 'ignore_ament_install'
[0.851s] Level 1:colcon.colcon_core.package_identification:_identify(src/test_custom_srv) by extensions ['colcon_pkg']
[0.851s] Level 1:colcon.colcon_core.package_identification:_identify(src/test_custom_srv) by extension 'colcon_pkg'
[0.851s] Level 1:colcon.colcon_core.package_identification:_identify(src/test_custom_srv) by extensions ['colcon_meta']
[0.851s] Level 1:colcon.colcon_core.package_identification:_identify(src/test_custom_srv) by extension 'colcon_meta'
[0.851s] Level 1:colcon.colcon_core.package_identification:_identify(src/test_custom_srv) by extensions ['ros']
[0.851s] Level 1:colcon.colcon_core.package_identification:_identify(src/test_custom_srv) by extension 'ros'
[0.851s] DEBUG:colcon.colcon_core.package_identification:Package 'src/test_custom_srv' with type 'ros.ament_cmake' and name 'test_custom_srv'
[0.851s] Level 1:colcon.colcon_core.package_identification:_identify(src/test_pkg) by extensions ['ignore', 'ignore_ament_install']
[0.851s] Level 1:colcon.colcon_core.package_identification:_identify(src/test_pkg) by extension 'ignore'
[0.851s] Level 1:colcon.colcon_core.package_identification:_identify(src/test_pkg) by extension 'ignore_ament_install'
[0.851s] Level 1:colcon.colcon_core.package_identification:_identify(src/test_pkg) by extensions ['colcon_pkg']
[0.851s] Level 1:colcon.colcon_core.package_identification:_identify(src/test_pkg) by extension 'colcon_pkg'
[0.851s] Level 1:colcon.colcon_core.package_identification:_identify(src/test_pkg) by extensions ['colcon_meta']
[0.851s] Level 1:colcon.colcon_core.package_identification:_identify(src/test_pkg) by extension 'colcon_meta'
[0.851s] Level 1:colcon.colcon_core.package_identification:_identify(src/test_pkg) by extensions ['ros']
[0.851s] Level 1:colcon.colcon_core.package_identification:_identify(src/test_pkg) by extension 'ros'
[0.852s] DEBUG:colcon.colcon_core.package_identification:Package 'src/test_pkg' with type 'ros.ament_cmake' and name 'test_pkg'
[0.852s] Level 1:colcon.colcon_core.package_identification:_identify(src/test_publisher) by extensions ['ignore', 'ignore_ament_install']
[0.852s] Level 1:colcon.colcon_core.package_identification:_identify(src/test_publisher) by extension 'ignore'
[0.852s] Level 1:colcon.colcon_core.package_identification:_identify(src/test_publisher) by extension 'ignore_ament_install'
[0.852s] Level 1:colcon.colcon_core.package_identification:_identify(src/test_publisher) by extensions ['colcon_pkg']
[0.852s] Level 1:colcon.colcon_core.package_identification:_identify(src/test_publisher) by extension 'colcon_pkg'
[0.852s] Level 1:colcon.colcon_core.package_identification:_identify(src/test_publisher) by extensions ['colcon_meta']
[0.852s] Level 1:colcon.colcon_core.package_identification:_identify(src/test_publisher) by extension 'colcon_meta'
[0.852s] Level 1:colcon.colcon_core.package_identification:_identify(src/test_publisher) by extensions ['ros']
[0.852s] Level 1:colcon.colcon_core.package_identification:_identify(src/test_publisher) by extension 'ros'
[0.852s] DEBUG:colcon.colcon_core.package_identification:Package 'src/test_publisher' with type 'ros.ament_cmake' and name 'test_publisher'
[0.853s] Level 1:colcon.colcon_core.package_identification:_identify(src/test_service) by extensions ['ignore', 'ignore_ament_install']
[0.853s] Level 1:colcon.colcon_core.package_identification:_identify(src/test_service) by extension 'ignore'
[0.853s] Level 1:colcon.colcon_core.package_identification:_identify(src/test_service) by extension 'ignore_ament_install'
[0.853s] Level 1:colcon.colcon_core.package_identification:_identify(src/test_service) by extensions ['colcon_pkg']
[0.853s] Level 1:colcon.colcon_core.package_identification:_identify(src/test_service) by extension 'colcon_pkg'
[0.853s] Level 1:colcon.colcon_core.package_identification:_identify(src/test_service) by extensions ['colcon_meta']
[0.853s] Level 1:colcon.colcon_core.package_identification:_identify(src/test_service) by extension 'colcon_meta'
[0.853s] Level 1:colcon.colcon_core.package_identification:_identify(src/test_service) by extensions ['ros']
[0.853s] Level 1:colcon.colcon_core.package_identification:_identify(src/test_service) by extension 'ros'
[0.853s] DEBUG:colcon.colcon_core.package_identification:Package 'src/test_service' with type 'ros.ament_cmake' and name 'test_service'
[0.853s] Level 1:colcon.colcon_core.package_identification:_identify(src/test_subscriber) by extensions ['ignore', 'ignore_ament_install']
[0.853s] Level 1:colcon.colcon_core.package_identification:_identify(src/test_subscriber) by extension 'ignore'
[0.853s] Level 1:colcon.colcon_core.package_identification:_identify(src/test_subscriber) by extension 'ignore_ament_install'
[0.854s] Level 1:colcon.colcon_core.package_identification:_identify(src/test_subscriber) by extensions ['colcon_pkg']
[0.854s] Level 1:colcon.colcon_core.package_identification:_identify(src/test_subscriber) by extension 'colcon_pkg'
[0.854s] Level 1:colcon.colcon_core.package_identification:_identify(src/test_subscriber) by extensions ['colcon_meta']
[0.854s] Level 1:colcon.colcon_core.package_identification:_identify(src/test_subscriber) by extension 'colcon_meta'
[0.854s] Level 1:colcon.colcon_core.package_identification:_identify(src/test_subscriber) by extensions ['ros']
[0.854s] Level 1:colcon.colcon_core.package_identification:_identify(src/test_subscriber) by extension 'ros'
[0.854s] DEBUG:colcon.colcon_core.package_identification:Package 'src/test_subscriber' with type 'ros.ament_cmake' and name 'test_subscriber'
[0.854s] Level 1:colcon.colcon_core.package_discovery:discover_packages(recursive) using defaults
[0.854s] Level 1:colcon.colcon_core.package_discovery:discover_packages(ignore) discover
[0.854s] Level 1:colcon.colcon_core.package_discovery:discover_packages(ignore) using defaults
[0.854s] Level 1:colcon.colcon_core.package_discovery:discover_packages(path) discover
[0.854s] Level 1:colcon.colcon_core.package_discovery:discover_packages(path) using defaults
[0.928s] Level 1:colcon.colcon_core.package_discovery:discover_packages(prefix_path) check parameters
[0.928s] Level 1:colcon.colcon_core.package_discovery:discover_packages(prefix_path) discover
[0.953s] DEBUG:colcon.colcon_installed_package_information.package_discovery:Found 9 installed packages in /home/robot33-6/student133_ws/install
[0.966s] DEBUG:colcon.colcon_installed_package_information.package_discovery:Found 270 installed packages in /opt/ros/humble
[0.967s] Level 1:colcon.colcon_core.package_discovery:discover_packages(prefix_path) using defaults
[1.040s] Level 5:colcon.colcon_core.verb:set package 'test_client' build argument 'cmake_args' from command line to '['-G', 'CodeBlocks - Unix Makefiles', '-DCMAKE_BUILD_TYPE=Debug']'
[1.040s] Level 5:colcon.colcon_core.verb:set package 'test_client' build argument 'cmake_target' from command line to 'None'
[1.040s] Level 5:colcon.colcon_core.verb:set package 'test_client' build argument 'cmake_target_skip_unavailable' from command line to 'False'
[1.040s] Level 5:colcon.colcon_core.verb:set package 'test_client' build argument 'cmake_clean_cache' from command line to 'False'
[1.040s] Level 5:colcon.colcon_core.verb:set package 'test_client' build argument 'cmake_clean_first' from command line to 'False'
[1.040s] Level 5:colcon.colcon_core.verb:set package 'test_client' build argument 'cmake_force_configure' from command line to 'False'
[1.040s] Level 5:colcon.colcon_core.verb:set package 'test_client' build argument 'ament_cmake_args' from command line to 'None'
[1.040s] Level 5:colcon.colcon_core.verb:set package 'test_client' build argument 'catkin_cmake_args' from command line to 'None'
[1.040s] Level 5:colcon.colcon_core.verb:set package 'test_client' build argument 'catkin_skip_building_tests' from command line to 'False'
[1.040s] DEBUG:colcon.colcon_core.verb:Building package 'test_client' with the following arguments: {'ament_cmake_args': None, 'build_base': '/home/robot33-6/student133_ws/build/test_client', 'catkin_cmake_args': None, 'catkin_skip_building_tests': False, 'cmake_args': ['-G', 'CodeBlocks - Unix Makefiles', '-DCMAKE_BUILD_TYPE=Debug'], 'cmake_clean_cache': False, 'cmake_clean_first': False, 'cmake_force_configure': False, 'cmake_target': None, 'cmake_target_skip_unavailable': False, 'install_base': '/home/robot33-6/student133_ws/install/test_client', 'merge_install': False, 'path': '/home/robot33-6/student133_ws/src/test_client', 'symlink_install': False, 'test_result_base': None}
[1.052s] Level 5:colcon.colcon_core.verb:set package 'test_custom_msg' build argument 'cmake_args' from command line to '['-G', 'CodeBlocks - Unix Makefiles', '-DCMAKE_BUILD_TYPE=Debug']'
[1.052s] Level 5:colcon.colcon_core.verb:set package 'test_custom_msg' build argument 'cmake_target' from command line to 'None'
[1.052s] Level 5:colcon.colcon_core.verb:set package 'test_custom_msg' build argument 'cmake_target_skip_unavailable' from command line to 'False'
[1.052s] Level 5:colcon.colcon_core.verb:set package 'test_custom_msg' build argument 'cmake_clean_cache' from command line to 'False'
[1.052s] Level 5:colcon.colcon_core.verb:set package 'test_custom_msg' build argument 'cmake_clean_first' from command line to 'False'
[1.052s] Level 5:colcon.colcon_core.verb:set package 'test_custom_msg' build argument 'cmake_force_configure' from command line to 'False'
[1.052s] Level 5:colcon.colcon_core.verb:set package 'test_custom_msg' build argument 'ament_cmake_args' from command line to 'None'
[1.052s] Level 5:colcon.colcon_core.verb:set package 'test_custom_msg' build argument 'catkin_cmake_args' from command line to 'None'
[1.052s] Level 5:colcon.colcon_core.verb:set package 'test_custom_msg' build argument 'catkin_skip_building_tests' from command line to 'False'
[1.052s] DEBUG:colcon.colcon_core.verb:Building package 'test_custom_msg' with the following arguments: {'ament_cmake_args': None, 'build_base': '/home/robot33-6/student133_ws/build/test_custom_msg', 'catkin_cmake_args': None, 'catkin_skip_building_tests': False, 'cmake_args': ['-G', 'CodeBlocks - Unix Makefiles', '-DCMAKE_BUILD_TYPE=Debug'], 'cmake_clean_cache': False, 'cmake_clean_first': False, 'cmake_force_configure': False, 'cmake_target': None, 'cmake_target_skip_unavailable': False, 'install_base': '/home/robot33-6/student133_ws/install/test_custom_msg', 'merge_install': False, 'path': '/home/robot33-6/student133_ws/src/test_custom_msg', 'symlink_install': False, 'test_result_base': None}
[1.064s] Level 5:colcon.colcon_core.verb:set package 'test_custom_publisher' build argument 'cmake_args' from command line to '['-G', 'CodeBlocks - Unix Makefiles', '-DCMAKE_BUILD_TYPE=Debug']'
[1.064s] Level 5:colcon.colcon_core.verb:set package 'test_custom_publisher' build argument 'cmake_target' from command line to 'None'
[1.064s] Level 5:colcon.colcon_core.verb:set package 'test_custom_publisher' build argument 'cmake_target_skip_unavailable' from command line to 'False'
[1.064s] Level 5:colcon.colcon_core.verb:set package 'test_custom_publisher' build argument 'cmake_clean_cache' from command line to 'False'
[1.064s] Level 5:colcon.colcon_core.verb:set package 'test_custom_publisher' build argument 'cmake_clean_first' from command line to 'False'
[1.064s] Level 5:colcon.colcon_core.verb:set package 'test_custom_publisher' build argument 'cmake_force_configure' from command line to 'False'
[1.064s] Level 5:colcon.colcon_core.verb:set package 'test_custom_publisher' build argument 'ament_cmake_args' from command line to 'None'
[1.064s] Level 5:colcon.colcon_core.verb:set package 'test_custom_publisher' build argument 'catkin_cmake_args' from command line to 'None'
[1.064s] Level 5:colcon.colcon_core.verb:set package 'test_custom_publisher' build argument 'catkin_skip_building_tests' from command line to 'False'
[1.064s] DEBUG:colcon.colcon_core.verb:Building package 'test_custom_publisher' with the following arguments: {'ament_cmake_args': None, 'build_base': '/home/robot33-6/student133_ws/build/test_custom_publisher', 'catkin_cmake_args': None, 'catkin_skip_building_tests': False, 'cmake_args': ['-G', 'CodeBlocks - Unix Makefiles', '-DCMAKE_BUILD_TYPE=Debug'], 'cmake_clean_cache': False, 'cmake_clean_first': False, 'cmake_force_configure': False, 'cmake_target': None, 'cmake_target_skip_unavailable': False, 'install_base': '/home/robot33-6/student133_ws/install/test_custom_publisher', 'merge_install': False, 'path': '/home/robot33-6/student133_ws/src/test_custom_publisher', 'symlink_install': False, 'test_result_base': None}
[1.076s] Level 5:colcon.colcon_core.verb:set package 'test_custom_srv' build argument 'cmake_args' from command line to '['-G', 'CodeBlocks - Unix Makefiles', '-DCMAKE_BUILD_TYPE=Debug']'
[1.076s] Level 5:colcon.colcon_core.verb:set package 'test_custom_srv' build argument 'cmake_target' from command line to 'None'
[1.076s] Level 5:colcon.colcon_core.verb:set package 'test_custom_srv' build argument 'cmake_target_skip_unavailable' from command line to 'False'
[1.076s] Level 5:colcon.colcon_core.verb:set package 'test_custom_srv' build argument 'cmake_clean_cache' from command line to 'False'
[1.076s] Level 5:colcon.colcon_core.verb:set package 'test_custom_srv' build argument 'cmake_clean_first' from command line to 'False'
[1.076s] Level 5:colcon.colcon_core.verb:set package 'test_custom_srv' build argument 'cmake_force_configure' from command line to 'False'
[1.076s] Level 5:colcon.colcon_core.verb:set package 'test_custom_srv' build argument 'ament_cmake_args' from command line to 'None'
[1.076s] Level 5:colcon.colcon_core.verb:set package 'test_custom_srv' build argument 'catkin_cmake_args' from command line to 'None'
[1.076s] Level 5:colcon.colcon_core.verb:set package 'test_custom_srv' build argument 'catkin_skip_building_tests' from command line to 'False'
[1.076s] DEBUG:colcon.colcon_core.verb:Building package 'test_custom_srv' with the following arguments: {'ament_cmake_args': None, 'build_base': '/home/robot33-6/student133_ws/build/test_custom_srv', 'catkin_cmake_args': None, 'catkin_skip_building_tests': False, 'cmake_args': ['-G', 'CodeBlocks - Unix Makefiles', '-DCMAKE_BUILD_TYPE=Debug'], 'cmake_clean_cache': False, 'cmake_clean_first': False, 'cmake_force_configure': False, 'cmake_target': None, 'cmake_target_skip_unavailable': False, 'install_base': '/home/robot33-6/student133_ws/install/test_custom_srv', 'merge_install': False, 'path': '/home/robot33-6/student133_ws/src/test_custom_srv', 'symlink_install': False, 'test_result_base': None}
[1.088s] Level 5:colcon.colcon_core.verb:set package 'test_pkg' build argument 'cmake_args' from command line to '['-G', 'CodeBlocks - Unix Makefiles', '-DCMAKE_BUILD_TYPE=Debug']'
[1.088s] Level 5:colcon.colcon_core.verb:set package 'test_pkg' build argument 'cmake_target' from command line to 'None'
[1.088s] Level 5:colcon.colcon_core.verb:set package 'test_pkg' build argument 'cmake_target_skip_unavailable' from command line to 'False'
[1.088s] Level 5:colcon.colcon_core.verb:set package 'test_pkg' build argument 'cmake_clean_cache' from command line to 'False'
[1.088s] Level 5:colcon.colcon_core.verb:set package 'test_pkg' build argument 'cmake_clean_first' from command line to 'False'
[1.088s] Level 5:colcon.colcon_core.verb:set package 'test_pkg' build argument 'cmake_force_configure' from command line to 'False'
[1.088s] Level 5:colcon.colcon_core.verb:set package 'test_pkg' build argument 'ament_cmake_args' from command line to 'None'
[1.088s] Level 5:colcon.colcon_core.verb:set package 'test_pkg' build argument 'catkin_cmake_args' from command line to 'None'
[1.088s] Level 5:colcon.colcon_core.verb:set package 'test_pkg' build argument 'catkin_skip_building_tests' from command line to 'False'
[1.088s] DEBUG:colcon.colcon_core.verb:Building package 'test_pkg' with the following arguments: {'ament_cmake_args': None, 'build_base': '/home/robot33-6/student133_ws/build/test_pkg', 'catkin_cmake_args': None, 'catkin_skip_building_tests': False, 'cmake_args': ['-G', 'CodeBlocks - Unix Makefiles', '-DCMAKE_BUILD_TYPE=Debug'], 'cmake_clean_cache': False, 'cmake_clean_first': False, 'cmake_force_configure': False, 'cmake_target': None, 'cmake_target_skip_unavailable': False, 'install_base': '/home/robot33-6/student133_ws/install/test_pkg', 'merge_install': False, 'path': '/home/robot33-6/student133_ws/src/test_pkg', 'symlink_install': False, 'test_result_base': None}
[1.099s] Level 5:colcon.colcon_core.verb:set package 'test_publisher' build argument 'cmake_args' from command line to '['-G', 'CodeBlocks - Unix Makefiles', '-DCMAKE_BUILD_TYPE=Debug']'
[1.099s] Level 5:colcon.colcon_core.verb:set package 'test_publisher' build argument 'cmake_target' from command line to 'None'
[1.099s] Level 5:colcon.colcon_core.verb:set package 'test_publisher' build argument 'cmake_target_skip_unavailable' from command line to 'False'
[1.099s] Level 5:colcon.colcon_core.verb:set package 'test_publisher' build argument 'cmake_clean_cache' from command line to 'False'
[1.099s] Level 5:colcon.colcon_core.verb:set package 'test_publisher' build argument 'cmake_clean_first' from command line to 'False'
[1.099s] Level 5:colcon.colcon_core.verb:set package 'test_publisher' build argument 'cmake_force_configure' from command line to 'False'
[1.099s] Level 5:colcon.colcon_core.verb:set package 'test_publisher' build argument 'ament_cmake_args' from command line to 'None'
[1.099s] Level 5:colcon.colcon_core.verb:set package 'test_publisher' build argument 'catkin_cmake_args' from command line to 'None'
[1.099s] Level 5:colcon.colcon_core.verb:set package 'test_publisher' build argument 'catkin_skip_building_tests' from command line to 'False'
[1.099s] DEBUG:colcon.colcon_core.verb:Building package 'test_publisher' with the following arguments: {'ament_cmake_args': None, 'build_base': '/home/robot33-6/student133_ws/build/test_publisher', 'catkin_cmake_args': None, 'catkin_skip_building_tests': False, 'cmake_args': ['-G', 'CodeBlocks - Unix Makefiles', '-DCMAKE_BUILD_TYPE=Debug'], 'cmake_clean_cache': False, 'cmake_clean_first': False, 'cmake_force_configure': False, 'cmake_target': None, 'cmake_target_skip_unavailable': False, 'install_base': '/home/robot33-6/student133_ws/install/test_publisher', 'merge_install': False, 'path': '/home/robot33-6/student133_ws/src/test_publisher', 'symlink_install': False, 'test_result_base': None}
[1.111s] Level 5:colcon.colcon_core.verb:set package 'test_service' build argument 'cmake_args' from command line to '['-G', 'CodeBlocks - Unix Makefiles', '-DCMAKE_BUILD_TYPE=Debug']'
[1.111s] Level 5:colcon.colcon_core.verb:set package 'test_service' build argument 'cmake_target' from command line to 'None'
[1.111s] Level 5:colcon.colcon_core.verb:set package 'test_service' build argument 'cmake_target_skip_unavailable' from command line to 'False'
[1.111s] Level 5:colcon.colcon_core.verb:set package 'test_service' build argument 'cmake_clean_cache' from command line to 'False'
[1.111s] Level 5:colcon.colcon_core.verb:set package 'test_service' build argument 'cmake_clean_first' from command line to 'False'
[1.111s] Level 5:colcon.colcon_core.verb:set package 'test_service' build argument 'cmake_force_configure' from command line to 'False'
[1.111s] Level 5:colcon.colcon_core.verb:set package 'test_service' build argument 'ament_cmake_args' from command line to 'None'
[1.111s] Level 5:colcon.colcon_core.verb:set package 'test_service' build argument 'catkin_cmake_args' from command line to 'None'
[1.111s] Level 5:colcon.colcon_core.verb:set package 'test_service' build argument 'catkin_skip_building_tests' from command line to 'False'
[1.111s] DEBUG:colcon.colcon_core.verb:Building package 'test_service' with the following arguments: {'ament_cmake_args': None, 'build_base': '/home/robot33-6/student133_ws/build/test_service', 'catkin_cmake_args': None, 'catkin_skip_building_tests': False, 'cmake_args': ['-G', 'CodeBlocks - Unix Makefiles', '-DCMAKE_BUILD_TYPE=Debug'], 'cmake_clean_cache': False, 'cmake_clean_first': False, 'cmake_force_configure': False, 'cmake_target': None, 'cmake_target_skip_unavailable': False, 'install_base': '/home/robot33-6/student133_ws/install/test_service', 'merge_install': False, 'path': '/home/robot33-6/student133_ws/src/test_service', 'symlink_install': False, 'test_result_base': None}
[1.122s] Level 5:colcon.colcon_core.verb:set package 'test_subscriber' build argument 'cmake_args' from command line to '['-G', 'CodeBlocks - Unix Makefiles', '-DCMAKE_BUILD_TYPE=Debug']'
[1.122s] Level 5:colcon.colcon_core.verb:set package 'test_subscriber' build argument 'cmake_target' from command line to 'None'
[1.122s] Level 5:colcon.colcon_core.verb:set package 'test_subscriber' build argument 'cmake_target_skip_unavailable' from command line to 'False'
[1.122s] Level 5:colcon.colcon_core.verb:set package 'test_subscriber' build argument 'cmake_clean_cache' from command line to 'False'
[1.122s] Level 5:colcon.colcon_core.verb:set package 'test_subscriber' build argument 'cmake_clean_first' from command line to 'False'
[1.122s] Level 5:colcon.colcon_core.verb:set package 'test_subscriber' build argument 'cmake_force_configure' from command line to 'False'
[1.122s] Level 5:colcon.colcon_core.verb:set package 'test_subscriber' build argument 'ament_cmake_args' from command line to 'None'
[1.122s] Level 5:colcon.colcon_core.verb:set package 'test_subscriber' build argument 'catkin_cmake_args' from command line to 'None'
[1.122s] Level 5:colcon.colcon_core.verb:set package 'test_subscriber' build argument 'catkin_skip_building_tests' from command line to 'False'
[1.123s] DEBUG:colcon.colcon_core.verb:Building package 'test_subscriber' with the following arguments: {'ament_cmake_args': None, 'build_base': '/home/robot33-6/student133_ws/build/test_subscriber', 'catkin_cmake_args': None, 'catkin_skip_building_tests': False, 'cmake_args': ['-G', 'CodeBlocks - Unix Makefiles', '-DCMAKE_BUILD_TYPE=Debug'], 'cmake_clean_cache': False, 'cmake_clean_first': False, 'cmake_force_configure': False, 'cmake_target': None, 'cmake_target_skip_unavailable': False, 'install_base': '/home/robot33-6/student133_ws/install/test_subscriber', 'merge_install': False, 'path': '/home/robot33-6/student133_ws/src/test_subscriber', 'symlink_install': False, 'test_result_base': None}
[1.134s] INFO:colcon.colcon_core.executor:Executing jobs using 'parallel' executor
[1.146s] DEBUG:colcon.colcon_parallel_executor.executor.parallel:run_until_complete
[1.146s] INFO:colcon.colcon_ros.task.ament_cmake.build:Building ROS package in '/home/robot33-6/student133_ws/src/test_client' with build type 'ament_cmake'
[1.146s] INFO:colcon.colcon_cmake.task.cmake.build:Building CMake package in '/home/robot33-6/student133_ws/src/test_client'
[1.159s] INFO:colcon.colcon_core.plugin_system:Skipping extension 'colcon_core.shell.bat': Not used on non-Windows systems
[1.159s] INFO:colcon.colcon_core.shell:Skip shell extension 'powershell' for command environment: Not usable outside of PowerShell
[1.159s] DEBUG:colcon.colcon_core.shell:Skip shell extension 'dsv' for command environment
[1.196s] INFO:colcon.colcon_ros.task.ament_cmake.build:Building ROS package in '/home/robot33-6/student133_ws/src/test_custom_msg' with build type 'ament_cmake'
[1.196s] INFO:colcon.colcon_cmake.task.cmake.build:Building CMake package in '/home/robot33-6/student133_ws/src/test_custom_msg'
[1.208s] INFO:colcon.colcon_core.shell:Skip shell extension 'powershell' for command environment: Not usable outside of PowerShell
[1.208s] DEBUG:colcon.colcon_core.shell:Skip shell extension 'dsv' for command environment
[1.244s] INFO:colcon.colcon_ros.task.ament_cmake.build:Building ROS package in '/home/robot33-6/student133_ws/src/test_custom_publisher' with build type 'ament_cmake'
[1.244s] INFO:colcon.colcon_cmake.task.cmake.build:Building CMake package in '/home/robot33-6/student133_ws/src/test_custom_publisher'
[1.256s] INFO:colcon.colcon_core.shell:Skip shell extension 'powershell' for command environment: Not usable outside of PowerShell
[1.257s] DEBUG:colcon.colcon_core.shell:Skip shell extension 'dsv' for command environment
[1.302s] INFO:colcon.colcon_ros.task.ament_cmake.build:Building ROS package in '/home/robot33-6/student133_ws/src/test_custom_srv' with build type 'ament_cmake'
[1.302s] INFO:colcon.colcon_cmake.task.cmake.build:Building CMake package in '/home/robot33-6/student133_ws/src/test_custom_srv'
[1.314s] INFO:colcon.colcon_core.shell:Skip shell extension 'powershell' for command environment: Not usable outside of PowerShell
[1.314s] DEBUG:colcon.colcon_core.shell:Skip shell extension 'dsv' for command environment
[1.352s] INFO:colcon.colcon_ros.task.ament_cmake.build:Building ROS package in '/home/robot33-6/student133_ws/src/test_pkg' with build type 'ament_cmake'
[1.352s] INFO:colcon.colcon_cmake.task.cmake.build:Building CMake package in '/home/robot33-6/student133_ws/src/test_pkg'
[1.365s] INFO:colcon.colcon_core.shell:Skip shell extension 'powershell' for command environment: Not usable outside of PowerShell
[1.365s] DEBUG:colcon.colcon_core.shell:Skip shell extension 'dsv' for command environment
[1.404s] INFO:colcon.colcon_ros.task.ament_cmake.build:Building ROS package in '/home/robot33-6/student133_ws/src/test_publisher' with build type 'ament_cmake'
[1.404s] INFO:colcon.colcon_cmake.task.cmake.build:Building CMake package in '/home/robot33-6/student133_ws/src/test_publisher'
[1.417s] INFO:colcon.colcon_core.shell:Skip shell extension 'powershell' for command environment: Not usable outside of PowerShell
[1.417s] DEBUG:colcon.colcon_core.shell:Skip shell extension 'dsv' for command environment
[1.456s] INFO:colcon.colcon_ros.task.ament_cmake.build:Building ROS package in '/home/robot33-6/student133_ws/src/test_service' with build type 'ament_cmake'
[1.456s] INFO:colcon.colcon_cmake.task.cmake.build:Building CMake package in '/home/robot33-6/student133_ws/src/test_service'
[1.469s] INFO:colcon.colcon_core.shell:Skip shell extension 'powershell' for command environment: Not usable outside of PowerShell
[1.469s] DEBUG:colcon.colcon_core.shell:Skip shell extension 'dsv' for command environment
[1.508s] INFO:colcon.colcon_ros.task.ament_cmake.build:Building ROS package in '/home/robot33-6/student133_ws/src/test_subscriber' with build type 'ament_cmake'
[1.508s] INFO:colcon.colcon_cmake.task.cmake.build:Building CMake package in '/home/robot33-6/student133_ws/src/test_subscriber'
[1.521s] INFO:colcon.colcon_core.shell:Skip shell extension 'powershell' for command environment: Not usable outside of PowerShell
[1.521s] DEBUG:colcon.colcon_core.shell:Skip shell extension 'dsv' for command environment
[1.563s] DEBUG:colcon.colcon_core.event_handler.log_command:Invoking command in '/home/robot33-6/student133_ws/build/test_client': CMAKE_PREFIX_PATH=${CMAKE_PREFIX_PATH}:/opt/ros/humble /usr/bin/cmake /home/robot33-6/student133_ws/src/test_client -G CodeBlocks - Unix Makefiles -DCMAKE_BUILD_TYPE=Debug -DCMAKE_INSTALL_PREFIX=/home/robot33-6/student133_ws/install/test_client
[1.567s] DEBUG:colcon.colcon_core.event_handler.log_command:Invoking command in '/home/robot33-6/student133_ws/build/test_custom_msg': CMAKE_PREFIX_PATH=${CMAKE_PREFIX_PATH}:/opt/ros/humble /usr/bin/cmake --build /home/robot33-6/student133_ws/build/test_custom_msg -- -j8 -l8
[1.570s] DEBUG:colcon.colcon_core.event_handler.log_command:Invoking command in '/home/robot33-6/student133_ws/build/test_custom_publisher': CMAKE_PREFIX_PATH=${CMAKE_PREFIX_PATH}:/opt/ros/humble /usr/bin/cmake --build /home/robot33-6/student133_ws/build/test_custom_publisher -- -j8 -l8
[1.573s] DEBUG:colcon.colcon_core.event_handler.log_command:Invoking command in '/home/robot33-6/student133_ws/build/test_custom_srv': CMAKE_PREFIX_PATH=${CMAKE_PREFIX_PATH}:/opt/ros/humble /usr/bin/cmake --build /home/robot33-6/student133_ws/build/test_custom_srv -- -j8 -l8
[1.576s] DEBUG:colcon.colcon_core.event_handler.log_command:Invoking command in '/home/robot33-6/student133_ws/build/test_pkg': CMAKE_PREFIX_PATH=${CMAKE_PREFIX_PATH}:/opt/ros/humble /usr/bin/cmake --build /home/robot33-6/student133_ws/build/test_pkg -- -j8 -l8
[1.580s] DEBUG:colcon.colcon_core.event_handler.log_command:Invoking command in '/home/robot33-6/student133_ws/build/test_publisher': CMAKE_PREFIX_PATH=${CMAKE_PREFIX_PATH}:/opt/ros/humble /usr/bin/cmake --build /home/robot33-6/student133_ws/build/test_publisher -- -j8 -l8
[1.583s] DEBUG:colcon.colcon_core.event_handler.log_command:Invoking command in '/home/robot33-6/student133_ws/build/test_service': CMAKE_PREFIX_PATH=${CMAKE_PREFIX_PATH}:/opt/ros/humble /usr/bin/cmake --build /home/robot33-6/student133_ws/build/test_service -- -j8 -l8
[1.588s] DEBUG:colcon.colcon_core.event_handler.log_command:Invoking command in '/home/robot33-6/student133_ws/build/test_subscriber': CMAKE_PREFIX_PATH=${CMAKE_PREFIX_PATH}:/opt/ros/humble /usr/bin/cmake --build /home/robot33-6/student133_ws/build/test_subscriber -- -j8 -l8
[1.678s] DEBUG:colcon.colcon_core.event_handler.log_command:Invoked command in '/home/robot33-6/student133_ws/build/test_custom_publisher' returned '0': CMAKE_PREFIX_PATH=${CMAKE_PREFIX_PATH}:/opt/ros/humble /usr/bin/cmake --build /home/robot33-6/student133_ws/build/test_custom_publisher -- -j8 -l8
[1.717s] DEBUG:colcon.colcon_core.event_handler.log_command:Invoked command in '/home/robot33-6/student133_ws/build/test_pkg' returned '0': CMAKE_PREFIX_PATH=${CMAKE_PREFIX_PATH}:/opt/ros/humble /usr/bin/cmake --build /home/robot33-6/student133_ws/build/test_pkg -- -j8 -l8
[1.718s] DEBUG:colcon.colcon_core.event_handler.log_command:Invoked command in '/home/robot33-6/student133_ws/build/test_publisher' returned '0': CMAKE_PREFIX_PATH=${CMAKE_PREFIX_PATH}:/opt/ros/humble /usr/bin/cmake --build /home/robot33-6/student133_ws/build/test_publisher -- -j8 -l8
[1.730s] DEBUG:colcon.colcon_core.event_handler.log_command:Invoked command in '/home/robot33-6/student133_ws/build/test_subscriber' returned '0': CMAKE_PREFIX_PATH=${CMAKE_PREFIX_PATH}:/opt/ros/humble /usr/bin/cmake --build /home/robot33-6/student133_ws/build/test_subscriber -- -j8 -l8
[1.734s] DEBUG:colcon.colcon_core.event_handler.log_command:Invoked command in '/home/robot33-6/student133_ws/build/test_service' returned '0': CMAKE_PREFIX_PATH=${CMAKE_PREFIX_PATH}:/opt/ros/humble /usr/bin/cmake --build /home/robot33-6/student133_ws/build/test_service -- -j8 -l8
[1.758s] DEBUG:colcon.colcon_core.event_handler.log_command:Invoking command in '/home/robot33-6/student133_ws/build/test_custom_publisher': CMAKE_PREFIX_PATH=${CMAKE_PREFIX_PATH}:/opt/ros/humble /usr/bin/cmake --install /home/robot33-6/student133_ws/build/test_custom_publisher
[1.767s] DEBUG:colcon.colcon_core.event_handler.log_command:Invoking command in '/home/robot33-6/student133_ws/build/test_subscriber': CMAKE_PREFIX_PATH=${CMAKE_PREFIX_PATH}:/opt/ros/humble /usr/bin/cmake --install /home/robot33-6/student133_ws/build/test_subscriber
[1.773s] DEBUG:colcon.colcon_core.event_handler.log_command:Invoking command in '/home/robot33-6/student133_ws/build/test_publisher': CMAKE_PREFIX_PATH=${CMAKE_PREFIX_PATH}:/opt/ros/humble /usr/bin/cmake --install /home/robot33-6/student133_ws/build/test_publisher
[1.779s] DEBUG:colcon.colcon_core.event_handler.log_command:Invoking command in '/home/robot33-6/student133_ws/build/test_pkg': CMAKE_PREFIX_PATH=${CMAKE_PREFIX_PATH}:/opt/ros/humble /usr/bin/cmake --install /home/robot33-6/student133_ws/build/test_pkg
[1.786s] Level 1:colcon.colcon_core.environment:create_environment_scripts_only(test_custom_publisher)
[1.798s] DEBUG:colcon.colcon_core.event_handler.log_command:Invoked command in '/home/robot33-6/student133_ws/build/test_custom_publisher' returned '0': CMAKE_PREFIX_PATH=${CMAKE_PREFIX_PATH}:/opt/ros/humble /usr/bin/cmake --install /home/robot33-6/student133_ws/build/test_custom_publisher
[1.820s] Level 1:colcon.colcon_core.environment:checking '/home/robot33-6/student133_ws/install/test_custom_publisher' for CMake module files
[1.821s] Level 1:colcon.colcon_core.environment:checking '/home/robot33-6/student133_ws/install/test_custom_publisher' for CMake config files
[1.821s] Level 1:colcon.colcon_core.shell:create_environment_hook('test_custom_publisher', 'cmake_prefix_path')
[1.843s] INFO:colcon.colcon_core.shell:Creating environment hook '/home/robot33-6/student133_ws/install/test_custom_publisher/share/test_custom_publisher/hook/cmake_prefix_path.ps1'
[1.844s] INFO:colcon.colcon_core.shell:Creating environment descriptor '/home/robot33-6/student133_ws/install/test_custom_publisher/share/test_custom_publisher/hook/cmake_prefix_path.dsv'
[1.845s] INFO:colcon.colcon_core.shell:Creating environment hook '/home/robot33-6/student133_ws/install/test_custom_publisher/share/test_custom_publisher/hook/cmake_prefix_path.sh'
[1.846s] Level 1:colcon.colcon_core.environment:checking '/home/robot33-6/student133_ws/install/test_custom_publisher/lib'
[1.846s] Level 1:colcon.colcon_core.environment:checking '/home/robot33-6/student133_ws/install/test_custom_publisher/bin'
[1.846s] Level 1:colcon.colcon_core.environment:checking '/home/robot33-6/student133_ws/install/test_custom_publisher/lib/pkgconfig/test_custom_publisher.pc'
[1.847s] Level 1:colcon.colcon_core.environment:checking '/home/robot33-6/student133_ws/install/test_custom_publisher/lib/python3.10/site-packages'
[1.847s] Level 1:colcon.colcon_core.environment:checking '/home/robot33-6/student133_ws/install/test_custom_publisher/bin'
[1.869s] INFO:colcon.colcon_core.shell:Creating package script '/home/robot33-6/student133_ws/install/test_custom_publisher/share/test_custom_publisher/package.ps1'
[1.870s] INFO:colcon.colcon_core.shell:Creating package descriptor '/home/robot33-6/student133_ws/install/test_custom_publisher/share/test_custom_publisher/package.dsv'
[1.871s] INFO:colcon.colcon_core.shell:Creating package script '/home/robot33-6/student133_ws/install/test_custom_publisher/share/test_custom_publisher/package.sh'
[1.871s] INFO:colcon.colcon_core.shell:Creating package script '/home/robot33-6/student133_ws/install/test_custom_publisher/share/test_custom_publisher/package.bash'
[1.872s] INFO:colcon.colcon_core.shell:Creating package script '/home/robot33-6/student133_ws/install/test_custom_publisher/share/test_custom_publisher/package.zsh'
[1.873s] Level 1:colcon.colcon_core.environment:create_file_with_runtime_dependencies(/home/robot33-6/student133_ws/install/test_custom_publisher/share/colcon-core/packages/test_custom_publisher)
[1.876s] DEBUG:colcon.colcon_core.event_handler.log_command:Invoking command in '/home/robot33-6/student133_ws/build/test_service': CMAKE_PREFIX_PATH=${CMAKE_PREFIX_PATH}:/opt/ros/humble /usr/bin/cmake --install /home/robot33-6/student133_ws/build/test_service
[1.876s] Level 1:colcon.colcon_core.environment:create_environment_scripts_only(test_subscriber)
[1.877s] DEBUG:colcon.colcon_core.event_handler.log_command:Invoked command in '/home/robot33-6/student133_ws/build/test_subscriber' returned '0': CMAKE_PREFIX_PATH=${CMAKE_PREFIX_PATH}:/opt/ros/humble /usr/bin/cmake --install /home/robot33-6/student133_ws/build/test_subscriber
[1.899s] Level 1:colcon.colcon_core.environment:checking '/home/robot33-6/student133_ws/install/test_subscriber' for CMake module files
[1.899s] Level 1:colcon.colcon_core.environment:checking '/home/robot33-6/student133_ws/install/test_subscriber' for CMake config files
[1.900s] Level 1:colcon.colcon_core.shell:create_environment_hook('test_subscriber', 'cmake_prefix_path')
[1.921s] INFO:colcon.colcon_core.shell:Creating environment hook '/home/robot33-6/student133_ws/install/test_subscriber/share/test_subscriber/hook/cmake_prefix_path.ps1'
[1.922s] INFO:colcon.colcon_core.shell:Creating environment descriptor '/home/robot33-6/student133_ws/install/test_subscriber/share/test_subscriber/hook/cmake_prefix_path.dsv'
[1.922s] INFO:colcon.colcon_core.shell:Creating environment hook '/home/robot33-6/student133_ws/install/test_subscriber/share/test_subscriber/hook/cmake_prefix_path.sh'
[1.923s] Level 1:colcon.colcon_core.environment:checking '/home/robot33-6/student133_ws/install/test_subscriber/lib'
[1.923s] Level 1:colcon.colcon_core.environment:checking '/home/robot33-6/student133_ws/install/test_subscriber/bin'
[1.923s] Level 1:colcon.colcon_core.environment:checking '/home/robot33-6/student133_ws/install/test_subscriber/lib/pkgconfig/test_subscriber.pc'
[1.923s] Level 1:colcon.colcon_core.environment:checking '/home/robot33-6/student133_ws/install/test_subscriber/lib/python3.10/site-packages'
[1.923s] Level 1:colcon.colcon_core.environment:checking '/home/robot33-6/student133_ws/install/test_subscriber/bin'
[1.940s] INFO:colcon.colcon_core.shell:Creating package script '/home/robot33-6/student133_ws/install/test_subscriber/share/test_subscriber/package.ps1'
[1.940s] INFO:colcon.colcon_core.shell:Creating package descriptor '/home/robot33-6/student133_ws/install/test_subscriber/share/test_subscriber/package.dsv'
[1.940s] INFO:colcon.colcon_core.shell:Creating package script '/home/robot33-6/student133_ws/install/test_subscriber/share/test_subscriber/package.sh'
[1.941s] INFO:colcon.colcon_core.shell:Creating package script '/home/robot33-6/student133_ws/install/test_subscriber/share/test_subscriber/package.bash'
[1.941s] INFO:colcon.colcon_core.shell:Creating package script '/home/robot33-6/student133_ws/install/test_subscriber/share/test_subscriber/package.zsh'
[1.941s] Level 1:colcon.colcon_core.environment:create_file_with_runtime_dependencies(/home/robot33-6/student133_ws/install/test_subscriber/share/colcon-core/packages/test_subscriber)
[1.943s] Level 1:colcon.colcon_core.environment:create_environment_scripts_only(test_publisher)
[1.949s] DEBUG:colcon.colcon_core.event_handler.log_command:Invoked command in '/home/robot33-6/student133_ws/build/test_publisher' returned '0': CMAKE_PREFIX_PATH=${CMAKE_PREFIX_PATH}:/opt/ros/humble /usr/bin/cmake --install /home/robot33-6/student133_ws/build/test_publisher
[1.961s] Level 1:colcon.colcon_core.environment:checking '/home/robot33-6/student133_ws/install/test_publisher' for CMake module files
[1.962s] Level 1:colcon.colcon_core.environment:checking '/home/robot33-6/student133_ws/install/test_publisher' for CMake config files
[1.962s] Level 1:colcon.colcon_core.shell:create_environment_hook('test_publisher', 'cmake_prefix_path')
[1.975s] INFO:colcon.colcon_core.shell:Creating environment hook '/home/robot33-6/student133_ws/install/test_publisher/share/test_publisher/hook/cmake_prefix_path.ps1'
[1.976s] INFO:colcon.colcon_core.shell:Creating environment descriptor '/home/robot33-6/student133_ws/install/test_publisher/share/test_publisher/hook/cmake_prefix_path.dsv'
[1.976s] INFO:colcon.colcon_core.shell:Creating environment hook '/home/robot33-6/student133_ws/install/test_publisher/share/test_publisher/hook/cmake_prefix_path.sh'
[1.976s] Level 1:colcon.colcon_core.environment:checking '/home/robot33-6/student133_ws/install/test_publisher/lib'
[1.977s] Level 1:colcon.colcon_core.environment:checking '/home/robot33-6/student133_ws/install/test_publisher/bin'
[1.977s] Level 1:colcon.colcon_core.environment:checking '/home/robot33-6/student133_ws/install/test_publisher/lib/pkgconfig/test_publisher.pc'
[1.977s] Level 1:colcon.colcon_core.environment:checking '/home/robot33-6/student133_ws/install/test_publisher/lib/python3.10/site-packages'
[1.977s] Level 1:colcon.colcon_core.environment:checking '/home/robot33-6/student133_ws/install/test_publisher/bin'
[1.990s] INFO:colcon.colcon_core.shell:Creating package script '/home/robot33-6/student133_ws/install/test_publisher/share/test_publisher/package.ps1'
[1.990s] INFO:colcon.colcon_core.shell:Creating package descriptor '/home/robot33-6/student133_ws/install/test_publisher/share/test_publisher/package.dsv'
[1.991s] INFO:colcon.colcon_core.shell:Creating package script '/home/robot33-6/student133_ws/install/test_publisher/share/test_publisher/package.sh'
[1.991s] INFO:colcon.colcon_core.shell:Creating package script '/home/robot33-6/student133_ws/install/test_publisher/share/test_publisher/package.bash'
[1.991s] INFO:colcon.colcon_core.shell:Creating package script '/home/robot33-6/student133_ws/install/test_publisher/share/test_publisher/package.zsh'
[1.992s] Level 1:colcon.colcon_core.environment:create_file_with_runtime_dependencies(/home/robot33-6/student133_ws/install/test_publisher/share/colcon-core/packages/test_publisher)
[1.994s] Level 1:colcon.colcon_core.environment:create_environment_scripts_only(test_pkg)
[1.995s] DEBUG:colcon.colcon_core.event_handler.log_command:Invoked command in '/home/robot33-6/student133_ws/build/test_pkg' returned '0': CMAKE_PREFIX_PATH=${CMAKE_PREFIX_PATH}:/opt/ros/humble /usr/bin/cmake --install /home/robot33-6/student133_ws/build/test_pkg
[2.008s] Level 1:colcon.colcon_core.environment:checking '/home/robot33-6/student133_ws/install/test_pkg' for CMake module files
[2.008s] Level 1:colcon.colcon_core.environment:checking '/home/robot33-6/student133_ws/install/test_pkg' for CMake config files
[2.008s] Level 1:colcon.colcon_core.shell:create_environment_hook('test_pkg', 'cmake_prefix_path')
[2.021s] INFO:colcon.colcon_core.shell:Creating environment hook '/home/robot33-6/student133_ws/install/test_pkg/share/test_pkg/hook/cmake_prefix_path.ps1'
[2.022s] INFO:colcon.colcon_core.shell:Creating environment descriptor '/home/robot33-6/student133_ws/install/test_pkg/share/test_pkg/hook/cmake_prefix_path.dsv'
[2.022s] INFO:colcon.colcon_core.shell:Creating environment hook '/home/robot33-6/student133_ws/install/test_pkg/share/test_pkg/hook/cmake_prefix_path.sh'
[2.022s] Level 1:colcon.colcon_core.environment:checking '/home/robot33-6/student133_ws/install/test_pkg/lib'
[2.022s] Level 1:colcon.colcon_core.environment:checking '/home/robot33-6/student133_ws/install/test_pkg/bin'
[2.023s] Level 1:colcon.colcon_core.environment:checking '/home/robot33-6/student133_ws/install/test_pkg/lib/pkgconfig/test_pkg.pc'
[2.023s] Level 1:colcon.colcon_core.environment:checking '/home/robot33-6/student133_ws/install/test_pkg/lib/python3.10/site-packages'
[2.023s] Level 1:colcon.colcon_core.environment:checking '/home/robot33-6/student133_ws/install/test_pkg/bin'
[2.036s] INFO:colcon.colcon_core.shell:Creating package script '/home/robot33-6/student133_ws/install/test_pkg/share/test_pkg/package.ps1'
[2.036s] INFO:colcon.colcon_core.shell:Creating package descriptor '/home/robot33-6/student133_ws/install/test_pkg/share/test_pkg/package.dsv'
[2.036s] INFO:colcon.colcon_core.shell:Creating package script '/home/robot33-6/student133_ws/install/test_pkg/share/test_pkg/package.sh'
[2.037s] INFO:colcon.colcon_core.shell:Creating package script '/home/robot33-6/student133_ws/install/test_pkg/share/test_pkg/package.bash'
[2.037s] INFO:colcon.colcon_core.shell:Creating package script '/home/robot33-6/student133_ws/install/test_pkg/share/test_pkg/package.zsh'
[2.037s] Level 1:colcon.colcon_core.environment:create_file_with_runtime_dependencies(/home/robot33-6/student133_ws/install/test_pkg/share/colcon-core/packages/test_pkg)
[2.056s] Level 1:colcon.colcon_core.environment:create_environment_scripts_only(test_custom_publisher)
[2.068s] Level 1:colcon.colcon_core.environment:checking '/home/robot33-6/student133_ws/install/test_custom_publisher' for CMake module files
[2.069s] Level 1:colcon.colcon_core.environment:checking '/home/robot33-6/student133_ws/install/test_custom_publisher' for CMake config files
[2.069s] Level 1:colcon.colcon_core.shell:create_environment_hook('test_custom_publisher', 'cmake_prefix_path')
[2.081s] INFO:colcon.colcon_core.shell:Creating environment hook '/home/robot33-6/student133_ws/install/test_custom_publisher/share/test_custom_publisher/hook/cmake_prefix_path.ps1'
[2.081s] INFO:colcon.colcon_core.shell:Creating environment descriptor '/home/robot33-6/student133_ws/install/test_custom_publisher/share/test_custom_publisher/hook/cmake_prefix_path.dsv'
[2.081s] INFO:colcon.colcon_core.shell:Creating environment hook '/home/robot33-6/student133_ws/install/test_custom_publisher/share/test_custom_publisher/hook/cmake_prefix_path.sh'
[2.082s] Level 1:colcon.colcon_core.environment:checking '/home/robot33-6/student133_ws/install/test_custom_publisher/lib'
[2.082s] Level 1:colcon.colcon_core.environment:checking '/home/robot33-6/student133_ws/install/test_custom_publisher/bin'
[2.082s] Level 1:colcon.colcon_core.environment:checking '/home/robot33-6/student133_ws/install/test_custom_publisher/lib/pkgconfig/test_custom_publisher.pc'
[2.082s] Level 1:colcon.colcon_core.environment:checking '/home/robot33-6/student133_ws/install/test_custom_publisher/lib/python3.10/site-packages'
[2.082s] Level 1:colcon.colcon_core.environment:checking '/home/robot33-6/student133_ws/install/test_custom_publisher/bin'
[2.094s] INFO:colcon.colcon_core.shell:Creating package script '/home/robot33-6/student133_ws/install/test_custom_publisher/share/test_custom_publisher/package.ps1'
[2.094s] INFO:colcon.colcon_core.shell:Creating package descriptor '/home/robot33-6/student133_ws/install/test_custom_publisher/share/test_custom_publisher/package.dsv'
[2.095s] INFO:colcon.colcon_core.shell:Creating package script '/home/robot33-6/student133_ws/install/test_custom_publisher/share/test_custom_publisher/package.sh'
[2.095s] INFO:colcon.colcon_core.shell:Creating package script '/home/robot33-6/student133_ws/install/test_custom_publisher/share/test_custom_publisher/package.bash'
[2.095s] INFO:colcon.colcon_core.shell:Creating package script '/home/robot33-6/student133_ws/install/test_custom_publisher/share/test_custom_publisher/package.zsh'
[2.096s] Level 1:colcon.colcon_core.environment:create_file_with_runtime_dependencies(/home/robot33-6/student133_ws/install/test_custom_publisher/share/colcon-core/packages/test_custom_publisher)
[2.096s] Level 1:colcon.colcon_core.environment:create_environment_scripts_only(test_service)
[2.097s] DEBUG:colcon.colcon_core.event_handler.log_command:Invoked command in '/home/robot33-6/student133_ws/build/test_service' returned '0': CMAKE_PREFIX_PATH=${CMAKE_PREFIX_PATH}:/opt/ros/humble /usr/bin/cmake --install /home/robot33-6/student133_ws/build/test_service
[2.109s] Level 1:colcon.colcon_core.environment:checking '/home/robot33-6/student133_ws/install/test_service' for CMake module files
[2.109s] Level 1:colcon.colcon_core.environment:checking '/home/robot33-6/student133_ws/install/test_service' for CMake config files
[2.109s] Level 1:colcon.colcon_core.shell:create_environment_hook('test_service', 'cmake_prefix_path')
[2.121s] INFO:colcon.colcon_core.shell:Creating environment hook '/home/robot33-6/student133_ws/install/test_service/share/test_service/hook/cmake_prefix_path.ps1'
[2.121s] INFO:colcon.colcon_core.shell:Creating environment descriptor '/home/robot33-6/student133_ws/install/test_service/share/test_service/hook/cmake_prefix_path.dsv'
[2.122s] INFO:colcon.colcon_core.shell:Creating environment hook '/home/robot33-6/student133_ws/install/test_service/share/test_service/hook/cmake_prefix_path.sh'
[2.122s] Level 1:colcon.colcon_core.environment:checking '/home/robot33-6/student133_ws/install/test_service/lib'
[2.122s] Level 1:colcon.colcon_core.environment:checking '/home/robot33-6/student133_ws/install/test_service/bin'
[2.122s] Level 1:colcon.colcon_core.environment:checking '/home/robot33-6/student133_ws/install/test_service/lib/pkgconfig/test_service.pc'
[2.122s] Level 1:colcon.colcon_core.environment:checking '/home/robot33-6/student133_ws/install/test_service/lib/python3.10/site-packages'
[2.122s] Level 1:colcon.colcon_core.environment:checking '/home/robot33-6/student133_ws/install/test_service/bin'
[2.134s] INFO:colcon.colcon_core.shell:Creating package script '/home/robot33-6/student133_ws/install/test_service/share/test_service/package.ps1'
[2.135s] INFO:colcon.colcon_core.shell:Creating package descriptor '/home/robot33-6/student133_ws/install/test_service/share/test_service/package.dsv'
[2.135s] INFO:colcon.colcon_core.shell:Creating package script '/home/robot33-6/student133_ws/install/test_service/share/test_service/package.sh'
[2.135s] INFO:colcon.colcon_core.shell:Creating package script '/home/robot33-6/student133_ws/install/test_service/share/test_service/package.bash'
[2.135s] INFO:colcon.colcon_core.shell:Creating package script '/home/robot33-6/student133_ws/install/test_service/share/test_service/package.zsh'
[2.136s] Level 1:colcon.colcon_core.environment:create_file_with_runtime_dependencies(/home/robot33-6/student133_ws/install/test_service/share/colcon-core/packages/test_service)
[2.137s] DEBUG:colcon.colcon_core.event_handler.log_command:Invoked command in '/home/robot33-6/student133_ws/build/test_custom_srv' returned '0': CMAKE_PREFIX_PATH=${CMAKE_PREFIX_PATH}:/opt/ros/humble /usr/bin/cmake --build /home/robot33-6/student133_ws/build/test_custom_srv -- -j8 -l8
[2.151s] Level 1:colcon.colcon_core.environment:create_environment_scripts_only(test_subscriber)
[2.164s] Level 1:colcon.colcon_core.environment:checking '/home/robot33-6/student133_ws/install/test_subscriber' for CMake module files
[2.165s] Level 1:colcon.colcon_core.environment:checking '/home/robot33-6/student133_ws/install/test_subscriber' for CMake config files
[2.165s] Level 1:colcon.colcon_core.shell:create_environment_hook('test_subscriber', 'cmake_prefix_path')
[2.178s] INFO:colcon.colcon_core.shell:Creating environment hook '/home/robot33-6/student133_ws/install/test_subscriber/share/test_subscriber/hook/cmake_prefix_path.ps1'
[2.179s] INFO:colcon.colcon_core.shell:Creating environment descriptor '/home/robot33-6/student133_ws/install/test_subscriber/share/test_subscriber/hook/cmake_prefix_path.dsv'
[2.179s] INFO:colcon.colcon_core.shell:Creating environment hook '/home/robot33-6/student133_ws/install/test_subscriber/share/test_subscriber/hook/cmake_prefix_path.sh'
[2.179s] Level 1:colcon.colcon_core.environment:checking '/home/robot33-6/student133_ws/install/test_subscriber/lib'
[2.179s] Level 1:colcon.colcon_core.environment:checking '/home/robot33-6/student133_ws/install/test_subscriber/bin'
[2.179s] Level 1:colcon.colcon_core.environment:checking '/home/robot33-6/student133_ws/install/test_subscriber/lib/pkgconfig/test_subscriber.pc'
[2.180s] Level 1:colcon.colcon_core.environment:checking '/home/robot33-6/student133_ws/install/test_subscriber/lib/python3.10/site-packages'
[2.180s] Level 1:colcon.colcon_core.environment:checking '/home/robot33-6/student133_ws/install/test_subscriber/bin'
[2.192s] INFO:colcon.colcon_core.shell:Creating package script '/home/robot33-6/student133_ws/install/test_subscriber/share/test_subscriber/package.ps1'
[2.192s] INFO:colcon.colcon_core.shell:Creating package descriptor '/home/robot33-6/student133_ws/install/test_subscriber/share/test_subscriber/package.dsv'
[2.193s] INFO:colcon.colcon_core.shell:Creating package script '/home/robot33-6/student133_ws/install/test_subscriber/share/test_subscriber/package.sh'
[2.193s] INFO:colcon.colcon_core.shell:Creating package script '/home/robot33-6/student133_ws/install/test_subscriber/share/test_subscriber/package.bash'
[2.193s] INFO:colcon.colcon_core.shell:Creating package script '/home/robot33-6/student133_ws/install/test_subscriber/share/test_subscriber/package.zsh'
[2.194s] Level 1:colcon.colcon_core.environment:create_file_with_runtime_dependencies(/home/robot33-6/student133_ws/install/test_subscriber/share/colcon-core/packages/test_subscriber)
[2.207s] Level 1:colcon.colcon_core.environment:create_environment_scripts_only(test_publisher)
[2.219s] Level 1:colcon.colcon_core.environment:checking '/home/robot33-6/student133_ws/install/test_publisher' for CMake module files
[2.220s] Level 1:colcon.colcon_core.environment:checking '/home/robot33-6/student133_ws/install/test_publisher' for CMake config files
[2.220s] Level 1:colcon.colcon_core.shell:create_environment_hook('test_publisher', 'cmake_prefix_path')
[2.232s] INFO:colcon.colcon_core.shell:Creating environment hook '/home/robot33-6/student133_ws/install/test_publisher/share/test_publisher/hook/cmake_prefix_path.ps1'
[2.232s] INFO:colcon.colcon_core.shell:Creating environment descriptor '/home/robot33-6/student133_ws/install/test_publisher/share/test_publisher/hook/cmake_prefix_path.dsv'
[2.233s] INFO:colcon.colcon_core.shell:Creating environment hook '/home/robot33-6/student133_ws/install/test_publisher/share/test_publisher/hook/cmake_prefix_path.sh'
[2.233s] Level 1:colcon.colcon_core.environment:checking '/home/robot33-6/student133_ws/install/test_publisher/lib'
[2.233s] Level 1:colcon.colcon_core.environment:checking '/home/robot33-6/student133_ws/install/test_publisher/bin'
[2.233s] Level 1:colcon.colcon_core.environment:checking '/home/robot33-6/student133_ws/install/test_publisher/lib/pkgconfig/test_publisher.pc'
[2.233s] Level 1:colcon.colcon_core.environment:checking '/home/robot33-6/student133_ws/install/test_publisher/lib/python3.10/site-packages'
[2.233s] Level 1:colcon.colcon_core.environment:checking '/home/robot33-6/student133_ws/install/test_publisher/bin'
[2.246s] INFO:colcon.colcon_core.shell:Creating package script '/home/robot33-6/student133_ws/install/test_publisher/share/test_publisher/package.ps1'
[2.246s] INFO:colcon.colcon_core.shell:Creating package descriptor '/home/robot33-6/student133_ws/install/test_publisher/share/test_publisher/package.dsv'
[2.247s] INFO:colcon.colcon_core.shell:Creating package script '/home/robot33-6/student133_ws/install/test_publisher/share/test_publisher/package.sh'
[2.247s] INFO:colcon.colcon_core.shell:Creating package script '/home/robot33-6/student133_ws/install/test_publisher/share/test_publisher/package.bash'
[2.247s] INFO:colcon.colcon_core.shell:Creating package script '/home/robot33-6/student133_ws/install/test_publisher/share/test_publisher/package.zsh'
[2.248s] Level 1:colcon.colcon_core.environment:create_file_with_runtime_dependencies(/home/robot33-6/student133_ws/install/test_publisher/share/colcon-core/packages/test_publisher)
[2.250s] DEBUG:colcon.colcon_core.event_handler.log_command:Invoked command in '/home/robot33-6/student133_ws/build/test_custom_msg' returned '0': CMAKE_PREFIX_PATH=${CMAKE_PREFIX_PATH}:/opt/ros/humble /usr/bin/cmake --build /home/robot33-6/student133_ws/build/test_custom_msg -- -j8 -l8
[2.267s] Level 1:colcon.colcon_core.environment:create_environment_scripts_only(test_pkg)
[2.279s] Level 1:colcon.colcon_core.environment:checking '/home/robot33-6/student133_ws/install/test_pkg' for CMake module files
[2.280s] Level 1:colcon.colcon_core.environment:checking '/home/robot33-6/student133_ws/install/test_pkg' for CMake config files
[2.280s] Level 1:colcon.colcon_core.shell:create_environment_hook('test_pkg', 'cmake_prefix_path')
[2.293s] INFO:colcon.colcon_core.shell:Creating environment hook '/home/robot33-6/student133_ws/install/test_pkg/share/test_pkg/hook/cmake_prefix_path.ps1'
[2.293s] INFO:colcon.colcon_core.shell:Creating environment descriptor '/home/robot33-6/student133_ws/install/test_pkg/share/test_pkg/hook/cmake_prefix_path.dsv'
[2.293s] INFO:colcon.colcon_core.shell:Creating environment hook '/home/robot33-6/student133_ws/install/test_pkg/share/test_pkg/hook/cmake_prefix_path.sh'
[2.294s] Level 1:colcon.colcon_core.environment:checking '/home/robot33-6/student133_ws/install/test_pkg/lib'
[2.294s] Level 1:colcon.colcon_core.environment:checking '/home/robot33-6/student133_ws/install/test_pkg/bin'
[2.294s] Level 1:colcon.colcon_core.environment:checking '/home/robot33-6/student133_ws/install/test_pkg/lib/pkgconfig/test_pkg.pc'
[2.294s] Level 1:colcon.colcon_core.environment:checking '/home/robot33-6/student133_ws/install/test_pkg/lib/python3.10/site-packages'
[2.294s] Level 1:colcon.colcon_core.environment:checking '/home/robot33-6/student133_ws/install/test_pkg/bin'
[2.306s] INFO:colcon.colcon_core.shell:Creating package script '/home/robot33-6/student133_ws/install/test_pkg/share/test_pkg/package.ps1'
[2.307s] INFO:colcon.colcon_core.shell:Creating package descriptor '/home/robot33-6/student133_ws/install/test_pkg/share/test_pkg/package.dsv'
[2.307s] INFO:colcon.colcon_core.shell:Creating package script '/home/robot33-6/student133_ws/install/test_pkg/share/test_pkg/package.sh'
[2.307s] INFO:colcon.colcon_core.shell:Creating package script '/home/robot33-6/student133_ws/install/test_pkg/share/test_pkg/package.bash'
[2.307s] INFO:colcon.colcon_core.shell:Creating package script '/home/robot33-6/student133_ws/install/test_pkg/share/test_pkg/package.zsh'
[2.308s] Level 1:colcon.colcon_core.environment:create_file_with_runtime_dependencies(/home/robot33-6/student133_ws/install/test_pkg/share/colcon-core/packages/test_pkg)
[2.320s] Level 1:colcon.colcon_core.environment:create_environment_scripts_only(test_service)
[2.332s] Level 1:colcon.colcon_core.environment:checking '/home/robot33-6/student133_ws/install/test_service' for CMake module files
[2.333s] Level 1:colcon.colcon_core.environment:checking '/home/robot33-6/student133_ws/install/test_service' for CMake config files
[2.333s] Level 1:colcon.colcon_core.shell:create_environment_hook('test_service', 'cmake_prefix_path')
[2.344s] INFO:colcon.colcon_core.shell:Creating environment hook '/home/robot33-6/student133_ws/install/test_service/share/test_service/hook/cmake_prefix_path.ps1'
[2.345s] INFO:colcon.colcon_core.shell:Creating environment descriptor '/home/robot33-6/student133_ws/install/test_service/share/test_service/hook/cmake_prefix_path.dsv'
[2.345s] INFO:colcon.colcon_core.shell:Creating environment hook '/home/robot33-6/student133_ws/install/test_service/share/test_service/hook/cmake_prefix_path.sh'
[2.345s] Level 1:colcon.colcon_core.environment:checking '/home/robot33-6/student133_ws/install/test_service/lib'
[2.345s] Level 1:colcon.colcon_core.environment:checking '/home/robot33-6/student133_ws/install/test_service/bin'
[2.345s] Level 1:colcon.colcon_core.environment:checking '/home/robot33-6/student133_ws/install/test_service/lib/pkgconfig/test_service.pc'
[2.346s] Level 1:colcon.colcon_core.environment:checking '/home/robot33-6/student133_ws/install/test_service/lib/python3.10/site-packages'
[2.346s] Level 1:colcon.colcon_core.environment:checking '/home/robot33-6/student133_ws/install/test_service/bin'
[2.358s] INFO:colcon.colcon_core.shell:Creating package script '/home/robot33-6/student133_ws/install/test_service/share/test_service/package.ps1'
[2.358s] INFO:colcon.colcon_core.shell:Creating package descriptor '/home/robot33-6/student133_ws/install/test_service/share/test_service/package.dsv'
[2.358s] INFO:colcon.colcon_core.shell:Creating package script '/home/robot33-6/student133_ws/install/test_service/share/test_service/package.sh'
[2.359s] INFO:colcon.colcon_core.shell:Creating package script '/home/robot33-6/student133_ws/install/test_service/share/test_service/package.bash'
[2.359s] INFO:colcon.colcon_core.shell:Creating package script '/home/robot33-6/student133_ws/install/test_service/share/test_service/package.zsh'
[2.359s] Level 1:colcon.colcon_core.environment:create_file_with_runtime_dependencies(/home/robot33-6/student133_ws/install/test_service/share/colcon-core/packages/test_service)
[2.362s] DEBUG:colcon.colcon_core.event_handler.log_command:Invoking command in '/home/robot33-6/student133_ws/build/test_custom_srv': CMAKE_PREFIX_PATH=${CMAKE_PREFIX_PATH}:/opt/ros/humble /usr/bin/cmake --install /home/robot33-6/student133_ws/build/test_custom_srv
[2.362s] DEBUG:colcon.colcon_core.event_handler.log_command:Invoked command in '/home/robot33-6/student133_ws/build/test_client' returned '0': CMAKE_PREFIX_PATH=${CMAKE_PREFIX_PATH}:/opt/ros/humble /usr/bin/cmake /home/robot33-6/student133_ws/src/test_client -G CodeBlocks - Unix Makefiles -DCMAKE_BUILD_TYPE=Debug -DCMAKE_INSTALL_PREFIX=/home/robot33-6/student133_ws/install/test_client
[2.363s] DEBUG:colcon.colcon_core.event_handler.log_command:Invoking command in '/home/robot33-6/student133_ws/build/test_client': CMAKE_PREFIX_PATH=${CMAKE_PREFIX_PATH}:/opt/ros/humble /usr/bin/cmake --build /home/robot33-6/student133_ws/build/test_client -- -j8 -l8
[2.364s] DEBUG:colcon.colcon_core.event_handler.log_command:Invoking command in '/home/robot33-6/student133_ws/build/test_custom_msg': CMAKE_PREFIX_PATH=${CMAKE_PREFIX_PATH}:/opt/ros/humble /usr/bin/cmake --install /home/robot33-6/student133_ws/build/test_custom_msg
[2.405s] Level 1:colcon.colcon_core.environment:create_environment_scripts_only(test_custom_srv)
[2.405s] DEBUG:colcon.colcon_core.event_handler.log_command:Invoked command in '/home/robot33-6/student133_ws/build/test_custom_srv' returned '0': CMAKE_PREFIX_PATH=${CMAKE_PREFIX_PATH}:/opt/ros/humble /usr/bin/cmake --install /home/robot33-6/student133_ws/build/test_custom_srv
[2.422s] Level 1:colcon.colcon_core.environment:checking '/home/robot33-6/student133_ws/install/test_custom_srv' for CMake module files
[2.422s] Level 1:colcon.colcon_core.environment:checking '/home/robot33-6/student133_ws/install/test_custom_srv' for CMake config files
[2.423s] Level 1:colcon.colcon_core.shell:create_environment_hook('test_custom_srv', 'cmake_prefix_path')
[2.435s] INFO:colcon.colcon_core.shell:Creating environment hook '/home/robot33-6/student133_ws/install/test_custom_srv/share/test_custom_srv/hook/cmake_prefix_path.ps1'
[2.435s] INFO:colcon.colcon_core.shell:Creating environment descriptor '/home/robot33-6/student133_ws/install/test_custom_srv/share/test_custom_srv/hook/cmake_prefix_path.dsv'
[2.435s] INFO:colcon.colcon_core.shell:Creating environment hook '/home/robot33-6/student133_ws/install/test_custom_srv/share/test_custom_srv/hook/cmake_prefix_path.sh'
[2.436s] Level 1:colcon.colcon_core.environment:checking '/home/robot33-6/student133_ws/install/test_custom_srv/lib'
[2.436s] Level 1:colcon.colcon_core.shell:create_environment_hook('test_custom_srv', 'ld_library_path_lib')
[2.448s] INFO:colcon.colcon_core.shell:Creating environment hook '/home/robot33-6/student133_ws/install/test_custom_srv/share/test_custom_srv/hook/ld_library_path_lib.ps1'
[2.448s] INFO:colcon.colcon_core.shell:Creating environment descriptor '/home/robot33-6/student133_ws/install/test_custom_srv/share/test_custom_srv/hook/ld_library_path_lib.dsv'
[2.449s] INFO:colcon.colcon_core.shell:Creating environment hook '/home/robot33-6/student133_ws/install/test_custom_srv/share/test_custom_srv/hook/ld_library_path_lib.sh'
[2.449s] Level 1:colcon.colcon_core.environment:checking '/home/robot33-6/student133_ws/install/test_custom_srv/bin'
[2.449s] Level 1:colcon.colcon_core.environment:checking '/home/robot33-6/student133_ws/install/test_custom_srv/lib/pkgconfig/test_custom_srv.pc'
[2.449s] Level 1:colcon.colcon_core.environment:checking '/home/robot33-6/student133_ws/install/test_custom_srv/lib/python3.10/site-packages'
[2.449s] Level 1:colcon.colcon_core.environment:checking '/home/robot33-6/student133_ws/install/test_custom_srv/bin'
[2.462s] INFO:colcon.colcon_core.shell:Creating package script '/home/robot33-6/student133_ws/install/test_custom_srv/share/test_custom_srv/package.ps1'
[2.462s] INFO:colcon.colcon_core.shell:Creating package descriptor '/home/robot33-6/student133_ws/install/test_custom_srv/share/test_custom_srv/package.dsv'
[2.462s] INFO:colcon.colcon_core.shell:Creating package script '/home/robot33-6/student133_ws/install/test_custom_srv/share/test_custom_srv/package.sh'
[2.463s] INFO:colcon.colcon_core.shell:Creating package script '/home/robot33-6/student133_ws/install/test_custom_srv/share/test_custom_srv/package.bash'
[2.463s] INFO:colcon.colcon_core.shell:Creating package script '/home/robot33-6/student133_ws/install/test_custom_srv/share/test_custom_srv/package.zsh'
[2.463s] Level 1:colcon.colcon_core.environment:create_file_with_runtime_dependencies(/home/robot33-6/student133_ws/install/test_custom_srv/share/colcon-core/packages/test_custom_srv)
[2.465s] Level 1:colcon.colcon_core.environment:create_environment_scripts_only(test_custom_msg)
[2.469s] DEBUG:colcon.colcon_core.event_handler.log_command:Invoked command in '/home/robot33-6/student133_ws/build/test_custom_msg' returned '0': CMAKE_PREFIX_PATH=${CMAKE_PREFIX_PATH}:/opt/ros/humble /usr/bin/cmake --install /home/robot33-6/student133_ws/build/test_custom_msg
[2.481s] Level 1:colcon.colcon_core.environment:checking '/home/robot33-6/student133_ws/install/test_custom_msg' for CMake module files
[2.482s] Level 1:colcon.colcon_core.environment:checking '/home/robot33-6/student133_ws/install/test_custom_msg' for CMake config files
[2.482s] Level 1:colcon.colcon_core.shell:create_environment_hook('test_custom_msg', 'cmake_prefix_path')
[2.495s] INFO:colcon.colcon_core.shell:Creating environment hook '/home/robot33-6/student133_ws/install/test_custom_msg/share/test_custom_msg/hook/cmake_prefix_path.ps1'
[2.495s] INFO:colcon.colcon_core.shell:Creating environment descriptor '/home/robot33-6/student133_ws/install/test_custom_msg/share/test_custom_msg/hook/cmake_prefix_path.dsv'
[2.495s] INFO:colcon.colcon_core.shell:Creating environment hook '/home/robot33-6/student133_ws/install/test_custom_msg/share/test_custom_msg/hook/cmake_prefix_path.sh'
[2.496s] Level 1:colcon.colcon_core.environment:checking '/home/robot33-6/student133_ws/install/test_custom_msg/lib'
[2.496s] Level 1:colcon.colcon_core.shell:create_environment_hook('test_custom_msg', 'ld_library_path_lib')
[2.508s] INFO:colcon.colcon_core.shell:Creating environment hook '/home/robot33-6/student133_ws/install/test_custom_msg/share/test_custom_msg/hook/ld_library_path_lib.ps1'
[2.508s] INFO:colcon.colcon_core.shell:Creating environment descriptor '/home/robot33-6/student133_ws/install/test_custom_msg/share/test_custom_msg/hook/ld_library_path_lib.dsv'
[2.509s] INFO:colcon.colcon_core.shell:Creating environment hook '/home/robot33-6/student133_ws/install/test_custom_msg/share/test_custom_msg/hook/ld_library_path_lib.sh'
[2.509s] Level 1:colcon.colcon_core.environment:checking '/home/robot33-6/student133_ws/install/test_custom_msg/bin'
[2.509s] Level 1:colcon.colcon_core.environment:checking '/home/robot33-6/student133_ws/install/test_custom_msg/lib/pkgconfig/test_custom_msg.pc'
[2.509s] Level 1:colcon.colcon_core.environment:checking '/home/robot33-6/student133_ws/install/test_custom_msg/lib/python3.10/site-packages'
[2.509s] Level 1:colcon.colcon_core.environment:checking '/home/robot33-6/student133_ws/install/test_custom_msg/bin'
[2.521s] INFO:colcon.colcon_core.shell:Creating package script '/home/robot33-6/student133_ws/install/test_custom_msg/share/test_custom_msg/package.ps1'
[2.522s] INFO:colcon.colcon_core.shell:Creating package descriptor '/home/robot33-6/student133_ws/install/test_custom_msg/share/test_custom_msg/package.dsv'
[2.522s] INFO:colcon.colcon_core.shell:Creating package script '/home/robot33-6/student133_ws/install/test_custom_msg/share/test_custom_msg/package.sh'
[2.522s] INFO:colcon.colcon_core.shell:Creating package script '/home/robot33-6/student133_ws/install/test_custom_msg/share/test_custom_msg/package.bash'
[2.522s] INFO:colcon.colcon_core.shell:Creating package script '/home/robot33-6/student133_ws/install/test_custom_msg/share/test_custom_msg/package.zsh'
[2.523s] Level 1:colcon.colcon_core.environment:create_file_with_runtime_dependencies(/home/robot33-6/student133_ws/install/test_custom_msg/share/colcon-core/packages/test_custom_msg)
[2.524s] DEBUG:colcon.colcon_core.event_handler.log_command:Invoked command in '/home/robot33-6/student133_ws/build/test_client' returned '0': CMAKE_PREFIX_PATH=${CMAKE_PREFIX_PATH}:/opt/ros/humble /usr/bin/cmake --build /home/robot33-6/student133_ws/build/test_client -- -j8 -l8
[2.538s] Level 1:colcon.colcon_core.environment:create_environment_scripts_only(test_custom_srv)
[2.551s] Level 1:colcon.colcon_core.environment:checking '/home/robot33-6/student133_ws/install/test_custom_srv' for CMake module files
[2.551s] Level 1:colcon.colcon_core.environment:checking '/home/robot33-6/student133_ws/install/test_custom_srv' for CMake config files
[2.551s] Level 1:colcon.colcon_core.shell:create_environment_hook('test_custom_srv', 'cmake_prefix_path')
[2.563s] INFO:colcon.colcon_core.shell:Creating environment hook '/home/robot33-6/student133_ws/install/test_custom_srv/share/test_custom_srv/hook/cmake_prefix_path.ps1'
[2.564s] INFO:colcon.colcon_core.shell:Creating environment descriptor '/home/robot33-6/student133_ws/install/test_custom_srv/share/test_custom_srv/hook/cmake_prefix_path.dsv'
[2.564s] INFO:colcon.colcon_core.shell:Creating environment hook '/home/robot33-6/student133_ws/install/test_custom_srv/share/test_custom_srv/hook/cmake_prefix_path.sh'
[2.564s] Level 1:colcon.colcon_core.environment:checking '/home/robot33-6/student133_ws/install/test_custom_srv/lib'
[2.564s] Level 1:colcon.colcon_core.shell:create_environment_hook('test_custom_srv', 'ld_library_path_lib')
[2.576s] INFO:colcon.colcon_core.shell:Creating environment hook '/home/robot33-6/student133_ws/install/test_custom_srv/share/test_custom_srv/hook/ld_library_path_lib.ps1'
[2.577s] INFO:colcon.colcon_core.shell:Creating environment descriptor '/home/robot33-6/student133_ws/install/test_custom_srv/share/test_custom_srv/hook/ld_library_path_lib.dsv'
[2.577s] INFO:colcon.colcon_core.shell:Creating environment hook '/home/robot33-6/student133_ws/install/test_custom_srv/share/test_custom_srv/hook/ld_library_path_lib.sh'
[2.577s] Level 1:colcon.colcon_core.environment:checking '/home/robot33-6/student133_ws/install/test_custom_srv/bin'
[2.577s] Level 1:colcon.colcon_core.environment:checking '/home/robot33-6/student133_ws/install/test_custom_srv/lib/pkgconfig/test_custom_srv.pc'
[2.577s] Level 1:colcon.colcon_core.environment:checking '/home/robot33-6/student133_ws/install/test_custom_srv/lib/python3.10/site-packages'
[2.578s] Level 1:colcon.colcon_core.environment:checking '/home/robot33-6/student133_ws/install/test_custom_srv/bin'
[2.590s] INFO:colcon.colcon_core.shell:Creating package script '/home/robot33-6/student133_ws/install/test_custom_srv/share/test_custom_srv/package.ps1'
[2.590s] INFO:colcon.colcon_core.shell:Creating package descriptor '/home/robot33-6/student133_ws/install/test_custom_srv/share/test_custom_srv/package.dsv'
[2.590s] INFO:colcon.colcon_core.shell:Creating package script '/home/robot33-6/student133_ws/install/test_custom_srv/share/test_custom_srv/package.sh'
[2.591s] INFO:colcon.colcon_core.shell:Creating package script '/home/robot33-6/student133_ws/install/test_custom_srv/share/test_custom_srv/package.bash'
[2.591s] INFO:colcon.colcon_core.shell:Creating package script '/home/robot33-6/student133_ws/install/test_custom_srv/share/test_custom_srv/package.zsh'
[2.591s] Level 1:colcon.colcon_core.environment:create_file_with_runtime_dependencies(/home/robot33-6/student133_ws/install/test_custom_srv/share/colcon-core/packages/test_custom_srv)
[2.604s] Level 1:colcon.colcon_core.environment:create_environment_scripts_only(test_custom_msg)
[2.616s] Level 1:colcon.colcon_core.environment:checking '/home/robot33-6/student133_ws/install/test_custom_msg' for CMake module files
[2.616s] Level 1:colcon.colcon_core.environment:checking '/home/robot33-6/student133_ws/install/test_custom_msg' for CMake config files
[2.617s] Level 1:colcon.colcon_core.shell:create_environment_hook('test_custom_msg', 'cmake_prefix_path')
[2.628s] INFO:colcon.colcon_core.shell:Creating environment hook '/home/robot33-6/student133_ws/install/test_custom_msg/share/test_custom_msg/hook/cmake_prefix_path.ps1'
[2.629s] INFO:colcon.colcon_core.shell:Creating environment descriptor '/home/robot33-6/student133_ws/install/test_custom_msg/share/test_custom_msg/hook/cmake_prefix_path.dsv'
[2.629s] INFO:colcon.colcon_core.shell:Creating environment hook '/home/robot33-6/student133_ws/install/test_custom_msg/share/test_custom_msg/hook/cmake_prefix_path.sh'
[2.629s] Level 1:colcon.colcon_core.environment:checking '/home/robot33-6/student133_ws/install/test_custom_msg/lib'
[2.629s] Level 1:colcon.colcon_core.shell:create_environment_hook('test_custom_msg', 'ld_library_path_lib')
[2.641s] INFO:colcon.colcon_core.shell:Creating environment hook '/home/robot33-6/student133_ws/install/test_custom_msg/share/test_custom_msg/hook/ld_library_path_lib.ps1'
[2.641s] INFO:colcon.colcon_core.shell:Creating environment descriptor '/home/robot33-6/student133_ws/install/test_custom_msg/share/test_custom_msg/hook/ld_library_path_lib.dsv'
[2.642s] INFO:colcon.colcon_core.shell:Creating environment hook '/home/robot33-6/student133_ws/install/test_custom_msg/share/test_custom_msg/hook/ld_library_path_lib.sh'
[2.642s] Level 1:colcon.colcon_core.environment:checking '/home/robot33-6/student133_ws/install/test_custom_msg/bin'
[2.642s] Level 1:colcon.colcon_core.environment:checking '/home/robot33-6/student133_ws/install/test_custom_msg/lib/pkgconfig/test_custom_msg.pc'
[2.642s] Level 1:colcon.colcon_core.environment:checking '/home/robot33-6/student133_ws/install/test_custom_msg/lib/python3.10/site-packages'
[2.642s] Level 1:colcon.colcon_core.environment:checking '/home/robot33-6/student133_ws/install/test_custom_msg/bin'
[2.654s] INFO:colcon.colcon_core.shell:Creating package script '/home/robot33-6/student133_ws/install/test_custom_msg/share/test_custom_msg/package.ps1'
[2.655s] INFO:colcon.colcon_core.shell:Creating package descriptor '/home/robot33-6/student133_ws/install/test_custom_msg/share/test_custom_msg/package.dsv'
[2.655s] INFO:colcon.colcon_core.shell:Creating package script '/home/robot33-6/student133_ws/install/test_custom_msg/share/test_custom_msg/package.sh'
[2.655s] INFO:colcon.colcon_core.shell:Creating package script '/home/robot33-6/student133_ws/install/test_custom_msg/share/test_custom_msg/package.bash'
[2.655s] INFO:colcon.colcon_core.shell:Creating package script '/home/robot33-6/student133_ws/install/test_custom_msg/share/test_custom_msg/package.zsh'
[2.656s] Level 1:colcon.colcon_core.environment:create_file_with_runtime_dependencies(/home/robot33-6/student133_ws/install/test_custom_msg/share/colcon-core/packages/test_custom_msg)
[2.657s] DEBUG:colcon.colcon_core.event_handler.log_command:Invoking command in '/home/robot33-6/student133_ws/build/test_client': CMAKE_PREFIX_PATH=${CMAKE_PREFIX_PATH}:/opt/ros/humble /usr/bin/cmake --install /home/robot33-6/student133_ws/build/test_client
[2.665s] Level 1:colcon.colcon_core.environment:create_environment_scripts_only(test_client)
[2.665s] DEBUG:colcon.colcon_core.event_handler.log_command:Invoked command in '/home/robot33-6/student133_ws/build/test_client' returned '0': CMAKE_PREFIX_PATH=${CMAKE_PREFIX_PATH}:/opt/ros/humble /usr/bin/cmake --install /home/robot33-6/student133_ws/build/test_client
[2.677s] Level 1:colcon.colcon_core.environment:checking '/home/robot33-6/student133_ws/install/test_client' for CMake module files
[2.678s] Level 1:colcon.colcon_core.environment:checking '/home/robot33-6/student133_ws/install/test_client' for CMake config files
[2.678s] Level 1:colcon.colcon_core.shell:create_environment_hook('test_client', 'cmake_prefix_path')
[2.690s] INFO:colcon.colcon_core.shell:Creating environment hook '/home/robot33-6/student133_ws/install/test_client/share/test_client/hook/cmake_prefix_path.ps1'
[2.690s] INFO:colcon.colcon_core.shell:Creating environment descriptor '/home/robot33-6/student133_ws/install/test_client/share/test_client/hook/cmake_prefix_path.dsv'
[2.690s] INFO:colcon.colcon_core.shell:Creating environment hook '/home/robot33-6/student133_ws/install/test_client/share/test_client/hook/cmake_prefix_path.sh'
[2.691s] Level 1:colcon.colcon_core.environment:checking '/home/robot33-6/student133_ws/install/test_client/lib'
[2.691s] Level 1:colcon.colcon_core.environment:checking '/home/robot33-6/student133_ws/install/test_client/bin'
[2.691s] Level 1:colcon.colcon_core.environment:checking '/home/robot33-6/student133_ws/install/test_client/lib/pkgconfig/test_client.pc'
[2.691s] Level 1:colcon.colcon_core.environment:checking '/home/robot33-6/student133_ws/install/test_client/lib/python3.10/site-packages'
[2.691s] Level 1:colcon.colcon_core.environment:checking '/home/robot33-6/student133_ws/install/test_client/bin'
[2.703s] INFO:colcon.colcon_core.shell:Creating package script '/home/robot33-6/student133_ws/install/test_client/share/test_client/package.ps1'
[2.704s] INFO:colcon.colcon_core.shell:Creating package descriptor '/home/robot33-6/student133_ws/install/test_client/share/test_client/package.dsv'
[2.704s] INFO:colcon.colcon_core.shell:Creating package script '/home/robot33-6/student133_ws/install/test_client/share/test_client/package.sh'
[2.704s] INFO:colcon.colcon_core.shell:Creating package script '/home/robot33-6/student133_ws/install/test_client/share/test_client/package.bash'
[2.704s] INFO:colcon.colcon_core.shell:Creating package script '/home/robot33-6/student133_ws/install/test_client/share/test_client/package.zsh'
[2.704s] Level 1:colcon.colcon_core.environment:create_file_with_runtime_dependencies(/home/robot33-6/student133_ws/install/test_client/share/colcon-core/packages/test_client)
[2.733s] Level 1:colcon.colcon_core.environment:create_environment_scripts_only(test_client)
[2.745s] Level 1:colcon.colcon_core.environment:checking '/home/robot33-6/student133_ws/install/test_client' for CMake module files
[2.745s] Level 1:colcon.colcon_core.environment:checking '/home/robot33-6/student133_ws/install/test_client' for CMake config files
[2.745s] Level 1:colcon.colcon_core.shell:create_environment_hook('test_client', 'cmake_prefix_path')
[2.757s] INFO:colcon.colcon_core.shell:Creating environment hook '/home/robot33-6/student133_ws/install/test_client/share/test_client/hook/cmake_prefix_path.ps1'
[2.757s] INFO:colcon.colcon_core.shell:Creating environment descriptor '/home/robot33-6/student133_ws/install/test_client/share/test_client/hook/cmake_prefix_path.dsv'
[2.757s] INFO:colcon.colcon_core.shell:Creating environment hook '/home/robot33-6/student133_ws/install/test_client/share/test_client/hook/cmake_prefix_path.sh'
[2.758s] Level 1:colcon.colcon_core.environment:checking '/home/robot33-6/student133_ws/install/test_client/lib'
[2.758s] Level 1:colcon.colcon_core.environment:checking '/home/robot33-6/student133_ws/install/test_client/bin'
[2.758s] Level 1:colcon.colcon_core.environment:checking '/home/robot33-6/student133_ws/install/test_client/lib/pkgconfig/test_client.pc'
[2.758s] Level 1:colcon.colcon_core.environment:checking '/home/robot33-6/student133_ws/install/test_client/lib/python3.10/site-packages'
[2.758s] Level 1:colcon.colcon_core.environment:checking '/home/robot33-6/student133_ws/install/test_client/bin'
[2.770s] INFO:colcon.colcon_core.shell:Creating package script '/home/robot33-6/student133_ws/install/test_client/share/test_client/package.ps1'
[2.770s] INFO:colcon.colcon_core.shell:Creating package descriptor '/home/robot33-6/student133_ws/install/test_client/share/test_client/package.dsv'
[2.771s] INFO:colcon.colcon_core.shell:Creating package script '/home/robot33-6/student133_ws/install/test_client/share/test_client/package.sh'
[2.771s] INFO:colcon.colcon_core.shell:Creating package script '/home/robot33-6/student133_ws/install/test_client/share/test_client/package.bash'
[2.771s] INFO:colcon.colcon_core.shell:Creating package script '/home/robot33-6/student133_ws/install/test_client/share/test_client/package.zsh'
[2.772s] Level 1:colcon.colcon_core.environment:create_file_with_runtime_dependencies(/home/robot33-6/student133_ws/install/test_client/share/colcon-core/packages/test_client)
[2.772s] DEBUG:colcon.colcon_parallel_executor.executor.parallel:closing loop
[2.772s] DEBUG:colcon.colcon_parallel_executor.executor.parallel:loop closed
[2.772s] DEBUG:colcon.colcon_parallel_executor.executor.parallel:run_until_complete finished with '0'
[2.772s] DEBUG:colcon.colcon_core.event_reactor:joining thread
[2.792s] INFO:colcon.colcon_core.plugin_system:Skipping extension 'colcon_notification.desktop_notification.terminal_notifier': Not used on non-Darwin systems
[2.792s] INFO:colcon.colcon_core.plugin_system:Skipping extension 'colcon_notification.desktop_notification.win32': Not used on non-Windows systems
[2.792s] INFO:colcon.colcon_notification.desktop_notification:Sending desktop notification using 'notify2'
[2.801s] DEBUG:colcon.colcon_core.event_reactor:joined thread
[2.816s] INFO:colcon.colcon_core.shell:Creating prefix script '/home/robot33-6/student133_ws/install/local_setup.ps1'
[2.816s] INFO:colcon.colcon_core.shell:Creating prefix util module '/home/robot33-6/student133_ws/install/_local_setup_util_ps1.py'
[2.817s] INFO:colcon.colcon_core.shell:Creating prefix chain script '/home/robot33-6/student133_ws/install/setup.ps1'
[2.831s] INFO:colcon.colcon_core.shell:Creating prefix script '/home/robot33-6/student133_ws/install/local_setup.sh'
[2.831s] INFO:colcon.colcon_core.shell:Creating prefix util module '/home/robot33-6/student133_ws/install/_local_setup_util_sh.py'
[2.831s] INFO:colcon.colcon_core.shell:Creating prefix chain script '/home/robot33-6/student133_ws/install/setup.sh'
[2.844s] INFO:colcon.colcon_core.shell:Creating prefix script '/home/robot33-6/student133_ws/install/local_setup.bash'
[2.845s] INFO:colcon.colcon_core.shell:Creating prefix chain script '/home/robot33-6/student133_ws/install/setup.bash'
[2.857s] INFO:colcon.colcon_core.shell:Creating prefix script '/home/robot33-6/student133_ws/install/local_setup.zsh'
[2.858s] INFO:colcon.colcon_core.shell:Creating prefix chain script '/home/robot33-6/student133_ws/install/setup.zsh'
