[0.076s] Invoking command in '/home/eragon/student133_ws/build/pointcloud': CMAKE_PREFIX_PATH=${CMAKE_PREFIX_PATH}:/opt/ros/humble /usr/bin/cmake --build /home/eragon/student133_ws/build/pointcloud -- -j8 -l8
[0.232s] [ 50%] Building CXX object CMakeFiles/pointcloud_node.dir/src/pointcloud_node.cpp.o
[12.106s] [100%] Linking CXX executable pointcloud_node
[13.131s] [100%] Built target pointcloud_node
[13.150s] Invoked command in '/home/eragon/student133_ws/build/pointcloud' returned '0': CMAKE_PREFIX_PATH=${CMAKE_PREFIX_PATH}:/opt/ros/humble /usr/bin/cmake --build /home/eragon/student133_ws/build/pointcloud -- -j8 -l8
[13.152s] Invoking command in '/home/eragon/student133_ws/build/pointcloud': CMAKE_PREFIX_PATH=${CMAKE_PREFIX_PATH}:/opt/ros/humble /usr/bin/cmake --install /home/eragon/student133_ws/build/pointcloud
[13.166s] -- Install configuration: "Debug"
[13.166s] -- Installing: /home/eragon/student133_ws/install/pointcloud/lib/pointcloud/pointcloud_node
[13.185s] -- Set runtime path of "/home/eragon/student133_ws/install/pointcloud/lib/pointcloud/pointcloud_node" to ""
[13.185s] -- Up-to-date: /home/eragon/student133_ws/install/pointcloud/share/pointcloud/launch
[13.185s] -- Up-to-date: /home/eragon/student133_ws/install/pointcloud/share/pointcloud/launch/image_launch.py
[13.187s] -- Up-to-date: /home/eragon/student133_ws/install/pointcloud/share/ament_index/resource_index/package_run_dependencies/pointcloud
[13.187s] -- Up-to-date: /home/eragon/student133_ws/install/pointcloud/share/ament_index/resource_index/parent_prefix_path/pointcloud
[13.187s] -- Up-to-date: /home/eragon/student133_ws/install/pointcloud/share/pointcloud/environment/ament_prefix_path.sh
[13.188s] -- Up-to-date: /home/eragon/student133_ws/install/pointcloud/share/pointcloud/environment/ament_prefix_path.dsv
[13.188s] -- Up-to-date: /home/eragon/student133_ws/install/pointcloud/share/pointcloud/environment/path.sh
[13.188s] -- Up-to-date: /home/eragon/student133_ws/install/pointcloud/share/pointcloud/environment/path.dsv
[13.189s] -- Up-to-date: /home/eragon/student133_ws/install/pointcloud/share/pointcloud/local_setup.bash
[13.189s] -- Up-to-date: /home/eragon/student133_ws/install/pointcloud/share/pointcloud/local_setup.sh
[13.190s] -- Up-to-date: /home/eragon/student133_ws/install/pointcloud/share/pointcloud/local_setup.zsh
[13.190s] -- Up-to-date: /home/eragon/student133_ws/install/pointcloud/share/pointcloud/local_setup.dsv
[13.190s] -- Installing: /home/eragon/student133_ws/install/pointcloud/share/pointcloud/package.dsv
[13.191s] -- Up-to-date: /home/eragon/student133_ws/install/pointcloud/share/ament_index/resource_index/packages/pointcloud
[13.191s] -- Up-to-date: /home/eragon/student133_ws/install/pointcloud/share/pointcloud/cmake/pointcloudConfig.cmake
[13.192s] -- Up-to-date: /home/eragon/student133_ws/install/pointcloud/share/pointcloud/cmake/pointcloudConfig-version.cmake
[13.192s] -- Up-to-date: /home/eragon/student133_ws/install/pointcloud/share/pointcloud/package.xml
[13.223s] Invoked command in '/home/eragon/student133_ws/build/pointcloud' returned '0': CMAKE_PREFIX_PATH=${CMAKE_PREFIX_PATH}:/opt/ros/humble /usr/bin/cmake --install /home/eragon/student133_ws/build/pointcloud
