[0.066s] Invoking command in '/home/eragon/student133_ws/build/l2_image_sender': CMAKE_PREFIX_PATH=${CMAKE_PREFIX_PATH}:/opt/ros/humble /usr/bin/cmake /home/eragon/student133_ws/src/l2_image_sender -G CodeBlocks - Unix Makefiles -DCMAKE_BUILD_TYPE=Debug -DCMAKE_INSTALL_PREFIX=/home/eragon/student133_ws/install/l2_image_sender
[0.284s] -- The C compiler identification is GNU 11.4.0
[0.811s] -- The CXX compiler identification is GNU 11.4.0
[1.207s] -- Detecting C compiler ABI info
[1.962s] -- Detecting C compiler ABI info - done
[2.080s] -- Check for working C compiler: /usr/bin/cc - skipped
[2.090s] -- Detecting C compile features
[2.102s] -- Detecting C compile features - done
[2.171s] -- Detecting CXX compiler ABI info
[2.761s] -- Detecting CXX compiler ABI info - done
[2.829s] -- Check for working CXX compiler: /usr/bin/c++ - skipped
[2.837s] -- Detecting CXX compile features
[2.838s] -- Detecting CXX compile features - done
[2.885s] -- Found ament_cmake: 1.3.11 (/opt/ros/humble/share/ament_cmake/cmake)
[4.263s] -- Found Python3: /usr/bin/python3 (found version "3.10.12") found components: Interpreter 
[4.996s] -- Found rclcpp: 16.0.11 (/opt/ros/humble/share/rclcpp/cmake)
[5.470s] -- Found rosidl_generator_c: 3.1.6 (/opt/ros/humble/share/rosidl_generator_c/cmake)
[5.518s] -- Found rosidl_adapter: 3.1.6 (/opt/ros/humble/share/rosidl_adapter/cmake)
[5.605s] -- Found rosidl_generator_cpp: 3.1.6 (/opt/ros/humble/share/rosidl_generator_cpp/cmake)
[5.673s] -- Using all available rosidl_typesupport_c: rosidl_typesupport_fastrtps_c;rosidl_typesupport_introspection_c
[5.839s] -- Using all available rosidl_typesupport_cpp: rosidl_typesupport_fastrtps_cpp;rosidl_typesupport_introspection_cpp
[6.249s] -- Found rmw_implementation_cmake: 6.1.2 (/opt/ros/humble/share/rmw_implementation_cmake/cmake)
[6.284s] -- Found rmw_fastrtps_cpp: 6.2.7 (/opt/ros/humble/share/rmw_fastrtps_cpp/cmake)
[6.960s] -- Found OpenSSL: /usr/lib/x86_64-linux-gnu/libcrypto.so (found version "3.0.2")  
[7.186s] -- Found FastRTPS: /opt/ros/humble/include  
[7.438s] -- Using RMW implementation 'rmw_fastrtps_cpp' as default
[7.528s] -- Looking for pthread.h
[7.948s] -- Looking for pthread.h - found
[7.955s] -- Performing Test CMAKE_HAVE_LIBC_PTHREAD
[8.277s] -- Performing Test CMAKE_HAVE_LIBC_PTHREAD - Success
[8.285s] -- Found Threads: TRUE  
[8.762s] -- Found cv_bridge: 3.2.1 (/opt/ros/humble/share/cv_bridge/cmake)
[9.168s] -- Found image_transport: 3.1.10 (/opt/ros/humble/share/image_transport/cmake)
[9.500s] -- Found OpenCV: /usr (found version "4.5.4") 
[9.512s] -- Found ament_lint_auto: 0.12.11 (/opt/ros/humble/share/ament_lint_auto/cmake)
[9.995s] -- Added test 'cppcheck' to perform static code analysis on C / C++ code
[9.996s] -- Configured cppcheck include dirs: /home/eragon/student133_ws/src/l2_image_sender/include
[9.996s] -- Configured cppcheck exclude dirs and/or files: 
[10.003s] -- Added test 'lint_cmake' to check CMake code style
[10.014s] -- Added test 'uncrustify' to check C / C++ code style
[10.015s] -- Configured uncrustify additional arguments: 
[10.021s] -- Added test 'xmllint' to check XML markup files
[10.036s] -- Configuring done
[10.159s] -- Generating done
[10.179s] -- Build files have been written to: /home/eragon/student133_ws/build/l2_image_sender
[10.237s] Invoked command in '/home/eragon/student133_ws/build/l2_image_sender' returned '0': CMAKE_PREFIX_PATH=${CMAKE_PREFIX_PATH}:/opt/ros/humble /usr/bin/cmake /home/eragon/student133_ws/src/l2_image_sender -G CodeBlocks - Unix Makefiles -DCMAKE_BUILD_TYPE=Debug -DCMAKE_INSTALL_PREFIX=/home/eragon/student133_ws/install/l2_image_sender
[10.238s] Invoking command in '/home/eragon/student133_ws/build/l2_image_sender': CMAKE_PREFIX_PATH=${CMAKE_PREFIX_PATH}:/opt/ros/humble /usr/bin/cmake --build /home/eragon/student133_ws/build/l2_image_sender -- -j8 -l8
[10.468s] [ 50%] Building CXX object CMakeFiles/l2_image_sender_node.dir/src/l2_image_sender_node.cpp.o
[29.251s] [100%] Linking CXX executable l2_image_sender_node
[30.789s] [100%] Built target l2_image_sender_node
[30.861s] Invoked command in '/home/eragon/student133_ws/build/l2_image_sender' returned '0': CMAKE_PREFIX_PATH=${CMAKE_PREFIX_PATH}:/opt/ros/humble /usr/bin/cmake --build /home/eragon/student133_ws/build/l2_image_sender -- -j8 -l8
[30.862s] Invoking command in '/home/eragon/student133_ws/build/l2_image_sender': CMAKE_PREFIX_PATH=${CMAKE_PREFIX_PATH}:/opt/ros/humble /usr/bin/cmake --install /home/eragon/student133_ws/build/l2_image_sender
[30.911s] -- Install configuration: "Debug"
[30.911s] -- Installing: /home/eragon/student133_ws/install/l2_image_sender/lib/l2_image_sender/l2_image_sender_node
[30.916s] -- Set runtime path of "/home/eragon/student133_ws/install/l2_image_sender/lib/l2_image_sender/l2_image_sender_node" to ""
[30.917s] -- Installing: /home/eragon/student133_ws/install/l2_image_sender/share/ament_index/resource_index/package_run_dependencies/l2_image_sender
[30.922s] -- Installing: /home/eragon/student133_ws/install/l2_image_sender/share/ament_index/resource_index/parent_prefix_path/l2_image_sender
[30.922s] -- Installing: /home/eragon/student133_ws/install/l2_image_sender/share/l2_image_sender/environment/ament_prefix_path.sh
[30.923s] -- Installing: /home/eragon/student133_ws/install/l2_image_sender/share/l2_image_sender/environment/ament_prefix_path.dsv
[30.924s] -- Installing: /home/eragon/student133_ws/install/l2_image_sender/share/l2_image_sender/environment/path.sh
[30.925s] -- Installing: /home/eragon/student133_ws/install/l2_image_sender/share/l2_image_sender/environment/path.dsv
[30.929s] -- Installing: /home/eragon/student133_ws/install/l2_image_sender/share/l2_image_sender/local_setup.bash
[30.930s] -- Installing: /home/eragon/student133_ws/install/l2_image_sender/share/l2_image_sender/local_setup.sh
[30.935s] -- Installing: /home/eragon/student133_ws/install/l2_image_sender/share/l2_image_sender/local_setup.zsh
[30.935s] -- Installing: /home/eragon/student133_ws/install/l2_image_sender/share/l2_image_sender/local_setup.dsv
[30.935s] -- Installing: /home/eragon/student133_ws/install/l2_image_sender/share/l2_image_sender/package.dsv
[30.935s] -- Installing: /home/eragon/student133_ws/install/l2_image_sender/share/ament_index/resource_index/packages/l2_image_sender
[30.936s] -- Installing: /home/eragon/student133_ws/install/l2_image_sender/share/l2_image_sender/cmake/l2_image_senderConfig.cmake
[30.936s] -- Installing: /home/eragon/student133_ws/install/l2_image_sender/share/l2_image_sender/cmake/l2_image_senderConfig-version.cmake
[30.936s] -- Installing: /home/eragon/student133_ws/install/l2_image_sender/share/l2_image_sender/package.xml
[30.949s] Invoked command in '/home/eragon/student133_ws/build/l2_image_sender' returned '0': CMAKE_PREFIX_PATH=${CMAKE_PREFIX_PATH}:/opt/ros/humble /usr/bin/cmake --install /home/eragon/student133_ws/build/l2_image_sender
