Consolidate compiler generated dependencies of target image_pub_node
[ 50%] Building CXX object CMakeFiles/image_pub_node.dir/src/image_pub_node.cpp.o
[100%] Linking CXX executable image_pub_node
[100%] Built target image_pub_node
-- Install configuration: "Debug"
-- Installing: /home/eragon/student133_ws/install/image_pub/lib/image_pub/image_pub_node
-- Set runtime path of "/home/eragon/student133_ws/install/image_pub/lib/image_pub/image_pub_node" to ""
-- Up-to-date: /home/eragon/student133_ws/install/image_pub/share/ament_index/resource_index/package_run_dependencies/image_pub
-- Up-to-date: /home/eragon/student133_ws/install/image_pub/share/ament_index/resource_index/parent_prefix_path/image_pub
-- Up-to-date: /home/eragon/student133_ws/install/image_pub/share/image_pub/environment/ament_prefix_path.sh
-- Up-to-date: /home/eragon/student133_ws/install/image_pub/share/image_pub/environment/ament_prefix_path.dsv
-- Up-to-date: /home/eragon/student133_ws/install/image_pub/share/image_pub/environment/path.sh
-- Up-to-date: /home/eragon/student133_ws/install/image_pub/share/image_pub/environment/path.dsv
-- Up-to-date: /home/eragon/student133_ws/install/image_pub/share/image_pub/local_setup.bash
-- Up-to-date: /home/eragon/student133_ws/install/image_pub/share/image_pub/local_setup.sh
-- Up-to-date: /home/eragon/student133_ws/install/image_pub/share/image_pub/local_setup.zsh
-- Up-to-date: /home/eragon/student133_ws/install/image_pub/share/image_pub/local_setup.dsv
-- Installing: /home/eragon/student133_ws/install/image_pub/share/image_pub/package.dsv
-- Up-to-date: /home/eragon/student133_ws/install/image_pub/share/ament_index/resource_index/packages/image_pub
-- Up-to-date: /home/eragon/student133_ws/install/image_pub/share/image_pub/cmake/image_pubConfig.cmake
-- Up-to-date: /home/eragon/student133_ws/install/image_pub/share/image_pub/cmake/image_pubConfig-version.cmake
-- Up-to-date: /home/eragon/student133_ws/install/image_pub/share/image_pub/package.xml
