[0.058s] Invoking command in '/home/eragon/student133_ws/build/pointcloud': CMAKE_PREFIX_PATH=${CMAKE_PREFIX_PATH}:/opt/ros/humble /usr/bin/cmake --build /home/eragon/student133_ws/build/pointcloud -- -j8 -l8
[0.203s] [100%] Built target pointcloud_node
[0.266s] Invoked command in '/home/eragon/student133_ws/build/pointcloud' returned '0': CMAKE_PREFIX_PATH=${CMAKE_PREFIX_PATH}:/opt/ros/humble /usr/bin/cmake --build /home/eragon/student133_ws/build/pointcloud -- -j8 -l8
[0.268s] Invoking command in '/home/eragon/student133_ws/build/pointcloud': CMAKE_PREFIX_PATH=${CMAKE_PREFIX_PATH}:/opt/ros/humble /usr/bin/cmake --install /home/eragon/student133_ws/build/pointcloud
[0.316s] -- Install configuration: "Debug"
[0.316s] -- Up-to-date: /home/eragon/student133_ws/install/pointcloud/lib/pointcloud/pointcloud_node
[0.316s] -- Up-to-date: /home/eragon/student133_ws/install/pointcloud/share/pointcloud/launch
[0.316s] -- Up-to-date: /home/eragon/student133_ws/install/pointcloud/share/pointcloud/launch/image_launch.py
[0.316s] -- Up-to-date: /home/eragon/student133_ws/install/pointcloud/share/ament_index/resource_index/package_run_dependencies/pointcloud
[0.316s] -- Up-to-date: /home/eragon/student133_ws/install/pointcloud/share/ament_index/resource_index/parent_prefix_path/pointcloud
[0.316s] -- Up-to-date: /home/eragon/student133_ws/install/pointcloud/share/pointcloud/environment/ament_prefix_path.sh
[0.316s] -- Up-to-date: /home/eragon/student133_ws/install/pointcloud/share/pointcloud/environment/ament_prefix_path.dsv
[0.317s] -- Up-to-date: /home/eragon/student133_ws/install/pointcloud/share/pointcloud/environment/path.sh
[0.317s] -- Up-to-date: /home/eragon/student133_ws/install/pointcloud/share/pointcloud/environment/path.dsv
[0.317s] -- Up-to-date: /home/eragon/student133_ws/install/pointcloud/share/pointcloud/local_setup.bash
[0.317s] -- Up-to-date: /home/eragon/student133_ws/install/pointcloud/share/pointcloud/local_setup.sh
[0.317s] -- Up-to-date: /home/eragon/student133_ws/install/pointcloud/share/pointcloud/local_setup.zsh
[0.317s] -- Up-to-date: /home/eragon/student133_ws/install/pointcloud/share/pointcloud/local_setup.dsv
[0.318s] -- Installing: /home/eragon/student133_ws/install/pointcloud/share/pointcloud/package.dsv
[0.318s] -- Up-to-date: /home/eragon/student133_ws/install/pointcloud/share/ament_index/resource_index/packages/pointcloud
[0.318s] -- Up-to-date: /home/eragon/student133_ws/install/pointcloud/share/pointcloud/cmake/pointcloudConfig.cmake
[0.318s] -- Up-to-date: /home/eragon/student133_ws/install/pointcloud/share/pointcloud/cmake/pointcloudConfig-version.cmake
[0.319s] -- Up-to-date: /home/eragon/student133_ws/install/pointcloud/share/pointcloud/package.xml
[0.354s] Invoked command in '/home/eragon/student133_ws/build/pointcloud' returned '0': CMAKE_PREFIX_PATH=${CMAKE_PREFIX_PATH}:/opt/ros/humble /usr/bin/cmake --install /home/eragon/student133_ws/build/pointcloud
