[0.000000] (-) TimerEvent: {}
[0.000324] (test_pkg) JobQueued: {'identifier': 'test_pkg', 'dependencies': OrderedDict()}
[0.000366] (test_pkg) JobStarted: {'identifier': 'test_pkg'}
[0.051911] (test_pkg) JobProgress: {'identifier': 'test_pkg', 'progress': 'cmake'}
[0.052325] (test_pkg) Command: {'cmd': ['/usr/bin/cmake', '/home/robot33-6/student133_ws/src/test_pkg', '-G', 'CodeBlocks - Unix Makefiles', '-DCMAKE_BUILD_TYPE=Debug', '-DCMAKE_INSTALL_PREFIX=/home/robot33-6/student133_ws/install/test_pkg'], 'cwd': '/home/robot33-6/student133_ws/build/test_pkg', 'env': OrderedDict([('GJS_DEBUG_TOPICS', 'JS ERROR;JS LOG'), ('LC_TIME', 'ru_RU.UTF-8'), ('SNAP_COMMON', '/var/snap/qtcreator-ros/common'), ('SNAP_INSTANCE_KEY', ''), ('USER', 'robot33-6'), ('XDG_SESSION_TYPE', 'wayland'), ('LD_LIBRARY_PATH', '/opt/ros/humble/opt/rviz_ogre_vendor/lib:/opt/ros/humble/lib/x86_64-linux-gnu:/opt/ros/humble/lib:/snap/qtcreator-ros/107/lib:/snap/qtcreator-ros/107/usr/lib/x86_64-linux-gnu'), ('SHLVL', '3'), ('SNAP_UID', '1000'), ('HOME', '/home/robot33-6'), ('SNAP_LIBRARY_PATH', '/var/lib/snapd/lib/gl:/var/lib/snapd/lib/gl32:/var/lib/snapd/void'), ('DESKTOP_SESSION', 'ubuntu'), ('QTDIR', '/usr/lib/x86_64-linux-gnu/qt5'), ('SNAP_USER_DATA', '/home/robot33-6/snap/qtcreator-ros/107'), ('GIO_LAUNCHED_DESKTOP_FILE', '/var/lib/snapd/desktop/applications/qtcreator-ros_qtcreator-ros.desktop'), ('GNOME_SHELL_SESSION_MODE', 'ubuntu'), ('GTK_MODULES', 'gail:atk-bridge'), ('ROS_PYTHON_VERSION', '3'), ('LC_MONETARY', 'ru_RU.UTF-8'), ('MANAGERPID', '1414'), ('DBUS_SESSION_BUS_ADDRESS', 'unix:path=/run/user/1000/bus'), ('SYSTEMD_EXEC_PID', '1593'), ('GIO_LAUNCHED_DESKTOP_FILE_PID', '6367'), ('SNAP_REVISION', '107'), ('COLCON_PREFIX_PATH', '/home/robot33-6/student133_ws/install'), ('IM_CONFIG_PHASE', '1'), ('ROS_DISTRO', 'humble'), ('WAYLAND_DISPLAY', 'wayland-0'), ('LOGNAME', 'robot33-6'), ('JOURNAL_STREAM', '8:28725'), ('SNAP_CONTEXT', 'zfxwyVEa0dSM0vT388UHnSyWy-Mv84K8RE-CWR0OLT2wc9JrOksa'), ('_', '/usr/bin/env'), ('ROS_VERSION', '2'), ('SNAP_VERSION', '12.0.2'), ('XDG_SESSION_CLASS', 'user'), ('TERM', 'xterm'), ('USERNAME', 'robot33-6'), ('GNOME_DESKTOP_SESSION_ID', 'this-is-deprecated'), ('ROS_LOCALHOST_ONLY', '0'), ('SNAP_INSTANCE_NAME', 'qtcreator-ros'), ('PATH', '/opt/ros/humble/bin:/usr/local/sbin:/usr/local/bin:/usr/sbin:/usr/bin:/sbin:/bin:/usr/games:/usr/local/games:/snap/bin:/snap/bin'), ('INVOCATION_ID', '124b8795c7304a0ca9453347ccca9097'), ('SESSION_MANAGER', 'local/robot33-6:@/tmp/.ICE-unix/1567,unix/robot33-6:/tmp/.ICE-unix/1567'), ('BAMF_DESKTOP_FILE_HINT', '/var/lib/snapd/desktop/applications/qtcreator-ros_qtcreator-ros.desktop'), ('GNOME_SETUP_DISPLAY', ':1'), ('LC_ADDRESS', 'ru_RU.UTF-8'), ('SNAP_DATA', '/var/snap/qtcreator-ros/107'), ('XDG_MENU_PREFIX', 'gnome-'), ('XDG_RUNTIME_DIR', '/run/user/1000'), ('DISPLAY', ':0'), ('LANG', 'en_US.UTF-8'), ('LC_TELEPHONE', 'ru_RU.UTF-8'), ('XDG_CURRENT_DESKTOP', 'ubuntu:GNOME'), ('XAUTHORITY', '/run/user/1000/.mutter-Xwaylandauth.BVPNI2'), ('XDG_SESSION_DESKTOP', 'ubuntu'), ('XMODIFIERS', '@im=ibus'), ('AMENT_PREFIX_PATH', '/opt/ros/humble'), ('SNAP_ARCH', 'amd64'), ('SNAP_COOKIE', 'zfxwyVEa0dSM0vT388UHnSyWy-Mv84K8RE-CWR0OLT2wc9JrOksa'), ('SNAP_USER_COMMON', '/home/robot33-6/snap/qtcreator-ros/common'), ('SSH_AGENT_LAUNCHER', 'gnome-keyring'), ('SSH_AUTH_SOCK', '/run/user/1000/keyring/ssh'), ('LC_NAME', 'ru_RU.UTF-8'), ('SHELL', '/bin/bash'), ('GDMSESSION', 'ubuntu'), ('QT_ACCESSIBILITY', '1'), ('SNAP_REEXEC', ''), ('SNAP_NAME', 'qtcreator-ros'), ('LC_MEASUREMENT', 'ru_RU.UTF-8'), ('GJS_DEBUG_OUTPUT', 'stderr'), ('LC_IDENTIFICATION', 'ru_RU.UTF-8'), ('QT_IM_MODULE', 'ibus'), ('PWD', '/home/robot33-6/student133_ws/build/test_pkg'), ('QT_QPA_PLATFORM', 'wayland;xcb'), ('SNAP_REAL_HOME', '/home/robot33-6'), ('XDG_CONFIG_DIRS', '/etc/xdg/xdg-ubuntu:/etc/xdg'), ('XDG_DATA_DIRS', '/usr/share/ubuntu:/usr/local/share/:/usr/share/:/var/lib/snapd/desktop'), ('LC_NUMERIC', 'ru_RU.UTF-8'), ('PYTHONPATH', '/opt/ros/humble/lib/python3.10/site-packages:/opt/ros/humble/local/lib/python3.10/dist-packages'), ('SNAP', '/snap/qtcreator-ros/107'), ('SNAP_EUID', '1000'), ('LC_PAPER', 'ru_RU.UTF-8'), ('COLCON', '1'), ('LIBGL_DRIVERS_PATH', '/snap/qtcreator-ros/107/usr/lib/x86_64-linux-gnu/dri'), ('CMAKE_PREFIX_PATH', '/opt/ros/humble')]), 'shell': False}
[0.064243] (test_pkg) StdoutLine: {'line': b'-- Found ament_cmake: 1.3.7 (/opt/ros/humble/share/ament_cmake/cmake)\n'}
[0.099727] (-) TimerEvent: {}
[0.177254] (test_pkg) StdoutLine: {'line': b'-- Found rclcpp: 16.0.8 (/opt/ros/humble/share/rclcpp/cmake)\n'}
[0.199170] (test_pkg) StdoutLine: {'line': b'-- Found rosidl_generator_c: 3.1.5 (/opt/ros/humble/share/rosidl_generator_c/cmake)\n'}
[0.199792] (-) TimerEvent: {}
[0.201187] (test_pkg) StdoutLine: {'line': b'-- Found rosidl_adapter: 3.1.5 (/opt/ros/humble/share/rosidl_adapter/cmake)\n'}
[0.205966] (test_pkg) StdoutLine: {'line': b'-- Found rosidl_generator_cpp: 3.1.5 (/opt/ros/humble/share/rosidl_generator_cpp/cmake)\n'}
[0.215014] (test_pkg) StdoutLine: {'line': b'-- Using all available rosidl_typesupport_c: rosidl_typesupport_fastrtps_c;rosidl_typesupport_introspection_c\n'}
[0.229324] (test_pkg) StdoutLine: {'line': b'-- Using all available rosidl_typesupport_cpp: rosidl_typesupport_fastrtps_cpp;rosidl_typesupport_introspection_cpp\n'}
[0.278098] (test_pkg) StdoutLine: {'line': b'-- Found rmw_implementation_cmake: 6.1.1 (/opt/ros/humble/share/rmw_implementation_cmake/cmake)\n'}
[0.279156] (test_pkg) StdoutLine: {'line': b'-- Found rmw_fastrtps_cpp: 6.2.6 (/opt/ros/humble/share/rmw_fastrtps_cpp/cmake)\n'}
[0.299868] (-) TimerEvent: {}
[0.363768] (test_pkg) StdoutLine: {'line': b"-- Using RMW implementation 'rmw_fastrtps_cpp' as default\n"}
[0.399965] (-) TimerEvent: {}
[0.496742] (test_pkg) StdoutLine: {'line': b'-- Found ament_lint_auto: 0.12.10 (/opt/ros/humble/share/ament_lint_auto/cmake)\n'}
[0.500067] (-) TimerEvent: {}
[0.546497] (test_pkg) StderrLine: {'line': b'CMake Error at CMakeLists.txt:29 (ament_traget_dependencies):\n'}
[0.546670] (test_pkg) StderrLine: {'line': b'  Unknown CMake command "ament_traget_dependencies".\n'}
[0.546760] (test_pkg) StderrLine: {'line': b'\n'}
[0.546843] (test_pkg) StderrLine: {'line': b'\n'}
[0.546920] (test_pkg) StdoutLine: {'line': b'-- Configuring incomplete, errors occurred!\n'}
[0.546999] (test_pkg) StdoutLine: {'line': b'See also "/home/robot33-6/student133_ws/build/test_pkg/CMakeFiles/CMakeOutput.log".\n'}
[0.551448] (test_pkg) CommandEnded: {'returncode': 1}
[0.588396] (test_pkg) JobEnded: {'identifier': 'test_pkg', 'rc': 1}
[0.598764] (-) EventReactorShutdown: {}
