[0.807s] DEBUG:colcon:Command line arguments: ['/usr/bin/colcon', 'build', '--event-handlers', 'status+', 'console_start_end+', '--cmake-args', '-G', 'CodeBlocks - Unix Makefiles', '-DCMAKE_BUILD_TYPE=Debug']
[0.807s] DEBUG:colcon:Parsed command line arguments: Namespace(log_base=None, log_level=None, verb_name='build', build_base='build', install_base='install', merge_install=False, symlink_install=False, test_result_base=None, continue_on_error=False, executor='parallel', parallel_workers=8, event_handlers=['status+', 'console_start_end+'], ignore_user_meta=False, metas=['./colcon.meta'], base_paths=['.'], packages_ignore=None, packages_ignore_regex=None, paths=None, packages_up_to=None, packages_up_to_regex=None, packages_above=None, packages_above_and_dependencies=None, packages_above_depth=None, packages_select_by_dep=None, packages_skip_by_dep=None, packages_skip_up_to=None, packages_select_build_failed=False, packages_skip_build_finished=False, packages_select_test_failures=False, packages_skip_test_passed=False, packages_select=None, packages_skip=None, packages_select_regex=None, packages_skip_regex=None, packages_start=None, packages_end=None, allow_overriding=[], cmake_args=['-G', 'CodeBlocks - Unix Makefiles', '-DCMAKE_BUILD_TYPE=Debug'], cmake_target=None, cmake_target_skip_unavailable=False, cmake_clean_cache=False, cmake_clean_first=False, cmake_force_configure=False, ament_cmake_args=None, catkin_cmake_args=None, catkin_skip_building_tests=False, verb_parser=<colcon_defaults.argument_parser.defaults.DefaultArgumentsDecorator object at 0x7f249b07af20>, verb_extension=<colcon_core.verb.build.BuildVerb object at 0x7f249c2cbc10>, main=<bound method BuildVerb.main of <colcon_core.verb.build.BuildVerb object at 0x7f249c2cbc10>>)
[0.844s] Level 1:colcon.colcon_core.package_discovery:discover_packages(colcon_meta) check parameters
[0.844s] Level 1:colcon.colcon_core.package_discovery:discover_packages(recursive) check parameters
[0.844s] Level 1:colcon.colcon_core.package_discovery:discover_packages(ignore) check parameters
[0.844s] Level 1:colcon.colcon_core.package_discovery:discover_packages(path) check parameters
[0.844s] Level 1:colcon.colcon_core.package_discovery:discover_packages(colcon_meta) discover
[0.844s] Level 1:colcon.colcon_core.package_discovery:discover_packages(recursive) discover
[0.844s] INFO:colcon.colcon_core.package_discovery:Crawling recursively for packages in '/home/robot33-6/student133_ws'
[0.844s] Level 1:colcon.colcon_core.package_identification:_identify(.) by extensions ['ignore', 'ignore_ament_install']
[0.844s] Level 1:colcon.colcon_core.package_identification:_identify(.) by extension 'ignore'
[0.844s] Level 1:colcon.colcon_core.package_identification:_identify(.) by extension 'ignore_ament_install'
[0.844s] Level 1:colcon.colcon_core.package_identification:_identify(.) by extensions ['colcon_pkg']
[0.844s] Level 1:colcon.colcon_core.package_identification:_identify(.) by extension 'colcon_pkg'
[0.844s] Level 1:colcon.colcon_core.package_identification:_identify(.) by extensions ['colcon_meta']
[0.844s] Level 1:colcon.colcon_core.package_identification:_identify(.) by extension 'colcon_meta'
[0.844s] Level 1:colcon.colcon_core.package_identification:_identify(.) by extensions ['ros']
[0.844s] Level 1:colcon.colcon_core.package_identification:_identify(.) by extension 'ros'
[0.853s] Level 1:colcon.colcon_core.package_identification:_identify(.) by extensions ['cmake', 'python']
[0.853s] Level 1:colcon.colcon_core.package_identification:_identify(.) by extension 'cmake'
[0.853s] Level 1:colcon.colcon_core.package_identification:_identify(.) by extension 'python'
[0.853s] Level 1:colcon.colcon_core.package_identification:_identify(.) by extensions ['python_setup_py']
[0.853s] Level 1:colcon.colcon_core.package_identification:_identify(.) by extension 'python_setup_py'
[0.853s] Level 1:colcon.colcon_core.package_identification:_identify(build) by extensions ['ignore', 'ignore_ament_install']
[0.853s] Level 1:colcon.colcon_core.package_identification:_identify(build) by extension 'ignore'
[0.854s] Level 1:colcon.colcon_core.package_identification:_identify(build) ignored
[0.854s] Level 1:colcon.colcon_core.package_identification:_identify(install) by extensions ['ignore', 'ignore_ament_install']
[0.854s] Level 1:colcon.colcon_core.package_identification:_identify(install) by extension 'ignore'
[0.854s] Level 1:colcon.colcon_core.package_identification:_identify(install) ignored
[0.854s] Level 1:colcon.colcon_core.package_identification:_identify(log) by extensions ['ignore', 'ignore_ament_install']
[0.854s] Level 1:colcon.colcon_core.package_identification:_identify(log) by extension 'ignore'
[0.854s] Level 1:colcon.colcon_core.package_identification:_identify(log) ignored
[0.854s] Level 1:colcon.colcon_core.package_identification:_identify(src) by extensions ['ignore', 'ignore_ament_install']
[0.854s] Level 1:colcon.colcon_core.package_identification:_identify(src) by extension 'ignore'
[0.854s] Level 1:colcon.colcon_core.package_identification:_identify(src) by extension 'ignore_ament_install'
[0.854s] Level 1:colcon.colcon_core.package_identification:_identify(src) by extensions ['colcon_pkg']
[0.854s] Level 1:colcon.colcon_core.package_identification:_identify(src) by extension 'colcon_pkg'
[0.854s] Level 1:colcon.colcon_core.package_identification:_identify(src) by extensions ['colcon_meta']
[0.854s] Level 1:colcon.colcon_core.package_identification:_identify(src) by extension 'colcon_meta'
[0.854s] Level 1:colcon.colcon_core.package_identification:_identify(src) by extensions ['ros']
[0.854s] Level 1:colcon.colcon_core.package_identification:_identify(src) by extension 'ros'
[0.854s] Level 1:colcon.colcon_core.package_identification:_identify(src) by extensions ['cmake', 'python']
[0.854s] Level 1:colcon.colcon_core.package_identification:_identify(src) by extension 'cmake'
[0.854s] Level 1:colcon.colcon_core.package_identification:_identify(src) by extension 'python'
[0.854s] Level 1:colcon.colcon_core.package_identification:_identify(src) by extensions ['python_setup_py']
[0.854s] Level 1:colcon.colcon_core.package_identification:_identify(src) by extension 'python_setup_py'
[0.855s] Level 1:colcon.colcon_core.package_identification:_identify(src/test_castom_publisher) by extensions ['ignore', 'ignore_ament_install']
[0.855s] Level 1:colcon.colcon_core.package_identification:_identify(src/test_castom_publisher) by extension 'ignore'
[0.855s] Level 1:colcon.colcon_core.package_identification:_identify(src/test_castom_publisher) by extension 'ignore_ament_install'
[0.855s] Level 1:colcon.colcon_core.package_identification:_identify(src/test_castom_publisher) by extensions ['colcon_pkg']
[0.855s] Level 1:colcon.colcon_core.package_identification:_identify(src/test_castom_publisher) by extension 'colcon_pkg'
[0.855s] Level 1:colcon.colcon_core.package_identification:_identify(src/test_castom_publisher) by extensions ['colcon_meta']
[0.855s] Level 1:colcon.colcon_core.package_identification:_identify(src/test_castom_publisher) by extension 'colcon_meta'
[0.855s] Level 1:colcon.colcon_core.package_identification:_identify(src/test_castom_publisher) by extensions ['ros']
[0.855s] Level 1:colcon.colcon_core.package_identification:_identify(src/test_castom_publisher) by extension 'ros'
[0.857s] DEBUG:colcon.colcon_core.package_identification:Package 'src/test_castom_publisher' with type 'ros.ament_cmake' and name 'test_castom_publisher'
[0.857s] Level 1:colcon.colcon_core.package_identification:_identify(src/test_custom_msg) by extensions ['ignore', 'ignore_ament_install']
[0.857s] Level 1:colcon.colcon_core.package_identification:_identify(src/test_custom_msg) by extension 'ignore'
[0.857s] Level 1:colcon.colcon_core.package_identification:_identify(src/test_custom_msg) by extension 'ignore_ament_install'
[0.857s] Level 1:colcon.colcon_core.package_identification:_identify(src/test_custom_msg) by extensions ['colcon_pkg']
[0.857s] Level 1:colcon.colcon_core.package_identification:_identify(src/test_custom_msg) by extension 'colcon_pkg'
[0.857s] Level 1:colcon.colcon_core.package_identification:_identify(src/test_custom_msg) by extensions ['colcon_meta']
[0.857s] Level 1:colcon.colcon_core.package_identification:_identify(src/test_custom_msg) by extension 'colcon_meta'
[0.857s] Level 1:colcon.colcon_core.package_identification:_identify(src/test_custom_msg) by extensions ['ros']
[0.857s] Level 1:colcon.colcon_core.package_identification:_identify(src/test_custom_msg) by extension 'ros'
[0.858s] DEBUG:colcon.colcon_core.package_identification:Package 'src/test_custom_msg' with type 'ros.ament_cmake' and name 'test_custom_msg'
[0.858s] Level 1:colcon.colcon_core.package_identification:_identify(src/test_pkg) by extensions ['ignore', 'ignore_ament_install']
[0.858s] Level 1:colcon.colcon_core.package_identification:_identify(src/test_pkg) by extension 'ignore'
[0.858s] Level 1:colcon.colcon_core.package_identification:_identify(src/test_pkg) by extension 'ignore_ament_install'
[0.858s] Level 1:colcon.colcon_core.package_identification:_identify(src/test_pkg) by extensions ['colcon_pkg']
[0.858s] Level 1:colcon.colcon_core.package_identification:_identify(src/test_pkg) by extension 'colcon_pkg'
[0.858s] Level 1:colcon.colcon_core.package_identification:_identify(src/test_pkg) by extensions ['colcon_meta']
[0.858s] Level 1:colcon.colcon_core.package_identification:_identify(src/test_pkg) by extension 'colcon_meta'
[0.858s] Level 1:colcon.colcon_core.package_identification:_identify(src/test_pkg) by extensions ['ros']
[0.858s] Level 1:colcon.colcon_core.package_identification:_identify(src/test_pkg) by extension 'ros'
[0.858s] DEBUG:colcon.colcon_core.package_identification:Package 'src/test_pkg' with type 'ros.ament_cmake' and name 'test_pkg'
[0.858s] Level 1:colcon.colcon_core.package_identification:_identify(src/test_publisher) by extensions ['ignore', 'ignore_ament_install']
[0.858s] Level 1:colcon.colcon_core.package_identification:_identify(src/test_publisher) by extension 'ignore'
[0.858s] Level 1:colcon.colcon_core.package_identification:_identify(src/test_publisher) by extension 'ignore_ament_install'
[0.859s] Level 1:colcon.colcon_core.package_identification:_identify(src/test_publisher) by extensions ['colcon_pkg']
[0.859s] Level 1:colcon.colcon_core.package_identification:_identify(src/test_publisher) by extension 'colcon_pkg'
[0.859s] Level 1:colcon.colcon_core.package_identification:_identify(src/test_publisher) by extensions ['colcon_meta']
[0.859s] Level 1:colcon.colcon_core.package_identification:_identify(src/test_publisher) by extension 'colcon_meta'
[0.859s] Level 1:colcon.colcon_core.package_identification:_identify(src/test_publisher) by extensions ['ros']
[0.859s] Level 1:colcon.colcon_core.package_identification:_identify(src/test_publisher) by extension 'ros'
[0.859s] DEBUG:colcon.colcon_core.package_identification:Package 'src/test_publisher' with type 'ros.ament_cmake' and name 'test_publisher'
[0.859s] Level 1:colcon.colcon_core.package_identification:_identify(src/test_subscriber) by extensions ['ignore', 'ignore_ament_install']
[0.859s] Level 1:colcon.colcon_core.package_identification:_identify(src/test_subscriber) by extension 'ignore'
[0.859s] Level 1:colcon.colcon_core.package_identification:_identify(src/test_subscriber) by extension 'ignore_ament_install'
[0.859s] Level 1:colcon.colcon_core.package_identification:_identify(src/test_subscriber) by extensions ['colcon_pkg']
[0.859s] Level 1:colcon.colcon_core.package_identification:_identify(src/test_subscriber) by extension 'colcon_pkg'
[0.859s] Level 1:colcon.colcon_core.package_identification:_identify(src/test_subscriber) by extensions ['colcon_meta']
[0.859s] Level 1:colcon.colcon_core.package_identification:_identify(src/test_subscriber) by extension 'colcon_meta'
[0.859s] Level 1:colcon.colcon_core.package_identification:_identify(src/test_subscriber) by extensions ['ros']
[0.859s] Level 1:colcon.colcon_core.package_identification:_identify(src/test_subscriber) by extension 'ros'
[0.860s] DEBUG:colcon.colcon_core.package_identification:Package 'src/test_subscriber' with type 'ros.ament_cmake' and name 'test_subscriber'
[0.860s] Level 1:colcon.colcon_core.package_discovery:discover_packages(recursive) using defaults
[0.860s] Level 1:colcon.colcon_core.package_discovery:discover_packages(ignore) discover
[0.860s] Level 1:colcon.colcon_core.package_discovery:discover_packages(ignore) using defaults
[0.860s] Level 1:colcon.colcon_core.package_discovery:discover_packages(path) discover
[0.860s] Level 1:colcon.colcon_core.package_discovery:discover_packages(path) using defaults
[0.933s] Level 1:colcon.colcon_core.package_discovery:discover_packages(prefix_path) check parameters
[0.933s] Level 1:colcon.colcon_core.package_discovery:discover_packages(prefix_path) discover
[0.957s] DEBUG:colcon.colcon_installed_package_information.package_discovery:Found 5 installed packages in /home/robot33-6/student133_ws/install
[0.970s] DEBUG:colcon.colcon_installed_package_information.package_discovery:Found 270 installed packages in /opt/ros/humble
[0.971s] Level 1:colcon.colcon_core.package_discovery:discover_packages(prefix_path) using defaults
[1.045s] Level 5:colcon.colcon_core.verb:set package 'test_castom_publisher' build argument 'cmake_args' from command line to '['-G', 'CodeBlocks - Unix Makefiles', '-DCMAKE_BUILD_TYPE=Debug']'
[1.045s] Level 5:colcon.colcon_core.verb:set package 'test_castom_publisher' build argument 'cmake_target' from command line to 'None'
[1.045s] Level 5:colcon.colcon_core.verb:set package 'test_castom_publisher' build argument 'cmake_target_skip_unavailable' from command line to 'False'
[1.045s] Level 5:colcon.colcon_core.verb:set package 'test_castom_publisher' build argument 'cmake_clean_cache' from command line to 'False'
[1.045s] Level 5:colcon.colcon_core.verb:set package 'test_castom_publisher' build argument 'cmake_clean_first' from command line to 'False'
[1.045s] Level 5:colcon.colcon_core.verb:set package 'test_castom_publisher' build argument 'cmake_force_configure' from command line to 'False'
[1.045s] Level 5:colcon.colcon_core.verb:set package 'test_castom_publisher' build argument 'ament_cmake_args' from command line to 'None'
[1.045s] Level 5:colcon.colcon_core.verb:set package 'test_castom_publisher' build argument 'catkin_cmake_args' from command line to 'None'
[1.045s] Level 5:colcon.colcon_core.verb:set package 'test_castom_publisher' build argument 'catkin_skip_building_tests' from command line to 'False'
[1.045s] DEBUG:colcon.colcon_core.verb:Building package 'test_castom_publisher' with the following arguments: {'ament_cmake_args': None, 'build_base': '/home/robot33-6/student133_ws/build/test_castom_publisher', 'catkin_cmake_args': None, 'catkin_skip_building_tests': False, 'cmake_args': ['-G', 'CodeBlocks - Unix Makefiles', '-DCMAKE_BUILD_TYPE=Debug'], 'cmake_clean_cache': False, 'cmake_clean_first': False, 'cmake_force_configure': False, 'cmake_target': None, 'cmake_target_skip_unavailable': False, 'install_base': '/home/robot33-6/student133_ws/install/test_castom_publisher', 'merge_install': False, 'path': '/home/robot33-6/student133_ws/src/test_castom_publisher', 'symlink_install': False, 'test_result_base': None}
[1.057s] Level 5:colcon.colcon_core.verb:set package 'test_custom_msg' build argument 'cmake_args' from command line to '['-G', 'CodeBlocks - Unix Makefiles', '-DCMAKE_BUILD_TYPE=Debug']'
[1.057s] Level 5:colcon.colcon_core.verb:set package 'test_custom_msg' build argument 'cmake_target' from command line to 'None'
[1.057s] Level 5:colcon.colcon_core.verb:set package 'test_custom_msg' build argument 'cmake_target_skip_unavailable' from command line to 'False'
[1.057s] Level 5:colcon.colcon_core.verb:set package 'test_custom_msg' build argument 'cmake_clean_cache' from command line to 'False'
[1.057s] Level 5:colcon.colcon_core.verb:set package 'test_custom_msg' build argument 'cmake_clean_first' from command line to 'False'
[1.057s] Level 5:colcon.colcon_core.verb:set package 'test_custom_msg' build argument 'cmake_force_configure' from command line to 'False'
[1.057s] Level 5:colcon.colcon_core.verb:set package 'test_custom_msg' build argument 'ament_cmake_args' from command line to 'None'
[1.057s] Level 5:colcon.colcon_core.verb:set package 'test_custom_msg' build argument 'catkin_cmake_args' from command line to 'None'
[1.057s] Level 5:colcon.colcon_core.verb:set package 'test_custom_msg' build argument 'catkin_skip_building_tests' from command line to 'False'
[1.057s] DEBUG:colcon.colcon_core.verb:Building package 'test_custom_msg' with the following arguments: {'ament_cmake_args': None, 'build_base': '/home/robot33-6/student133_ws/build/test_custom_msg', 'catkin_cmake_args': None, 'catkin_skip_building_tests': False, 'cmake_args': ['-G', 'CodeBlocks - Unix Makefiles', '-DCMAKE_BUILD_TYPE=Debug'], 'cmake_clean_cache': False, 'cmake_clean_first': False, 'cmake_force_configure': False, 'cmake_target': None, 'cmake_target_skip_unavailable': False, 'install_base': '/home/robot33-6/student133_ws/install/test_custom_msg', 'merge_install': False, 'path': '/home/robot33-6/student133_ws/src/test_custom_msg', 'symlink_install': False, 'test_result_base': None}
[1.068s] Level 5:colcon.colcon_core.verb:set package 'test_pkg' build argument 'cmake_args' from command line to '['-G', 'CodeBlocks - Unix Makefiles', '-DCMAKE_BUILD_TYPE=Debug']'
[1.069s] Level 5:colcon.colcon_core.verb:set package 'test_pkg' build argument 'cmake_target' from command line to 'None'
[1.069s] Level 5:colcon.colcon_core.verb:set package 'test_pkg' build argument 'cmake_target_skip_unavailable' from command line to 'False'
[1.069s] Level 5:colcon.colcon_core.verb:set package 'test_pkg' build argument 'cmake_clean_cache' from command line to 'False'
[1.069s] Level 5:colcon.colcon_core.verb:set package 'test_pkg' build argument 'cmake_clean_first' from command line to 'False'
[1.069s] Level 5:colcon.colcon_core.verb:set package 'test_pkg' build argument 'cmake_force_configure' from command line to 'False'
[1.069s] Level 5:colcon.colcon_core.verb:set package 'test_pkg' build argument 'ament_cmake_args' from command line to 'None'
[1.069s] Level 5:colcon.colcon_core.verb:set package 'test_pkg' build argument 'catkin_cmake_args' from command line to 'None'
[1.069s] Level 5:colcon.colcon_core.verb:set package 'test_pkg' build argument 'catkin_skip_building_tests' from command line to 'False'
[1.069s] DEBUG:colcon.colcon_core.verb:Building package 'test_pkg' with the following arguments: {'ament_cmake_args': None, 'build_base': '/home/robot33-6/student133_ws/build/test_pkg', 'catkin_cmake_args': None, 'catkin_skip_building_tests': False, 'cmake_args': ['-G', 'CodeBlocks - Unix Makefiles', '-DCMAKE_BUILD_TYPE=Debug'], 'cmake_clean_cache': False, 'cmake_clean_first': False, 'cmake_force_configure': False, 'cmake_target': None, 'cmake_target_skip_unavailable': False, 'install_base': '/home/robot33-6/student133_ws/install/test_pkg', 'merge_install': False, 'path': '/home/robot33-6/student133_ws/src/test_pkg', 'symlink_install': False, 'test_result_base': None}
[1.080s] Level 5:colcon.colcon_core.verb:set package 'test_publisher' build argument 'cmake_args' from command line to '['-G', 'CodeBlocks - Unix Makefiles', '-DCMAKE_BUILD_TYPE=Debug']'
[1.080s] Level 5:colcon.colcon_core.verb:set package 'test_publisher' build argument 'cmake_target' from command line to 'None'
[1.080s] Level 5:colcon.colcon_core.verb:set package 'test_publisher' build argument 'cmake_target_skip_unavailable' from command line to 'False'
[1.080s] Level 5:colcon.colcon_core.verb:set package 'test_publisher' build argument 'cmake_clean_cache' from command line to 'False'
[1.080s] Level 5:colcon.colcon_core.verb:set package 'test_publisher' build argument 'cmake_clean_first' from command line to 'False'
[1.080s] Level 5:colcon.colcon_core.verb:set package 'test_publisher' build argument 'cmake_force_configure' from command line to 'False'
[1.080s] Level 5:colcon.colcon_core.verb:set package 'test_publisher' build argument 'ament_cmake_args' from command line to 'None'
[1.080s] Level 5:colcon.colcon_core.verb:set package 'test_publisher' build argument 'catkin_cmake_args' from command line to 'None'
[1.080s] Level 5:colcon.colcon_core.verb:set package 'test_publisher' build argument 'catkin_skip_building_tests' from command line to 'False'
[1.080s] DEBUG:colcon.colcon_core.verb:Building package 'test_publisher' with the following arguments: {'ament_cmake_args': None, 'build_base': '/home/robot33-6/student133_ws/build/test_publisher', 'catkin_cmake_args': None, 'catkin_skip_building_tests': False, 'cmake_args': ['-G', 'CodeBlocks - Unix Makefiles', '-DCMAKE_BUILD_TYPE=Debug'], 'cmake_clean_cache': False, 'cmake_clean_first': False, 'cmake_force_configure': False, 'cmake_target': None, 'cmake_target_skip_unavailable': False, 'install_base': '/home/robot33-6/student133_ws/install/test_publisher', 'merge_install': False, 'path': '/home/robot33-6/student133_ws/src/test_publisher', 'symlink_install': False, 'test_result_base': None}
[1.092s] Level 5:colcon.colcon_core.verb:set package 'test_subscriber' build argument 'cmake_args' from command line to '['-G', 'CodeBlocks - Unix Makefiles', '-DCMAKE_BUILD_TYPE=Debug']'
[1.092s] Level 5:colcon.colcon_core.verb:set package 'test_subscriber' build argument 'cmake_target' from command line to 'None'
[1.092s] Level 5:colcon.colcon_core.verb:set package 'test_subscriber' build argument 'cmake_target_skip_unavailable' from command line to 'False'
[1.092s] Level 5:colcon.colcon_core.verb:set package 'test_subscriber' build argument 'cmake_clean_cache' from command line to 'False'
[1.092s] Level 5:colcon.colcon_core.verb:set package 'test_subscriber' build argument 'cmake_clean_first' from command line to 'False'
[1.092s] Level 5:colcon.colcon_core.verb:set package 'test_subscriber' build argument 'cmake_force_configure' from command line to 'False'
[1.092s] Level 5:colcon.colcon_core.verb:set package 'test_subscriber' build argument 'ament_cmake_args' from command line to 'None'
[1.092s] Level 5:colcon.colcon_core.verb:set package 'test_subscriber' build argument 'catkin_cmake_args' from command line to 'None'
[1.092s] Level 5:colcon.colcon_core.verb:set package 'test_subscriber' build argument 'catkin_skip_building_tests' from command line to 'False'
[1.092s] DEBUG:colcon.colcon_core.verb:Building package 'test_subscriber' with the following arguments: {'ament_cmake_args': None, 'build_base': '/home/robot33-6/student133_ws/build/test_subscriber', 'catkin_cmake_args': None, 'catkin_skip_building_tests': False, 'cmake_args': ['-G', 'CodeBlocks - Unix Makefiles', '-DCMAKE_BUILD_TYPE=Debug'], 'cmake_clean_cache': False, 'cmake_clean_first': False, 'cmake_force_configure': False, 'cmake_target': None, 'cmake_target_skip_unavailable': False, 'install_base': '/home/robot33-6/student133_ws/install/test_subscriber', 'merge_install': False, 'path': '/home/robot33-6/student133_ws/src/test_subscriber', 'symlink_install': False, 'test_result_base': None}
[1.104s] INFO:colcon.colcon_core.executor:Executing jobs using 'parallel' executor
[1.117s] DEBUG:colcon.colcon_parallel_executor.executor.parallel:run_until_complete
[1.117s] INFO:colcon.colcon_ros.task.ament_cmake.build:Building ROS package in '/home/robot33-6/student133_ws/src/test_castom_publisher' with build type 'ament_cmake'
[1.117s] INFO:colcon.colcon_cmake.task.cmake.build:Building CMake package in '/home/robot33-6/student133_ws/src/test_castom_publisher'
[1.130s] INFO:colcon.colcon_core.plugin_system:Skipping extension 'colcon_core.shell.bat': Not used on non-Windows systems
[1.131s] INFO:colcon.colcon_core.shell:Skip shell extension 'powershell' for command environment: Not usable outside of PowerShell
[1.131s] DEBUG:colcon.colcon_core.shell:Skip shell extension 'dsv' for command environment
[1.168s] INFO:colcon.colcon_ros.task.ament_cmake.build:Building ROS package in '/home/robot33-6/student133_ws/src/test_custom_msg' with build type 'ament_cmake'
[1.169s] INFO:colcon.colcon_cmake.task.cmake.build:Building CMake package in '/home/robot33-6/student133_ws/src/test_custom_msg'
[1.181s] INFO:colcon.colcon_core.shell:Skip shell extension 'powershell' for command environment: Not usable outside of PowerShell
[1.181s] DEBUG:colcon.colcon_core.shell:Skip shell extension 'dsv' for command environment
[1.218s] INFO:colcon.colcon_ros.task.ament_cmake.build:Building ROS package in '/home/robot33-6/student133_ws/src/test_pkg' with build type 'ament_cmake'
[1.218s] INFO:colcon.colcon_cmake.task.cmake.build:Building CMake package in '/home/robot33-6/student133_ws/src/test_pkg'
[1.231s] INFO:colcon.colcon_core.shell:Skip shell extension 'powershell' for command environment: Not usable outside of PowerShell
[1.231s] DEBUG:colcon.colcon_core.shell:Skip shell extension 'dsv' for command environment
[1.268s] INFO:colcon.colcon_ros.task.ament_cmake.build:Building ROS package in '/home/robot33-6/student133_ws/src/test_publisher' with build type 'ament_cmake'
[1.268s] INFO:colcon.colcon_cmake.task.cmake.build:Building CMake package in '/home/robot33-6/student133_ws/src/test_publisher'
[1.289s] INFO:colcon.colcon_core.shell:Skip shell extension 'powershell' for command environment: Not usable outside of PowerShell
[1.289s] DEBUG:colcon.colcon_core.shell:Skip shell extension 'dsv' for command environment
[1.326s] INFO:colcon.colcon_ros.task.ament_cmake.build:Building ROS package in '/home/robot33-6/student133_ws/src/test_subscriber' with build type 'ament_cmake'
[1.327s] INFO:colcon.colcon_cmake.task.cmake.build:Building CMake package in '/home/robot33-6/student133_ws/src/test_subscriber'
[1.339s] INFO:colcon.colcon_core.shell:Skip shell extension 'powershell' for command environment: Not usable outside of PowerShell
[1.339s] DEBUG:colcon.colcon_core.shell:Skip shell extension 'dsv' for command environment
[1.381s] DEBUG:colcon.colcon_core.event_handler.log_command:Invoking command in '/home/robot33-6/student133_ws/build/test_castom_publisher': CMAKE_PREFIX_PATH=${CMAKE_PREFIX_PATH}:/opt/ros/humble /usr/bin/cmake --build /home/robot33-6/student133_ws/build/test_castom_publisher -- -j8 -l8
[1.383s] DEBUG:colcon.colcon_core.event_handler.log_command:Invoking command in '/home/robot33-6/student133_ws/build/test_custom_msg': CMAKE_PREFIX_PATH=${CMAKE_PREFIX_PATH}:/opt/ros/humble /usr/bin/cmake --build /home/robot33-6/student133_ws/build/test_custom_msg -- -j8 -l8
[1.385s] DEBUG:colcon.colcon_core.event_handler.log_command:Invoking command in '/home/robot33-6/student133_ws/build/test_pkg': CMAKE_PREFIX_PATH=${CMAKE_PREFIX_PATH}:/opt/ros/humble /usr/bin/cmake --build /home/robot33-6/student133_ws/build/test_pkg -- -j8 -l8
[1.389s] DEBUG:colcon.colcon_core.event_handler.log_command:Invoking command in '/home/robot33-6/student133_ws/build/test_publisher': CMAKE_PREFIX_PATH=${CMAKE_PREFIX_PATH}:/opt/ros/humble /usr/bin/cmake --build /home/robot33-6/student133_ws/build/test_publisher -- -j8 -l8
[1.392s] DEBUG:colcon.colcon_core.event_handler.log_command:Invoking command in '/home/robot33-6/student133_ws/build/test_subscriber': CMAKE_PREFIX_PATH=${CMAKE_PREFIX_PATH}:/opt/ros/humble /usr/bin/cmake --build /home/robot33-6/student133_ws/build/test_subscriber -- -j8 -l8
[1.461s] DEBUG:colcon.colcon_core.event_handler.log_command:Invoked command in '/home/robot33-6/student133_ws/build/test_pkg' returned '0': CMAKE_PREFIX_PATH=${CMAKE_PREFIX_PATH}:/opt/ros/humble /usr/bin/cmake --build /home/robot33-6/student133_ws/build/test_pkg -- -j8 -l8
[1.467s] DEBUG:colcon.colcon_core.event_handler.log_command:Invoked command in '/home/robot33-6/student133_ws/build/test_publisher' returned '0': CMAKE_PREFIX_PATH=${CMAKE_PREFIX_PATH}:/opt/ros/humble /usr/bin/cmake --build /home/robot33-6/student133_ws/build/test_publisher -- -j8 -l8
[1.476s] DEBUG:colcon.colcon_core.event_handler.log_command:Invoked command in '/home/robot33-6/student133_ws/build/test_subscriber' returned '0': CMAKE_PREFIX_PATH=${CMAKE_PREFIX_PATH}:/opt/ros/humble /usr/bin/cmake --build /home/robot33-6/student133_ws/build/test_subscriber -- -j8 -l8
[1.504s] DEBUG:colcon.colcon_core.event_handler.log_command:Invoking command in '/home/robot33-6/student133_ws/build/test_pkg': CMAKE_PREFIX_PATH=${CMAKE_PREFIX_PATH}:/opt/ros/humble /usr/bin/cmake --install /home/robot33-6/student133_ws/build/test_pkg
[1.507s] DEBUG:colcon.colcon_core.event_handler.log_command:Invoking command in '/home/robot33-6/student133_ws/build/test_subscriber': CMAKE_PREFIX_PATH=${CMAKE_PREFIX_PATH}:/opt/ros/humble /usr/bin/cmake --install /home/robot33-6/student133_ws/build/test_subscriber
[1.508s] DEBUG:colcon.colcon_core.event_handler.log_command:Invoking command in '/home/robot33-6/student133_ws/build/test_publisher': CMAKE_PREFIX_PATH=${CMAKE_PREFIX_PATH}:/opt/ros/humble /usr/bin/cmake --install /home/robot33-6/student133_ws/build/test_publisher
[1.518s] Level 1:colcon.colcon_core.environment:create_environment_scripts_only(test_pkg)
[1.521s] DEBUG:colcon.colcon_core.event_handler.log_command:Invoked command in '/home/robot33-6/student133_ws/build/test_pkg' returned '0': CMAKE_PREFIX_PATH=${CMAKE_PREFIX_PATH}:/opt/ros/humble /usr/bin/cmake --install /home/robot33-6/student133_ws/build/test_pkg
[1.545s] Level 1:colcon.colcon_core.environment:checking '/home/robot33-6/student133_ws/install/test_pkg' for CMake module files
[1.546s] Level 1:colcon.colcon_core.environment:checking '/home/robot33-6/student133_ws/install/test_pkg' for CMake config files
[1.546s] Level 1:colcon.colcon_core.shell:create_environment_hook('test_pkg', 'cmake_prefix_path')
[1.568s] INFO:colcon.colcon_core.shell:Creating environment hook '/home/robot33-6/student133_ws/install/test_pkg/share/test_pkg/hook/cmake_prefix_path.ps1'
[1.570s] INFO:colcon.colcon_core.shell:Creating environment descriptor '/home/robot33-6/student133_ws/install/test_pkg/share/test_pkg/hook/cmake_prefix_path.dsv'
[1.571s] INFO:colcon.colcon_core.shell:Creating environment hook '/home/robot33-6/student133_ws/install/test_pkg/share/test_pkg/hook/cmake_prefix_path.sh'
[1.572s] Level 1:colcon.colcon_core.environment:checking '/home/robot33-6/student133_ws/install/test_pkg/lib'
[1.572s] Level 1:colcon.colcon_core.environment:checking '/home/robot33-6/student133_ws/install/test_pkg/bin'
[1.572s] Level 1:colcon.colcon_core.environment:checking '/home/robot33-6/student133_ws/install/test_pkg/lib/pkgconfig/test_pkg.pc'
[1.572s] Level 1:colcon.colcon_core.environment:checking '/home/robot33-6/student133_ws/install/test_pkg/lib/python3.10/site-packages'
[1.573s] Level 1:colcon.colcon_core.environment:checking '/home/robot33-6/student133_ws/install/test_pkg/bin'
[1.594s] INFO:colcon.colcon_core.shell:Creating package script '/home/robot33-6/student133_ws/install/test_pkg/share/test_pkg/package.ps1'
[1.595s] INFO:colcon.colcon_core.shell:Creating package descriptor '/home/robot33-6/student133_ws/install/test_pkg/share/test_pkg/package.dsv'
[1.595s] INFO:colcon.colcon_core.shell:Creating package script '/home/robot33-6/student133_ws/install/test_pkg/share/test_pkg/package.sh'
[1.596s] INFO:colcon.colcon_core.shell:Creating package script '/home/robot33-6/student133_ws/install/test_pkg/share/test_pkg/package.bash'
[1.597s] INFO:colcon.colcon_core.shell:Creating package script '/home/robot33-6/student133_ws/install/test_pkg/share/test_pkg/package.zsh'
[1.598s] Level 1:colcon.colcon_core.environment:create_file_with_runtime_dependencies(/home/robot33-6/student133_ws/install/test_pkg/share/colcon-core/packages/test_pkg)
[1.600s] Level 1:colcon.colcon_core.environment:create_environment_scripts_only(test_publisher)
[1.601s] DEBUG:colcon.colcon_core.event_handler.log_command:Invoked command in '/home/robot33-6/student133_ws/build/test_publisher' returned '0': CMAKE_PREFIX_PATH=${CMAKE_PREFIX_PATH}:/opt/ros/humble /usr/bin/cmake --install /home/robot33-6/student133_ws/build/test_publisher
[1.615s] Level 1:colcon.colcon_core.environment:checking '/home/robot33-6/student133_ws/install/test_publisher' for CMake module files
[1.615s] Level 1:colcon.colcon_core.environment:checking '/home/robot33-6/student133_ws/install/test_publisher' for CMake config files
[1.615s] Level 1:colcon.colcon_core.shell:create_environment_hook('test_publisher', 'cmake_prefix_path')
[1.628s] INFO:colcon.colcon_core.shell:Creating environment hook '/home/robot33-6/student133_ws/install/test_publisher/share/test_publisher/hook/cmake_prefix_path.ps1'
[1.628s] INFO:colcon.colcon_core.shell:Creating environment descriptor '/home/robot33-6/student133_ws/install/test_publisher/share/test_publisher/hook/cmake_prefix_path.dsv'
[1.629s] INFO:colcon.colcon_core.shell:Creating environment hook '/home/robot33-6/student133_ws/install/test_publisher/share/test_publisher/hook/cmake_prefix_path.sh'
[1.629s] Level 1:colcon.colcon_core.environment:checking '/home/robot33-6/student133_ws/install/test_publisher/lib'
[1.629s] Level 1:colcon.colcon_core.environment:checking '/home/robot33-6/student133_ws/install/test_publisher/bin'
[1.629s] Level 1:colcon.colcon_core.environment:checking '/home/robot33-6/student133_ws/install/test_publisher/lib/pkgconfig/test_publisher.pc'
[1.629s] Level 1:colcon.colcon_core.environment:checking '/home/robot33-6/student133_ws/install/test_publisher/lib/python3.10/site-packages'
[1.630s] Level 1:colcon.colcon_core.environment:checking '/home/robot33-6/student133_ws/install/test_publisher/bin'
[1.642s] INFO:colcon.colcon_core.shell:Creating package script '/home/robot33-6/student133_ws/install/test_publisher/share/test_publisher/package.ps1'
[1.642s] INFO:colcon.colcon_core.shell:Creating package descriptor '/home/robot33-6/student133_ws/install/test_publisher/share/test_publisher/package.dsv'
[1.642s] INFO:colcon.colcon_core.shell:Creating package script '/home/robot33-6/student133_ws/install/test_publisher/share/test_publisher/package.sh'
[1.643s] INFO:colcon.colcon_core.shell:Creating package script '/home/robot33-6/student133_ws/install/test_publisher/share/test_publisher/package.bash'
[1.643s] INFO:colcon.colcon_core.shell:Creating package script '/home/robot33-6/student133_ws/install/test_publisher/share/test_publisher/package.zsh'
[1.643s] Level 1:colcon.colcon_core.environment:create_file_with_runtime_dependencies(/home/robot33-6/student133_ws/install/test_publisher/share/colcon-core/packages/test_publisher)
[1.644s] Level 1:colcon.colcon_core.environment:create_environment_scripts_only(test_subscriber)
[1.645s] DEBUG:colcon.colcon_core.event_handler.log_command:Invoked command in '/home/robot33-6/student133_ws/build/test_subscriber' returned '0': CMAKE_PREFIX_PATH=${CMAKE_PREFIX_PATH}:/opt/ros/humble /usr/bin/cmake --install /home/robot33-6/student133_ws/build/test_subscriber
[1.657s] Level 1:colcon.colcon_core.environment:checking '/home/robot33-6/student133_ws/install/test_subscriber' for CMake module files
[1.658s] Level 1:colcon.colcon_core.environment:checking '/home/robot33-6/student133_ws/install/test_subscriber' for CMake config files
[1.658s] Level 1:colcon.colcon_core.shell:create_environment_hook('test_subscriber', 'cmake_prefix_path')
[1.670s] INFO:colcon.colcon_core.shell:Creating environment hook '/home/robot33-6/student133_ws/install/test_subscriber/share/test_subscriber/hook/cmake_prefix_path.ps1'
[1.670s] INFO:colcon.colcon_core.shell:Creating environment descriptor '/home/robot33-6/student133_ws/install/test_subscriber/share/test_subscriber/hook/cmake_prefix_path.dsv'
[1.671s] INFO:colcon.colcon_core.shell:Creating environment hook '/home/robot33-6/student133_ws/install/test_subscriber/share/test_subscriber/hook/cmake_prefix_path.sh'
[1.671s] Level 1:colcon.colcon_core.environment:checking '/home/robot33-6/student133_ws/install/test_subscriber/lib'
[1.671s] Level 1:colcon.colcon_core.environment:checking '/home/robot33-6/student133_ws/install/test_subscriber/bin'
[1.671s] Level 1:colcon.colcon_core.environment:checking '/home/robot33-6/student133_ws/install/test_subscriber/lib/pkgconfig/test_subscriber.pc'
[1.671s] Level 1:colcon.colcon_core.environment:checking '/home/robot33-6/student133_ws/install/test_subscriber/lib/python3.10/site-packages'
[1.672s] Level 1:colcon.colcon_core.environment:checking '/home/robot33-6/student133_ws/install/test_subscriber/bin'
[1.684s] INFO:colcon.colcon_core.shell:Creating package script '/home/robot33-6/student133_ws/install/test_subscriber/share/test_subscriber/package.ps1'
[1.684s] INFO:colcon.colcon_core.shell:Creating package descriptor '/home/robot33-6/student133_ws/install/test_subscriber/share/test_subscriber/package.dsv'
[1.685s] INFO:colcon.colcon_core.shell:Creating package script '/home/robot33-6/student133_ws/install/test_subscriber/share/test_subscriber/package.sh'
[1.685s] INFO:colcon.colcon_core.shell:Creating package script '/home/robot33-6/student133_ws/install/test_subscriber/share/test_subscriber/package.bash'
[1.685s] INFO:colcon.colcon_core.shell:Creating package script '/home/robot33-6/student133_ws/install/test_subscriber/share/test_subscriber/package.zsh'
[1.685s] Level 1:colcon.colcon_core.environment:create_file_with_runtime_dependencies(/home/robot33-6/student133_ws/install/test_subscriber/share/colcon-core/packages/test_subscriber)
[1.700s] Level 1:colcon.colcon_core.environment:create_environment_scripts_only(test_pkg)
[1.713s] Level 1:colcon.colcon_core.environment:checking '/home/robot33-6/student133_ws/install/test_pkg' for CMake module files
[1.713s] Level 1:colcon.colcon_core.environment:checking '/home/robot33-6/student133_ws/install/test_pkg' for CMake config files
[1.714s] Level 1:colcon.colcon_core.shell:create_environment_hook('test_pkg', 'cmake_prefix_path')
[1.727s] INFO:colcon.colcon_core.shell:Creating environment hook '/home/robot33-6/student133_ws/install/test_pkg/share/test_pkg/hook/cmake_prefix_path.ps1'
[1.727s] INFO:colcon.colcon_core.shell:Creating environment descriptor '/home/robot33-6/student133_ws/install/test_pkg/share/test_pkg/hook/cmake_prefix_path.dsv'
[1.728s] INFO:colcon.colcon_core.shell:Creating environment hook '/home/robot33-6/student133_ws/install/test_pkg/share/test_pkg/hook/cmake_prefix_path.sh'
[1.728s] Level 1:colcon.colcon_core.environment:checking '/home/robot33-6/student133_ws/install/test_pkg/lib'
[1.728s] Level 1:colcon.colcon_core.environment:checking '/home/robot33-6/student133_ws/install/test_pkg/bin'
[1.728s] Level 1:colcon.colcon_core.environment:checking '/home/robot33-6/student133_ws/install/test_pkg/lib/pkgconfig/test_pkg.pc'
[1.728s] Level 1:colcon.colcon_core.environment:checking '/home/robot33-6/student133_ws/install/test_pkg/lib/python3.10/site-packages'
[1.729s] Level 1:colcon.colcon_core.environment:checking '/home/robot33-6/student133_ws/install/test_pkg/bin'
[1.742s] INFO:colcon.colcon_core.shell:Creating package script '/home/robot33-6/student133_ws/install/test_pkg/share/test_pkg/package.ps1'
[1.742s] INFO:colcon.colcon_core.shell:Creating package descriptor '/home/robot33-6/student133_ws/install/test_pkg/share/test_pkg/package.dsv'
[1.743s] INFO:colcon.colcon_core.shell:Creating package script '/home/robot33-6/student133_ws/install/test_pkg/share/test_pkg/package.sh'
[1.743s] INFO:colcon.colcon_core.shell:Creating package script '/home/robot33-6/student133_ws/install/test_pkg/share/test_pkg/package.bash'
[1.743s] INFO:colcon.colcon_core.shell:Creating package script '/home/robot33-6/student133_ws/install/test_pkg/share/test_pkg/package.zsh'
[1.744s] Level 1:colcon.colcon_core.environment:create_file_with_runtime_dependencies(/home/robot33-6/student133_ws/install/test_pkg/share/colcon-core/packages/test_pkg)
[1.757s] Level 1:colcon.colcon_core.environment:create_environment_scripts_only(test_publisher)
[1.769s] Level 1:colcon.colcon_core.environment:checking '/home/robot33-6/student133_ws/install/test_publisher' for CMake module files
[1.770s] Level 1:colcon.colcon_core.environment:checking '/home/robot33-6/student133_ws/install/test_publisher' for CMake config files
[1.770s] Level 1:colcon.colcon_core.shell:create_environment_hook('test_publisher', 'cmake_prefix_path')
[1.782s] INFO:colcon.colcon_core.shell:Creating environment hook '/home/robot33-6/student133_ws/install/test_publisher/share/test_publisher/hook/cmake_prefix_path.ps1'
[1.783s] INFO:colcon.colcon_core.shell:Creating environment descriptor '/home/robot33-6/student133_ws/install/test_publisher/share/test_publisher/hook/cmake_prefix_path.dsv'
[1.783s] INFO:colcon.colcon_core.shell:Creating environment hook '/home/robot33-6/student133_ws/install/test_publisher/share/test_publisher/hook/cmake_prefix_path.sh'
[1.783s] Level 1:colcon.colcon_core.environment:checking '/home/robot33-6/student133_ws/install/test_publisher/lib'
[1.783s] Level 1:colcon.colcon_core.environment:checking '/home/robot33-6/student133_ws/install/test_publisher/bin'
[1.783s] Level 1:colcon.colcon_core.environment:checking '/home/robot33-6/student133_ws/install/test_publisher/lib/pkgconfig/test_publisher.pc'
[1.783s] Level 1:colcon.colcon_core.environment:checking '/home/robot33-6/student133_ws/install/test_publisher/lib/python3.10/site-packages'
[1.784s] Level 1:colcon.colcon_core.environment:checking '/home/robot33-6/student133_ws/install/test_publisher/bin'
[1.796s] INFO:colcon.colcon_core.shell:Creating package script '/home/robot33-6/student133_ws/install/test_publisher/share/test_publisher/package.ps1'
[1.797s] INFO:colcon.colcon_core.shell:Creating package descriptor '/home/robot33-6/student133_ws/install/test_publisher/share/test_publisher/package.dsv'
[1.797s] INFO:colcon.colcon_core.shell:Creating package script '/home/robot33-6/student133_ws/install/test_publisher/share/test_publisher/package.sh'
[1.797s] INFO:colcon.colcon_core.shell:Creating package script '/home/robot33-6/student133_ws/install/test_publisher/share/test_publisher/package.bash'
[1.797s] INFO:colcon.colcon_core.shell:Creating package script '/home/robot33-6/student133_ws/install/test_publisher/share/test_publisher/package.zsh'
[1.798s] Level 1:colcon.colcon_core.environment:create_file_with_runtime_dependencies(/home/robot33-6/student133_ws/install/test_publisher/share/colcon-core/packages/test_publisher)
[1.812s] Level 1:colcon.colcon_core.environment:create_environment_scripts_only(test_subscriber)
[1.824s] Level 1:colcon.colcon_core.environment:checking '/home/robot33-6/student133_ws/install/test_subscriber' for CMake module files
[1.824s] Level 1:colcon.colcon_core.environment:checking '/home/robot33-6/student133_ws/install/test_subscriber' for CMake config files
[1.824s] Level 1:colcon.colcon_core.shell:create_environment_hook('test_subscriber', 'cmake_prefix_path')
[1.837s] INFO:colcon.colcon_core.shell:Creating environment hook '/home/robot33-6/student133_ws/install/test_subscriber/share/test_subscriber/hook/cmake_prefix_path.ps1'
[1.837s] INFO:colcon.colcon_core.shell:Creating environment descriptor '/home/robot33-6/student133_ws/install/test_subscriber/share/test_subscriber/hook/cmake_prefix_path.dsv'
[1.837s] INFO:colcon.colcon_core.shell:Creating environment hook '/home/robot33-6/student133_ws/install/test_subscriber/share/test_subscriber/hook/cmake_prefix_path.sh'
[1.838s] Level 1:colcon.colcon_core.environment:checking '/home/robot33-6/student133_ws/install/test_subscriber/lib'
[1.838s] Level 1:colcon.colcon_core.environment:checking '/home/robot33-6/student133_ws/install/test_subscriber/bin'
[1.838s] Level 1:colcon.colcon_core.environment:checking '/home/robot33-6/student133_ws/install/test_subscriber/lib/pkgconfig/test_subscriber.pc'
[1.838s] Level 1:colcon.colcon_core.environment:checking '/home/robot33-6/student133_ws/install/test_subscriber/lib/python3.10/site-packages'
[1.838s] Level 1:colcon.colcon_core.environment:checking '/home/robot33-6/student133_ws/install/test_subscriber/bin'
[1.850s] INFO:colcon.colcon_core.shell:Creating package script '/home/robot33-6/student133_ws/install/test_subscriber/share/test_subscriber/package.ps1'
[1.851s] INFO:colcon.colcon_core.shell:Creating package descriptor '/home/robot33-6/student133_ws/install/test_subscriber/share/test_subscriber/package.dsv'
[1.851s] INFO:colcon.colcon_core.shell:Creating package script '/home/robot33-6/student133_ws/install/test_subscriber/share/test_subscriber/package.sh'
[1.851s] INFO:colcon.colcon_core.shell:Creating package script '/home/robot33-6/student133_ws/install/test_subscriber/share/test_subscriber/package.bash'
[1.852s] INFO:colcon.colcon_core.shell:Creating package script '/home/robot33-6/student133_ws/install/test_subscriber/share/test_subscriber/package.zsh'
[1.852s] Level 1:colcon.colcon_core.environment:create_file_with_runtime_dependencies(/home/robot33-6/student133_ws/install/test_subscriber/share/colcon-core/packages/test_subscriber)
[1.854s] DEBUG:colcon.colcon_core.event_handler.log_command:Invoked command in '/home/robot33-6/student133_ws/build/test_custom_msg' returned '0': CMAKE_PREFIX_PATH=${CMAKE_PREFIX_PATH}:/opt/ros/humble /usr/bin/cmake --build /home/robot33-6/student133_ws/build/test_custom_msg -- -j8 -l8
[1.891s] DEBUG:colcon.colcon_core.event_handler.log_command:Invoking command in '/home/robot33-6/student133_ws/build/test_custom_msg': CMAKE_PREFIX_PATH=${CMAKE_PREFIX_PATH}:/opt/ros/humble /usr/bin/cmake --install /home/robot33-6/student133_ws/build/test_custom_msg
[1.932s] Level 1:colcon.colcon_core.environment:create_environment_scripts_only(test_custom_msg)
[1.936s] DEBUG:colcon.colcon_core.event_handler.log_command:Invoked command in '/home/robot33-6/student133_ws/build/test_custom_msg' returned '0': CMAKE_PREFIX_PATH=${CMAKE_PREFIX_PATH}:/opt/ros/humble /usr/bin/cmake --install /home/robot33-6/student133_ws/build/test_custom_msg
[1.947s] Level 1:colcon.colcon_core.environment:checking '/home/robot33-6/student133_ws/install/test_custom_msg' for CMake module files
[1.947s] Level 1:colcon.colcon_core.environment:checking '/home/robot33-6/student133_ws/install/test_custom_msg' for CMake config files
[1.948s] Level 1:colcon.colcon_core.shell:create_environment_hook('test_custom_msg', 'cmake_prefix_path')
[1.959s] INFO:colcon.colcon_core.shell:Creating environment hook '/home/robot33-6/student133_ws/install/test_custom_msg/share/test_custom_msg/hook/cmake_prefix_path.ps1'
[1.960s] INFO:colcon.colcon_core.shell:Creating environment descriptor '/home/robot33-6/student133_ws/install/test_custom_msg/share/test_custom_msg/hook/cmake_prefix_path.dsv'
[1.960s] INFO:colcon.colcon_core.shell:Creating environment hook '/home/robot33-6/student133_ws/install/test_custom_msg/share/test_custom_msg/hook/cmake_prefix_path.sh'
[1.960s] Level 1:colcon.colcon_core.environment:checking '/home/robot33-6/student133_ws/install/test_custom_msg/lib'
[1.960s] Level 1:colcon.colcon_core.shell:create_environment_hook('test_custom_msg', 'ld_library_path_lib')
[1.972s] INFO:colcon.colcon_core.shell:Creating environment hook '/home/robot33-6/student133_ws/install/test_custom_msg/share/test_custom_msg/hook/ld_library_path_lib.ps1'
[1.973s] INFO:colcon.colcon_core.shell:Creating environment descriptor '/home/robot33-6/student133_ws/install/test_custom_msg/share/test_custom_msg/hook/ld_library_path_lib.dsv'
[1.973s] INFO:colcon.colcon_core.shell:Creating environment hook '/home/robot33-6/student133_ws/install/test_custom_msg/share/test_custom_msg/hook/ld_library_path_lib.sh'
[1.973s] Level 1:colcon.colcon_core.environment:checking '/home/robot33-6/student133_ws/install/test_custom_msg/bin'
[1.973s] Level 1:colcon.colcon_core.environment:checking '/home/robot33-6/student133_ws/install/test_custom_msg/lib/pkgconfig/test_custom_msg.pc'
[1.973s] Level 1:colcon.colcon_core.environment:checking '/home/robot33-6/student133_ws/install/test_custom_msg/lib/python3.10/site-packages'
[1.973s] Level 1:colcon.colcon_core.environment:checking '/home/robot33-6/student133_ws/install/test_custom_msg/bin'
[1.985s] INFO:colcon.colcon_core.shell:Creating package script '/home/robot33-6/student133_ws/install/test_custom_msg/share/test_custom_msg/package.ps1'
[1.986s] INFO:colcon.colcon_core.shell:Creating package descriptor '/home/robot33-6/student133_ws/install/test_custom_msg/share/test_custom_msg/package.dsv'
[1.986s] INFO:colcon.colcon_core.shell:Creating package script '/home/robot33-6/student133_ws/install/test_custom_msg/share/test_custom_msg/package.sh'
[1.986s] INFO:colcon.colcon_core.shell:Creating package script '/home/robot33-6/student133_ws/install/test_custom_msg/share/test_custom_msg/package.bash'
[1.987s] INFO:colcon.colcon_core.shell:Creating package script '/home/robot33-6/student133_ws/install/test_custom_msg/share/test_custom_msg/package.zsh'
[1.987s] Level 1:colcon.colcon_core.environment:create_file_with_runtime_dependencies(/home/robot33-6/student133_ws/install/test_custom_msg/share/colcon-core/packages/test_custom_msg)
[2.037s] Level 1:colcon.colcon_core.environment:create_environment_scripts_only(test_custom_msg)
[2.050s] Level 1:colcon.colcon_core.environment:checking '/home/robot33-6/student133_ws/install/test_custom_msg' for CMake module files
[2.050s] Level 1:colcon.colcon_core.environment:checking '/home/robot33-6/student133_ws/install/test_custom_msg' for CMake config files
[2.050s] Level 1:colcon.colcon_core.shell:create_environment_hook('test_custom_msg', 'cmake_prefix_path')
[2.062s] INFO:colcon.colcon_core.shell:Creating environment hook '/home/robot33-6/student133_ws/install/test_custom_msg/share/test_custom_msg/hook/cmake_prefix_path.ps1'
[2.063s] INFO:colcon.colcon_core.shell:Creating environment descriptor '/home/robot33-6/student133_ws/install/test_custom_msg/share/test_custom_msg/hook/cmake_prefix_path.dsv'
[2.063s] INFO:colcon.colcon_core.shell:Creating environment hook '/home/robot33-6/student133_ws/install/test_custom_msg/share/test_custom_msg/hook/cmake_prefix_path.sh'
[2.063s] Level 1:colcon.colcon_core.environment:checking '/home/robot33-6/student133_ws/install/test_custom_msg/lib'
[2.063s] Level 1:colcon.colcon_core.shell:create_environment_hook('test_custom_msg', 'ld_library_path_lib')
[2.076s] INFO:colcon.colcon_core.shell:Creating environment hook '/home/robot33-6/student133_ws/install/test_custom_msg/share/test_custom_msg/hook/ld_library_path_lib.ps1'
[2.076s] INFO:colcon.colcon_core.shell:Creating environment descriptor '/home/robot33-6/student133_ws/install/test_custom_msg/share/test_custom_msg/hook/ld_library_path_lib.dsv'
[2.076s] INFO:colcon.colcon_core.shell:Creating environment hook '/home/robot33-6/student133_ws/install/test_custom_msg/share/test_custom_msg/hook/ld_library_path_lib.sh'
[2.077s] Level 1:colcon.colcon_core.environment:checking '/home/robot33-6/student133_ws/install/test_custom_msg/bin'
[2.077s] Level 1:colcon.colcon_core.environment:checking '/home/robot33-6/student133_ws/install/test_custom_msg/lib/pkgconfig/test_custom_msg.pc'
[2.077s] Level 1:colcon.colcon_core.environment:checking '/home/robot33-6/student133_ws/install/test_custom_msg/lib/python3.10/site-packages'
[2.077s] Level 1:colcon.colcon_core.environment:checking '/home/robot33-6/student133_ws/install/test_custom_msg/bin'
[2.089s] INFO:colcon.colcon_core.shell:Creating package script '/home/robot33-6/student133_ws/install/test_custom_msg/share/test_custom_msg/package.ps1'
[2.090s] INFO:colcon.colcon_core.shell:Creating package descriptor '/home/robot33-6/student133_ws/install/test_custom_msg/share/test_custom_msg/package.dsv'
[2.090s] INFO:colcon.colcon_core.shell:Creating package script '/home/robot33-6/student133_ws/install/test_custom_msg/share/test_custom_msg/package.sh'
[2.091s] INFO:colcon.colcon_core.shell:Creating package script '/home/robot33-6/student133_ws/install/test_custom_msg/share/test_custom_msg/package.bash'
[2.091s] INFO:colcon.colcon_core.shell:Creating package script '/home/robot33-6/student133_ws/install/test_custom_msg/share/test_custom_msg/package.zsh'
[2.091s] Level 1:colcon.colcon_core.environment:create_file_with_runtime_dependencies(/home/robot33-6/student133_ws/install/test_custom_msg/share/colcon-core/packages/test_custom_msg)
[2.094s] DEBUG:colcon.colcon_core.event_handler.log_command:Invoked command in '/home/robot33-6/student133_ws/build/test_castom_publisher' returned '2': CMAKE_PREFIX_PATH=${CMAKE_PREFIX_PATH}:/opt/ros/humble /usr/bin/cmake --build /home/robot33-6/student133_ws/build/test_castom_publisher -- -j8 -l8
[2.119s] Level 1:colcon.colcon_core.environment:create_environment_scripts_only(test_castom_publisher)
[2.131s] Level 1:colcon.colcon_core.environment:checking '/home/robot33-6/student133_ws/install/test_castom_publisher' for CMake module files
[2.131s] Level 1:colcon.colcon_core.environment:checking '/home/robot33-6/student133_ws/install/test_castom_publisher' for CMake config files
[2.131s] Level 1:colcon.colcon_core.shell:create_environment_hook('test_castom_publisher', 'cmake_prefix_path')
[2.143s] INFO:colcon.colcon_core.shell:Creating environment hook '/home/robot33-6/student133_ws/install/test_castom_publisher/share/test_castom_publisher/hook/cmake_prefix_path.ps1'
[2.143s] INFO:colcon.colcon_core.shell:Creating environment descriptor '/home/robot33-6/student133_ws/install/test_castom_publisher/share/test_castom_publisher/hook/cmake_prefix_path.dsv'
[2.143s] INFO:colcon.colcon_core.shell:Creating environment hook '/home/robot33-6/student133_ws/install/test_castom_publisher/share/test_castom_publisher/hook/cmake_prefix_path.sh'
[2.144s] Level 1:colcon.colcon_core.environment:checking '/home/robot33-6/student133_ws/install/test_castom_publisher/bin'
[2.144s] Level 1:colcon.colcon_core.environment:checking '/home/robot33-6/student133_ws/install/test_castom_publisher/lib/pkgconfig/test_castom_publisher.pc'
[2.144s] Level 1:colcon.colcon_core.environment:checking '/home/robot33-6/student133_ws/install/test_castom_publisher/lib/python3.10/site-packages'
[2.144s] Level 1:colcon.colcon_core.environment:checking '/home/robot33-6/student133_ws/install/test_castom_publisher/bin'
[2.156s] INFO:colcon.colcon_core.shell:Creating package script '/home/robot33-6/student133_ws/install/test_castom_publisher/share/test_castom_publisher/package.ps1'
[2.156s] INFO:colcon.colcon_core.shell:Creating package descriptor '/home/robot33-6/student133_ws/install/test_castom_publisher/share/test_castom_publisher/package.dsv'
[2.157s] INFO:colcon.colcon_core.shell:Creating package script '/home/robot33-6/student133_ws/install/test_castom_publisher/share/test_castom_publisher/package.sh'
[2.157s] INFO:colcon.colcon_core.shell:Creating package script '/home/robot33-6/student133_ws/install/test_castom_publisher/share/test_castom_publisher/package.bash'
[2.157s] INFO:colcon.colcon_core.shell:Creating package script '/home/robot33-6/student133_ws/install/test_castom_publisher/share/test_castom_publisher/package.zsh'
[2.158s] Level 1:colcon.colcon_core.environment:create_file_with_runtime_dependencies(/home/robot33-6/student133_ws/install/test_castom_publisher/share/colcon-core/packages/test_castom_publisher)
[2.168s] DEBUG:colcon.colcon_parallel_executor.executor.parallel:closing loop
[2.168s] DEBUG:colcon.colcon_parallel_executor.executor.parallel:loop closed
[2.168s] DEBUG:colcon.colcon_parallel_executor.executor.parallel:run_until_complete finished with '2'
[2.168s] DEBUG:colcon.colcon_core.event_reactor:joining thread
[2.184s] INFO:colcon.colcon_core.plugin_system:Skipping extension 'colcon_notification.desktop_notification.terminal_notifier': Not used on non-Darwin systems
[2.184s] INFO:colcon.colcon_core.plugin_system:Skipping extension 'colcon_notification.desktop_notification.win32': Not used on non-Windows systems
[2.184s] INFO:colcon.colcon_notification.desktop_notification:Sending desktop notification using 'notify2'
[2.193s] DEBUG:colcon.colcon_core.event_reactor:joined thread
[2.206s] INFO:colcon.colcon_core.shell:Creating prefix script '/home/robot33-6/student133_ws/install/local_setup.ps1'
[2.207s] INFO:colcon.colcon_core.shell:Creating prefix util module '/home/robot33-6/student133_ws/install/_local_setup_util_ps1.py'
[2.208s] INFO:colcon.colcon_core.shell:Creating prefix chain script '/home/robot33-6/student133_ws/install/setup.ps1'
[2.221s] INFO:colcon.colcon_core.shell:Creating prefix script '/home/robot33-6/student133_ws/install/local_setup.sh'
[2.221s] INFO:colcon.colcon_core.shell:Creating prefix util module '/home/robot33-6/student133_ws/install/_local_setup_util_sh.py'
[2.222s] INFO:colcon.colcon_core.shell:Creating prefix chain script '/home/robot33-6/student133_ws/install/setup.sh'
[2.235s] INFO:colcon.colcon_core.shell:Creating prefix script '/home/robot33-6/student133_ws/install/local_setup.bash'
[2.236s] INFO:colcon.colcon_core.shell:Creating prefix chain script '/home/robot33-6/student133_ws/install/setup.bash'
[2.249s] INFO:colcon.colcon_core.shell:Creating prefix script '/home/robot33-6/student133_ws/install/local_setup.zsh'
[2.249s] INFO:colcon.colcon_core.shell:Creating prefix chain script '/home/robot33-6/student133_ws/install/setup.zsh'
