[0.078s] Invoking command in '/home/eragon/student133_ws/build/pointcloud2': CMAKE_PREFIX_PATH=${CMAKE_PREFIX_PATH}:/opt/ros/humble /usr/bin/cmake --build /home/eragon/student133_ws/build/pointcloud2 -- -j8 -l8
[0.195s] Consolidate compiler generated dependencies of target pointcloud2_node
[0.283s] [100%] Built target pointcloud2_node
[0.293s] Invoked command in '/home/eragon/student133_ws/build/pointcloud2' returned '0': CMAKE_PREFIX_PATH=${CMAKE_PREFIX_PATH}:/opt/ros/humble /usr/bin/cmake --build /home/eragon/student133_ws/build/pointcloud2 -- -j8 -l8
[0.296s] Invoking command in '/home/eragon/student133_ws/build/pointcloud2': CMAKE_PREFIX_PATH=${CMAKE_PREFIX_PATH}:/opt/ros/humble /usr/bin/cmake --install /home/eragon/student133_ws/build/pointcloud2
[0.358s] -- Install configuration: "Debug"
[0.358s] -- Up-to-date: /home/eragon/student133_ws/install/pointcloud2/lib/pointcloud2/pointcloud2_node
[0.358s] -- Up-to-date: /home/eragon/student133_ws/install/pointcloud2/share/pointcloud2/launch
[0.358s] -- Up-to-date: /home/eragon/student133_ws/install/pointcloud2/share/pointcloud2/launch/image_launch.py
[0.358s] -- Up-to-date: /home/eragon/student133_ws/install/pointcloud2/share/ament_index/resource_index/package_run_dependencies/pointcloud2
[0.359s] -- Up-to-date: /home/eragon/student133_ws/install/pointcloud2/share/ament_index/resource_index/parent_prefix_path/pointcloud2
[0.360s] -- Up-to-date: /home/eragon/student133_ws/install/pointcloud2/share/pointcloud2/environment/ament_prefix_path.sh
[0.361s] -- Up-to-date: /home/eragon/student133_ws/install/pointcloud2/share/pointcloud2/environment/ament_prefix_path.dsv
[0.363s] -- Up-to-date: /home/eragon/student133_ws/install/pointcloud2/share/pointcloud2/environment/path.sh
[0.364s] -- Up-to-date: /home/eragon/student133_ws/install/pointcloud2/share/pointcloud2/environment/path.dsv
[0.364s] -- Up-to-date: /home/eragon/student133_ws/install/pointcloud2/share/pointcloud2/local_setup.bash
[0.364s] -- Up-to-date: /home/eragon/student133_ws/install/pointcloud2/share/pointcloud2/local_setup.sh
[0.364s] -- Up-to-date: /home/eragon/student133_ws/install/pointcloud2/share/pointcloud2/local_setup.zsh
[0.364s] -- Up-to-date: /home/eragon/student133_ws/install/pointcloud2/share/pointcloud2/local_setup.dsv
[0.365s] -- Installing: /home/eragon/student133_ws/install/pointcloud2/share/pointcloud2/package.dsv
[0.365s] -- Up-to-date: /home/eragon/student133_ws/install/pointcloud2/share/ament_index/resource_index/packages/pointcloud2
[0.365s] -- Up-to-date: /home/eragon/student133_ws/install/pointcloud2/share/pointcloud2/cmake/pointcloud2Config.cmake
[0.365s] -- Up-to-date: /home/eragon/student133_ws/install/pointcloud2/share/pointcloud2/cmake/pointcloud2Config-version.cmake
[0.365s] -- Up-to-date: /home/eragon/student133_ws/install/pointcloud2/share/pointcloud2/package.xml
[0.397s] Invoked command in '/home/eragon/student133_ws/build/pointcloud2' returned '0': CMAKE_PREFIX_PATH=${CMAKE_PREFIX_PATH}:/opt/ros/humble /usr/bin/cmake --install /home/eragon/student133_ws/build/pointcloud2
