[0.076s] Invoking command in '/home/eragon/student133_ws/build/pointcloud2': CMAKE_PREFIX_PATH=${CMAKE_PREFIX_PATH}:/opt/ros/humble /usr/bin/cmake --build /home/eragon/student133_ws/build/pointcloud2 -- -j8 -l8
[0.218s] [ 50%] Building CXX object CMakeFiles/pointcloud2_node.dir/src/pointcloud2_node.cpp.o
[11.484s] [100%] Linking CXX executable pointcloud2_node
[12.175s] [100%] Built target pointcloud2_node
[12.198s] Invoked command in '/home/eragon/student133_ws/build/pointcloud2' returned '0': CMAKE_PREFIX_PATH=${CMAKE_PREFIX_PATH}:/opt/ros/humble /usr/bin/cmake --build /home/eragon/student133_ws/build/pointcloud2 -- -j8 -l8
[12.200s] Invoking command in '/home/eragon/student133_ws/build/pointcloud2': CMAKE_PREFIX_PATH=${CMAKE_PREFIX_PATH}:/opt/ros/humble /usr/bin/cmake --install /home/eragon/student133_ws/build/pointcloud2
[12.214s] -- Install configuration: "Debug"
[12.214s] -- Installing: /home/eragon/student133_ws/install/pointcloud2/lib/pointcloud2/pointcloud2_node
[12.222s] -- Set runtime path of "/home/eragon/student133_ws/install/pointcloud2/lib/pointcloud2/pointcloud2_node" to ""
[12.222s] -- Up-to-date: /home/eragon/student133_ws/install/pointcloud2/share/pointcloud2/launch
[12.223s] -- Up-to-date: /home/eragon/student133_ws/install/pointcloud2/share/pointcloud2/launch/image_launch.py
[12.223s] -- Up-to-date: /home/eragon/student133_ws/install/pointcloud2/share/ament_index/resource_index/package_run_dependencies/pointcloud2
[12.223s] -- Up-to-date: /home/eragon/student133_ws/install/pointcloud2/share/ament_index/resource_index/parent_prefix_path/pointcloud2
[12.223s] -- Up-to-date: /home/eragon/student133_ws/install/pointcloud2/share/pointcloud2/environment/ament_prefix_path.sh
[12.223s] -- Up-to-date: /home/eragon/student133_ws/install/pointcloud2/share/pointcloud2/environment/ament_prefix_path.dsv
[12.223s] -- Up-to-date: /home/eragon/student133_ws/install/pointcloud2/share/pointcloud2/environment/path.sh
[12.224s] -- Up-to-date: /home/eragon/student133_ws/install/pointcloud2/share/pointcloud2/environment/path.dsv
[12.224s] -- Up-to-date: /home/eragon/student133_ws/install/pointcloud2/share/pointcloud2/local_setup.bash
[12.224s] -- Up-to-date: /home/eragon/student133_ws/install/pointcloud2/share/pointcloud2/local_setup.sh
[12.224s] -- Up-to-date: /home/eragon/student133_ws/install/pointcloud2/share/pointcloud2/local_setup.zsh
[12.225s] -- Up-to-date: /home/eragon/student133_ws/install/pointcloud2/share/pointcloud2/local_setup.dsv
[12.226s] -- Installing: /home/eragon/student133_ws/install/pointcloud2/share/pointcloud2/package.dsv
[12.227s] -- Up-to-date: /home/eragon/student133_ws/install/pointcloud2/share/ament_index/resource_index/packages/pointcloud2
[12.227s] -- Up-to-date: /home/eragon/student133_ws/install/pointcloud2/share/pointcloud2/cmake/pointcloud2Config.cmake
[12.228s] -- Up-to-date: /home/eragon/student133_ws/install/pointcloud2/share/pointcloud2/cmake/pointcloud2Config-version.cmake
[12.228s] -- Up-to-date: /home/eragon/student133_ws/install/pointcloud2/share/pointcloud2/package.xml
[12.229s] Invoked command in '/home/eragon/student133_ws/build/pointcloud2' returned '0': CMAKE_PREFIX_PATH=${CMAKE_PREFIX_PATH}:/opt/ros/humble /usr/bin/cmake --install /home/eragon/student133_ws/build/pointcloud2
