[0.034s] Invoking command in '/home/robot33-6/student133_ws/build/custom_counter': CMAKE_PREFIX_PATH=${CMAKE_PREFIX_PATH}:/opt/ros/humble /usr/bin/cmake --build /home/robot33-6/student133_ws/build/custom_counter -- -j8 -l8
[0.104s] Consolidate compiler generated dependencies of target custom_counter_node
[0.104s] [ 50%] Building CXX object CMakeFiles/custom_counter_node.dir/src/custom_counter_node.cpp.o
[8.104s] [100%] Linking CXX executable custom_counter_node
[8.440s] [100%] Built target custom_counter_node
[8.447s] Invoked command in '/home/robot33-6/student133_ws/build/custom_counter' returned '0': CMAKE_PREFIX_PATH=${CMAKE_PREFIX_PATH}:/opt/ros/humble /usr/bin/cmake --build /home/robot33-6/student133_ws/build/custom_counter -- -j8 -l8
[8.465s] Invoking command in '/home/robot33-6/student133_ws/build/custom_counter': CMAKE_PREFIX_PATH=${CMAKE_PREFIX_PATH}:/opt/ros/humble /usr/bin/cmake --install /home/robot33-6/student133_ws/build/custom_counter
[8.469s] -- Install configuration: "Debug"
[8.470s] -- Installing: /home/robot33-6/student133_ws/install/custom_counter/lib/custom_counter/custom_counter_node
[8.478s] -- Set runtime path of "/home/robot33-6/student133_ws/install/custom_counter/lib/custom_counter/custom_counter_node" to ""
[8.478s] -- Up-to-date: /home/robot33-6/student133_ws/install/custom_counter/share/ament_index/resource_index/package_run_dependencies/custom_counter
[8.478s] -- Up-to-date: /home/robot33-6/student133_ws/install/custom_counter/share/ament_index/resource_index/parent_prefix_path/custom_counter
[8.478s] -- Up-to-date: /home/robot33-6/student133_ws/install/custom_counter/share/custom_counter/environment/ament_prefix_path.sh
[8.479s] -- Up-to-date: /home/robot33-6/student133_ws/install/custom_counter/share/custom_counter/environment/ament_prefix_path.dsv
[8.479s] -- Up-to-date: /home/robot33-6/student133_ws/install/custom_counter/share/custom_counter/environment/path.sh
[8.479s] -- Up-to-date: /home/robot33-6/student133_ws/install/custom_counter/share/custom_counter/environment/path.dsv
[8.479s] -- Up-to-date: /home/robot33-6/student133_ws/install/custom_counter/share/custom_counter/local_setup.bash
[8.479s] -- Up-to-date: /home/robot33-6/student133_ws/install/custom_counter/share/custom_counter/local_setup.sh
[8.479s] -- Up-to-date: /home/robot33-6/student133_ws/install/custom_counter/share/custom_counter/local_setup.zsh
[8.479s] -- Up-to-date: /home/robot33-6/student133_ws/install/custom_counter/share/custom_counter/local_setup.dsv
[8.479s] -- Installing: /home/robot33-6/student133_ws/install/custom_counter/share/custom_counter/package.dsv
[8.479s] -- Up-to-date: /home/robot33-6/student133_ws/install/custom_counter/share/ament_index/resource_index/packages/custom_counter
[8.479s] -- Up-to-date: /home/robot33-6/student133_ws/install/custom_counter/share/custom_counter/cmake/custom_counterConfig.cmake
[8.479s] -- Up-to-date: /home/robot33-6/student133_ws/install/custom_counter/share/custom_counter/cmake/custom_counterConfig-version.cmake
[8.479s] -- Up-to-date: /home/robot33-6/student133_ws/install/custom_counter/share/custom_counter/package.xml
[8.480s] Invoked command in '/home/robot33-6/student133_ws/build/custom_counter' returned '0': CMAKE_PREFIX_PATH=${CMAKE_PREFIX_PATH}:/opt/ros/humble /usr/bin/cmake --install /home/robot33-6/student133_ws/build/custom_counter
