[0.070s] Invoking command in '/home/eragon/student133_ws/build/image_pub': CMAKE_PREFIX_PATH=${CMAKE_PREFIX_PATH}:/opt/ros/humble /usr/bin/cmake --build /home/eragon/student133_ws/build/image_pub -- -j8 -l8
[0.220s] [100%] Built target image_pub_node
[0.244s] Invoked command in '/home/eragon/student133_ws/build/image_pub' returned '0': CMAKE_PREFIX_PATH=${CMAKE_PREFIX_PATH}:/opt/ros/humble /usr/bin/cmake --build /home/eragon/student133_ws/build/image_pub -- -j8 -l8
[0.251s] Invoking command in '/home/eragon/student133_ws/build/image_pub': CMAKE_PREFIX_PATH=${CMAKE_PREFIX_PATH}:/opt/ros/humble /usr/bin/cmake --install /home/eragon/student133_ws/build/image_pub
[0.310s] -- Install configuration: "Debug"
[0.310s] -- Up-to-date: /home/eragon/student133_ws/install/image_pub/lib/image_pub/image_pub_node
[0.310s] -- Up-to-date: /home/eragon/student133_ws/install/image_pub/share/ament_index/resource_index/package_run_dependencies/image_pub
[0.310s] -- Up-to-date: /home/eragon/student133_ws/install/image_pub/share/ament_index/resource_index/parent_prefix_path/image_pub
[0.310s] -- Up-to-date: /home/eragon/student133_ws/install/image_pub/share/image_pub/environment/ament_prefix_path.sh
[0.310s] -- Up-to-date: /home/eragon/student133_ws/install/image_pub/share/image_pub/environment/ament_prefix_path.dsv
[0.311s] -- Up-to-date: /home/eragon/student133_ws/install/image_pub/share/image_pub/environment/path.sh
[0.311s] -- Up-to-date: /home/eragon/student133_ws/install/image_pub/share/image_pub/environment/path.dsv
[0.311s] -- Up-to-date: /home/eragon/student133_ws/install/image_pub/share/image_pub/local_setup.bash
[0.311s] -- Up-to-date: /home/eragon/student133_ws/install/image_pub/share/image_pub/local_setup.sh
[0.311s] -- Up-to-date: /home/eragon/student133_ws/install/image_pub/share/image_pub/local_setup.zsh
[0.311s] -- Up-to-date: /home/eragon/student133_ws/install/image_pub/share/image_pub/local_setup.dsv
[0.311s] -- Installing: /home/eragon/student133_ws/install/image_pub/share/image_pub/package.dsv
[0.311s] -- Up-to-date: /home/eragon/student133_ws/install/image_pub/share/ament_index/resource_index/packages/image_pub
[0.311s] -- Up-to-date: /home/eragon/student133_ws/install/image_pub/share/image_pub/cmake/image_pubConfig.cmake
[0.311s] -- Up-to-date: /home/eragon/student133_ws/install/image_pub/share/image_pub/cmake/image_pubConfig-version.cmake
[0.312s] -- Up-to-date: /home/eragon/student133_ws/install/image_pub/share/image_pub/package.xml
[0.330s] Invoked command in '/home/eragon/student133_ws/build/image_pub' returned '0': CMAKE_PREFIX_PATH=${CMAKE_PREFIX_PATH}:/opt/ros/humble /usr/bin/cmake --install /home/eragon/student133_ws/build/image_pub
