[0.071s] Invoking command in '/home/eragon/student133_ws/build/l2_image_detector': CMAKE_PREFIX_PATH=${CMAKE_PREFIX_PATH}:/opt/ros/humble /usr/bin/cmake /home/eragon/student133_ws/src/l2_image_detector -G CodeBlocks - Unix Makefiles -DCMAKE_BUILD_TYPE=Debug -DCMAKE_INSTALL_PREFIX=/home/eragon/student133_ws/install/l2_image_detector
[0.306s] -- The C compiler identification is GNU 11.4.0
[0.793s] -- The CXX compiler identification is GNU 11.4.0
[1.166s] -- Detecting C compiler ABI info
[1.754s] -- Detecting C compiler ABI info - done
[1.879s] -- Check for working C compiler: /usr/bin/cc - skipped
[1.879s] -- Detecting C compile features
[1.879s] -- Detecting C compile features - done
[1.942s] -- Detecting CXX compiler ABI info
[2.589s] -- Detecting CXX compiler ABI info - done
[2.705s] -- Check for working CXX compiler: /usr/bin/c++ - skipped
[2.711s] -- Detecting CXX compile features
[2.714s] -- Detecting CXX compile features - done
[2.785s] -- Found ament_cmake: 1.3.11 (/opt/ros/humble/share/ament_cmake/cmake)
[4.224s] -- Found Python3: /usr/bin/python3 (found version "3.10.12") found components: Interpreter 
[5.010s] -- Found ament_lint_auto: 0.12.11 (/opt/ros/humble/share/ament_lint_auto/cmake)
[5.475s] -- Added test 'cppcheck' to perform static code analysis on C / C++ code
[5.480s] -- Configured cppcheck include dirs: 
[5.480s] -- Configured cppcheck exclude dirs and/or files: 
[5.487s] -- Added test 'lint_cmake' to check CMake code style
[5.497s] -- Added test 'uncrustify' to check C / C++ code style
[5.497s] -- Configured uncrustify additional arguments: 
[5.510s] -- Added test 'xmllint' to check XML markup files
[5.523s] -- Configuring done
[5.566s] -- Generating done
[5.568s] -- Build files have been written to: /home/eragon/student133_ws/build/l2_image_detector
[5.605s] Invoked command in '/home/eragon/student133_ws/build/l2_image_detector' returned '0': CMAKE_PREFIX_PATH=${CMAKE_PREFIX_PATH}:/opt/ros/humble /usr/bin/cmake /home/eragon/student133_ws/src/l2_image_detector -G CodeBlocks - Unix Makefiles -DCMAKE_BUILD_TYPE=Debug -DCMAKE_INSTALL_PREFIX=/home/eragon/student133_ws/install/l2_image_detector
[5.606s] Invoking command in '/home/eragon/student133_ws/build/l2_image_detector': CMAKE_PREFIX_PATH=${CMAKE_PREFIX_PATH}:/opt/ros/humble /usr/bin/cmake --build /home/eragon/student133_ws/build/l2_image_detector -- -j8 -l8
[5.792s] Invoked command in '/home/eragon/student133_ws/build/l2_image_detector' returned '0': CMAKE_PREFIX_PATH=${CMAKE_PREFIX_PATH}:/opt/ros/humble /usr/bin/cmake --build /home/eragon/student133_ws/build/l2_image_detector -- -j8 -l8
[5.845s] Invoking command in '/home/eragon/student133_ws/build/l2_image_detector': CMAKE_PREFIX_PATH=${CMAKE_PREFIX_PATH}:/opt/ros/humble /usr/bin/cmake --install /home/eragon/student133_ws/build/l2_image_detector
[5.872s] -- Install configuration: "Debug"
[5.875s] -- Installing: /home/eragon/student133_ws/install/l2_image_detector/share/ament_index/resource_index/package_run_dependencies/l2_image_detector
[5.876s] -- Installing: /home/eragon/student133_ws/install/l2_image_detector/share/ament_index/resource_index/parent_prefix_path/l2_image_detector
[5.880s] -- Installing: /home/eragon/student133_ws/install/l2_image_detector/share/l2_image_detector/environment/ament_prefix_path.sh
[5.880s] -- Installing: /home/eragon/student133_ws/install/l2_image_detector/share/l2_image_detector/environment/ament_prefix_path.dsv
[5.880s] -- Installing: /home/eragon/student133_ws/install/l2_image_detector/share/l2_image_detector/environment/path.sh
[5.881s] -- Installing: /home/eragon/student133_ws/install/l2_image_detector/share/l2_image_detector/environment/path.dsv
[5.885s] -- Installing: /home/eragon/student133_ws/install/l2_image_detector/share/l2_image_detector/local_setup.bash
[5.886s] -- Installing: /home/eragon/student133_ws/install/l2_image_detector/share/l2_image_detector/local_setup.sh
[5.886s] -- Installing: /home/eragon/student133_ws/install/l2_image_detector/share/l2_image_detector/local_setup.zsh
[5.886s] -- Installing: /home/eragon/student133_ws/install/l2_image_detector/share/l2_image_detector/local_setup.dsv
[5.886s] -- Installing: /home/eragon/student133_ws/install/l2_image_detector/share/l2_image_detector/package.dsv
[5.887s] -- Installing: /home/eragon/student133_ws/install/l2_image_detector/share/ament_index/resource_index/packages/l2_image_detector
[5.888s] -- Installing: /home/eragon/student133_ws/install/l2_image_detector/share/l2_image_detector/cmake/l2_image_detectorConfig.cmake
[5.889s] -- Installing: /home/eragon/student133_ws/install/l2_image_detector/share/l2_image_detector/cmake/l2_image_detectorConfig-version.cmake
[5.891s] -- Installing: /home/eragon/student133_ws/install/l2_image_detector/share/l2_image_detector/package.xml
[5.898s] Invoked command in '/home/eragon/student133_ws/build/l2_image_detector' returned '0': CMAKE_PREFIX_PATH=${CMAKE_PREFIX_PATH}:/opt/ros/humble /usr/bin/cmake --install /home/eragon/student133_ws/build/l2_image_detector
