[0.116s] Invoking command in '/home/robot33-6/student133_ws/build/custom_counter': CMAKE_PREFIX_PATH=${CMAKE_PREFIX_PATH}:/opt/ros/humble /usr/bin/cmake --build /home/robot33-6/student133_ws/build/custom_counter -- -j8 -l8
[1.133s] [ 50%] Building CXX object CMakeFiles/custom_counter_node.dir/src/custom_counter_node.cpp.o
[19.892s] [100%] Linking CXX executable custom_counter_node
[20.382s] [100%] Built target custom_counter_node
[20.390s] Invoked command in '/home/robot33-6/student133_ws/build/custom_counter' returned '0': CMAKE_PREFIX_PATH=${CMAKE_PREFIX_PATH}:/opt/ros/humble /usr/bin/cmake --build /home/robot33-6/student133_ws/build/custom_counter -- -j8 -l8
[20.411s] Invoking command in '/home/robot33-6/student133_ws/build/custom_counter': CMAKE_PREFIX_PATH=${CMAKE_PREFIX_PATH}:/opt/ros/humble /usr/bin/cmake --install /home/robot33-6/student133_ws/build/custom_counter
[20.418s] -- Install configuration: "Debug"
[20.438s] -- Installing: /home/robot33-6/student133_ws/install/custom_counter/lib/custom_counter/custom_counter_node
[20.447s] -- Set runtime path of "/home/robot33-6/student133_ws/install/custom_counter/lib/custom_counter/custom_counter_node" to ""
[20.447s] -- Up-to-date: /home/robot33-6/student133_ws/install/custom_counter/share/ament_index/resource_index/package_run_dependencies/custom_counter
[20.447s] -- Up-to-date: /home/robot33-6/student133_ws/install/custom_counter/share/ament_index/resource_index/parent_prefix_path/custom_counter
[20.447s] -- Up-to-date: /home/robot33-6/student133_ws/install/custom_counter/share/custom_counter/environment/ament_prefix_path.sh
[20.447s] -- Up-to-date: /home/robot33-6/student133_ws/install/custom_counter/share/custom_counter/environment/ament_prefix_path.dsv
[20.448s] -- Up-to-date: /home/robot33-6/student133_ws/install/custom_counter/share/custom_counter/environment/path.sh
[20.448s] -- Up-to-date: /home/robot33-6/student133_ws/install/custom_counter/share/custom_counter/environment/path.dsv
[20.448s] -- Up-to-date: /home/robot33-6/student133_ws/install/custom_counter/share/custom_counter/local_setup.bash
[20.448s] -- Up-to-date: /home/robot33-6/student133_ws/install/custom_counter/share/custom_counter/local_setup.sh
[20.448s] -- Up-to-date: /home/robot33-6/student133_ws/install/custom_counter/share/custom_counter/local_setup.zsh
[20.448s] -- Up-to-date: /home/robot33-6/student133_ws/install/custom_counter/share/custom_counter/local_setup.dsv
[20.448s] -- Installing: /home/robot33-6/student133_ws/install/custom_counter/share/custom_counter/package.dsv
[20.458s] -- Up-to-date: /home/robot33-6/student133_ws/install/custom_counter/share/ament_index/resource_index/packages/custom_counter
[20.458s] -- Up-to-date: /home/robot33-6/student133_ws/install/custom_counter/share/custom_counter/cmake/custom_counterConfig.cmake
[20.458s] -- Up-to-date: /home/robot33-6/student133_ws/install/custom_counter/share/custom_counter/cmake/custom_counterConfig-version.cmake
[20.459s] -- Up-to-date: /home/robot33-6/student133_ws/install/custom_counter/share/custom_counter/package.xml
[20.460s] Invoked command in '/home/robot33-6/student133_ws/build/custom_counter' returned '0': CMAKE_PREFIX_PATH=${CMAKE_PREFIX_PATH}:/opt/ros/humble /usr/bin/cmake --install /home/robot33-6/student133_ws/build/custom_counter
