[0.041s] Invoking command in '/home/robot33-6/student133_ws/build/custom_counter': CMAKE_PREFIX_PATH=${CMAKE_PREFIX_PATH}:/opt/ros/humble /usr/bin/cmake /home/robot33-6/student133_ws/src/custom_counter -G CodeBlocks - Unix Makefiles -DCMAKE_BUILD_TYPE=Debug -DCMAKE_INSTALL_PREFIX=/home/robot33-6/student133_ws/install/custom_counter
[1.706s] -- The C compiler identification is GNU 11.4.0
[1.811s] -- The CXX compiler identification is GNU 11.4.0
[1.866s] -- Detecting C compiler ABI info
[1.976s] -- Detecting C compiler ABI info - done
[1.987s] -- Check for working C compiler: /usr/bin/cc - skipped
[1.987s] -- Detecting C compile features
[1.988s] -- Detecting C compile features - done
[1.992s] -- Detecting CXX compiler ABI info
[2.116s] -- Detecting CXX compiler ABI info - done
[2.128s] -- Check for working CXX compiler: /usr/bin/c++ - skipped
[2.129s] -- Detecting CXX compile features
[2.129s] -- Detecting CXX compile features - done
[2.134s] -- Found ament_cmake: 1.3.8 (/opt/ros/humble/share/ament_cmake/cmake)
[2.293s] -- Found Python3: /usr/bin/python3 (found version "3.10.12") found components: Interpreter 
[2.438s] -- Found rclcpp: 16.0.8 (/opt/ros/humble/share/rclcpp/cmake)
[2.484s] -- Found rosidl_generator_c: 3.1.5 (/opt/ros/humble/share/rosidl_generator_c/cmake)
[2.489s] -- Found rosidl_adapter: 3.1.5 (/opt/ros/humble/share/rosidl_adapter/cmake)
[2.497s] -- Found rosidl_generator_cpp: 3.1.5 (/opt/ros/humble/share/rosidl_generator_cpp/cmake)
[2.511s] -- Using all available rosidl_typesupport_c: rosidl_typesupport_fastrtps_c;rosidl_typesupport_introspection_c
[2.530s] -- Using all available rosidl_typesupport_cpp: rosidl_typesupport_fastrtps_cpp;rosidl_typesupport_introspection_cpp
[2.596s] -- Found rmw_implementation_cmake: 6.1.1 (/opt/ros/humble/share/rmw_implementation_cmake/cmake)
[2.599s] -- Found rmw_fastrtps_cpp: 6.2.6 (/opt/ros/humble/share/rmw_fastrtps_cpp/cmake)
[2.737s] -- Found OpenSSL: /usr/lib/x86_64-linux-gnu/libcrypto.so (found version "3.0.2")  
[2.758s] -- Found FastRTPS: /opt/ros/humble/include  
[2.795s] -- Using RMW implementation 'rmw_fastrtps_cpp' as default
[2.825s] -- Looking for pthread.h
[2.905s] -- Looking for pthread.h - found
[2.905s] -- Performing Test CMAKE_HAVE_LIBC_PTHREAD
[2.961s] -- Performing Test CMAKE_HAVE_LIBC_PTHREAD - Success
[2.962s] -- Found Threads: TRUE  
[3.113s] -- Found ament_lint_auto: 0.12.10 (/opt/ros/humble/share/ament_lint_auto/cmake)
[3.186s] -- Added test 'cppcheck' to perform static code analysis on C / C++ code
[3.186s] -- Configured cppcheck include dirs: 
[3.186s] -- Configured cppcheck exclude dirs and/or files: 
[3.187s] -- Added test 'lint_cmake' to check CMake code style
[3.188s] -- Added test 'uncrustify' to check C / C++ code style
[3.188s] -- Configured uncrustify additional arguments: 
[3.189s] -- Added test 'xmllint' to check XML markup files
[3.190s] -- Configuring done
[3.198s] -- Generating done
[3.199s] -- Build files have been written to: /home/robot33-6/student133_ws/build/custom_counter
[3.207s] Invoked command in '/home/robot33-6/student133_ws/build/custom_counter' returned '0': CMAKE_PREFIX_PATH=${CMAKE_PREFIX_PATH}:/opt/ros/humble /usr/bin/cmake /home/robot33-6/student133_ws/src/custom_counter -G CodeBlocks - Unix Makefiles -DCMAKE_BUILD_TYPE=Debug -DCMAKE_INSTALL_PREFIX=/home/robot33-6/student133_ws/install/custom_counter
[3.209s] Invoking command in '/home/robot33-6/student133_ws/build/custom_counter': CMAKE_PREFIX_PATH=${CMAKE_PREFIX_PATH}:/opt/ros/humble /usr/bin/cmake --build /home/robot33-6/student133_ws/build/custom_counter -- -j8 -l8
[3.239s] Invoked command in '/home/robot33-6/student133_ws/build/custom_counter' returned '0': CMAKE_PREFIX_PATH=${CMAKE_PREFIX_PATH}:/opt/ros/humble /usr/bin/cmake --build /home/robot33-6/student133_ws/build/custom_counter -- -j8 -l8
[3.256s] Invoking command in '/home/robot33-6/student133_ws/build/custom_counter': CMAKE_PREFIX_PATH=${CMAKE_PREFIX_PATH}:/opt/ros/humble /usr/bin/cmake --install /home/robot33-6/student133_ws/build/custom_counter
[3.263s] -- Install configuration: "Debug"
[3.263s] -- Installing: /home/robot33-6/student133_ws/install/custom_counter/share/ament_index/resource_index/package_run_dependencies/custom_counter
[3.263s] -- Installing: /home/robot33-6/student133_ws/install/custom_counter/share/ament_index/resource_index/parent_prefix_path/custom_counter
[3.263s] -- Installing: /home/robot33-6/student133_ws/install/custom_counter/share/custom_counter/environment/ament_prefix_path.sh
[3.264s] -- Installing: /home/robot33-6/student133_ws/install/custom_counter/share/custom_counter/environment/ament_prefix_path.dsv
[3.264s] -- Installing: /home/robot33-6/student133_ws/install/custom_counter/share/custom_counter/environment/path.sh
[3.264s] -- Installing: /home/robot33-6/student133_ws/install/custom_counter/share/custom_counter/environment/path.dsv
[3.264s] -- Installing: /home/robot33-6/student133_ws/install/custom_counter/share/custom_counter/local_setup.bash
[3.264s] -- Installing: /home/robot33-6/student133_ws/install/custom_counter/share/custom_counter/local_setup.sh
[3.264s] -- Installing: /home/robot33-6/student133_ws/install/custom_counter/share/custom_counter/local_setup.zsh
[3.264s] -- Installing: /home/robot33-6/student133_ws/install/custom_counter/share/custom_counter/local_setup.dsv
[3.265s] -- Installing: /home/robot33-6/student133_ws/install/custom_counter/share/custom_counter/package.dsv
[3.265s] -- Installing: /home/robot33-6/student133_ws/install/custom_counter/share/ament_index/resource_index/packages/custom_counter
[3.265s] -- Installing: /home/robot33-6/student133_ws/install/custom_counter/share/custom_counter/cmake/custom_counterConfig.cmake
[3.265s] -- Installing: /home/robot33-6/student133_ws/install/custom_counter/share/custom_counter/cmake/custom_counterConfig-version.cmake
[3.265s] -- Installing: /home/robot33-6/student133_ws/install/custom_counter/share/custom_counter/package.xml
[3.266s] Invoked command in '/home/robot33-6/student133_ws/build/custom_counter' returned '0': CMAKE_PREFIX_PATH=${CMAKE_PREFIX_PATH}:/opt/ros/humble /usr/bin/cmake --install /home/robot33-6/student133_ws/build/custom_counter
