[0.048s] Invoking command in '/home/eragon/student133_ws/build/pointcloud': CMAKE_PREFIX_PATH=${CMAKE_PREFIX_PATH}:/opt/ros/humble /usr/bin/cmake /home/eragon/student133_ws/src/pointcloud -G CodeBlocks - Unix Makefiles -DCMAKE_BUILD_TYPE=Debug -DCMAKE_INSTALL_PREFIX=/home/eragon/student133_ws/install/pointcloud
[0.209s] -- The C compiler identification is GNU 11.4.0
[0.315s] -- The CXX compiler identification is GNU 11.4.0
[0.389s] -- Detecting C compiler ABI info
[0.606s] -- Detecting C compiler ABI info - done
[0.607s] -- Check for working C compiler: /usr/bin/cc - skipped
[0.607s] -- Detecting C compile features
[0.607s] -- Detecting C compile features - done
[0.608s] -- Detecting CXX compiler ABI info
[0.878s] -- Detecting CXX compiler ABI info - done
[0.878s] -- Check for working CXX compiler: /usr/bin/c++ - skipped
[0.879s] -- Detecting CXX compile features
[0.879s] -- Detecting CXX compile features - done
[0.879s] -- Found ament_cmake: 1.3.11 (/opt/ros/humble/share/ament_cmake/cmake)
[1.246s] -- Found Python3: /usr/bin/python3 (found version "3.10.12") found components: Interpreter 
[1.500s] -- Found rclcpp: 16.0.11 (/opt/ros/humble/share/rclcpp/cmake)
[1.651s] -- Found rosidl_generator_c: 3.1.6 (/opt/ros/humble/share/rosidl_generator_c/cmake)
[1.651s] -- Found rosidl_adapter: 3.1.6 (/opt/ros/humble/share/rosidl_adapter/cmake)
[1.670s] -- Found rosidl_generator_cpp: 3.1.6 (/opt/ros/humble/share/rosidl_generator_cpp/cmake)
[1.690s] -- Using all available rosidl_typesupport_c: rosidl_typesupport_fastrtps_c;rosidl_typesupport_introspection_c
[1.725s] -- Using all available rosidl_typesupport_cpp: rosidl_typesupport_fastrtps_cpp;rosidl_typesupport_introspection_cpp
[1.817s] -- Found rmw_implementation_cmake: 6.1.2 (/opt/ros/humble/share/rmw_implementation_cmake/cmake)
[1.824s] -- Found rmw_fastrtps_cpp: 6.2.7 (/opt/ros/humble/share/rmw_fastrtps_cpp/cmake)
[2.019s] -- Found OpenSSL: /usr/lib/x86_64-linux-gnu/libcrypto.so (found version "3.0.2")  
[2.061s] -- Found FastRTPS: /opt/ros/humble/include  
[2.124s] -- Using RMW implementation 'rmw_fastrtps_cpp' as default
[2.152s] -- Looking for pthread.h
[2.294s] -- Looking for pthread.h - found
[2.295s] -- Performing Test CMAKE_HAVE_LIBC_PTHREAD
[2.436s] -- Performing Test CMAKE_HAVE_LIBC_PTHREAD - Success
[2.438s] -- Found Threads: TRUE  
[2.524s] -- Found sensor_msgs: 4.2.4 (/opt/ros/humble/share/sensor_msgs/cmake)
[2.567s] -- Found cv_bridge: 3.2.1 (/opt/ros/humble/share/cv_bridge/cmake)
[2.596s] -- Found image_transport: 3.1.10 (/opt/ros/humble/share/image_transport/cmake)
[2.660s] -- Found OpenCV: /usr (found version "4.5.4") 
[2.665s] -- Found ament_lint_auto: 0.12.11 (/opt/ros/humble/share/ament_lint_auto/cmake)
[2.822s] -- Added test 'cppcheck' to perform static code analysis on C / C++ code
[2.822s] -- Configured cppcheck include dirs: 
[2.822s] -- Configured cppcheck exclude dirs and/or files: 
[2.823s] -- Added test 'flake8' to check Python code syntax and style conventions
[2.824s] -- Added test 'lint_cmake' to check CMake code style
[2.825s] -- Added test 'pep257' to check Python code against some of the docstring style conventions in PEP 257
[2.827s] -- Added test 'uncrustify' to check C / C++ code style
[2.827s] -- Configured uncrustify additional arguments: 
[2.828s] -- Added test 'xmllint' to check XML markup files
[2.831s] -- Configuring done
[2.861s] -- Generating done
[2.867s] -- Build files have been written to: /home/eragon/student133_ws/build/pointcloud
[2.881s] Invoked command in '/home/eragon/student133_ws/build/pointcloud' returned '0': CMAKE_PREFIX_PATH=${CMAKE_PREFIX_PATH}:/opt/ros/humble /usr/bin/cmake /home/eragon/student133_ws/src/pointcloud -G CodeBlocks - Unix Makefiles -DCMAKE_BUILD_TYPE=Debug -DCMAKE_INSTALL_PREFIX=/home/eragon/student133_ws/install/pointcloud
[2.884s] Invoking command in '/home/eragon/student133_ws/build/pointcloud': CMAKE_PREFIX_PATH=${CMAKE_PREFIX_PATH}:/opt/ros/humble /usr/bin/cmake --build /home/eragon/student133_ws/build/pointcloud -- -j8 -l8
[2.984s] [ 50%] Building CXX object CMakeFiles/pointcloud_node.dir/src/pointcloud_node.cpp.o
[10.732s] [100%] Linking CXX executable pointcloud_node
[11.346s] [100%] Built target pointcloud_node
[11.373s] Invoked command in '/home/eragon/student133_ws/build/pointcloud' returned '0': CMAKE_PREFIX_PATH=${CMAKE_PREFIX_PATH}:/opt/ros/humble /usr/bin/cmake --build /home/eragon/student133_ws/build/pointcloud -- -j8 -l8
[11.376s] Invoking command in '/home/eragon/student133_ws/build/pointcloud': CMAKE_PREFIX_PATH=${CMAKE_PREFIX_PATH}:/opt/ros/humble /usr/bin/cmake --install /home/eragon/student133_ws/build/pointcloud
[11.394s] -- Install configuration: "Debug"
[11.394s] -- Installing: /home/eragon/student133_ws/install/pointcloud/lib/pointcloud/pointcloud_node
[11.401s] -- Set runtime path of "/home/eragon/student133_ws/install/pointcloud/lib/pointcloud/pointcloud_node" to ""
[11.402s] -- Installing: /home/eragon/student133_ws/install/pointcloud/share/pointcloud/launch
[11.402s] -- Installing: /home/eragon/student133_ws/install/pointcloud/share/pointcloud/launch/image_launch.py
[11.402s] -- Installing: /home/eragon/student133_ws/install/pointcloud/share/ament_index/resource_index/package_run_dependencies/pointcloud
[11.402s] -- Installing: /home/eragon/student133_ws/install/pointcloud/share/ament_index/resource_index/parent_prefix_path/pointcloud
[11.403s] -- Installing: /home/eragon/student133_ws/install/pointcloud/share/pointcloud/environment/ament_prefix_path.sh
[11.403s] -- Installing: /home/eragon/student133_ws/install/pointcloud/share/pointcloud/environment/ament_prefix_path.dsv
[11.403s] -- Installing: /home/eragon/student133_ws/install/pointcloud/share/pointcloud/environment/path.sh
[11.404s] -- Installing: /home/eragon/student133_ws/install/pointcloud/share/pointcloud/environment/path.dsv
[11.404s] -- Installing: /home/eragon/student133_ws/install/pointcloud/share/pointcloud/local_setup.bash
[11.404s] -- Installing: /home/eragon/student133_ws/install/pointcloud/share/pointcloud/local_setup.sh
[11.404s] -- Installing: /home/eragon/student133_ws/install/pointcloud/share/pointcloud/local_setup.zsh
[11.405s] -- Installing: /home/eragon/student133_ws/install/pointcloud/share/pointcloud/local_setup.dsv
[11.405s] -- Installing: /home/eragon/student133_ws/install/pointcloud/share/pointcloud/package.dsv
[11.405s] -- Installing: /home/eragon/student133_ws/install/pointcloud/share/ament_index/resource_index/packages/pointcloud
[11.405s] -- Installing: /home/eragon/student133_ws/install/pointcloud/share/pointcloud/cmake/pointcloudConfig.cmake
[11.405s] -- Installing: /home/eragon/student133_ws/install/pointcloud/share/pointcloud/cmake/pointcloudConfig-version.cmake
[11.406s] -- Installing: /home/eragon/student133_ws/install/pointcloud/share/pointcloud/package.xml
[11.409s] Invoked command in '/home/eragon/student133_ws/build/pointcloud' returned '0': CMAKE_PREFIX_PATH=${CMAKE_PREFIX_PATH}:/opt/ros/humble /usr/bin/cmake --install /home/eragon/student133_ws/build/pointcloud
