[0.063s] Invoking command in '/home/eragon/student133_ws/build/image_pub': CMAKE_PREFIX_PATH=${CMAKE_PREFIX_PATH}:/opt/ros/humble /usr/bin/cmake --build /home/eragon/student133_ws/build/image_pub -- -j8 -l8
[0.163s] Consolidate compiler generated dependencies of target image_pub_node
[0.203s] [100%] Built target image_pub_node
[0.263s] Invoked command in '/home/eragon/student133_ws/build/image_pub' returned '0': CMAKE_PREFIX_PATH=${CMAKE_PREFIX_PATH}:/opt/ros/humble /usr/bin/cmake --build /home/eragon/student133_ws/build/image_pub -- -j8 -l8
[0.265s] Invoking command in '/home/eragon/student133_ws/build/image_pub': CMAKE_PREFIX_PATH=${CMAKE_PREFIX_PATH}:/opt/ros/humble /usr/bin/cmake --install /home/eragon/student133_ws/build/image_pub
[0.291s] -- Install configuration: "Debug"
[0.291s] -- Installing: /home/eragon/student133_ws/install/image_pub/lib/image_pub/image_pub_node
[0.297s] -- Set runtime path of "/home/eragon/student133_ws/install/image_pub/lib/image_pub/image_pub_node" to ""
[0.297s] -- Installing: /home/eragon/student133_ws/install/image_pub/share/ament_index/resource_index/package_run_dependencies/image_pub
[0.297s] -- Installing: /home/eragon/student133_ws/install/image_pub/share/ament_index/resource_index/parent_prefix_path/image_pub
[0.297s] -- Installing: /home/eragon/student133_ws/install/image_pub/share/image_pub/environment/ament_prefix_path.sh
[0.298s] -- Installing: /home/eragon/student133_ws/install/image_pub/share/image_pub/environment/ament_prefix_path.dsv
[0.298s] -- Installing: /home/eragon/student133_ws/install/image_pub/share/image_pub/environment/path.sh
[0.298s] -- Installing: /home/eragon/student133_ws/install/image_pub/share/image_pub/environment/path.dsv
[0.298s] -- Installing: /home/eragon/student133_ws/install/image_pub/share/image_pub/local_setup.bash
[0.298s] -- Installing: /home/eragon/student133_ws/install/image_pub/share/image_pub/local_setup.sh
[0.298s] -- Installing: /home/eragon/student133_ws/install/image_pub/share/image_pub/local_setup.zsh
[0.298s] -- Installing: /home/eragon/student133_ws/install/image_pub/share/image_pub/local_setup.dsv
[0.298s] -- Installing: /home/eragon/student133_ws/install/image_pub/share/image_pub/package.dsv
[0.299s] -- Installing: /home/eragon/student133_ws/install/image_pub/share/ament_index/resource_index/packages/image_pub
[0.299s] -- Installing: /home/eragon/student133_ws/install/image_pub/share/image_pub/cmake/image_pubConfig.cmake
[0.299s] -- Installing: /home/eragon/student133_ws/install/image_pub/share/image_pub/cmake/image_pubConfig-version.cmake
[0.299s] -- Installing: /home/eragon/student133_ws/install/image_pub/share/image_pub/package.xml
[0.339s] Invoked command in '/home/eragon/student133_ws/build/image_pub' returned '0': CMAKE_PREFIX_PATH=${CMAKE_PREFIX_PATH}:/opt/ros/humble /usr/bin/cmake --install /home/eragon/student133_ws/build/image_pub
