[0.069s] Invoking command in '/home/eragon/student133_ws/build/pointcloud2': CMAKE_PREFIX_PATH=${CMAKE_PREFIX_PATH}:/opt/ros/humble /usr/bin/cmake --build /home/eragon/student133_ws/build/pointcloud2 -- -j8 -l8
[0.278s] [100%] Built target pointcloud2_node
[0.290s] Invoked command in '/home/eragon/student133_ws/build/pointcloud2' returned '0': CMAKE_PREFIX_PATH=${CMAKE_PREFIX_PATH}:/opt/ros/humble /usr/bin/cmake --build /home/eragon/student133_ws/build/pointcloud2 -- -j8 -l8
[0.290s] Invoking command in '/home/eragon/student133_ws/build/pointcloud2': CMAKE_PREFIX_PATH=${CMAKE_PREFIX_PATH}:/opt/ros/humble /usr/bin/cmake --install /home/eragon/student133_ws/build/pointcloud2
[0.317s] -- Install configuration: "Debug"
[0.317s] -- Up-to-date: /home/eragon/student133_ws/install/pointcloud2/lib/pointcloud2/pointcloud2_node
[0.317s] -- Up-to-date: /home/eragon/student133_ws/install/pointcloud2/share/pointcloud2/launch
[0.318s] -- Up-to-date: /home/eragon/student133_ws/install/pointcloud2/share/pointcloud2/launch/image_launch.py
[0.318s] -- Up-to-date: /home/eragon/student133_ws/install/pointcloud2/share/ament_index/resource_index/package_run_dependencies/pointcloud2
[0.318s] -- Up-to-date: /home/eragon/student133_ws/install/pointcloud2/share/ament_index/resource_index/parent_prefix_path/pointcloud2
[0.318s] -- Up-to-date: /home/eragon/student133_ws/install/pointcloud2/share/pointcloud2/environment/ament_prefix_path.sh
[0.318s] -- Up-to-date: /home/eragon/student133_ws/install/pointcloud2/share/pointcloud2/environment/ament_prefix_path.dsv
[0.318s] -- Up-to-date: /home/eragon/student133_ws/install/pointcloud2/share/pointcloud2/environment/path.sh
[0.318s] -- Up-to-date: /home/eragon/student133_ws/install/pointcloud2/share/pointcloud2/environment/path.dsv
[0.318s] -- Up-to-date: /home/eragon/student133_ws/install/pointcloud2/share/pointcloud2/local_setup.bash
[0.319s] -- Up-to-date: /home/eragon/student133_ws/install/pointcloud2/share/pointcloud2/local_setup.sh
[0.319s] -- Up-to-date: /home/eragon/student133_ws/install/pointcloud2/share/pointcloud2/local_setup.zsh
[0.319s] -- Up-to-date: /home/eragon/student133_ws/install/pointcloud2/share/pointcloud2/local_setup.dsv
[0.319s] -- Installing: /home/eragon/student133_ws/install/pointcloud2/share/pointcloud2/package.dsv
[0.319s] -- Up-to-date: /home/eragon/student133_ws/install/pointcloud2/share/ament_index/resource_index/packages/pointcloud2
[0.319s] -- Up-to-date: /home/eragon/student133_ws/install/pointcloud2/share/pointcloud2/cmake/pointcloud2Config.cmake
[0.319s] -- Up-to-date: /home/eragon/student133_ws/install/pointcloud2/share/pointcloud2/cmake/pointcloud2Config-version.cmake
[0.321s] -- Up-to-date: /home/eragon/student133_ws/install/pointcloud2/share/pointcloud2/package.xml
[0.392s] Invoked command in '/home/eragon/student133_ws/build/pointcloud2' returned '0': CMAKE_PREFIX_PATH=${CMAKE_PREFIX_PATH}:/opt/ros/humble /usr/bin/cmake --install /home/eragon/student133_ws/build/pointcloud2
