[0.000000] (-) TimerEvent: {}
[0.000168] (test_custom_msg) JobQueued: {'identifier': 'test_custom_msg', 'dependencies': OrderedDict()}
[0.000207] (test_custom_publisher) JobQueued: {'identifier': 'test_custom_publisher', 'dependencies': OrderedDict()}
[0.000702] (test_pkg) JobQueued: {'identifier': 'test_pkg', 'dependencies': OrderedDict()}
[0.000719] (test_publisher) JobQueued: {'identifier': 'test_publisher', 'dependencies': OrderedDict()}
[0.000733] (test_subscriber) JobQueued: {'identifier': 'test_subscriber', 'dependencies': OrderedDict()}
[0.000746] (test_custom_msg) JobStarted: {'identifier': 'test_custom_msg'}
[0.051003] (test_custom_publisher) JobStarted: {'identifier': 'test_custom_publisher'}
[0.099975] (test_pkg) JobStarted: {'identifier': 'test_pkg'}
[0.100038] (-) TimerEvent: {}
[0.149628] (test_publisher) JobStarted: {'identifier': 'test_publisher'}
[0.200448] (-) TimerEvent: {}
[0.206205] (test_subscriber) JobStarted: {'identifier': 'test_subscriber'}
[0.256459] (test_custom_msg) JobProgress: {'identifier': 'test_custom_msg', 'progress': 'cmake'}
[0.256928] (test_custom_msg) Command: {'cmd': ['/usr/bin/cmake', '/home/robot33-6/student133_ws/src/test_custom_msg', '-G', 'CodeBlocks - Unix Makefiles', '-DCMAKE_BUILD_TYPE=Debug', '-DCMAKE_INSTALL_PREFIX=/home/robot33-6/student133_ws/install/test_custom_msg'], 'cwd': '/home/robot33-6/student133_ws/build/test_custom_msg', 'env': OrderedDict([('GJS_DEBUG_TOPICS', 'JS ERROR;JS LOG'), ('LC_TIME', 'ru_RU.UTF-8'), ('SNAP_COMMON', '/var/snap/qtcreator-ros/common'), ('SNAP_INSTANCE_KEY', ''), ('USER', 'robot33-6'), ('XDG_SESSION_TYPE', 'wayland'), ('LD_LIBRARY_PATH', '/home/robot33-6/student133_ws/install/test_custom_msg/lib:/opt/ros/humble/opt/rviz_ogre_vendor/lib:/opt/ros/humble/lib/x86_64-linux-gnu:/opt/ros/humble/lib:/snap/qtcreator-ros/107/lib:/snap/qtcreator-ros/107/usr/lib/x86_64-linux-gnu'), ('SHLVL', '81'), ('SNAP_UID', '1000'), ('HOME', '/home/robot33-6'), ('SNAP_LIBRARY_PATH', '/var/lib/snapd/lib/gl:/var/lib/snapd/lib/gl32:/var/lib/snapd/void'), ('DESKTOP_SESSION', 'ubuntu'), ('QTDIR', '/usr/lib/x86_64-linux-gnu/qt5'), ('SNAP_USER_DATA', '/home/robot33-6/snap/qtcreator-ros/107'), ('GIO_LAUNCHED_DESKTOP_FILE', '/var/lib/snapd/desktop/applications/qtcreator-ros_qtcreator-ros.desktop'), ('GNOME_SHELL_SESSION_MODE', 'ubuntu'), ('GTK_MODULES', 'gail:atk-bridge'), ('ROS_PYTHON_VERSION', '3'), ('LC_MONETARY', 'ru_RU.UTF-8'), ('MANAGERPID', '1390'), ('DBUS_SESSION_BUS_ADDRESS', 'unix:path=/run/user/1000/bus'), ('SYSTEMD_EXEC_PID', '1574'), ('GIO_LAUNCHED_DESKTOP_FILE_PID', '5279'), ('SNAP_REVISION', '107'), ('COLCON_PREFIX_PATH', '/home/robot33-6/student133_ws/install'), ('IM_CONFIG_PHASE', '1'), ('ROS_DISTRO', 'humble'), ('WAYLAND_DISPLAY', 'wayland-0'), ('LOGNAME', 'robot33-6'), ('JOURNAL_STREAM', '8:28886'), ('SNAP_CONTEXT', 'zfxwyVEa0dSM0vT388UHnSyWy-Mv84K8RE-CWR0OLT2wc9JrOksa'), ('_', '/usr/bin/env'), ('ROS_VERSION', '2'), ('SNAP_VERSION', '12.0.2'), ('XDG_SESSION_CLASS', 'user'), ('TERM', 'xterm'), ('USERNAME', 'robot33-6'), ('GNOME_DESKTOP_SESSION_ID', 'this-is-deprecated'), ('ROS_LOCALHOST_ONLY', '0'), ('SNAP_INSTANCE_NAME', 'qtcreator-ros'), ('PATH', '/opt/ros/humble/bin:/usr/local/sbin:/usr/local/bin:/usr/sbin:/usr/bin:/sbin:/bin:/usr/games:/usr/local/games:/snap/bin:/snap/bin'), ('INVOCATION_ID', 'deb91556666a4284a581748db063de8e'), ('SESSION_MANAGER', 'local/robot33-6:@/tmp/.ICE-unix/1544,unix/robot33-6:/tmp/.ICE-unix/1544'), ('BAMF_DESKTOP_FILE_HINT', '/var/lib/snapd/desktop/applications/qtcreator-ros_qtcreator-ros.desktop'), ('GNOME_SETUP_DISPLAY', ':1'), ('LC_ADDRESS', 'ru_RU.UTF-8'), ('SNAP_DATA', '/var/snap/qtcreator-ros/107'), ('XDG_MENU_PREFIX', 'gnome-'), ('XDG_RUNTIME_DIR', '/run/user/1000'), ('DISPLAY', ':0'), ('LANG', 'en_US.UTF-8'), ('LC_TELEPHONE', 'ru_RU.UTF-8'), ('XDG_CURRENT_DESKTOP', 'ubuntu:GNOME'), ('XAUTHORITY', '/run/user/1000/.mutter-Xwaylandauth.NSDUJ2'), ('XDG_SESSION_DESKTOP', 'ubuntu'), ('XMODIFIERS', '@im=ibus'), ('AMENT_PREFIX_PATH', '/home/robot33-6/student133_ws/install/test_castom_publisher:/home/robot33-6/student133_ws/install/test_custom_msg:/home/robot33-6/student133_ws/install/test_subscriber:/home/robot33-6/student133_ws/install/test_publisher:/home/robot33-6/student133_ws/install/test_pkg:/opt/ros/humble'), ('SNAP_ARCH', 'amd64'), ('SNAP_COOKIE', 'zfxwyVEa0dSM0vT388UHnSyWy-Mv84K8RE-CWR0OLT2wc9JrOksa'), ('SNAP_USER_COMMON', '/home/robot33-6/snap/qtcreator-ros/common'), ('SSH_AGENT_LAUNCHER', 'gnome-keyring'), ('SSH_AUTH_SOCK', '/run/user/1000/keyring/ssh'), ('LC_NAME', 'ru_RU.UTF-8'), ('SHELL', '/bin/bash'), ('GDMSESSION', 'ubuntu'), ('QT_ACCESSIBILITY', '1'), ('SNAP_REEXEC', ''), ('SNAP_NAME', 'qtcreator-ros'), ('LC_MEASUREMENT', 'ru_RU.UTF-8'), ('GJS_DEBUG_OUTPUT', 'stderr'), ('LC_IDENTIFICATION', 'ru_RU.UTF-8'), ('QT_IM_MODULE', 'ibus'), ('PWD', '/home/robot33-6/student133_ws/build/test_custom_msg'), ('QT_QPA_PLATFORM', 'wayland;xcb'), ('SNAP_REAL_HOME', '/home/robot33-6'), ('XDG_CONFIG_DIRS', '/etc/xdg/xdg-ubuntu:/etc/xdg'), ('XDG_DATA_DIRS', '/usr/share/ubuntu:/usr/local/share/:/usr/share/:/var/lib/snapd/desktop'), ('LC_NUMERIC', 'ru_RU.UTF-8'), ('PYTHONPATH', '/home/robot33-6/student133_ws/install/test_custom_msg/local/lib/python3.10/dist-packages:/opt/ros/humble/lib/python3.10/site-packages:/opt/ros/humble/local/lib/python3.10/dist-packages'), ('SNAP', '/snap/qtcreator-ros/107'), ('SNAP_EUID', '1000'), ('LC_PAPER', 'ru_RU.UTF-8'), ('COLCON', '1'), ('CMAKE_PREFIX_PATH', '/home/robot33-6/student133_ws/install/test_castom_publisher:/home/robot33-6/student133_ws/install/test_custom_msg:/home/robot33-6/student133_ws/install/test_subscriber:/home/robot33-6/student133_ws/install/test_publisher:/home/robot33-6/student133_ws/install/test_pkg:/opt/ros/humble'), ('LIBGL_DRIVERS_PATH', '/snap/qtcreator-ros/107/usr/lib/x86_64-linux-gnu/dri')]), 'shell': False}
[0.259430] (test_custom_publisher) JobProgress: {'identifier': 'test_custom_publisher', 'progress': 'cmake'}
[0.259488] (test_custom_publisher) Command: {'cmd': ['/usr/bin/cmake', '/home/robot33-6/student133_ws/src/test_custom_publisher', '-G', 'CodeBlocks - Unix Makefiles', '-DCMAKE_BUILD_TYPE=Debug', '-DCMAKE_INSTALL_PREFIX=/home/robot33-6/student133_ws/install/test_custom_publisher'], 'cwd': '/home/robot33-6/student133_ws/build/test_custom_publisher', 'env': OrderedDict([('GJS_DEBUG_TOPICS', 'JS ERROR;JS LOG'), ('LC_TIME', 'ru_RU.UTF-8'), ('SNAP_COMMON', '/var/snap/qtcreator-ros/common'), ('SNAP_INSTANCE_KEY', ''), ('USER', 'robot33-6'), ('XDG_SESSION_TYPE', 'wayland'), ('LD_LIBRARY_PATH', '/home/robot33-6/student133_ws/install/test_custom_msg/lib:/opt/ros/humble/opt/rviz_ogre_vendor/lib:/opt/ros/humble/lib/x86_64-linux-gnu:/opt/ros/humble/lib:/snap/qtcreator-ros/107/lib:/snap/qtcreator-ros/107/usr/lib/x86_64-linux-gnu'), ('SHLVL', '81'), ('SNAP_UID', '1000'), ('HOME', '/home/robot33-6'), ('SNAP_LIBRARY_PATH', '/var/lib/snapd/lib/gl:/var/lib/snapd/lib/gl32:/var/lib/snapd/void'), ('DESKTOP_SESSION', 'ubuntu'), ('QTDIR', '/usr/lib/x86_64-linux-gnu/qt5'), ('SNAP_USER_DATA', '/home/robot33-6/snap/qtcreator-ros/107'), ('GIO_LAUNCHED_DESKTOP_FILE', '/var/lib/snapd/desktop/applications/qtcreator-ros_qtcreator-ros.desktop'), ('GNOME_SHELL_SESSION_MODE', 'ubuntu'), ('GTK_MODULES', 'gail:atk-bridge'), ('ROS_PYTHON_VERSION', '3'), ('LC_MONETARY', 'ru_RU.UTF-8'), ('MANAGERPID', '1390'), ('DBUS_SESSION_BUS_ADDRESS', 'unix:path=/run/user/1000/bus'), ('SYSTEMD_EXEC_PID', '1574'), ('GIO_LAUNCHED_DESKTOP_FILE_PID', '5279'), ('SNAP_REVISION', '107'), ('COLCON_PREFIX_PATH', '/home/robot33-6/student133_ws/install'), ('IM_CONFIG_PHASE', '1'), ('ROS_DISTRO', 'humble'), ('WAYLAND_DISPLAY', 'wayland-0'), ('LOGNAME', 'robot33-6'), ('JOURNAL_STREAM', '8:28886'), ('SNAP_CONTEXT', 'zfxwyVEa0dSM0vT388UHnSyWy-Mv84K8RE-CWR0OLT2wc9JrOksa'), ('_', '/usr/bin/env'), ('ROS_VERSION', '2'), ('SNAP_VERSION', '12.0.2'), ('XDG_SESSION_CLASS', 'user'), ('TERM', 'xterm'), ('USERNAME', 'robot33-6'), ('GNOME_DESKTOP_SESSION_ID', 'this-is-deprecated'), ('ROS_LOCALHOST_ONLY', '0'), ('SNAP_INSTANCE_NAME', 'qtcreator-ros'), ('PATH', '/opt/ros/humble/bin:/usr/local/sbin:/usr/local/bin:/usr/sbin:/usr/bin:/sbin:/bin:/usr/games:/usr/local/games:/snap/bin:/snap/bin'), ('INVOCATION_ID', 'deb91556666a4284a581748db063de8e'), ('SESSION_MANAGER', 'local/robot33-6:@/tmp/.ICE-unix/1544,unix/robot33-6:/tmp/.ICE-unix/1544'), ('BAMF_DESKTOP_FILE_HINT', '/var/lib/snapd/desktop/applications/qtcreator-ros_qtcreator-ros.desktop'), ('GNOME_SETUP_DISPLAY', ':1'), ('LC_ADDRESS', 'ru_RU.UTF-8'), ('SNAP_DATA', '/var/snap/qtcreator-ros/107'), ('XDG_MENU_PREFIX', 'gnome-'), ('XDG_RUNTIME_DIR', '/run/user/1000'), ('DISPLAY', ':0'), ('LANG', 'en_US.UTF-8'), ('LC_TELEPHONE', 'ru_RU.UTF-8'), ('XDG_CURRENT_DESKTOP', 'ubuntu:GNOME'), ('XAUTHORITY', '/run/user/1000/.mutter-Xwaylandauth.NSDUJ2'), ('XDG_SESSION_DESKTOP', 'ubuntu'), ('XMODIFIERS', '@im=ibus'), ('AMENT_PREFIX_PATH', '/home/robot33-6/student133_ws/install/test_castom_publisher:/home/robot33-6/student133_ws/install/test_custom_msg:/home/robot33-6/student133_ws/install/test_subscriber:/home/robot33-6/student133_ws/install/test_publisher:/home/robot33-6/student133_ws/install/test_pkg:/opt/ros/humble'), ('SNAP_ARCH', 'amd64'), ('SNAP_COOKIE', 'zfxwyVEa0dSM0vT388UHnSyWy-Mv84K8RE-CWR0OLT2wc9JrOksa'), ('SNAP_USER_COMMON', '/home/robot33-6/snap/qtcreator-ros/common'), ('SSH_AGENT_LAUNCHER', 'gnome-keyring'), ('SSH_AUTH_SOCK', '/run/user/1000/keyring/ssh'), ('LC_NAME', 'ru_RU.UTF-8'), ('SHELL', '/bin/bash'), ('GDMSESSION', 'ubuntu'), ('QT_ACCESSIBILITY', '1'), ('SNAP_REEXEC', ''), ('SNAP_NAME', 'qtcreator-ros'), ('LC_MEASUREMENT', 'ru_RU.UTF-8'), ('GJS_DEBUG_OUTPUT', 'stderr'), ('LC_IDENTIFICATION', 'ru_RU.UTF-8'), ('QT_IM_MODULE', 'ibus'), ('PWD', '/home/robot33-6/student133_ws/build/test_custom_publisher'), ('QT_QPA_PLATFORM', 'wayland;xcb'), ('SNAP_REAL_HOME', '/home/robot33-6'), ('XDG_CONFIG_DIRS', '/etc/xdg/xdg-ubuntu:/etc/xdg'), ('XDG_DATA_DIRS', '/usr/share/ubuntu:/usr/local/share/:/usr/share/:/var/lib/snapd/desktop'), ('LC_NUMERIC', 'ru_RU.UTF-8'), ('PYTHONPATH', '/home/robot33-6/student133_ws/install/test_custom_msg/local/lib/python3.10/dist-packages:/opt/ros/humble/lib/python3.10/site-packages:/opt/ros/humble/local/lib/python3.10/dist-packages'), ('SNAP', '/snap/qtcreator-ros/107'), ('SNAP_EUID', '1000'), ('LC_PAPER', 'ru_RU.UTF-8'), ('COLCON', '1'), ('CMAKE_PREFIX_PATH', '/home/robot33-6/student133_ws/install/test_castom_publisher:/home/robot33-6/student133_ws/install/test_custom_msg:/home/robot33-6/student133_ws/install/test_subscriber:/home/robot33-6/student133_ws/install/test_publisher:/home/robot33-6/student133_ws/install/test_pkg:/opt/ros/humble'), ('LIBGL_DRIVERS_PATH', '/snap/qtcreator-ros/107/usr/lib/x86_64-linux-gnu/dri')]), 'shell': False}
[0.262645] (test_pkg) JobProgress: {'identifier': 'test_pkg', 'progress': 'cmake'}
[0.262703] (test_pkg) Command: {'cmd': ['/usr/bin/cmake', '/home/robot33-6/student133_ws/src/test_pkg', '-G', 'CodeBlocks - Unix Makefiles', '-DCMAKE_BUILD_TYPE=Debug', '-DCMAKE_INSTALL_PREFIX=/home/robot33-6/student133_ws/install/test_pkg'], 'cwd': '/home/robot33-6/student133_ws/build/test_pkg', 'env': OrderedDict([('GJS_DEBUG_TOPICS', 'JS ERROR;JS LOG'), ('LC_TIME', 'ru_RU.UTF-8'), ('SNAP_COMMON', '/var/snap/qtcreator-ros/common'), ('SNAP_INSTANCE_KEY', ''), ('USER', 'robot33-6'), ('XDG_SESSION_TYPE', 'wayland'), ('LD_LIBRARY_PATH', '/home/robot33-6/student133_ws/install/test_custom_msg/lib:/opt/ros/humble/opt/rviz_ogre_vendor/lib:/opt/ros/humble/lib/x86_64-linux-gnu:/opt/ros/humble/lib:/snap/qtcreator-ros/107/lib:/snap/qtcreator-ros/107/usr/lib/x86_64-linux-gnu'), ('SHLVL', '81'), ('SNAP_UID', '1000'), ('HOME', '/home/robot33-6'), ('SNAP_LIBRARY_PATH', '/var/lib/snapd/lib/gl:/var/lib/snapd/lib/gl32:/var/lib/snapd/void'), ('DESKTOP_SESSION', 'ubuntu'), ('QTDIR', '/usr/lib/x86_64-linux-gnu/qt5'), ('SNAP_USER_DATA', '/home/robot33-6/snap/qtcreator-ros/107'), ('GIO_LAUNCHED_DESKTOP_FILE', '/var/lib/snapd/desktop/applications/qtcreator-ros_qtcreator-ros.desktop'), ('GNOME_SHELL_SESSION_MODE', 'ubuntu'), ('GTK_MODULES', 'gail:atk-bridge'), ('ROS_PYTHON_VERSION', '3'), ('LC_MONETARY', 'ru_RU.UTF-8'), ('MANAGERPID', '1390'), ('DBUS_SESSION_BUS_ADDRESS', 'unix:path=/run/user/1000/bus'), ('SYSTEMD_EXEC_PID', '1574'), ('GIO_LAUNCHED_DESKTOP_FILE_PID', '5279'), ('SNAP_REVISION', '107'), ('COLCON_PREFIX_PATH', '/home/robot33-6/student133_ws/install'), ('IM_CONFIG_PHASE', '1'), ('ROS_DISTRO', 'humble'), ('WAYLAND_DISPLAY', 'wayland-0'), ('LOGNAME', 'robot33-6'), ('JOURNAL_STREAM', '8:28886'), ('SNAP_CONTEXT', 'zfxwyVEa0dSM0vT388UHnSyWy-Mv84K8RE-CWR0OLT2wc9JrOksa'), ('_', '/usr/bin/env'), ('ROS_VERSION', '2'), ('SNAP_VERSION', '12.0.2'), ('XDG_SESSION_CLASS', 'user'), ('TERM', 'xterm'), ('USERNAME', 'robot33-6'), ('GNOME_DESKTOP_SESSION_ID', 'this-is-deprecated'), ('ROS_LOCALHOST_ONLY', '0'), ('SNAP_INSTANCE_NAME', 'qtcreator-ros'), ('PATH', '/opt/ros/humble/bin:/usr/local/sbin:/usr/local/bin:/usr/sbin:/usr/bin:/sbin:/bin:/usr/games:/usr/local/games:/snap/bin:/snap/bin'), ('INVOCATION_ID', 'deb91556666a4284a581748db063de8e'), ('SESSION_MANAGER', 'local/robot33-6:@/tmp/.ICE-unix/1544,unix/robot33-6:/tmp/.ICE-unix/1544'), ('BAMF_DESKTOP_FILE_HINT', '/var/lib/snapd/desktop/applications/qtcreator-ros_qtcreator-ros.desktop'), ('GNOME_SETUP_DISPLAY', ':1'), ('LC_ADDRESS', 'ru_RU.UTF-8'), ('SNAP_DATA', '/var/snap/qtcreator-ros/107'), ('XDG_MENU_PREFIX', 'gnome-'), ('XDG_RUNTIME_DIR', '/run/user/1000'), ('DISPLAY', ':0'), ('LANG', 'en_US.UTF-8'), ('LC_TELEPHONE', 'ru_RU.UTF-8'), ('XDG_CURRENT_DESKTOP', 'ubuntu:GNOME'), ('XAUTHORITY', '/run/user/1000/.mutter-Xwaylandauth.NSDUJ2'), ('XDG_SESSION_DESKTOP', 'ubuntu'), ('XMODIFIERS', '@im=ibus'), ('AMENT_PREFIX_PATH', '/home/robot33-6/student133_ws/install/test_castom_publisher:/home/robot33-6/student133_ws/install/test_custom_msg:/home/robot33-6/student133_ws/install/test_subscriber:/home/robot33-6/student133_ws/install/test_publisher:/home/robot33-6/student133_ws/install/test_pkg:/opt/ros/humble'), ('SNAP_ARCH', 'amd64'), ('SNAP_COOKIE', 'zfxwyVEa0dSM0vT388UHnSyWy-Mv84K8RE-CWR0OLT2wc9JrOksa'), ('SNAP_USER_COMMON', '/home/robot33-6/snap/qtcreator-ros/common'), ('SSH_AGENT_LAUNCHER', 'gnome-keyring'), ('SSH_AUTH_SOCK', '/run/user/1000/keyring/ssh'), ('LC_NAME', 'ru_RU.UTF-8'), ('SHELL', '/bin/bash'), ('GDMSESSION', 'ubuntu'), ('QT_ACCESSIBILITY', '1'), ('SNAP_REEXEC', ''), ('SNAP_NAME', 'qtcreator-ros'), ('LC_MEASUREMENT', 'ru_RU.UTF-8'), ('GJS_DEBUG_OUTPUT', 'stderr'), ('LC_IDENTIFICATION', 'ru_RU.UTF-8'), ('QT_IM_MODULE', 'ibus'), ('PWD', '/home/robot33-6/student133_ws/build/test_pkg'), ('QT_QPA_PLATFORM', 'wayland;xcb'), ('SNAP_REAL_HOME', '/home/robot33-6'), ('XDG_CONFIG_DIRS', '/etc/xdg/xdg-ubuntu:/etc/xdg'), ('XDG_DATA_DIRS', '/usr/share/ubuntu:/usr/local/share/:/usr/share/:/var/lib/snapd/desktop'), ('LC_NUMERIC', 'ru_RU.UTF-8'), ('PYTHONPATH', '/home/robot33-6/student133_ws/install/test_custom_msg/local/lib/python3.10/dist-packages:/opt/ros/humble/lib/python3.10/site-packages:/opt/ros/humble/local/lib/python3.10/dist-packages'), ('SNAP', '/snap/qtcreator-ros/107'), ('SNAP_EUID', '1000'), ('LC_PAPER', 'ru_RU.UTF-8'), ('COLCON', '1'), ('CMAKE_PREFIX_PATH', '/home/robot33-6/student133_ws/install/test_castom_publisher:/home/robot33-6/student133_ws/install/test_custom_msg:/home/robot33-6/student133_ws/install/test_subscriber:/home/robot33-6/student133_ws/install/test_publisher:/home/robot33-6/student133_ws/install/test_pkg:/opt/ros/humble'), ('LIBGL_DRIVERS_PATH', '/snap/qtcreator-ros/107/usr/lib/x86_64-linux-gnu/dri')]), 'shell': False}
[0.265284] (test_publisher) JobProgress: {'identifier': 'test_publisher', 'progress': 'cmake'}
[0.265341] (test_publisher) Command: {'cmd': ['/usr/bin/cmake', '/home/robot33-6/student133_ws/src/test_publisher', '-G', 'CodeBlocks - Unix Makefiles', '-DCMAKE_BUILD_TYPE=Debug', '-DCMAKE_INSTALL_PREFIX=/home/robot33-6/student133_ws/install/test_publisher'], 'cwd': '/home/robot33-6/student133_ws/build/test_publisher', 'env': OrderedDict([('GJS_DEBUG_TOPICS', 'JS ERROR;JS LOG'), ('LC_TIME', 'ru_RU.UTF-8'), ('SNAP_COMMON', '/var/snap/qtcreator-ros/common'), ('SNAP_INSTANCE_KEY', ''), ('USER', 'robot33-6'), ('XDG_SESSION_TYPE', 'wayland'), ('LD_LIBRARY_PATH', '/home/robot33-6/student133_ws/install/test_custom_msg/lib:/opt/ros/humble/opt/rviz_ogre_vendor/lib:/opt/ros/humble/lib/x86_64-linux-gnu:/opt/ros/humble/lib:/snap/qtcreator-ros/107/lib:/snap/qtcreator-ros/107/usr/lib/x86_64-linux-gnu'), ('SHLVL', '81'), ('SNAP_UID', '1000'), ('HOME', '/home/robot33-6'), ('SNAP_LIBRARY_PATH', '/var/lib/snapd/lib/gl:/var/lib/snapd/lib/gl32:/var/lib/snapd/void'), ('DESKTOP_SESSION', 'ubuntu'), ('QTDIR', '/usr/lib/x86_64-linux-gnu/qt5'), ('SNAP_USER_DATA', '/home/robot33-6/snap/qtcreator-ros/107'), ('GIO_LAUNCHED_DESKTOP_FILE', '/var/lib/snapd/desktop/applications/qtcreator-ros_qtcreator-ros.desktop'), ('GNOME_SHELL_SESSION_MODE', 'ubuntu'), ('GTK_MODULES', 'gail:atk-bridge'), ('ROS_PYTHON_VERSION', '3'), ('LC_MONETARY', 'ru_RU.UTF-8'), ('MANAGERPID', '1390'), ('DBUS_SESSION_BUS_ADDRESS', 'unix:path=/run/user/1000/bus'), ('SYSTEMD_EXEC_PID', '1574'), ('GIO_LAUNCHED_DESKTOP_FILE_PID', '5279'), ('SNAP_REVISION', '107'), ('COLCON_PREFIX_PATH', '/home/robot33-6/student133_ws/install'), ('IM_CONFIG_PHASE', '1'), ('ROS_DISTRO', 'humble'), ('WAYLAND_DISPLAY', 'wayland-0'), ('LOGNAME', 'robot33-6'), ('JOURNAL_STREAM', '8:28886'), ('SNAP_CONTEXT', 'zfxwyVEa0dSM0vT388UHnSyWy-Mv84K8RE-CWR0OLT2wc9JrOksa'), ('_', '/usr/bin/env'), ('ROS_VERSION', '2'), ('SNAP_VERSION', '12.0.2'), ('XDG_SESSION_CLASS', 'user'), ('TERM', 'xterm'), ('USERNAME', 'robot33-6'), ('GNOME_DESKTOP_SESSION_ID', 'this-is-deprecated'), ('ROS_LOCALHOST_ONLY', '0'), ('SNAP_INSTANCE_NAME', 'qtcreator-ros'), ('PATH', '/opt/ros/humble/bin:/usr/local/sbin:/usr/local/bin:/usr/sbin:/usr/bin:/sbin:/bin:/usr/games:/usr/local/games:/snap/bin:/snap/bin'), ('INVOCATION_ID', 'deb91556666a4284a581748db063de8e'), ('SESSION_MANAGER', 'local/robot33-6:@/tmp/.ICE-unix/1544,unix/robot33-6:/tmp/.ICE-unix/1544'), ('BAMF_DESKTOP_FILE_HINT', '/var/lib/snapd/desktop/applications/qtcreator-ros_qtcreator-ros.desktop'), ('GNOME_SETUP_DISPLAY', ':1'), ('LC_ADDRESS', 'ru_RU.UTF-8'), ('SNAP_DATA', '/var/snap/qtcreator-ros/107'), ('XDG_MENU_PREFIX', 'gnome-'), ('XDG_RUNTIME_DIR', '/run/user/1000'), ('DISPLAY', ':0'), ('LANG', 'en_US.UTF-8'), ('LC_TELEPHONE', 'ru_RU.UTF-8'), ('XDG_CURRENT_DESKTOP', 'ubuntu:GNOME'), ('XAUTHORITY', '/run/user/1000/.mutter-Xwaylandauth.NSDUJ2'), ('XDG_SESSION_DESKTOP', 'ubuntu'), ('XMODIFIERS', '@im=ibus'), ('AMENT_PREFIX_PATH', '/home/robot33-6/student133_ws/install/test_castom_publisher:/home/robot33-6/student133_ws/install/test_custom_msg:/home/robot33-6/student133_ws/install/test_subscriber:/home/robot33-6/student133_ws/install/test_publisher:/home/robot33-6/student133_ws/install/test_pkg:/opt/ros/humble'), ('SNAP_ARCH', 'amd64'), ('SNAP_COOKIE', 'zfxwyVEa0dSM0vT388UHnSyWy-Mv84K8RE-CWR0OLT2wc9JrOksa'), ('SNAP_USER_COMMON', '/home/robot33-6/snap/qtcreator-ros/common'), ('SSH_AGENT_LAUNCHER', 'gnome-keyring'), ('SSH_AUTH_SOCK', '/run/user/1000/keyring/ssh'), ('LC_NAME', 'ru_RU.UTF-8'), ('SHELL', '/bin/bash'), ('GDMSESSION', 'ubuntu'), ('QT_ACCESSIBILITY', '1'), ('SNAP_REEXEC', ''), ('SNAP_NAME', 'qtcreator-ros'), ('LC_MEASUREMENT', 'ru_RU.UTF-8'), ('GJS_DEBUG_OUTPUT', 'stderr'), ('LC_IDENTIFICATION', 'ru_RU.UTF-8'), ('QT_IM_MODULE', 'ibus'), ('PWD', '/home/robot33-6/student133_ws/build/test_publisher'), ('QT_QPA_PLATFORM', 'wayland;xcb'), ('SNAP_REAL_HOME', '/home/robot33-6'), ('XDG_CONFIG_DIRS', '/etc/xdg/xdg-ubuntu:/etc/xdg'), ('XDG_DATA_DIRS', '/usr/share/ubuntu:/usr/local/share/:/usr/share/:/var/lib/snapd/desktop'), ('LC_NUMERIC', 'ru_RU.UTF-8'), ('PYTHONPATH', '/home/robot33-6/student133_ws/install/test_custom_msg/local/lib/python3.10/dist-packages:/opt/ros/humble/lib/python3.10/site-packages:/opt/ros/humble/local/lib/python3.10/dist-packages'), ('SNAP', '/snap/qtcreator-ros/107'), ('SNAP_EUID', '1000'), ('LC_PAPER', 'ru_RU.UTF-8'), ('COLCON', '1'), ('CMAKE_PREFIX_PATH', '/home/robot33-6/student133_ws/install/test_castom_publisher:/home/robot33-6/student133_ws/install/test_custom_msg:/home/robot33-6/student133_ws/install/test_subscriber:/home/robot33-6/student133_ws/install/test_publisher:/home/robot33-6/student133_ws/install/test_pkg:/opt/ros/humble'), ('LIBGL_DRIVERS_PATH', '/snap/qtcreator-ros/107/usr/lib/x86_64-linux-gnu/dri')]), 'shell': False}
[0.266606] (test_subscriber) JobProgress: {'identifier': 'test_subscriber', 'progress': 'cmake'}
[0.266659] (test_subscriber) Command: {'cmd': ['/usr/bin/cmake', '/home/robot33-6/student133_ws/src/test_subscriber', '-G', 'CodeBlocks - Unix Makefiles', '-DCMAKE_BUILD_TYPE=Debug', '-DCMAKE_INSTALL_PREFIX=/home/robot33-6/student133_ws/install/test_subscriber'], 'cwd': '/home/robot33-6/student133_ws/build/test_subscriber', 'env': OrderedDict([('GJS_DEBUG_TOPICS', 'JS ERROR;JS LOG'), ('LC_TIME', 'ru_RU.UTF-8'), ('SNAP_COMMON', '/var/snap/qtcreator-ros/common'), ('SNAP_INSTANCE_KEY', ''), ('USER', 'robot33-6'), ('XDG_SESSION_TYPE', 'wayland'), ('LD_LIBRARY_PATH', '/home/robot33-6/student133_ws/install/test_custom_msg/lib:/opt/ros/humble/opt/rviz_ogre_vendor/lib:/opt/ros/humble/lib/x86_64-linux-gnu:/opt/ros/humble/lib:/snap/qtcreator-ros/107/lib:/snap/qtcreator-ros/107/usr/lib/x86_64-linux-gnu'), ('SHLVL', '81'), ('SNAP_UID', '1000'), ('HOME', '/home/robot33-6'), ('SNAP_LIBRARY_PATH', '/var/lib/snapd/lib/gl:/var/lib/snapd/lib/gl32:/var/lib/snapd/void'), ('DESKTOP_SESSION', 'ubuntu'), ('QTDIR', '/usr/lib/x86_64-linux-gnu/qt5'), ('SNAP_USER_DATA', '/home/robot33-6/snap/qtcreator-ros/107'), ('GIO_LAUNCHED_DESKTOP_FILE', '/var/lib/snapd/desktop/applications/qtcreator-ros_qtcreator-ros.desktop'), ('GNOME_SHELL_SESSION_MODE', 'ubuntu'), ('GTK_MODULES', 'gail:atk-bridge'), ('ROS_PYTHON_VERSION', '3'), ('LC_MONETARY', 'ru_RU.UTF-8'), ('MANAGERPID', '1390'), ('DBUS_SESSION_BUS_ADDRESS', 'unix:path=/run/user/1000/bus'), ('SYSTEMD_EXEC_PID', '1574'), ('GIO_LAUNCHED_DESKTOP_FILE_PID', '5279'), ('SNAP_REVISION', '107'), ('COLCON_PREFIX_PATH', '/home/robot33-6/student133_ws/install'), ('IM_CONFIG_PHASE', '1'), ('ROS_DISTRO', 'humble'), ('WAYLAND_DISPLAY', 'wayland-0'), ('LOGNAME', 'robot33-6'), ('JOURNAL_STREAM', '8:28886'), ('SNAP_CONTEXT', 'zfxwyVEa0dSM0vT388UHnSyWy-Mv84K8RE-CWR0OLT2wc9JrOksa'), ('_', '/usr/bin/env'), ('ROS_VERSION', '2'), ('SNAP_VERSION', '12.0.2'), ('XDG_SESSION_CLASS', 'user'), ('TERM', 'xterm'), ('USERNAME', 'robot33-6'), ('GNOME_DESKTOP_SESSION_ID', 'this-is-deprecated'), ('ROS_LOCALHOST_ONLY', '0'), ('SNAP_INSTANCE_NAME', 'qtcreator-ros'), ('PATH', '/opt/ros/humble/bin:/usr/local/sbin:/usr/local/bin:/usr/sbin:/usr/bin:/sbin:/bin:/usr/games:/usr/local/games:/snap/bin:/snap/bin'), ('INVOCATION_ID', 'deb91556666a4284a581748db063de8e'), ('SESSION_MANAGER', 'local/robot33-6:@/tmp/.ICE-unix/1544,unix/robot33-6:/tmp/.ICE-unix/1544'), ('BAMF_DESKTOP_FILE_HINT', '/var/lib/snapd/desktop/applications/qtcreator-ros_qtcreator-ros.desktop'), ('GNOME_SETUP_DISPLAY', ':1'), ('LC_ADDRESS', 'ru_RU.UTF-8'), ('SNAP_DATA', '/var/snap/qtcreator-ros/107'), ('XDG_MENU_PREFIX', 'gnome-'), ('XDG_RUNTIME_DIR', '/run/user/1000'), ('DISPLAY', ':0'), ('LANG', 'en_US.UTF-8'), ('LC_TELEPHONE', 'ru_RU.UTF-8'), ('XDG_CURRENT_DESKTOP', 'ubuntu:GNOME'), ('XAUTHORITY', '/run/user/1000/.mutter-Xwaylandauth.NSDUJ2'), ('XDG_SESSION_DESKTOP', 'ubuntu'), ('XMODIFIERS', '@im=ibus'), ('AMENT_PREFIX_PATH', '/home/robot33-6/student133_ws/install/test_castom_publisher:/home/robot33-6/student133_ws/install/test_custom_msg:/home/robot33-6/student133_ws/install/test_subscriber:/home/robot33-6/student133_ws/install/test_publisher:/home/robot33-6/student133_ws/install/test_pkg:/opt/ros/humble'), ('SNAP_ARCH', 'amd64'), ('SNAP_COOKIE', 'zfxwyVEa0dSM0vT388UHnSyWy-Mv84K8RE-CWR0OLT2wc9JrOksa'), ('SNAP_USER_COMMON', '/home/robot33-6/snap/qtcreator-ros/common'), ('SSH_AGENT_LAUNCHER', 'gnome-keyring'), ('SSH_AUTH_SOCK', '/run/user/1000/keyring/ssh'), ('LC_NAME', 'ru_RU.UTF-8'), ('SHELL', '/bin/bash'), ('GDMSESSION', 'ubuntu'), ('QT_ACCESSIBILITY', '1'), ('SNAP_REEXEC', ''), ('SNAP_NAME', 'qtcreator-ros'), ('LC_MEASUREMENT', 'ru_RU.UTF-8'), ('GJS_DEBUG_OUTPUT', 'stderr'), ('LC_IDENTIFICATION', 'ru_RU.UTF-8'), ('QT_IM_MODULE', 'ibus'), ('PWD', '/home/robot33-6/student133_ws/build/test_subscriber'), ('QT_QPA_PLATFORM', 'wayland;xcb'), ('SNAP_REAL_HOME', '/home/robot33-6'), ('XDG_CONFIG_DIRS', '/etc/xdg/xdg-ubuntu:/etc/xdg'), ('XDG_DATA_DIRS', '/usr/share/ubuntu:/usr/local/share/:/usr/share/:/var/lib/snapd/desktop'), ('LC_NUMERIC', 'ru_RU.UTF-8'), ('PYTHONPATH', '/home/robot33-6/student133_ws/install/test_custom_msg/local/lib/python3.10/dist-packages:/opt/ros/humble/lib/python3.10/site-packages:/opt/ros/humble/local/lib/python3.10/dist-packages'), ('SNAP', '/snap/qtcreator-ros/107'), ('SNAP_EUID', '1000'), ('LC_PAPER', 'ru_RU.UTF-8'), ('COLCON', '1'), ('CMAKE_PREFIX_PATH', '/home/robot33-6/student133_ws/install/test_castom_publisher:/home/robot33-6/student133_ws/install/test_custom_msg:/home/robot33-6/student133_ws/install/test_subscriber:/home/robot33-6/student133_ws/install/test_publisher:/home/robot33-6/student133_ws/install/test_pkg:/opt/ros/humble'), ('LIBGL_DRIVERS_PATH', '/snap/qtcreator-ros/107/usr/lib/x86_64-linux-gnu/dri')]), 'shell': False}
[0.300712] (-) TimerEvent: {}
[0.319102] (test_publisher) StdoutLine: {'line': b'-- The C compiler identification is GNU 11.4.0\n'}
[0.320329] (test_custom_publisher) StdoutLine: {'line': b'-- The C compiler identification is GNU 11.4.0\n'}
[0.323140] (test_custom_msg) StdoutLine: {'line': b'-- The C compiler identification is GNU 11.4.0\n'}
[0.323553] (test_pkg) StdoutLine: {'line': b'-- The C compiler identification is GNU 11.4.0\n'}
[0.323958] (test_subscriber) StdoutLine: {'line': b'-- The C compiler identification is GNU 11.4.0\n'}
[0.371836] (test_custom_publisher) StdoutLine: {'line': b'-- The CXX compiler identification is GNU 11.4.0\n'}
[0.372622] (test_publisher) StdoutLine: {'line': b'-- The CXX compiler identification is GNU 11.4.0\n'}
[0.374621] (test_pkg) StdoutLine: {'line': b'-- The CXX compiler identification is GNU 11.4.0\n'}
[0.395671] (test_subscriber) StdoutLine: {'line': b'-- The CXX compiler identification is GNU 11.4.0\n'}
[0.397415] (test_custom_msg) StdoutLine: {'line': b'-- The CXX compiler identification is GNU 11.4.0\n'}
[0.400759] (-) TimerEvent: {}
[0.408543] (test_custom_publisher) StdoutLine: {'line': b'-- Detecting C compiler ABI info\n'}
[0.408838] (test_pkg) StdoutLine: {'line': b'-- Detecting C compiler ABI info\n'}
[0.410847] (test_publisher) StdoutLine: {'line': b'-- Detecting C compiler ABI info\n'}
[0.434000] (test_subscriber) StdoutLine: {'line': b'-- Detecting C compiler ABI info\n'}
[0.437243] (test_custom_msg) StdoutLine: {'line': b'-- Detecting C compiler ABI info\n'}
[0.477145] (test_pkg) StdoutLine: {'line': b'-- Detecting C compiler ABI info - done\n'}
[0.477863] (test_custom_publisher) StdoutLine: {'line': b'-- Detecting C compiler ABI info - done\n'}
[0.478544] (test_publisher) StdoutLine: {'line': b'-- Detecting C compiler ABI info - done\n'}
[0.483564] (test_pkg) StdoutLine: {'line': b'-- Check for working C compiler: /usr/bin/cc - skipped\n'}
[0.483823] (test_pkg) StdoutLine: {'line': b'-- Detecting C compile features\n'}
[0.484063] (test_pkg) StdoutLine: {'line': b'-- Detecting C compile features - done\n'}
[0.485077] (test_custom_publisher) StdoutLine: {'line': b'-- Check for working C compiler: /usr/bin/cc - skipped\n'}
[0.485287] (test_custom_publisher) StdoutLine: {'line': b'-- Detecting C compile features\n'}
[0.485551] (test_custom_publisher) StdoutLine: {'line': b'-- Detecting C compile features - done\n'}
[0.487285] (test_pkg) StdoutLine: {'line': b'-- Detecting CXX compiler ABI info\n'}
[0.487540] (test_publisher) StdoutLine: {'line': b'-- Check for working C compiler: /usr/bin/cc - skipped\n'}
[0.487653] (test_publisher) StdoutLine: {'line': b'-- Detecting C compile features\n'}
[0.487839] (test_publisher) StdoutLine: {'line': b'-- Detecting C compile features - done\n'}
[0.488134] (test_custom_publisher) StdoutLine: {'line': b'-- Detecting CXX compiler ABI info\n'}
[0.490472] (test_publisher) StdoutLine: {'line': b'-- Detecting CXX compiler ABI info\n'}
[0.499540] (test_subscriber) StdoutLine: {'line': b'-- Detecting C compiler ABI info - done\n'}
[0.500865] (-) TimerEvent: {}
[0.506973] (test_subscriber) StdoutLine: {'line': b'-- Check for working C compiler: /usr/bin/cc - skipped\n'}
[0.507259] (test_subscriber) StdoutLine: {'line': b'-- Detecting C compile features\n'}
[0.507372] (test_subscriber) StdoutLine: {'line': b'-- Detecting C compile features - done\n'}
[0.508464] (test_custom_msg) StdoutLine: {'line': b'-- Detecting C compiler ABI info - done\n'}
[0.510004] (test_subscriber) StdoutLine: {'line': b'-- Detecting CXX compiler ABI info\n'}
[0.519950] (test_custom_msg) StdoutLine: {'line': b'-- Check for working C compiler: /usr/bin/cc - skipped\n'}
[0.520244] (test_custom_msg) StdoutLine: {'line': b'-- Detecting C compile features\n'}
[0.520661] (test_custom_msg) StdoutLine: {'line': b'-- Detecting C compile features - done\n'}
[0.524794] (test_custom_msg) StdoutLine: {'line': b'-- Detecting CXX compiler ABI info\n'}
[0.560867] (test_publisher) StdoutLine: {'line': b'-- Detecting CXX compiler ABI info - done\n'}
[0.566483] (test_custom_publisher) StdoutLine: {'line': b'-- Detecting CXX compiler ABI info - done\n'}
[0.569767] (test_publisher) StdoutLine: {'line': b'-- Check for working CXX compiler: /usr/bin/c++ - skipped\n'}
[0.570156] (test_publisher) StdoutLine: {'line': b'-- Detecting CXX compile features\n'}
[0.570984] (test_publisher) StdoutLine: {'line': b'-- Detecting CXX compile features - done\n'}
[0.574570] (test_publisher) StdoutLine: {'line': b'-- Found ament_cmake: 1.3.7 (/opt/ros/humble/share/ament_cmake/cmake)\n'}
[0.578840] (test_custom_publisher) StdoutLine: {'line': b'-- Check for working CXX compiler: /usr/bin/c++ - skipped\n'}
[0.579158] (test_custom_publisher) StdoutLine: {'line': b'-- Detecting CXX compile features\n'}
[0.579741] (test_custom_publisher) StdoutLine: {'line': b'-- Detecting CXX compile features - done\n'}
[0.579972] (test_pkg) StdoutLine: {'line': b'-- Detecting CXX compiler ABI info - done\n'}
[0.583055] (test_custom_publisher) StdoutLine: {'line': b'-- Found ament_cmake: 1.3.7 (/opt/ros/humble/share/ament_cmake/cmake)\n'}
[0.584255] (test_subscriber) StdoutLine: {'line': b'-- Detecting CXX compiler ABI info - done\n'}
[0.591404] (test_pkg) StdoutLine: {'line': b'-- Check for working CXX compiler: /usr/bin/c++ - skipped\n'}
[0.591702] (test_pkg) StdoutLine: {'line': b'-- Detecting CXX compile features\n'}
[0.592360] (test_pkg) StdoutLine: {'line': b'-- Detecting CXX compile features - done\n'}
[0.595748] (test_pkg) StdoutLine: {'line': b'-- Found ament_cmake: 1.3.7 (/opt/ros/humble/share/ament_cmake/cmake)\n'}
[0.596613] (test_subscriber) StdoutLine: {'line': b'-- Check for working CXX compiler: /usr/bin/c++ - skipped\n'}
[0.596966] (test_subscriber) StdoutLine: {'line': b'-- Detecting CXX compile features\n'}
[0.597085] (test_custom_msg) StdoutLine: {'line': b'-- Detecting CXX compiler ABI info - done\n'}
[0.597539] (test_subscriber) StdoutLine: {'line': b'-- Detecting CXX compile features - done\n'}
[0.600612] (test_subscriber) StdoutLine: {'line': b'-- Found ament_cmake: 1.3.7 (/opt/ros/humble/share/ament_cmake/cmake)\n'}
[0.600927] (-) TimerEvent: {}
[0.603744] (test_custom_msg) StdoutLine: {'line': b'-- Check for working CXX compiler: /usr/bin/c++ - skipped\n'}
[0.603998] (test_custom_msg) StdoutLine: {'line': b'-- Detecting CXX compile features\n'}
[0.604278] (test_custom_msg) StdoutLine: {'line': b'-- Detecting CXX compile features - done\n'}
[0.607004] (test_custom_msg) StdoutLine: {'line': b'-- Found ament_cmake: 1.3.7 (/opt/ros/humble/share/ament_cmake/cmake)\n'}
[0.701079] (-) TimerEvent: {}
[0.748632] (test_publisher) StdoutLine: {'line': b'-- Found Python3: /usr/bin/python3.10 (found version "3.10.12") found components: Interpreter \n'}
[0.757796] (test_custom_publisher) StdoutLine: {'line': b'-- Found Python3: /usr/bin/python3.10 (found version "3.10.12") found components: Interpreter \n'}
[0.798831] (test_pkg) StdoutLine: {'line': b'-- Found Python3: /usr/bin/python3.10 (found version "3.10.12") found components: Interpreter \n'}
[0.799172] (test_subscriber) StdoutLine: {'line': b'-- Found Python3: /usr/bin/python3.10 (found version "3.10.12") found components: Interpreter \n'}
[0.801182] (-) TimerEvent: {}
[0.815522] (test_custom_msg) StdoutLine: {'line': b'-- Found Python3: /usr/bin/python3.10 (found version "3.10.12") found components: Interpreter \n'}
[0.835269] (test_publisher) StdoutLine: {'line': b'-- Found rclcpp: 16.0.8 (/opt/ros/humble/share/rclcpp/cmake)\n'}
[0.853520] (test_custom_publisher) StdoutLine: {'line': b'-- Found rclcpp: 16.0.8 (/opt/ros/humble/share/rclcpp/cmake)\n'}
[0.870335] (test_publisher) StdoutLine: {'line': b'-- Found rosidl_generator_c: 3.1.5 (/opt/ros/humble/share/rosidl_generator_c/cmake)\n'}
[0.875202] (test_publisher) StdoutLine: {'line': b'-- Found rosidl_adapter: 3.1.5 (/opt/ros/humble/share/rosidl_adapter/cmake)\n'}
[0.883308] (test_publisher) StdoutLine: {'line': b'-- Found rosidl_generator_cpp: 3.1.5 (/opt/ros/humble/share/rosidl_generator_cpp/cmake)\n'}
[0.894167] (test_custom_publisher) StdoutLine: {'line': b'-- Found rosidl_generator_c: 3.1.5 (/opt/ros/humble/share/rosidl_generator_c/cmake)\n'}
[0.894911] (test_publisher) StdoutLine: {'line': b'-- Using all available rosidl_typesupport_c: rosidl_typesupport_fastrtps_c;rosidl_typesupport_introspection_c\n'}
[0.900745] (test_custom_publisher) StdoutLine: {'line': b'-- Found rosidl_adapter: 3.1.5 (/opt/ros/humble/share/rosidl_adapter/cmake)\n'}
[0.901247] (-) TimerEvent: {}
[0.910112] (test_custom_publisher) StdoutLine: {'line': b'-- Found rosidl_generator_cpp: 3.1.5 (/opt/ros/humble/share/rosidl_generator_cpp/cmake)\n'}
[0.911602] (test_publisher) StdoutLine: {'line': b'-- Using all available rosidl_typesupport_cpp: rosidl_typesupport_fastrtps_cpp;rosidl_typesupport_introspection_cpp\n'}
[0.912470] (test_custom_msg) StdoutLine: {'line': b'-- Found geometry_msgs: 4.2.3 (/opt/ros/humble/share/geometry_msgs/cmake)\n'}
[0.918940] (test_subscriber) StdoutLine: {'line': b'-- Found rclcpp: 16.0.8 (/opt/ros/humble/share/rclcpp/cmake)\n'}
[0.921142] (test_pkg) StdoutLine: {'line': b'-- Found rclcpp: 16.0.8 (/opt/ros/humble/share/rclcpp/cmake)\n'}
[0.922137] (test_custom_publisher) StdoutLine: {'line': b'-- Using all available rosidl_typesupport_c: rosidl_typesupport_fastrtps_c;rosidl_typesupport_introspection_c\n'}
[0.938807] (test_custom_publisher) StdoutLine: {'line': b'-- Using all available rosidl_typesupport_cpp: rosidl_typesupport_fastrtps_cpp;rosidl_typesupport_introspection_cpp\n'}
[0.942870] (test_custom_msg) StdoutLine: {'line': b'-- Found rosidl_generator_c: 3.1.5 (/opt/ros/humble/share/rosidl_generator_c/cmake)\n'}
[0.947082] (test_custom_msg) StdoutLine: {'line': b'-- Found rosidl_adapter: 3.1.5 (/opt/ros/humble/share/rosidl_adapter/cmake)\n'}
[0.953506] (test_subscriber) StdoutLine: {'line': b'-- Found rosidl_generator_c: 3.1.5 (/opt/ros/humble/share/rosidl_generator_c/cmake)\n'}
[0.954163] (test_custom_msg) StdoutLine: {'line': b'-- Found rosidl_generator_cpp: 3.1.5 (/opt/ros/humble/share/rosidl_generator_cpp/cmake)\n'}
[0.957680] (test_subscriber) StdoutLine: {'line': b'-- Found rosidl_adapter: 3.1.5 (/opt/ros/humble/share/rosidl_adapter/cmake)\n'}
[0.964749] (test_subscriber) StdoutLine: {'line': b'-- Found rosidl_generator_cpp: 3.1.5 (/opt/ros/humble/share/rosidl_generator_cpp/cmake)\n'}
[0.965735] (test_custom_msg) StdoutLine: {'line': b'-- Using all available rosidl_typesupport_c: rosidl_typesupport_fastrtps_c;rosidl_typesupport_introspection_c\n'}
[0.976398] (test_pkg) StdoutLine: {'line': b'-- Found rosidl_generator_c: 3.1.5 (/opt/ros/humble/share/rosidl_generator_c/cmake)\n'}
[0.976569] (test_subscriber) StdoutLine: {'line': b'-- Using all available rosidl_typesupport_c: rosidl_typesupport_fastrtps_c;rosidl_typesupport_introspection_c\n'}
[0.982427] (test_custom_msg) StdoutLine: {'line': b'-- Using all available rosidl_typesupport_cpp: rosidl_typesupport_fastrtps_cpp;rosidl_typesupport_introspection_cpp\n'}
[0.983100] (test_pkg) StdoutLine: {'line': b'-- Found rosidl_adapter: 3.1.5 (/opt/ros/humble/share/rosidl_adapter/cmake)\n'}
[0.993216] (test_subscriber) StdoutLine: {'line': b'-- Using all available rosidl_typesupport_cpp: rosidl_typesupport_fastrtps_cpp;rosidl_typesupport_introspection_cpp\n'}
[0.994413] (test_pkg) StdoutLine: {'line': b'-- Found rosidl_generator_cpp: 3.1.5 (/opt/ros/humble/share/rosidl_generator_cpp/cmake)\n'}
[0.999461] (test_custom_publisher) StdoutLine: {'line': b'-- Found rmw_implementation_cmake: 6.1.1 (/opt/ros/humble/share/rmw_implementation_cmake/cmake)\n'}
[1.001329] (-) TimerEvent: {}
[1.001643] (test_custom_publisher) StdoutLine: {'line': b'-- Found rmw_fastrtps_cpp: 6.2.6 (/opt/ros/humble/share/rmw_fastrtps_cpp/cmake)\n'}
[1.010853] (test_publisher) StdoutLine: {'line': b'-- Found rmw_implementation_cmake: 6.1.1 (/opt/ros/humble/share/rmw_implementation_cmake/cmake)\n'}
[1.013809] (test_pkg) StdoutLine: {'line': b'-- Using all available rosidl_typesupport_c: rosidl_typesupport_fastrtps_c;rosidl_typesupport_introspection_c\n'}
[1.014305] (test_publisher) StdoutLine: {'line': b'-- Found rmw_fastrtps_cpp: 6.2.6 (/opt/ros/humble/share/rmw_fastrtps_cpp/cmake)\n'}
[1.041836] (test_pkg) StdoutLine: {'line': b'-- Using all available rosidl_typesupport_cpp: rosidl_typesupport_fastrtps_cpp;rosidl_typesupport_introspection_cpp\n'}
[1.054653] (test_subscriber) StdoutLine: {'line': b'-- Found rmw_implementation_cmake: 6.1.1 (/opt/ros/humble/share/rmw_implementation_cmake/cmake)\n'}
[1.056973] (test_subscriber) StdoutLine: {'line': b'-- Found rmw_fastrtps_cpp: 6.2.6 (/opt/ros/humble/share/rmw_fastrtps_cpp/cmake)\n'}
[1.076869] (test_custom_publisher) StdoutLine: {'line': b'-- Found OpenSSL: /usr/lib/x86_64-linux-gnu/libcrypto.so (found version "3.0.2")  \n'}
[1.090494] (test_custom_msg) StdoutLine: {'line': b'-- Found rosidl_default_generators: 1.2.0 (/opt/ros/humble/share/rosidl_default_generators/cmake)\n'}
[1.098239] (test_custom_publisher) StdoutLine: {'line': b'-- Found FastRTPS: /opt/ros/humble/include  \n'}
[1.099553] (test_custom_msg) StdoutLine: {'line': b'-- Found ament_lint_auto: 0.12.10 (/opt/ros/humble/share/ament_lint_auto/cmake)\n'}
[1.101438] (-) TimerEvent: {}
[1.126556] (test_pkg) StdoutLine: {'line': b'-- Found rmw_implementation_cmake: 6.1.1 (/opt/ros/humble/share/rmw_implementation_cmake/cmake)\n'}
[1.129216] (test_pkg) StdoutLine: {'line': b'-- Found rmw_fastrtps_cpp: 6.2.6 (/opt/ros/humble/share/rmw_fastrtps_cpp/cmake)\n'}
[1.137236] (test_publisher) StdoutLine: {'line': b'-- Found OpenSSL: /usr/lib/x86_64-linux-gnu/libcrypto.so (found version "3.0.2")  \n'}
[1.137608] (test_subscriber) StdoutLine: {'line': b'-- Found OpenSSL: /usr/lib/x86_64-linux-gnu/libcrypto.so (found version "3.0.2")  \n'}
[1.139610] (test_custom_publisher) StdoutLine: {'line': b"-- Using RMW implementation 'rmw_fastrtps_cpp' as default\n"}
[1.147565] (test_custom_publisher) StdoutLine: {'line': b'-- Looking for pthread.h\n'}
[1.159980] (test_subscriber) StdoutLine: {'line': b'-- Found FastRTPS: /opt/ros/humble/include  \n'}
[1.169552] (test_publisher) StdoutLine: {'line': b'-- Found FastRTPS: /opt/ros/humble/include  \n'}
[1.198702] (test_subscriber) StdoutLine: {'line': b"-- Using RMW implementation 'rmw_fastrtps_cpp' as default\n"}
[1.201571] (-) TimerEvent: {}
[1.207401] (test_custom_publisher) StdoutLine: {'line': b'-- Looking for pthread.h - found\n'}
[1.207698] (test_custom_publisher) StdoutLine: {'line': b'-- Performing Test CMAKE_HAVE_LIBC_PTHREAD\n'}
[1.208676] (test_subscriber) StdoutLine: {'line': b'-- Looking for pthread.h\n'}
[1.220876] (test_publisher) StdoutLine: {'line': b"-- Using RMW implementation 'rmw_fastrtps_cpp' as default\n"}
[1.231911] (test_publisher) StdoutLine: {'line': b'-- Looking for pthread.h\n'}
[1.251620] (test_pkg) StdoutLine: {'line': b'-- Found OpenSSL: /usr/lib/x86_64-linux-gnu/libcrypto.so (found version "3.0.2")  \n'}
[1.275052] (test_custom_publisher) StdoutLine: {'line': b'-- Performing Test CMAKE_HAVE_LIBC_PTHREAD - Success\n'}
[1.275931] (test_custom_publisher) StdoutLine: {'line': b'-- Found Threads: TRUE  \n'}
[1.276597] (test_pkg) StdoutLine: {'line': b'-- Found FastRTPS: /opt/ros/humble/include  \n'}
[1.278692] (test_subscriber) StdoutLine: {'line': b'-- Looking for pthread.h - found\n'}
[1.278894] (test_subscriber) StdoutLine: {'line': b'-- Performing Test CMAKE_HAVE_LIBC_PTHREAD\n'}
[1.301671] (-) TimerEvent: {}
[1.315654] (test_publisher) StdoutLine: {'line': b'-- Looking for pthread.h - found\n'}
[1.316044] (test_publisher) StdoutLine: {'line': b'-- Performing Test CMAKE_HAVE_LIBC_PTHREAD\n'}
[1.321189] (test_pkg) StdoutLine: {'line': b"-- Using RMW implementation 'rmw_fastrtps_cpp' as default\n"}
[1.332169] (test_pkg) StdoutLine: {'line': b'-- Looking for pthread.h\n'}
[1.337096] (test_subscriber) StdoutLine: {'line': b'-- Performing Test CMAKE_HAVE_LIBC_PTHREAD - Success\n'}
[1.338008] (test_subscriber) StdoutLine: {'line': b'-- Found Threads: TRUE  \n'}
[1.380387] (test_publisher) StdoutLine: {'line': b'-- Performing Test CMAKE_HAVE_LIBC_PTHREAD - Success\n'}
[1.381617] (test_publisher) StdoutLine: {'line': b'-- Found Threads: TRUE  \n'}
[1.390720] (test_custom_msg) StdoutLine: {'line': b'-- Found ament_cmake_ros: 0.10.0 (/opt/ros/humble/share/ament_cmake_ros/cmake)\n'}
[1.401457] (test_pkg) StdoutLine: {'line': b'-- Looking for pthread.h - found\n'}
[1.401777] (test_pkg) StdoutLine: {'line': b'-- Performing Test CMAKE_HAVE_LIBC_PTHREAD\n'}
[1.401882] (-) TimerEvent: {}
[1.456849] (test_pkg) StdoutLine: {'line': b'-- Performing Test CMAKE_HAVE_LIBC_PTHREAD - Success\n'}
[1.457704] (test_pkg) StdoutLine: {'line': b'-- Found Threads: TRUE  \n'}
[1.460527] (test_custom_publisher) StdoutLine: {'line': b'-- Found test_custom_msg: 0.0.0 (/home/robot33-6/student133_ws/install/test_custom_msg/share/test_custom_msg/cmake)\n'}
[1.501991] (-) TimerEvent: {}
[1.560273] (test_subscriber) StdoutLine: {'line': b'-- Found ament_lint_auto: 0.12.10 (/opt/ros/humble/share/ament_lint_auto/cmake)\n'}
[1.591948] (test_custom_publisher) StdoutLine: {'line': b'-- Found ament_lint_auto: 0.12.10 (/opt/ros/humble/share/ament_lint_auto/cmake)\n'}
[1.599053] (test_publisher) StdoutLine: {'line': b'-- Found ament_lint_auto: 0.12.10 (/opt/ros/humble/share/ament_lint_auto/cmake)\n'}
[1.601047] (test_pkg) StdoutLine: {'line': b'-- Found ament_lint_auto: 0.12.10 (/opt/ros/humble/share/ament_lint_auto/cmake)\n'}
[1.602076] (-) TimerEvent: {}
[1.659765] (test_subscriber) StdoutLine: {'line': b"-- Added test 'cppcheck' to perform static code analysis on C / C++ code\n"}
[1.660494] (test_subscriber) StdoutLine: {'line': b'-- Configured cppcheck include dirs: \n'}
[1.660674] (test_subscriber) StdoutLine: {'line': b'-- Configured cppcheck exclude dirs and/or files: \n'}
[1.661662] (test_subscriber) StdoutLine: {'line': b"-- Added test 'lint_cmake' to check CMake code style\n"}
[1.663126] (test_subscriber) StdoutLine: {'line': b"-- Added test 'uncrustify' to check C / C++ code style\n"}
[1.663348] (test_subscriber) StdoutLine: {'line': b'-- Configured uncrustify additional arguments: \n'}
[1.663986] (test_subscriber) StdoutLine: {'line': b"-- Added test 'xmllint' to check XML markup files\n"}
[1.665546] (test_subscriber) StdoutLine: {'line': b'-- Configuring done\n'}
[1.679868] (test_subscriber) StdoutLine: {'line': b'-- Generating done\n'}
[1.681144] (test_subscriber) StdoutLine: {'line': b'-- Build files have been written to: /home/robot33-6/student133_ws/build/test_subscriber\n'}
[1.682904] (test_pkg) StdoutLine: {'line': b"-- Added test 'cppcheck' to perform static code analysis on C / C++ code\n"}
[1.683490] (test_pkg) StdoutLine: {'line': b'-- Configured cppcheck include dirs: \n'}
[1.683620] (test_pkg) StdoutLine: {'line': b'-- Configured cppcheck exclude dirs and/or files: \n'}
[1.684376] (test_pkg) StdoutLine: {'line': b"-- Added test 'lint_cmake' to check CMake code style\n"}
[1.685233] (test_pkg) StdoutLine: {'line': b"-- Added test 'uncrustify' to check C / C++ code style\n"}
[1.685349] (test_pkg) StdoutLine: {'line': b'-- Configured uncrustify additional arguments: \n'}
[1.685702] (test_pkg) StdoutLine: {'line': b"-- Added test 'xmllint' to check XML markup files\n"}
[1.687019] (test_custom_publisher) StderrLine: {'line': b'CMake Error at /opt/ros/humble/share/ament_cmake_target_dependencies/cmake/ament_target_dependencies.cmake:77 (message):\n'}
[1.687214] (test_custom_publisher) StderrLine: {'line': b"  ament_target_dependencies() the passed package name 'test_custom_publisher'\n"}
[1.687308] (test_custom_publisher) StderrLine: {'line': b'  was not found before\n'}
[1.687392] (test_custom_publisher) StderrLine: {'line': b'Call Stack (most recent call first):\n'}
[1.687469] (test_custom_publisher) StderrLine: {'line': b'  CMakeLists.txt:29 (ament_target_dependencies)\n'}
[1.687544] (test_custom_publisher) StderrLine: {'line': b'\n'}
[1.687619] (test_custom_publisher) StderrLine: {'line': b'\n'}
[1.687694] (test_pkg) StdoutLine: {'line': b'-- Configuring done\n'}
[1.687780] (test_custom_publisher) StdoutLine: {'line': b'-- Configuring incomplete, errors occurred!\n'}
[1.687859] (test_custom_publisher) StdoutLine: {'line': b'See also "/home/robot33-6/student133_ws/build/test_custom_publisher/CMakeFiles/CMakeOutput.log".\n'}
[1.690128] (test_subscriber) CommandEnded: {'returncode': 0}
[1.691603] (test_subscriber) JobProgress: {'identifier': 'test_subscriber', 'progress': 'build'}
[1.691659] (test_subscriber) Command: {'cmd': ['/usr/bin/cmake', '--build', '/home/robot33-6/student133_ws/build/test_subscriber', '--', '-j8', '-l8'], 'cwd': '/home/robot33-6/student133_ws/build/test_subscriber', 'env': OrderedDict([('GJS_DEBUG_TOPICS', 'JS ERROR;JS LOG'), ('LC_TIME', 'ru_RU.UTF-8'), ('SNAP_COMMON', '/var/snap/qtcreator-ros/common'), ('SNAP_INSTANCE_KEY', ''), ('USER', 'robot33-6'), ('XDG_SESSION_TYPE', 'wayland'), ('LD_LIBRARY_PATH', '/home/robot33-6/student133_ws/install/test_custom_msg/lib:/opt/ros/humble/opt/rviz_ogre_vendor/lib:/opt/ros/humble/lib/x86_64-linux-gnu:/opt/ros/humble/lib:/snap/qtcreator-ros/107/lib:/snap/qtcreator-ros/107/usr/lib/x86_64-linux-gnu'), ('SHLVL', '81'), ('SNAP_UID', '1000'), ('HOME', '/home/robot33-6'), ('SNAP_LIBRARY_PATH', '/var/lib/snapd/lib/gl:/var/lib/snapd/lib/gl32:/var/lib/snapd/void'), ('DESKTOP_SESSION', 'ubuntu'), ('QTDIR', '/usr/lib/x86_64-linux-gnu/qt5'), ('SNAP_USER_DATA', '/home/robot33-6/snap/qtcreator-ros/107'), ('GIO_LAUNCHED_DESKTOP_FILE', '/var/lib/snapd/desktop/applications/qtcreator-ros_qtcreator-ros.desktop'), ('GNOME_SHELL_SESSION_MODE', 'ubuntu'), ('GTK_MODULES', 'gail:atk-bridge'), ('ROS_PYTHON_VERSION', '3'), ('LC_MONETARY', 'ru_RU.UTF-8'), ('MANAGERPID', '1390'), ('DBUS_SESSION_BUS_ADDRESS', 'unix:path=/run/user/1000/bus'), ('SYSTEMD_EXEC_PID', '1574'), ('GIO_LAUNCHED_DESKTOP_FILE_PID', '5279'), ('SNAP_REVISION', '107'), ('COLCON_PREFIX_PATH', '/home/robot33-6/student133_ws/install'), ('IM_CONFIG_PHASE', '1'), ('ROS_DISTRO', 'humble'), ('WAYLAND_DISPLAY', 'wayland-0'), ('LOGNAME', 'robot33-6'), ('JOURNAL_STREAM', '8:28886'), ('SNAP_CONTEXT', 'zfxwyVEa0dSM0vT388UHnSyWy-Mv84K8RE-CWR0OLT2wc9JrOksa'), ('_', '/usr/bin/env'), ('ROS_VERSION', '2'), ('SNAP_VERSION', '12.0.2'), ('XDG_SESSION_CLASS', 'user'), ('TERM', 'xterm'), ('USERNAME', 'robot33-6'), ('GNOME_DESKTOP_SESSION_ID', 'this-is-deprecated'), ('ROS_LOCALHOST_ONLY', '0'), ('SNAP_INSTANCE_NAME', 'qtcreator-ros'), ('PATH', '/opt/ros/humble/bin:/usr/local/sbin:/usr/local/bin:/usr/sbin:/usr/bin:/sbin:/bin:/usr/games:/usr/local/games:/snap/bin:/snap/bin'), ('INVOCATION_ID', 'deb91556666a4284a581748db063de8e'), ('SESSION_MANAGER', 'local/robot33-6:@/tmp/.ICE-unix/1544,unix/robot33-6:/tmp/.ICE-unix/1544'), ('BAMF_DESKTOP_FILE_HINT', '/var/lib/snapd/desktop/applications/qtcreator-ros_qtcreator-ros.desktop'), ('GNOME_SETUP_DISPLAY', ':1'), ('LC_ADDRESS', 'ru_RU.UTF-8'), ('SNAP_DATA', '/var/snap/qtcreator-ros/107'), ('XDG_MENU_PREFIX', 'gnome-'), ('XDG_RUNTIME_DIR', '/run/user/1000'), ('DISPLAY', ':0'), ('LANG', 'en_US.UTF-8'), ('LC_TELEPHONE', 'ru_RU.UTF-8'), ('XDG_CURRENT_DESKTOP', 'ubuntu:GNOME'), ('XAUTHORITY', '/run/user/1000/.mutter-Xwaylandauth.NSDUJ2'), ('XDG_SESSION_DESKTOP', 'ubuntu'), ('XMODIFIERS', '@im=ibus'), ('AMENT_PREFIX_PATH', '/home/robot33-6/student133_ws/install/test_castom_publisher:/home/robot33-6/student133_ws/install/test_custom_msg:/home/robot33-6/student133_ws/install/test_subscriber:/home/robot33-6/student133_ws/install/test_publisher:/home/robot33-6/student133_ws/install/test_pkg:/opt/ros/humble'), ('SNAP_ARCH', 'amd64'), ('SNAP_COOKIE', 'zfxwyVEa0dSM0vT388UHnSyWy-Mv84K8RE-CWR0OLT2wc9JrOksa'), ('SNAP_USER_COMMON', '/home/robot33-6/snap/qtcreator-ros/common'), ('SSH_AGENT_LAUNCHER', 'gnome-keyring'), ('SSH_AUTH_SOCK', '/run/user/1000/keyring/ssh'), ('LC_NAME', 'ru_RU.UTF-8'), ('SHELL', '/bin/bash'), ('GDMSESSION', 'ubuntu'), ('QT_ACCESSIBILITY', '1'), ('SNAP_REEXEC', ''), ('SNAP_NAME', 'qtcreator-ros'), ('LC_MEASUREMENT', 'ru_RU.UTF-8'), ('GJS_DEBUG_OUTPUT', 'stderr'), ('LC_IDENTIFICATION', 'ru_RU.UTF-8'), ('QT_IM_MODULE', 'ibus'), ('PWD', '/home/robot33-6/student133_ws/build/test_subscriber'), ('QT_QPA_PLATFORM', 'wayland;xcb'), ('SNAP_REAL_HOME', '/home/robot33-6'), ('XDG_CONFIG_DIRS', '/etc/xdg/xdg-ubuntu:/etc/xdg'), ('XDG_DATA_DIRS', '/usr/share/ubuntu:/usr/local/share/:/usr/share/:/var/lib/snapd/desktop'), ('LC_NUMERIC', 'ru_RU.UTF-8'), ('PYTHONPATH', '/home/robot33-6/student133_ws/install/test_custom_msg/local/lib/python3.10/dist-packages:/opt/ros/humble/lib/python3.10/site-packages:/opt/ros/humble/local/lib/python3.10/dist-packages'), ('SNAP', '/snap/qtcreator-ros/107'), ('SNAP_EUID', '1000'), ('LC_PAPER', 'ru_RU.UTF-8'), ('COLCON', '1'), ('CMAKE_PREFIX_PATH', '/home/robot33-6/student133_ws/install/test_castom_publisher:/home/robot33-6/student133_ws/install/test_custom_msg:/home/robot33-6/student133_ws/install/test_subscriber:/home/robot33-6/student133_ws/install/test_publisher:/home/robot33-6/student133_ws/install/test_pkg:/opt/ros/humble'), ('LIBGL_DRIVERS_PATH', '/snap/qtcreator-ros/107/usr/lib/x86_64-linux-gnu/dri')]), 'shell': False}
[1.693267] (test_publisher) StdoutLine: {'line': b"-- Added test 'cppcheck' to perform static code analysis on C / C++ code\n"}
[1.693457] (test_publisher) StdoutLine: {'line': b'-- Configured cppcheck include dirs: \n'}
[1.693560] (test_publisher) StdoutLine: {'line': b'-- Configured cppcheck exclude dirs and/or files: \n'}
[1.693648] (test_publisher) StdoutLine: {'line': b"-- Added test 'lint_cmake' to check CMake code style\n"}
[1.693730] (test_publisher) StdoutLine: {'line': b"-- Added test 'uncrustify' to check C / C++ code style\n"}
[1.693807] (test_publisher) StdoutLine: {'line': b'-- Configured uncrustify additional arguments: \n'}
[1.693882] (test_publisher) StdoutLine: {'line': b"-- Added test 'xmllint' to check XML markup files\n"}
[1.694358] (test_publisher) StdoutLine: {'line': b'-- Configuring done\n'}
[1.699155] (test_custom_publisher) CommandEnded: {'returncode': 1}
[1.701804] (test_pkg) StdoutLine: {'line': b'-- Generating done\n'}
[1.702149] (-) TimerEvent: {}
[1.703168] (test_pkg) StdoutLine: {'line': b'-- Build files have been written to: /home/robot33-6/student133_ws/build/test_pkg\n'}
[1.708906] (test_publisher) StdoutLine: {'line': b'-- Generating done\n'}
[1.711324] (test_publisher) StdoutLine: {'line': b'-- Build files have been written to: /home/robot33-6/student133_ws/build/test_publisher\n'}
[1.745096] (test_custom_publisher) JobEnded: {'identifier': 'test_custom_publisher', 'rc': 1}
[1.745766] (test_subscriber) StdoutLine: {'line': b'[ 50%] Building CXX object CMakeFiles/test_subscriber_node.dir/src/test_subscriber_node.cpp.o\n'}
[1.745856] (test_pkg) JobEnded: {'identifier': 'test_pkg', 'rc': 'SIGINT'}
[1.746044] (test_publisher) JobEnded: {'identifier': 'test_publisher', 'rc': 'SIGINT'}
[1.802266] (-) TimerEvent: {}
[1.814323] (test_custom_msg) StdoutLine: {'line': b'-- Using all available rosidl_typesupport_c: rosidl_typesupport_fastrtps_c;rosidl_typesupport_introspection_c\n'}
[1.902383] (-) TimerEvent: {}
[1.940955] (test_custom_msg) StdoutLine: {'line': b'-- Using all available rosidl_typesupport_cpp: rosidl_typesupport_fastrtps_cpp;rosidl_typesupport_introspection_cpp\n'}
[1.958902] (test_custom_msg) StdoutLine: {'line': b'-- Found PythonInterp: /usr/bin/python3 (found suitable version "3.10.12", minimum required is "3.6") \n'}
[1.960120] (test_custom_msg) StdoutLine: {'line': b'-- Found python_cmake_module: 0.10.0 (/opt/ros/humble/share/python_cmake_module/cmake)\n'}
[1.980380] (test_custom_msg) StdoutLine: {'line': b'-- Found PythonLibs: /usr/lib/x86_64-linux-gnu/libpython3.10.so (found suitable version "3.10.12", minimum required is "3.5") \n'}
[1.980514] (test_custom_msg) StdoutLine: {'line': b'-- Using PYTHON_EXECUTABLE: /usr/bin/python3\n'}
[1.980566] (test_custom_msg) StdoutLine: {'line': b'-- Using PYTHON_INCLUDE_DIRS: /usr/include/python3.10\n'}
[1.980613] (test_custom_msg) StdoutLine: {'line': b'-- Using PYTHON_LIBRARIES: /usr/lib/x86_64-linux-gnu/libpython3.10.so\n'}
[1.997569] (test_custom_msg) StdoutLine: {'line': b'-- Found PythonExtra: .so  \n'}
[2.002495] (-) TimerEvent: {}
[2.047539] (test_custom_msg) StdoutLine: {'line': b"-- Added test 'lint_cmake' to check CMake code style\n"}
[2.048496] (test_custom_msg) StdoutLine: {'line': b"-- Added test 'xmllint' to check XML markup files\n"}
[2.052261] (test_custom_msg) StdoutLine: {'line': b'-- Configuring done\n'}
[2.085568] (test_custom_msg) StdoutLine: {'line': b'-- Generating done\n'}
[2.087786] (test_custom_msg) StdoutLine: {'line': b'-- Build files have been written to: /home/robot33-6/student133_ws/build/test_custom_msg\n'}
[2.095828] (test_custom_msg) JobEnded: {'identifier': 'test_custom_msg', 'rc': 'SIGINT'}
[2.102578] (-) TimerEvent: {}
[2.202809] (-) TimerEvent: {}
[2.303032] (-) TimerEvent: {}
[2.403268] (-) TimerEvent: {}
[2.503491] (-) TimerEvent: {}
[2.603719] (-) TimerEvent: {}
[2.703935] (-) TimerEvent: {}
[2.804151] (-) TimerEvent: {}
[2.904362] (-) TimerEvent: {}
[3.004583] (-) TimerEvent: {}
[3.104807] (-) TimerEvent: {}
[3.205024] (-) TimerEvent: {}
[3.305244] (-) TimerEvent: {}
[3.405466] (-) TimerEvent: {}
[3.505694] (-) TimerEvent: {}
[3.605908] (-) TimerEvent: {}
[3.706125] (-) TimerEvent: {}
[3.806338] (-) TimerEvent: {}
[3.906538] (-) TimerEvent: {}
[4.006732] (-) TimerEvent: {}
[4.106950] (-) TimerEvent: {}
[4.207179] (-) TimerEvent: {}
[4.307392] (-) TimerEvent: {}
[4.407636] (-) TimerEvent: {}
[4.507847] (-) TimerEvent: {}
[4.608057] (-) TimerEvent: {}
[4.708264] (-) TimerEvent: {}
[4.808512] (-) TimerEvent: {}
[4.908734] (-) TimerEvent: {}
[5.008959] (-) TimerEvent: {}
[5.109183] (-) TimerEvent: {}
[5.209402] (-) TimerEvent: {}
[5.309616] (-) TimerEvent: {}
[5.409834] (-) TimerEvent: {}
[5.510059] (-) TimerEvent: {}
[5.610292] (-) TimerEvent: {}
[5.710538] (-) TimerEvent: {}
[5.810781] (-) TimerEvent: {}
[5.911033] (-) TimerEvent: {}
[6.011266] (-) TimerEvent: {}
[6.111488] (-) TimerEvent: {}
[6.211784] (-) TimerEvent: {}
[6.312086] (-) TimerEvent: {}
[6.412328] (-) TimerEvent: {}
[6.512553] (-) TimerEvent: {}
[6.612784] (-) TimerEvent: {}
[6.713016] (-) TimerEvent: {}
[6.813244] (-) TimerEvent: {}
[6.913467] (-) TimerEvent: {}
[7.013684] (-) TimerEvent: {}
[7.113906] (-) TimerEvent: {}
[7.214154] (-) TimerEvent: {}
[7.314379] (-) TimerEvent: {}
[7.414608] (-) TimerEvent: {}
[7.514802] (-) TimerEvent: {}
[7.615016] (-) TimerEvent: {}
[7.715233] (-) TimerEvent: {}
[7.815448] (-) TimerEvent: {}
[7.915666] (-) TimerEvent: {}
[8.015933] (-) TimerEvent: {}
[8.116156] (-) TimerEvent: {}
[8.216378] (-) TimerEvent: {}
[8.316600] (-) TimerEvent: {}
[8.416824] (-) TimerEvent: {}
[8.517074] (-) TimerEvent: {}
[8.617382] (-) TimerEvent: {}
[8.717648] (-) TimerEvent: {}
[8.817863] (-) TimerEvent: {}
[8.918102] (-) TimerEvent: {}
[9.018328] (-) TimerEvent: {}
[9.118550] (-) TimerEvent: {}
[9.218780] (-) TimerEvent: {}
[9.319024] (-) TimerEvent: {}
[9.347790] (test_subscriber) StdoutLine: {'line': b'[100%] Linking CXX executable test_subscriber_node\n'}
[9.419141] (-) TimerEvent: {}
[9.519398] (-) TimerEvent: {}
[9.619613] (-) TimerEvent: {}
[9.682402] (test_subscriber) StdoutLine: {'line': b'[100%] Built target test_subscriber_node\n'}
[9.689943] (test_subscriber) JobEnded: {'identifier': 'test_subscriber', 'rc': 'SIGINT'}
[9.700423] (-) EventReactorShutdown: {}
