[0.032s] Invoking command in '/home/robot33-6/student133_ws/build/custom_counter': CMAKE_PREFIX_PATH=${CMAKE_PREFIX_PATH}:/opt/ros/humble /usr/bin/cmake --build /home/robot33-6/student133_ws/build/custom_counter -- -j8 -l8
[0.089s] Consolidate compiler generated dependencies of target custom_counter_node
[0.114s] [ 50%] Building CXX object CMakeFiles/custom_counter_node.dir/src/custom_counter_node.cpp.o
[8.271s] [100%] Linking CXX executable custom_counter_node
[8.603s] [100%] Built target custom_counter_node
[8.611s] Invoked command in '/home/robot33-6/student133_ws/build/custom_counter' returned '0': CMAKE_PREFIX_PATH=${CMAKE_PREFIX_PATH}:/opt/ros/humble /usr/bin/cmake --build /home/robot33-6/student133_ws/build/custom_counter -- -j8 -l8
[8.629s] Invoking command in '/home/robot33-6/student133_ws/build/custom_counter': CMAKE_PREFIX_PATH=${CMAKE_PREFIX_PATH}:/opt/ros/humble /usr/bin/cmake --install /home/robot33-6/student133_ws/build/custom_counter
[8.634s] -- Install configuration: "Debug"
[8.634s] -- Installing: /home/robot33-6/student133_ws/install/custom_counter/lib/custom_counter/custom_counter_node
[8.642s] -- Set runtime path of "/home/robot33-6/student133_ws/install/custom_counter/lib/custom_counter/custom_counter_node" to ""
[8.642s] -- Up-to-date: /home/robot33-6/student133_ws/install/custom_counter/share/ament_index/resource_index/package_run_dependencies/custom_counter
[8.642s] -- Up-to-date: /home/robot33-6/student133_ws/install/custom_counter/share/ament_index/resource_index/parent_prefix_path/custom_counter
[8.642s] -- Up-to-date: /home/robot33-6/student133_ws/install/custom_counter/share/custom_counter/environment/ament_prefix_path.sh
[8.642s] -- Up-to-date: /home/robot33-6/student133_ws/install/custom_counter/share/custom_counter/environment/ament_prefix_path.dsv
[8.642s] -- Up-to-date: /home/robot33-6/student133_ws/install/custom_counter/share/custom_counter/environment/path.sh
[8.642s] -- Up-to-date: /home/robot33-6/student133_ws/install/custom_counter/share/custom_counter/environment/path.dsv
[8.642s] -- Up-to-date: /home/robot33-6/student133_ws/install/custom_counter/share/custom_counter/local_setup.bash
[8.642s] -- Up-to-date: /home/robot33-6/student133_ws/install/custom_counter/share/custom_counter/local_setup.sh
[8.643s] -- Up-to-date: /home/robot33-6/student133_ws/install/custom_counter/share/custom_counter/local_setup.zsh
[8.643s] -- Up-to-date: /home/robot33-6/student133_ws/install/custom_counter/share/custom_counter/local_setup.dsv
[8.643s] -- Installing: /home/robot33-6/student133_ws/install/custom_counter/share/custom_counter/package.dsv
[8.643s] -- Up-to-date: /home/robot33-6/student133_ws/install/custom_counter/share/ament_index/resource_index/packages/custom_counter
[8.643s] -- Up-to-date: /home/robot33-6/student133_ws/install/custom_counter/share/custom_counter/cmake/custom_counterConfig.cmake
[8.643s] -- Up-to-date: /home/robot33-6/student133_ws/install/custom_counter/share/custom_counter/cmake/custom_counterConfig-version.cmake
[8.643s] -- Up-to-date: /home/robot33-6/student133_ws/install/custom_counter/share/custom_counter/package.xml
[8.644s] Invoked command in '/home/robot33-6/student133_ws/build/custom_counter' returned '0': CMAKE_PREFIX_PATH=${CMAKE_PREFIX_PATH}:/opt/ros/humble /usr/bin/cmake --install /home/robot33-6/student133_ws/build/custom_counter
