[0.077s] Invoking command in '/home/eragon/student133_ws/build/image_pub': CMAKE_PREFIX_PATH=${CMAKE_PREFIX_PATH}:/opt/ros/humble /usr/bin/cmake --build /home/eragon/student133_ws/build/image_pub -- -j8 -l8
[0.182s] Consolidate compiler generated dependencies of target image_pub_node
[0.267s] [ 50%] Building CXX object CMakeFiles/image_pub_node.dir/src/image_pub_node.cpp.o
[7.644s] [100%] Linking CXX executable image_pub_node
[8.136s] [100%] Built target image_pub_node
[8.153s] Invoked command in '/home/eragon/student133_ws/build/image_pub' returned '0': CMAKE_PREFIX_PATH=${CMAKE_PREFIX_PATH}:/opt/ros/humble /usr/bin/cmake --build /home/eragon/student133_ws/build/image_pub -- -j8 -l8
[8.155s] Invoking command in '/home/eragon/student133_ws/build/image_pub': CMAKE_PREFIX_PATH=${CMAKE_PREFIX_PATH}:/opt/ros/humble /usr/bin/cmake --install /home/eragon/student133_ws/build/image_pub
[8.165s] -- Install configuration: "Debug"
[8.165s] -- Installing: /home/eragon/student133_ws/install/image_pub/lib/image_pub/image_pub_node
[8.168s] -- Set runtime path of "/home/eragon/student133_ws/install/image_pub/lib/image_pub/image_pub_node" to ""
[8.168s] -- Up-to-date: /home/eragon/student133_ws/install/image_pub/share/ament_index/resource_index/package_run_dependencies/image_pub
[8.169s] -- Up-to-date: /home/eragon/student133_ws/install/image_pub/share/ament_index/resource_index/parent_prefix_path/image_pub
[8.169s] -- Up-to-date: /home/eragon/student133_ws/install/image_pub/share/image_pub/environment/ament_prefix_path.sh
[8.169s] -- Up-to-date: /home/eragon/student133_ws/install/image_pub/share/image_pub/environment/ament_prefix_path.dsv
[8.169s] -- Up-to-date: /home/eragon/student133_ws/install/image_pub/share/image_pub/environment/path.sh
[8.169s] -- Up-to-date: /home/eragon/student133_ws/install/image_pub/share/image_pub/environment/path.dsv
[8.169s] -- Up-to-date: /home/eragon/student133_ws/install/image_pub/share/image_pub/local_setup.bash
[8.170s] -- Up-to-date: /home/eragon/student133_ws/install/image_pub/share/image_pub/local_setup.sh
[8.170s] -- Up-to-date: /home/eragon/student133_ws/install/image_pub/share/image_pub/local_setup.zsh
[8.170s] -- Up-to-date: /home/eragon/student133_ws/install/image_pub/share/image_pub/local_setup.dsv
[8.171s] -- Installing: /home/eragon/student133_ws/install/image_pub/share/image_pub/package.dsv
[8.171s] -- Up-to-date: /home/eragon/student133_ws/install/image_pub/share/ament_index/resource_index/packages/image_pub
[8.172s] -- Up-to-date: /home/eragon/student133_ws/install/image_pub/share/image_pub/cmake/image_pubConfig.cmake
[8.173s] -- Up-to-date: /home/eragon/student133_ws/install/image_pub/share/image_pub/cmake/image_pubConfig-version.cmake
[8.173s] -- Up-to-date: /home/eragon/student133_ws/install/image_pub/share/image_pub/package.xml
[8.173s] Invoked command in '/home/eragon/student133_ws/build/image_pub' returned '0': CMAKE_PREFIX_PATH=${CMAKE_PREFIX_PATH}:/opt/ros/humble /usr/bin/cmake --install /home/eragon/student133_ws/build/image_pub
