[0.098s] Invoking command in '/home/eragon/student133_ws/build/l2_image_detector': CMAKE_PREFIX_PATH=${CMAKE_PREFIX_PATH}:/opt/ros/humble /usr/bin/cmake --build /home/eragon/student133_ws/build/l2_image_detector -- -j8 -l8
[0.311s] [ 50%] Building CXX object CMakeFiles/l2_image_detector_node.dir/src/l2_image_detector_node.cpp.o
[13.472s] [100%] Linking CXX executable l2_image_detector_node
[14.315s] [100%] Built target l2_image_detector_node
[14.337s] Invoked command in '/home/eragon/student133_ws/build/l2_image_detector' returned '0': CMAKE_PREFIX_PATH=${CMAKE_PREFIX_PATH}:/opt/ros/humble /usr/bin/cmake --build /home/eragon/student133_ws/build/l2_image_detector -- -j8 -l8
[14.341s] Invoking command in '/home/eragon/student133_ws/build/l2_image_detector': CMAKE_PREFIX_PATH=${CMAKE_PREFIX_PATH}:/opt/ros/humble /usr/bin/cmake --install /home/eragon/student133_ws/build/l2_image_detector
[14.355s] -- Install configuration: "Debug"
[14.356s] -- Installing: /home/eragon/student133_ws/install/l2_image_detector/lib/l2_image_detector/l2_image_detector_node
[14.365s] -- Set runtime path of "/home/eragon/student133_ws/install/l2_image_detector/lib/l2_image_detector/l2_image_detector_node" to ""
[14.365s] -- Up-to-date: /home/eragon/student133_ws/install/l2_image_detector/share/l2_image_detector/launch
[14.366s] -- Up-to-date: /home/eragon/student133_ws/install/l2_image_detector/share/l2_image_detector/launch/image_launch.py
[14.366s] -- Up-to-date: /home/eragon/student133_ws/install/l2_image_detector/share/ament_index/resource_index/package_run_dependencies/l2_image_detector
[14.366s] -- Up-to-date: /home/eragon/student133_ws/install/l2_image_detector/share/ament_index/resource_index/parent_prefix_path/l2_image_detector
[14.366s] -- Up-to-date: /home/eragon/student133_ws/install/l2_image_detector/share/l2_image_detector/environment/ament_prefix_path.sh
[14.366s] -- Up-to-date: /home/eragon/student133_ws/install/l2_image_detector/share/l2_image_detector/environment/ament_prefix_path.dsv
[14.366s] -- Up-to-date: /home/eragon/student133_ws/install/l2_image_detector/share/l2_image_detector/environment/path.sh
[14.367s] -- Up-to-date: /home/eragon/student133_ws/install/l2_image_detector/share/l2_image_detector/environment/path.dsv
[14.367s] -- Up-to-date: /home/eragon/student133_ws/install/l2_image_detector/share/l2_image_detector/local_setup.bash
[14.367s] -- Up-to-date: /home/eragon/student133_ws/install/l2_image_detector/share/l2_image_detector/local_setup.sh
[14.367s] -- Up-to-date: /home/eragon/student133_ws/install/l2_image_detector/share/l2_image_detector/local_setup.zsh
[14.367s] -- Up-to-date: /home/eragon/student133_ws/install/l2_image_detector/share/l2_image_detector/local_setup.dsv
[14.368s] -- Installing: /home/eragon/student133_ws/install/l2_image_detector/share/l2_image_detector/package.dsv
[14.368s] -- Up-to-date: /home/eragon/student133_ws/install/l2_image_detector/share/ament_index/resource_index/packages/l2_image_detector
[14.369s] -- Up-to-date: /home/eragon/student133_ws/install/l2_image_detector/share/l2_image_detector/cmake/l2_image_detectorConfig.cmake
[14.370s] -- Up-to-date: /home/eragon/student133_ws/install/l2_image_detector/share/l2_image_detector/cmake/l2_image_detectorConfig-version.cmake
[14.371s] -- Up-to-date: /home/eragon/student133_ws/install/l2_image_detector/share/l2_image_detector/package.xml
[14.372s] Invoked command in '/home/eragon/student133_ws/build/l2_image_detector' returned '0': CMAKE_PREFIX_PATH=${CMAKE_PREFIX_PATH}:/opt/ros/humble /usr/bin/cmake --install /home/eragon/student133_ws/build/l2_image_detector
