[0.075s] Invoking command in '/home/eragon/student133_ws/build/image_pub': CMAKE_PREFIX_PATH=${CMAKE_PREFIX_PATH}:/opt/ros/humble /usr/bin/cmake --build /home/eragon/student133_ws/build/image_pub -- -j8 -l8
[0.213s] Consolidate compiler generated dependencies of target image_pub_node
[0.272s] [100%] Built target image_pub_node
[0.363s] Invoked command in '/home/eragon/student133_ws/build/image_pub' returned '0': CMAKE_PREFIX_PATH=${CMAKE_PREFIX_PATH}:/opt/ros/humble /usr/bin/cmake --build /home/eragon/student133_ws/build/image_pub -- -j8 -l8
[0.365s] Invoking command in '/home/eragon/student133_ws/build/image_pub': CMAKE_PREFIX_PATH=${CMAKE_PREFIX_PATH}:/opt/ros/humble /usr/bin/cmake --install /home/eragon/student133_ws/build/image_pub
[0.402s] -- Install configuration: "Debug"
[0.402s] -- Up-to-date: /home/eragon/student133_ws/install/image_pub/lib/image_pub/image_pub_node
[0.402s] -- Up-to-date: /home/eragon/student133_ws/install/image_pub/share/ament_index/resource_index/package_run_dependencies/image_pub
[0.402s] -- Up-to-date: /home/eragon/student133_ws/install/image_pub/share/ament_index/resource_index/parent_prefix_path/image_pub
[0.402s] -- Up-to-date: /home/eragon/student133_ws/install/image_pub/share/image_pub/environment/ament_prefix_path.sh
[0.402s] -- Up-to-date: /home/eragon/student133_ws/install/image_pub/share/image_pub/environment/ament_prefix_path.dsv
[0.403s] -- Up-to-date: /home/eragon/student133_ws/install/image_pub/share/image_pub/environment/path.sh
[0.404s] -- Up-to-date: /home/eragon/student133_ws/install/image_pub/share/image_pub/environment/path.dsv
[0.405s] -- Up-to-date: /home/eragon/student133_ws/install/image_pub/share/image_pub/local_setup.bash
[0.406s] -- Up-to-date: /home/eragon/student133_ws/install/image_pub/share/image_pub/local_setup.sh
[0.406s] -- Up-to-date: /home/eragon/student133_ws/install/image_pub/share/image_pub/local_setup.zsh
[0.406s] -- Up-to-date: /home/eragon/student133_ws/install/image_pub/share/image_pub/local_setup.dsv
[0.406s] -- Installing: /home/eragon/student133_ws/install/image_pub/share/image_pub/package.dsv
[0.406s] -- Up-to-date: /home/eragon/student133_ws/install/image_pub/share/ament_index/resource_index/packages/image_pub
[0.406s] -- Up-to-date: /home/eragon/student133_ws/install/image_pub/share/image_pub/cmake/image_pubConfig.cmake
[0.406s] -- Up-to-date: /home/eragon/student133_ws/install/image_pub/share/image_pub/cmake/image_pubConfig-version.cmake
[0.406s] -- Up-to-date: /home/eragon/student133_ws/install/image_pub/share/image_pub/package.xml
[0.422s] Invoked command in '/home/eragon/student133_ws/build/image_pub' returned '0': CMAKE_PREFIX_PATH=${CMAKE_PREFIX_PATH}:/opt/ros/humble /usr/bin/cmake --install /home/eragon/student133_ws/build/image_pub
