[0.086s] Invoking command in '/home/eragon/student133_ws/build/circle_detector': CMAKE_PREFIX_PATH=${CMAKE_PREFIX_PATH}:/opt/ros/humble /usr/bin/cmake --build /home/eragon/student133_ws/build/circle_detector -- -j8 -l8
[0.247s] [ 50%] Building CXX object CMakeFiles/circle_detector_node.dir/src/circle_detector_node.cpp.o
[17.528s] [100%] Linking CXX executable circle_detector_node
[18.578s] [100%] Built target circle_detector_node
[18.596s] Invoked command in '/home/eragon/student133_ws/build/circle_detector' returned '0': CMAKE_PREFIX_PATH=${CMAKE_PREFIX_PATH}:/opt/ros/humble /usr/bin/cmake --build /home/eragon/student133_ws/build/circle_detector -- -j8 -l8
[18.598s] Invoking command in '/home/eragon/student133_ws/build/circle_detector': CMAKE_PREFIX_PATH=${CMAKE_PREFIX_PATH}:/opt/ros/humble /usr/bin/cmake --install /home/eragon/student133_ws/build/circle_detector
[18.618s] -- Install configuration: "Debug"
[18.618s] -- Installing: /home/eragon/student133_ws/install/circle_detector/lib/circle_detector/circle_detector_node
[18.644s] -- Set runtime path of "/home/eragon/student133_ws/install/circle_detector/lib/circle_detector/circle_detector_node" to ""
[18.644s] -- Up-to-date: /home/eragon/student133_ws/install/circle_detector/share/ament_index/resource_index/package_run_dependencies/circle_detector
[18.644s] -- Up-to-date: /home/eragon/student133_ws/install/circle_detector/share/ament_index/resource_index/parent_prefix_path/circle_detector
[18.644s] -- Up-to-date: /home/eragon/student133_ws/install/circle_detector/share/circle_detector/environment/ament_prefix_path.sh
[18.645s] -- Up-to-date: /home/eragon/student133_ws/install/circle_detector/share/circle_detector/environment/ament_prefix_path.dsv
[18.645s] -- Up-to-date: /home/eragon/student133_ws/install/circle_detector/share/circle_detector/environment/path.sh
[18.645s] -- Up-to-date: /home/eragon/student133_ws/install/circle_detector/share/circle_detector/environment/path.dsv
[18.645s] -- Up-to-date: /home/eragon/student133_ws/install/circle_detector/share/circle_detector/local_setup.bash
[18.645s] -- Up-to-date: /home/eragon/student133_ws/install/circle_detector/share/circle_detector/local_setup.sh
[18.646s] -- Up-to-date: /home/eragon/student133_ws/install/circle_detector/share/circle_detector/local_setup.zsh
[18.646s] -- Up-to-date: /home/eragon/student133_ws/install/circle_detector/share/circle_detector/local_setup.dsv
[18.646s] -- Installing: /home/eragon/student133_ws/install/circle_detector/share/circle_detector/package.dsv
[18.646s] -- Up-to-date: /home/eragon/student133_ws/install/circle_detector/share/ament_index/resource_index/packages/circle_detector
[18.647s] -- Up-to-date: /home/eragon/student133_ws/install/circle_detector/share/circle_detector/cmake/circle_detectorConfig.cmake
[18.647s] -- Up-to-date: /home/eragon/student133_ws/install/circle_detector/share/circle_detector/cmake/circle_detectorConfig-version.cmake
[18.649s] -- Up-to-date: /home/eragon/student133_ws/install/circle_detector/share/circle_detector/package.xml
[18.649s] Invoked command in '/home/eragon/student133_ws/build/circle_detector' returned '0': CMAKE_PREFIX_PATH=${CMAKE_PREFIX_PATH}:/opt/ros/humble /usr/bin/cmake --install /home/eragon/student133_ws/build/circle_detector
