[0.796s] DEBUG:colcon:Command line arguments: ['/usr/bin/colcon', 'build', '--event-handlers', 'status+', 'console_start_end+', '--cmake-args', '-G', 'CodeBlocks - Unix Makefiles', '-DCMAKE_BUILD_TYPE=Debug']
[0.796s] DEBUG:colcon:Parsed command line arguments: Namespace(log_base=None, log_level=None, verb_name='build', build_base='build', install_base='install', merge_install=False, symlink_install=False, test_result_base=None, continue_on_error=False, executor='parallel', parallel_workers=8, event_handlers=['status+', 'console_start_end+'], ignore_user_meta=False, metas=['./colcon.meta'], base_paths=['.'], packages_ignore=None, packages_ignore_regex=None, paths=None, packages_up_to=None, packages_up_to_regex=None, packages_above=None, packages_above_and_dependencies=None, packages_above_depth=None, packages_select_by_dep=None, packages_skip_by_dep=None, packages_skip_up_to=None, packages_select_build_failed=False, packages_skip_build_finished=False, packages_select_test_failures=False, packages_skip_test_passed=False, packages_select=None, packages_skip=None, packages_select_regex=None, packages_skip_regex=None, packages_start=None, packages_end=None, allow_overriding=[], cmake_args=['-G', 'CodeBlocks - Unix Makefiles', '-DCMAKE_BUILD_TYPE=Debug'], cmake_target=None, cmake_target_skip_unavailable=False, cmake_clean_cache=False, cmake_clean_first=False, cmake_force_configure=False, ament_cmake_args=None, catkin_cmake_args=None, catkin_skip_building_tests=False, verb_parser=<colcon_defaults.argument_parser.defaults.DefaultArgumentsDecorator object at 0x7fc58a376f50>, verb_extension=<colcon_core.verb.build.BuildVerb object at 0x7fc58b5cbc10>, main=<bound method BuildVerb.main of <colcon_core.verb.build.BuildVerb object at 0x7fc58b5cbc10>>)
[0.832s] Level 1:colcon.colcon_core.package_discovery:discover_packages(colcon_meta) check parameters
[0.833s] Level 1:colcon.colcon_core.package_discovery:discover_packages(recursive) check parameters
[0.833s] Level 1:colcon.colcon_core.package_discovery:discover_packages(ignore) check parameters
[0.833s] Level 1:colcon.colcon_core.package_discovery:discover_packages(path) check parameters
[0.833s] Level 1:colcon.colcon_core.package_discovery:discover_packages(colcon_meta) discover
[0.833s] Level 1:colcon.colcon_core.package_discovery:discover_packages(recursive) discover
[0.833s] INFO:colcon.colcon_core.package_discovery:Crawling recursively for packages in '/home/robot33-6/student133_ws'
[0.833s] Level 1:colcon.colcon_core.package_identification:_identify(.) by extensions ['ignore', 'ignore_ament_install']
[0.833s] Level 1:colcon.colcon_core.package_identification:_identify(.) by extension 'ignore'
[0.833s] Level 1:colcon.colcon_core.package_identification:_identify(.) by extension 'ignore_ament_install'
[0.833s] Level 1:colcon.colcon_core.package_identification:_identify(.) by extensions ['colcon_pkg']
[0.833s] Level 1:colcon.colcon_core.package_identification:_identify(.) by extension 'colcon_pkg'
[0.833s] Level 1:colcon.colcon_core.package_identification:_identify(.) by extensions ['colcon_meta']
[0.833s] Level 1:colcon.colcon_core.package_identification:_identify(.) by extension 'colcon_meta'
[0.833s] Level 1:colcon.colcon_core.package_identification:_identify(.) by extensions ['ros']
[0.833s] Level 1:colcon.colcon_core.package_identification:_identify(.) by extension 'ros'
[0.842s] Level 1:colcon.colcon_core.package_identification:_identify(.) by extensions ['cmake', 'python']
[0.842s] Level 1:colcon.colcon_core.package_identification:_identify(.) by extension 'cmake'
[0.842s] Level 1:colcon.colcon_core.package_identification:_identify(.) by extension 'python'
[0.842s] Level 1:colcon.colcon_core.package_identification:_identify(.) by extensions ['python_setup_py']
[0.842s] Level 1:colcon.colcon_core.package_identification:_identify(.) by extension 'python_setup_py'
[0.842s] Level 1:colcon.colcon_core.package_identification:_identify(build) by extensions ['ignore', 'ignore_ament_install']
[0.842s] Level 1:colcon.colcon_core.package_identification:_identify(build) by extension 'ignore'
[0.842s] Level 1:colcon.colcon_core.package_identification:_identify(build) ignored
[0.842s] Level 1:colcon.colcon_core.package_identification:_identify(install) by extensions ['ignore', 'ignore_ament_install']
[0.842s] Level 1:colcon.colcon_core.package_identification:_identify(install) by extension 'ignore'
[0.842s] Level 1:colcon.colcon_core.package_identification:_identify(install) ignored
[0.842s] Level 1:colcon.colcon_core.package_identification:_identify(log) by extensions ['ignore', 'ignore_ament_install']
[0.843s] Level 1:colcon.colcon_core.package_identification:_identify(log) by extension 'ignore'
[0.843s] Level 1:colcon.colcon_core.package_identification:_identify(log) ignored
[0.843s] Level 1:colcon.colcon_core.package_identification:_identify(src) by extensions ['ignore', 'ignore_ament_install']
[0.843s] Level 1:colcon.colcon_core.package_identification:_identify(src) by extension 'ignore'
[0.843s] Level 1:colcon.colcon_core.package_identification:_identify(src) by extension 'ignore_ament_install'
[0.843s] Level 1:colcon.colcon_core.package_identification:_identify(src) by extensions ['colcon_pkg']
[0.843s] Level 1:colcon.colcon_core.package_identification:_identify(src) by extension 'colcon_pkg'
[0.843s] Level 1:colcon.colcon_core.package_identification:_identify(src) by extensions ['colcon_meta']
[0.843s] Level 1:colcon.colcon_core.package_identification:_identify(src) by extension 'colcon_meta'
[0.843s] Level 1:colcon.colcon_core.package_identification:_identify(src) by extensions ['ros']
[0.843s] Level 1:colcon.colcon_core.package_identification:_identify(src) by extension 'ros'
[0.843s] Level 1:colcon.colcon_core.package_identification:_identify(src) by extensions ['cmake', 'python']
[0.843s] Level 1:colcon.colcon_core.package_identification:_identify(src) by extension 'cmake'
[0.843s] Level 1:colcon.colcon_core.package_identification:_identify(src) by extension 'python'
[0.843s] Level 1:colcon.colcon_core.package_identification:_identify(src) by extensions ['python_setup_py']
[0.843s] Level 1:colcon.colcon_core.package_identification:_identify(src) by extension 'python_setup_py'
[0.843s] Level 1:colcon.colcon_core.package_identification:_identify(src/test_custom_msg) by extensions ['ignore', 'ignore_ament_install']
[0.843s] Level 1:colcon.colcon_core.package_identification:_identify(src/test_custom_msg) by extension 'ignore'
[0.843s] Level 1:colcon.colcon_core.package_identification:_identify(src/test_custom_msg) by extension 'ignore_ament_install'
[0.843s] Level 1:colcon.colcon_core.package_identification:_identify(src/test_custom_msg) by extensions ['colcon_pkg']
[0.843s] Level 1:colcon.colcon_core.package_identification:_identify(src/test_custom_msg) by extension 'colcon_pkg'
[0.843s] Level 1:colcon.colcon_core.package_identification:_identify(src/test_custom_msg) by extensions ['colcon_meta']
[0.843s] Level 1:colcon.colcon_core.package_identification:_identify(src/test_custom_msg) by extension 'colcon_meta'
[0.843s] Level 1:colcon.colcon_core.package_identification:_identify(src/test_custom_msg) by extensions ['ros']
[0.843s] Level 1:colcon.colcon_core.package_identification:_identify(src/test_custom_msg) by extension 'ros'
[0.845s] DEBUG:colcon.colcon_core.package_identification:Package 'src/test_custom_msg' with type 'ros.ament_cmake' and name 'test_custom_msg'
[0.845s] Level 1:colcon.colcon_core.package_identification:_identify(src/test_custom_publisher) by extensions ['ignore', 'ignore_ament_install']
[0.845s] Level 1:colcon.colcon_core.package_identification:_identify(src/test_custom_publisher) by extension 'ignore'
[0.846s] Level 1:colcon.colcon_core.package_identification:_identify(src/test_custom_publisher) by extension 'ignore_ament_install'
[0.846s] Level 1:colcon.colcon_core.package_identification:_identify(src/test_custom_publisher) by extensions ['colcon_pkg']
[0.846s] Level 1:colcon.colcon_core.package_identification:_identify(src/test_custom_publisher) by extension 'colcon_pkg'
[0.846s] Level 1:colcon.colcon_core.package_identification:_identify(src/test_custom_publisher) by extensions ['colcon_meta']
[0.846s] Level 1:colcon.colcon_core.package_identification:_identify(src/test_custom_publisher) by extension 'colcon_meta'
[0.846s] Level 1:colcon.colcon_core.package_identification:_identify(src/test_custom_publisher) by extensions ['ros']
[0.846s] Level 1:colcon.colcon_core.package_identification:_identify(src/test_custom_publisher) by extension 'ros'
[0.846s] DEBUG:colcon.colcon_core.package_identification:Package 'src/test_custom_publisher' with type 'ros.ament_cmake' and name 'test_custom_publisher'
[0.846s] Level 1:colcon.colcon_core.package_identification:_identify(src/test_pkg) by extensions ['ignore', 'ignore_ament_install']
[0.846s] Level 1:colcon.colcon_core.package_identification:_identify(src/test_pkg) by extension 'ignore'
[0.846s] Level 1:colcon.colcon_core.package_identification:_identify(src/test_pkg) by extension 'ignore_ament_install'
[0.846s] Level 1:colcon.colcon_core.package_identification:_identify(src/test_pkg) by extensions ['colcon_pkg']
[0.846s] Level 1:colcon.colcon_core.package_identification:_identify(src/test_pkg) by extension 'colcon_pkg'
[0.846s] Level 1:colcon.colcon_core.package_identification:_identify(src/test_pkg) by extensions ['colcon_meta']
[0.846s] Level 1:colcon.colcon_core.package_identification:_identify(src/test_pkg) by extension 'colcon_meta'
[0.846s] Level 1:colcon.colcon_core.package_identification:_identify(src/test_pkg) by extensions ['ros']
[0.846s] Level 1:colcon.colcon_core.package_identification:_identify(src/test_pkg) by extension 'ros'
[0.847s] DEBUG:colcon.colcon_core.package_identification:Package 'src/test_pkg' with type 'ros.ament_cmake' and name 'test_pkg'
[0.847s] Level 1:colcon.colcon_core.package_identification:_identify(src/test_publisher) by extensions ['ignore', 'ignore_ament_install']
[0.847s] Level 1:colcon.colcon_core.package_identification:_identify(src/test_publisher) by extension 'ignore'
[0.847s] Level 1:colcon.colcon_core.package_identification:_identify(src/test_publisher) by extension 'ignore_ament_install'
[0.847s] Level 1:colcon.colcon_core.package_identification:_identify(src/test_publisher) by extensions ['colcon_pkg']
[0.847s] Level 1:colcon.colcon_core.package_identification:_identify(src/test_publisher) by extension 'colcon_pkg'
[0.847s] Level 1:colcon.colcon_core.package_identification:_identify(src/test_publisher) by extensions ['colcon_meta']
[0.847s] Level 1:colcon.colcon_core.package_identification:_identify(src/test_publisher) by extension 'colcon_meta'
[0.847s] Level 1:colcon.colcon_core.package_identification:_identify(src/test_publisher) by extensions ['ros']
[0.847s] Level 1:colcon.colcon_core.package_identification:_identify(src/test_publisher) by extension 'ros'
[0.848s] DEBUG:colcon.colcon_core.package_identification:Package 'src/test_publisher' with type 'ros.ament_cmake' and name 'test_publisher'
[0.848s] Level 1:colcon.colcon_core.package_identification:_identify(src/test_subscriber) by extensions ['ignore', 'ignore_ament_install']
[0.848s] Level 1:colcon.colcon_core.package_identification:_identify(src/test_subscriber) by extension 'ignore'
[0.848s] Level 1:colcon.colcon_core.package_identification:_identify(src/test_subscriber) by extension 'ignore_ament_install'
[0.848s] Level 1:colcon.colcon_core.package_identification:_identify(src/test_subscriber) by extensions ['colcon_pkg']
[0.848s] Level 1:colcon.colcon_core.package_identification:_identify(src/test_subscriber) by extension 'colcon_pkg'
[0.848s] Level 1:colcon.colcon_core.package_identification:_identify(src/test_subscriber) by extensions ['colcon_meta']
[0.848s] Level 1:colcon.colcon_core.package_identification:_identify(src/test_subscriber) by extension 'colcon_meta'
[0.848s] Level 1:colcon.colcon_core.package_identification:_identify(src/test_subscriber) by extensions ['ros']
[0.848s] Level 1:colcon.colcon_core.package_identification:_identify(src/test_subscriber) by extension 'ros'
[0.848s] DEBUG:colcon.colcon_core.package_identification:Package 'src/test_subscriber' with type 'ros.ament_cmake' and name 'test_subscriber'
[0.848s] Level 1:colcon.colcon_core.package_discovery:discover_packages(recursive) using defaults
[0.848s] Level 1:colcon.colcon_core.package_discovery:discover_packages(ignore) discover
[0.848s] Level 1:colcon.colcon_core.package_discovery:discover_packages(ignore) using defaults
[0.848s] Level 1:colcon.colcon_core.package_discovery:discover_packages(path) discover
[0.848s] Level 1:colcon.colcon_core.package_discovery:discover_packages(path) using defaults
[0.921s] Level 1:colcon.colcon_core.package_discovery:discover_packages(prefix_path) check parameters
[0.921s] Level 1:colcon.colcon_core.package_discovery:discover_packages(prefix_path) discover
[0.944s] DEBUG:colcon.colcon_installed_package_information.package_discovery:Found 6 installed packages in /home/robot33-6/student133_ws/install
[0.957s] DEBUG:colcon.colcon_installed_package_information.package_discovery:Found 270 installed packages in /opt/ros/humble
[0.958s] Level 1:colcon.colcon_core.package_discovery:discover_packages(prefix_path) using defaults
[1.028s] Level 5:colcon.colcon_core.verb:set package 'test_custom_msg' build argument 'cmake_args' from command line to '['-G', 'CodeBlocks - Unix Makefiles', '-DCMAKE_BUILD_TYPE=Debug']'
[1.028s] Level 5:colcon.colcon_core.verb:set package 'test_custom_msg' build argument 'cmake_target' from command line to 'None'
[1.028s] Level 5:colcon.colcon_core.verb:set package 'test_custom_msg' build argument 'cmake_target_skip_unavailable' from command line to 'False'
[1.028s] Level 5:colcon.colcon_core.verb:set package 'test_custom_msg' build argument 'cmake_clean_cache' from command line to 'False'
[1.028s] Level 5:colcon.colcon_core.verb:set package 'test_custom_msg' build argument 'cmake_clean_first' from command line to 'False'
[1.029s] Level 5:colcon.colcon_core.verb:set package 'test_custom_msg' build argument 'cmake_force_configure' from command line to 'False'
[1.029s] Level 5:colcon.colcon_core.verb:set package 'test_custom_msg' build argument 'ament_cmake_args' from command line to 'None'
[1.029s] Level 5:colcon.colcon_core.verb:set package 'test_custom_msg' build argument 'catkin_cmake_args' from command line to 'None'
[1.029s] Level 5:colcon.colcon_core.verb:set package 'test_custom_msg' build argument 'catkin_skip_building_tests' from command line to 'False'
[1.029s] DEBUG:colcon.colcon_core.verb:Building package 'test_custom_msg' with the following arguments: {'ament_cmake_args': None, 'build_base': '/home/robot33-6/student133_ws/build/test_custom_msg', 'catkin_cmake_args': None, 'catkin_skip_building_tests': False, 'cmake_args': ['-G', 'CodeBlocks - Unix Makefiles', '-DCMAKE_BUILD_TYPE=Debug'], 'cmake_clean_cache': False, 'cmake_clean_first': False, 'cmake_force_configure': False, 'cmake_target': None, 'cmake_target_skip_unavailable': False, 'install_base': '/home/robot33-6/student133_ws/install/test_custom_msg', 'merge_install': False, 'path': '/home/robot33-6/student133_ws/src/test_custom_msg', 'symlink_install': False, 'test_result_base': None}
[1.040s] Level 5:colcon.colcon_core.verb:set package 'test_custom_publisher' build argument 'cmake_args' from command line to '['-G', 'CodeBlocks - Unix Makefiles', '-DCMAKE_BUILD_TYPE=Debug']'
[1.040s] Level 5:colcon.colcon_core.verb:set package 'test_custom_publisher' build argument 'cmake_target' from command line to 'None'
[1.040s] Level 5:colcon.colcon_core.verb:set package 'test_custom_publisher' build argument 'cmake_target_skip_unavailable' from command line to 'False'
[1.040s] Level 5:colcon.colcon_core.verb:set package 'test_custom_publisher' build argument 'cmake_clean_cache' from command line to 'False'
[1.040s] Level 5:colcon.colcon_core.verb:set package 'test_custom_publisher' build argument 'cmake_clean_first' from command line to 'False'
[1.040s] Level 5:colcon.colcon_core.verb:set package 'test_custom_publisher' build argument 'cmake_force_configure' from command line to 'False'
[1.040s] Level 5:colcon.colcon_core.verb:set package 'test_custom_publisher' build argument 'ament_cmake_args' from command line to 'None'
[1.040s] Level 5:colcon.colcon_core.verb:set package 'test_custom_publisher' build argument 'catkin_cmake_args' from command line to 'None'
[1.040s] Level 5:colcon.colcon_core.verb:set package 'test_custom_publisher' build argument 'catkin_skip_building_tests' from command line to 'False'
[1.040s] DEBUG:colcon.colcon_core.verb:Building package 'test_custom_publisher' with the following arguments: {'ament_cmake_args': None, 'build_base': '/home/robot33-6/student133_ws/build/test_custom_publisher', 'catkin_cmake_args': None, 'catkin_skip_building_tests': False, 'cmake_args': ['-G', 'CodeBlocks - Unix Makefiles', '-DCMAKE_BUILD_TYPE=Debug'], 'cmake_clean_cache': False, 'cmake_clean_first': False, 'cmake_force_configure': False, 'cmake_target': None, 'cmake_target_skip_unavailable': False, 'install_base': '/home/robot33-6/student133_ws/install/test_custom_publisher', 'merge_install': False, 'path': '/home/robot33-6/student133_ws/src/test_custom_publisher', 'symlink_install': False, 'test_result_base': None}
[1.052s] Level 5:colcon.colcon_core.verb:set package 'test_pkg' build argument 'cmake_args' from command line to '['-G', 'CodeBlocks - Unix Makefiles', '-DCMAKE_BUILD_TYPE=Debug']'
[1.052s] Level 5:colcon.colcon_core.verb:set package 'test_pkg' build argument 'cmake_target' from command line to 'None'
[1.052s] Level 5:colcon.colcon_core.verb:set package 'test_pkg' build argument 'cmake_target_skip_unavailable' from command line to 'False'
[1.052s] Level 5:colcon.colcon_core.verb:set package 'test_pkg' build argument 'cmake_clean_cache' from command line to 'False'
[1.052s] Level 5:colcon.colcon_core.verb:set package 'test_pkg' build argument 'cmake_clean_first' from command line to 'False'
[1.052s] Level 5:colcon.colcon_core.verb:set package 'test_pkg' build argument 'cmake_force_configure' from command line to 'False'
[1.052s] Level 5:colcon.colcon_core.verb:set package 'test_pkg' build argument 'ament_cmake_args' from command line to 'None'
[1.052s] Level 5:colcon.colcon_core.verb:set package 'test_pkg' build argument 'catkin_cmake_args' from command line to 'None'
[1.052s] Level 5:colcon.colcon_core.verb:set package 'test_pkg' build argument 'catkin_skip_building_tests' from command line to 'False'
[1.052s] DEBUG:colcon.colcon_core.verb:Building package 'test_pkg' with the following arguments: {'ament_cmake_args': None, 'build_base': '/home/robot33-6/student133_ws/build/test_pkg', 'catkin_cmake_args': None, 'catkin_skip_building_tests': False, 'cmake_args': ['-G', 'CodeBlocks - Unix Makefiles', '-DCMAKE_BUILD_TYPE=Debug'], 'cmake_clean_cache': False, 'cmake_clean_first': False, 'cmake_force_configure': False, 'cmake_target': None, 'cmake_target_skip_unavailable': False, 'install_base': '/home/robot33-6/student133_ws/install/test_pkg', 'merge_install': False, 'path': '/home/robot33-6/student133_ws/src/test_pkg', 'symlink_install': False, 'test_result_base': None}
[1.063s] Level 5:colcon.colcon_core.verb:set package 'test_publisher' build argument 'cmake_args' from command line to '['-G', 'CodeBlocks - Unix Makefiles', '-DCMAKE_BUILD_TYPE=Debug']'
[1.063s] Level 5:colcon.colcon_core.verb:set package 'test_publisher' build argument 'cmake_target' from command line to 'None'
[1.063s] Level 5:colcon.colcon_core.verb:set package 'test_publisher' build argument 'cmake_target_skip_unavailable' from command line to 'False'
[1.063s] Level 5:colcon.colcon_core.verb:set package 'test_publisher' build argument 'cmake_clean_cache' from command line to 'False'
[1.063s] Level 5:colcon.colcon_core.verb:set package 'test_publisher' build argument 'cmake_clean_first' from command line to 'False'
[1.063s] Level 5:colcon.colcon_core.verb:set package 'test_publisher' build argument 'cmake_force_configure' from command line to 'False'
[1.063s] Level 5:colcon.colcon_core.verb:set package 'test_publisher' build argument 'ament_cmake_args' from command line to 'None'
[1.063s] Level 5:colcon.colcon_core.verb:set package 'test_publisher' build argument 'catkin_cmake_args' from command line to 'None'
[1.063s] Level 5:colcon.colcon_core.verb:set package 'test_publisher' build argument 'catkin_skip_building_tests' from command line to 'False'
[1.063s] DEBUG:colcon.colcon_core.verb:Building package 'test_publisher' with the following arguments: {'ament_cmake_args': None, 'build_base': '/home/robot33-6/student133_ws/build/test_publisher', 'catkin_cmake_args': None, 'catkin_skip_building_tests': False, 'cmake_args': ['-G', 'CodeBlocks - Unix Makefiles', '-DCMAKE_BUILD_TYPE=Debug'], 'cmake_clean_cache': False, 'cmake_clean_first': False, 'cmake_force_configure': False, 'cmake_target': None, 'cmake_target_skip_unavailable': False, 'install_base': '/home/robot33-6/student133_ws/install/test_publisher', 'merge_install': False, 'path': '/home/robot33-6/student133_ws/src/test_publisher', 'symlink_install': False, 'test_result_base': None}
[1.075s] Level 5:colcon.colcon_core.verb:set package 'test_subscriber' build argument 'cmake_args' from command line to '['-G', 'CodeBlocks - Unix Makefiles', '-DCMAKE_BUILD_TYPE=Debug']'
[1.075s] Level 5:colcon.colcon_core.verb:set package 'test_subscriber' build argument 'cmake_target' from command line to 'None'
[1.075s] Level 5:colcon.colcon_core.verb:set package 'test_subscriber' build argument 'cmake_target_skip_unavailable' from command line to 'False'
[1.075s] Level 5:colcon.colcon_core.verb:set package 'test_subscriber' build argument 'cmake_clean_cache' from command line to 'False'
[1.075s] Level 5:colcon.colcon_core.verb:set package 'test_subscriber' build argument 'cmake_clean_first' from command line to 'False'
[1.075s] Level 5:colcon.colcon_core.verb:set package 'test_subscriber' build argument 'cmake_force_configure' from command line to 'False'
[1.075s] Level 5:colcon.colcon_core.verb:set package 'test_subscriber' build argument 'ament_cmake_args' from command line to 'None'
[1.075s] Level 5:colcon.colcon_core.verb:set package 'test_subscriber' build argument 'catkin_cmake_args' from command line to 'None'
[1.075s] Level 5:colcon.colcon_core.verb:set package 'test_subscriber' build argument 'catkin_skip_building_tests' from command line to 'False'
[1.075s] DEBUG:colcon.colcon_core.verb:Building package 'test_subscriber' with the following arguments: {'ament_cmake_args': None, 'build_base': '/home/robot33-6/student133_ws/build/test_subscriber', 'catkin_cmake_args': None, 'catkin_skip_building_tests': False, 'cmake_args': ['-G', 'CodeBlocks - Unix Makefiles', '-DCMAKE_BUILD_TYPE=Debug'], 'cmake_clean_cache': False, 'cmake_clean_first': False, 'cmake_force_configure': False, 'cmake_target': None, 'cmake_target_skip_unavailable': False, 'install_base': '/home/robot33-6/student133_ws/install/test_subscriber', 'merge_install': False, 'path': '/home/robot33-6/student133_ws/src/test_subscriber', 'symlink_install': False, 'test_result_base': None}
[1.086s] INFO:colcon.colcon_core.executor:Executing jobs using 'parallel' executor
[1.098s] DEBUG:colcon.colcon_parallel_executor.executor.parallel:run_until_complete
[1.098s] INFO:colcon.colcon_ros.task.ament_cmake.build:Building ROS package in '/home/robot33-6/student133_ws/src/test_custom_msg' with build type 'ament_cmake'
[1.098s] INFO:colcon.colcon_cmake.task.cmake.build:Building CMake package in '/home/robot33-6/student133_ws/src/test_custom_msg'
[1.111s] INFO:colcon.colcon_core.plugin_system:Skipping extension 'colcon_core.shell.bat': Not used on non-Windows systems
[1.111s] INFO:colcon.colcon_core.shell:Skip shell extension 'powershell' for command environment: Not usable outside of PowerShell
[1.111s] DEBUG:colcon.colcon_core.shell:Skip shell extension 'dsv' for command environment
[1.148s] INFO:colcon.colcon_ros.task.ament_cmake.build:Building ROS package in '/home/robot33-6/student133_ws/src/test_custom_publisher' with build type 'ament_cmake'
[1.148s] INFO:colcon.colcon_cmake.task.cmake.build:Building CMake package in '/home/robot33-6/student133_ws/src/test_custom_publisher'
[1.160s] INFO:colcon.colcon_core.shell:Skip shell extension 'powershell' for command environment: Not usable outside of PowerShell
[1.160s] DEBUG:colcon.colcon_core.shell:Skip shell extension 'dsv' for command environment
[1.196s] INFO:colcon.colcon_ros.task.ament_cmake.build:Building ROS package in '/home/robot33-6/student133_ws/src/test_pkg' with build type 'ament_cmake'
[1.196s] INFO:colcon.colcon_cmake.task.cmake.build:Building CMake package in '/home/robot33-6/student133_ws/src/test_pkg'
[1.208s] INFO:colcon.colcon_core.shell:Skip shell extension 'powershell' for command environment: Not usable outside of PowerShell
[1.208s] DEBUG:colcon.colcon_core.shell:Skip shell extension 'dsv' for command environment
[1.244s] INFO:colcon.colcon_ros.task.ament_cmake.build:Building ROS package in '/home/robot33-6/student133_ws/src/test_publisher' with build type 'ament_cmake'
[1.244s] INFO:colcon.colcon_cmake.task.cmake.build:Building CMake package in '/home/robot33-6/student133_ws/src/test_publisher'
[1.264s] INFO:colcon.colcon_core.shell:Skip shell extension 'powershell' for command environment: Not usable outside of PowerShell
[1.264s] DEBUG:colcon.colcon_core.shell:Skip shell extension 'dsv' for command environment
[1.302s] INFO:colcon.colcon_ros.task.ament_cmake.build:Building ROS package in '/home/robot33-6/student133_ws/src/test_subscriber' with build type 'ament_cmake'
[1.302s] INFO:colcon.colcon_cmake.task.cmake.build:Building CMake package in '/home/robot33-6/student133_ws/src/test_subscriber'
[1.314s] INFO:colcon.colcon_core.shell:Skip shell extension 'powershell' for command environment: Not usable outside of PowerShell
[1.314s] DEBUG:colcon.colcon_core.shell:Skip shell extension 'dsv' for command environment
[1.355s] DEBUG:colcon.colcon_core.event_handler.log_command:Invoking command in '/home/robot33-6/student133_ws/build/test_custom_msg': CMAKE_PREFIX_PATH=${CMAKE_PREFIX_PATH}:/opt/ros/humble /usr/bin/cmake --build /home/robot33-6/student133_ws/build/test_custom_msg -- -j8 -l8
[1.358s] DEBUG:colcon.colcon_core.event_handler.log_command:Invoking command in '/home/robot33-6/student133_ws/build/test_custom_publisher': CMAKE_PREFIX_PATH=${CMAKE_PREFIX_PATH}:/opt/ros/humble /usr/bin/cmake --build /home/robot33-6/student133_ws/build/test_custom_publisher -- -j8 -l8
[1.360s] DEBUG:colcon.colcon_core.event_handler.log_command:Invoking command in '/home/robot33-6/student133_ws/build/test_pkg': CMAKE_PREFIX_PATH=${CMAKE_PREFIX_PATH}:/opt/ros/humble /usr/bin/cmake --build /home/robot33-6/student133_ws/build/test_pkg -- -j8 -l8
[1.365s] DEBUG:colcon.colcon_core.event_handler.log_command:Invoking command in '/home/robot33-6/student133_ws/build/test_publisher': CMAKE_PREFIX_PATH=${CMAKE_PREFIX_PATH}:/opt/ros/humble /usr/bin/cmake --build /home/robot33-6/student133_ws/build/test_publisher -- -j8 -l8
[1.368s] DEBUG:colcon.colcon_core.event_handler.log_command:Invoking command in '/home/robot33-6/student133_ws/build/test_subscriber': CMAKE_PREFIX_PATH=${CMAKE_PREFIX_PATH}:/opt/ros/humble /usr/bin/cmake --build /home/robot33-6/student133_ws/build/test_subscriber -- -j8 -l8
[1.441s] DEBUG:colcon.colcon_core.event_handler.log_command:Invoked command in '/home/robot33-6/student133_ws/build/test_custom_publisher' returned '0': CMAKE_PREFIX_PATH=${CMAKE_PREFIX_PATH}:/opt/ros/humble /usr/bin/cmake --build /home/robot33-6/student133_ws/build/test_custom_publisher -- -j8 -l8
[1.442s] DEBUG:colcon.colcon_core.event_handler.log_command:Invoked command in '/home/robot33-6/student133_ws/build/test_publisher' returned '0': CMAKE_PREFIX_PATH=${CMAKE_PREFIX_PATH}:/opt/ros/humble /usr/bin/cmake --build /home/robot33-6/student133_ws/build/test_publisher -- -j8 -l8
[1.445s] DEBUG:colcon.colcon_core.event_handler.log_command:Invoked command in '/home/robot33-6/student133_ws/build/test_pkg' returned '0': CMAKE_PREFIX_PATH=${CMAKE_PREFIX_PATH}:/opt/ros/humble /usr/bin/cmake --build /home/robot33-6/student133_ws/build/test_pkg -- -j8 -l8
[1.447s] DEBUG:colcon.colcon_core.event_handler.log_command:Invoked command in '/home/robot33-6/student133_ws/build/test_subscriber' returned '0': CMAKE_PREFIX_PATH=${CMAKE_PREFIX_PATH}:/opt/ros/humble /usr/bin/cmake --build /home/robot33-6/student133_ws/build/test_subscriber -- -j8 -l8
[1.472s] DEBUG:colcon.colcon_core.event_handler.log_command:Invoking command in '/home/robot33-6/student133_ws/build/test_custom_publisher': CMAKE_PREFIX_PATH=${CMAKE_PREFIX_PATH}:/opt/ros/humble /usr/bin/cmake --install /home/robot33-6/student133_ws/build/test_custom_publisher
[1.474s] DEBUG:colcon.colcon_core.event_handler.log_command:Invoking command in '/home/robot33-6/student133_ws/build/test_subscriber': CMAKE_PREFIX_PATH=${CMAKE_PREFIX_PATH}:/opt/ros/humble /usr/bin/cmake --install /home/robot33-6/student133_ws/build/test_subscriber
[1.475s] DEBUG:colcon.colcon_core.event_handler.log_command:Invoking command in '/home/robot33-6/student133_ws/build/test_pkg': CMAKE_PREFIX_PATH=${CMAKE_PREFIX_PATH}:/opt/ros/humble /usr/bin/cmake --install /home/robot33-6/student133_ws/build/test_pkg
[1.477s] DEBUG:colcon.colcon_core.event_handler.log_command:Invoking command in '/home/robot33-6/student133_ws/build/test_publisher': CMAKE_PREFIX_PATH=${CMAKE_PREFIX_PATH}:/opt/ros/humble /usr/bin/cmake --install /home/robot33-6/student133_ws/build/test_publisher
[1.482s] Level 1:colcon.colcon_core.environment:create_environment_scripts_only(test_custom_publisher)
[1.484s] DEBUG:colcon.colcon_core.event_handler.log_command:Invoked command in '/home/robot33-6/student133_ws/build/test_custom_publisher' returned '0': CMAKE_PREFIX_PATH=${CMAKE_PREFIX_PATH}:/opt/ros/humble /usr/bin/cmake --install /home/robot33-6/student133_ws/build/test_custom_publisher
[1.500s] Level 1:colcon.colcon_core.environment:checking '/home/robot33-6/student133_ws/install/test_custom_publisher' for CMake module files
[1.500s] Level 1:colcon.colcon_core.environment:checking '/home/robot33-6/student133_ws/install/test_custom_publisher' for CMake config files
[1.501s] Level 1:colcon.colcon_core.shell:create_environment_hook('test_custom_publisher', 'cmake_prefix_path')
[1.519s] INFO:colcon.colcon_core.shell:Creating environment hook '/home/robot33-6/student133_ws/install/test_custom_publisher/share/test_custom_publisher/hook/cmake_prefix_path.ps1'
[1.519s] INFO:colcon.colcon_core.shell:Creating environment descriptor '/home/robot33-6/student133_ws/install/test_custom_publisher/share/test_custom_publisher/hook/cmake_prefix_path.dsv'
[1.520s] INFO:colcon.colcon_core.shell:Creating environment hook '/home/robot33-6/student133_ws/install/test_custom_publisher/share/test_custom_publisher/hook/cmake_prefix_path.sh'
[1.520s] Level 1:colcon.colcon_core.environment:checking '/home/robot33-6/student133_ws/install/test_custom_publisher/lib'
[1.521s] Level 1:colcon.colcon_core.environment:checking '/home/robot33-6/student133_ws/install/test_custom_publisher/bin'
[1.521s] Level 1:colcon.colcon_core.environment:checking '/home/robot33-6/student133_ws/install/test_custom_publisher/lib/pkgconfig/test_custom_publisher.pc'
[1.521s] Level 1:colcon.colcon_core.environment:checking '/home/robot33-6/student133_ws/install/test_custom_publisher/lib/python3.10/site-packages'
[1.521s] Level 1:colcon.colcon_core.environment:checking '/home/robot33-6/student133_ws/install/test_custom_publisher/bin'
[1.533s] INFO:colcon.colcon_core.shell:Creating package script '/home/robot33-6/student133_ws/install/test_custom_publisher/share/test_custom_publisher/package.ps1'
[1.534s] INFO:colcon.colcon_core.shell:Creating package descriptor '/home/robot33-6/student133_ws/install/test_custom_publisher/share/test_custom_publisher/package.dsv'
[1.534s] INFO:colcon.colcon_core.shell:Creating package script '/home/robot33-6/student133_ws/install/test_custom_publisher/share/test_custom_publisher/package.sh'
[1.535s] INFO:colcon.colcon_core.shell:Creating package script '/home/robot33-6/student133_ws/install/test_custom_publisher/share/test_custom_publisher/package.bash'
[1.535s] INFO:colcon.colcon_core.shell:Creating package script '/home/robot33-6/student133_ws/install/test_custom_publisher/share/test_custom_publisher/package.zsh'
[1.536s] Level 1:colcon.colcon_core.environment:create_file_with_runtime_dependencies(/home/robot33-6/student133_ws/install/test_custom_publisher/share/colcon-core/packages/test_custom_publisher)
[1.537s] Level 1:colcon.colcon_core.environment:create_environment_scripts_only(test_subscriber)
[1.541s] DEBUG:colcon.colcon_core.event_handler.log_command:Invoked command in '/home/robot33-6/student133_ws/build/test_subscriber' returned '0': CMAKE_PREFIX_PATH=${CMAKE_PREFIX_PATH}:/opt/ros/humble /usr/bin/cmake --install /home/robot33-6/student133_ws/build/test_subscriber
[1.554s] Level 1:colcon.colcon_core.environment:checking '/home/robot33-6/student133_ws/install/test_subscriber' for CMake module files
[1.554s] Level 1:colcon.colcon_core.environment:checking '/home/robot33-6/student133_ws/install/test_subscriber' for CMake config files
[1.554s] Level 1:colcon.colcon_core.shell:create_environment_hook('test_subscriber', 'cmake_prefix_path')
[1.566s] INFO:colcon.colcon_core.shell:Creating environment hook '/home/robot33-6/student133_ws/install/test_subscriber/share/test_subscriber/hook/cmake_prefix_path.ps1'
[1.566s] INFO:colcon.colcon_core.shell:Creating environment descriptor '/home/robot33-6/student133_ws/install/test_subscriber/share/test_subscriber/hook/cmake_prefix_path.dsv'
[1.566s] INFO:colcon.colcon_core.shell:Creating environment hook '/home/robot33-6/student133_ws/install/test_subscriber/share/test_subscriber/hook/cmake_prefix_path.sh'
[1.567s] Level 1:colcon.colcon_core.environment:checking '/home/robot33-6/student133_ws/install/test_subscriber/lib'
[1.567s] Level 1:colcon.colcon_core.environment:checking '/home/robot33-6/student133_ws/install/test_subscriber/bin'
[1.567s] Level 1:colcon.colcon_core.environment:checking '/home/robot33-6/student133_ws/install/test_subscriber/lib/pkgconfig/test_subscriber.pc'
[1.567s] Level 1:colcon.colcon_core.environment:checking '/home/robot33-6/student133_ws/install/test_subscriber/lib/python3.10/site-packages'
[1.567s] Level 1:colcon.colcon_core.environment:checking '/home/robot33-6/student133_ws/install/test_subscriber/bin'
[1.579s] INFO:colcon.colcon_core.shell:Creating package script '/home/robot33-6/student133_ws/install/test_subscriber/share/test_subscriber/package.ps1'
[1.579s] INFO:colcon.colcon_core.shell:Creating package descriptor '/home/robot33-6/student133_ws/install/test_subscriber/share/test_subscriber/package.dsv'
[1.580s] INFO:colcon.colcon_core.shell:Creating package script '/home/robot33-6/student133_ws/install/test_subscriber/share/test_subscriber/package.sh'
[1.580s] INFO:colcon.colcon_core.shell:Creating package script '/home/robot33-6/student133_ws/install/test_subscriber/share/test_subscriber/package.bash'
[1.580s] INFO:colcon.colcon_core.shell:Creating package script '/home/robot33-6/student133_ws/install/test_subscriber/share/test_subscriber/package.zsh'
[1.580s] Level 1:colcon.colcon_core.environment:create_file_with_runtime_dependencies(/home/robot33-6/student133_ws/install/test_subscriber/share/colcon-core/packages/test_subscriber)
[1.581s] Level 1:colcon.colcon_core.environment:create_environment_scripts_only(test_pkg)
[1.582s] DEBUG:colcon.colcon_core.event_handler.log_command:Invoked command in '/home/robot33-6/student133_ws/build/test_pkg' returned '0': CMAKE_PREFIX_PATH=${CMAKE_PREFIX_PATH}:/opt/ros/humble /usr/bin/cmake --install /home/robot33-6/student133_ws/build/test_pkg
[1.594s] Level 1:colcon.colcon_core.environment:checking '/home/robot33-6/student133_ws/install/test_pkg' for CMake module files
[1.595s] Level 1:colcon.colcon_core.environment:checking '/home/robot33-6/student133_ws/install/test_pkg' for CMake config files
[1.595s] Level 1:colcon.colcon_core.shell:create_environment_hook('test_pkg', 'cmake_prefix_path')
[1.607s] INFO:colcon.colcon_core.shell:Creating environment hook '/home/robot33-6/student133_ws/install/test_pkg/share/test_pkg/hook/cmake_prefix_path.ps1'
[1.608s] INFO:colcon.colcon_core.shell:Creating environment descriptor '/home/robot33-6/student133_ws/install/test_pkg/share/test_pkg/hook/cmake_prefix_path.dsv'
[1.608s] INFO:colcon.colcon_core.shell:Creating environment hook '/home/robot33-6/student133_ws/install/test_pkg/share/test_pkg/hook/cmake_prefix_path.sh'
[1.608s] Level 1:colcon.colcon_core.environment:checking '/home/robot33-6/student133_ws/install/test_pkg/lib'
[1.608s] Level 1:colcon.colcon_core.environment:checking '/home/robot33-6/student133_ws/install/test_pkg/bin'
[1.608s] Level 1:colcon.colcon_core.environment:checking '/home/robot33-6/student133_ws/install/test_pkg/lib/pkgconfig/test_pkg.pc'
[1.608s] Level 1:colcon.colcon_core.environment:checking '/home/robot33-6/student133_ws/install/test_pkg/lib/python3.10/site-packages'
[1.609s] Level 1:colcon.colcon_core.environment:checking '/home/robot33-6/student133_ws/install/test_pkg/bin'
[1.620s] INFO:colcon.colcon_core.shell:Creating package script '/home/robot33-6/student133_ws/install/test_pkg/share/test_pkg/package.ps1'
[1.621s] INFO:colcon.colcon_core.shell:Creating package descriptor '/home/robot33-6/student133_ws/install/test_pkg/share/test_pkg/package.dsv'
[1.621s] INFO:colcon.colcon_core.shell:Creating package script '/home/robot33-6/student133_ws/install/test_pkg/share/test_pkg/package.sh'
[1.621s] INFO:colcon.colcon_core.shell:Creating package script '/home/robot33-6/student133_ws/install/test_pkg/share/test_pkg/package.bash'
[1.622s] INFO:colcon.colcon_core.shell:Creating package script '/home/robot33-6/student133_ws/install/test_pkg/share/test_pkg/package.zsh'
[1.622s] Level 1:colcon.colcon_core.environment:create_file_with_runtime_dependencies(/home/robot33-6/student133_ws/install/test_pkg/share/colcon-core/packages/test_pkg)
[1.623s] Level 1:colcon.colcon_core.environment:create_environment_scripts_only(test_publisher)
[1.623s] DEBUG:colcon.colcon_core.event_handler.log_command:Invoked command in '/home/robot33-6/student133_ws/build/test_publisher' returned '0': CMAKE_PREFIX_PATH=${CMAKE_PREFIX_PATH}:/opt/ros/humble /usr/bin/cmake --install /home/robot33-6/student133_ws/build/test_publisher
[1.636s] Level 1:colcon.colcon_core.environment:checking '/home/robot33-6/student133_ws/install/test_publisher' for CMake module files
[1.636s] Level 1:colcon.colcon_core.environment:checking '/home/robot33-6/student133_ws/install/test_publisher' for CMake config files
[1.637s] Level 1:colcon.colcon_core.shell:create_environment_hook('test_publisher', 'cmake_prefix_path')
[1.649s] INFO:colcon.colcon_core.shell:Creating environment hook '/home/robot33-6/student133_ws/install/test_publisher/share/test_publisher/hook/cmake_prefix_path.ps1'
[1.649s] INFO:colcon.colcon_core.shell:Creating environment descriptor '/home/robot33-6/student133_ws/install/test_publisher/share/test_publisher/hook/cmake_prefix_path.dsv'
[1.649s] INFO:colcon.colcon_core.shell:Creating environment hook '/home/robot33-6/student133_ws/install/test_publisher/share/test_publisher/hook/cmake_prefix_path.sh'
[1.650s] Level 1:colcon.colcon_core.environment:checking '/home/robot33-6/student133_ws/install/test_publisher/lib'
[1.650s] Level 1:colcon.colcon_core.environment:checking '/home/robot33-6/student133_ws/install/test_publisher/bin'
[1.650s] Level 1:colcon.colcon_core.environment:checking '/home/robot33-6/student133_ws/install/test_publisher/lib/pkgconfig/test_publisher.pc'
[1.650s] Level 1:colcon.colcon_core.environment:checking '/home/robot33-6/student133_ws/install/test_publisher/lib/python3.10/site-packages'
[1.650s] Level 1:colcon.colcon_core.environment:checking '/home/robot33-6/student133_ws/install/test_publisher/bin'
[1.662s] INFO:colcon.colcon_core.shell:Creating package script '/home/robot33-6/student133_ws/install/test_publisher/share/test_publisher/package.ps1'
[1.663s] INFO:colcon.colcon_core.shell:Creating package descriptor '/home/robot33-6/student133_ws/install/test_publisher/share/test_publisher/package.dsv'
[1.663s] INFO:colcon.colcon_core.shell:Creating package script '/home/robot33-6/student133_ws/install/test_publisher/share/test_publisher/package.sh'
[1.663s] INFO:colcon.colcon_core.shell:Creating package script '/home/robot33-6/student133_ws/install/test_publisher/share/test_publisher/package.bash'
[1.664s] INFO:colcon.colcon_core.shell:Creating package script '/home/robot33-6/student133_ws/install/test_publisher/share/test_publisher/package.zsh'
[1.664s] Level 1:colcon.colcon_core.environment:create_file_with_runtime_dependencies(/home/robot33-6/student133_ws/install/test_publisher/share/colcon-core/packages/test_publisher)
[1.679s] Level 1:colcon.colcon_core.environment:create_environment_scripts_only(test_custom_publisher)
[1.691s] Level 1:colcon.colcon_core.environment:checking '/home/robot33-6/student133_ws/install/test_custom_publisher' for CMake module files
[1.692s] Level 1:colcon.colcon_core.environment:checking '/home/robot33-6/student133_ws/install/test_custom_publisher' for CMake config files
[1.692s] Level 1:colcon.colcon_core.shell:create_environment_hook('test_custom_publisher', 'cmake_prefix_path')
[1.704s] INFO:colcon.colcon_core.shell:Creating environment hook '/home/robot33-6/student133_ws/install/test_custom_publisher/share/test_custom_publisher/hook/cmake_prefix_path.ps1'
[1.704s] INFO:colcon.colcon_core.shell:Creating environment descriptor '/home/robot33-6/student133_ws/install/test_custom_publisher/share/test_custom_publisher/hook/cmake_prefix_path.dsv'
[1.704s] INFO:colcon.colcon_core.shell:Creating environment hook '/home/robot33-6/student133_ws/install/test_custom_publisher/share/test_custom_publisher/hook/cmake_prefix_path.sh'
[1.705s] Level 1:colcon.colcon_core.environment:checking '/home/robot33-6/student133_ws/install/test_custom_publisher/lib'
[1.705s] Level 1:colcon.colcon_core.environment:checking '/home/robot33-6/student133_ws/install/test_custom_publisher/bin'
[1.705s] Level 1:colcon.colcon_core.environment:checking '/home/robot33-6/student133_ws/install/test_custom_publisher/lib/pkgconfig/test_custom_publisher.pc'
[1.705s] Level 1:colcon.colcon_core.environment:checking '/home/robot33-6/student133_ws/install/test_custom_publisher/lib/python3.10/site-packages'
[1.705s] Level 1:colcon.colcon_core.environment:checking '/home/robot33-6/student133_ws/install/test_custom_publisher/bin'
[1.717s] INFO:colcon.colcon_core.shell:Creating package script '/home/robot33-6/student133_ws/install/test_custom_publisher/share/test_custom_publisher/package.ps1'
[1.717s] INFO:colcon.colcon_core.shell:Creating package descriptor '/home/robot33-6/student133_ws/install/test_custom_publisher/share/test_custom_publisher/package.dsv'
[1.718s] INFO:colcon.colcon_core.shell:Creating package script '/home/robot33-6/student133_ws/install/test_custom_publisher/share/test_custom_publisher/package.sh'
[1.718s] INFO:colcon.colcon_core.shell:Creating package script '/home/robot33-6/student133_ws/install/test_custom_publisher/share/test_custom_publisher/package.bash'
[1.718s] INFO:colcon.colcon_core.shell:Creating package script '/home/robot33-6/student133_ws/install/test_custom_publisher/share/test_custom_publisher/package.zsh'
[1.719s] Level 1:colcon.colcon_core.environment:create_file_with_runtime_dependencies(/home/robot33-6/student133_ws/install/test_custom_publisher/share/colcon-core/packages/test_custom_publisher)
[1.731s] Level 1:colcon.colcon_core.environment:create_environment_scripts_only(test_subscriber)
[1.743s] Level 1:colcon.colcon_core.environment:checking '/home/robot33-6/student133_ws/install/test_subscriber' for CMake module files
[1.743s] Level 1:colcon.colcon_core.environment:checking '/home/robot33-6/student133_ws/install/test_subscriber' for CMake config files
[1.744s] Level 1:colcon.colcon_core.shell:create_environment_hook('test_subscriber', 'cmake_prefix_path')
[1.755s] INFO:colcon.colcon_core.shell:Creating environment hook '/home/robot33-6/student133_ws/install/test_subscriber/share/test_subscriber/hook/cmake_prefix_path.ps1'
[1.756s] INFO:colcon.colcon_core.shell:Creating environment descriptor '/home/robot33-6/student133_ws/install/test_subscriber/share/test_subscriber/hook/cmake_prefix_path.dsv'
[1.756s] INFO:colcon.colcon_core.shell:Creating environment hook '/home/robot33-6/student133_ws/install/test_subscriber/share/test_subscriber/hook/cmake_prefix_path.sh'
[1.756s] Level 1:colcon.colcon_core.environment:checking '/home/robot33-6/student133_ws/install/test_subscriber/lib'
[1.756s] Level 1:colcon.colcon_core.environment:checking '/home/robot33-6/student133_ws/install/test_subscriber/bin'
[1.756s] Level 1:colcon.colcon_core.environment:checking '/home/robot33-6/student133_ws/install/test_subscriber/lib/pkgconfig/test_subscriber.pc'
[1.757s] Level 1:colcon.colcon_core.environment:checking '/home/robot33-6/student133_ws/install/test_subscriber/lib/python3.10/site-packages'
[1.757s] Level 1:colcon.colcon_core.environment:checking '/home/robot33-6/student133_ws/install/test_subscriber/bin'
[1.769s] INFO:colcon.colcon_core.shell:Creating package script '/home/robot33-6/student133_ws/install/test_subscriber/share/test_subscriber/package.ps1'
[1.769s] INFO:colcon.colcon_core.shell:Creating package descriptor '/home/robot33-6/student133_ws/install/test_subscriber/share/test_subscriber/package.dsv'
[1.769s] INFO:colcon.colcon_core.shell:Creating package script '/home/robot33-6/student133_ws/install/test_subscriber/share/test_subscriber/package.sh'
[1.770s] INFO:colcon.colcon_core.shell:Creating package script '/home/robot33-6/student133_ws/install/test_subscriber/share/test_subscriber/package.bash'
[1.770s] INFO:colcon.colcon_core.shell:Creating package script '/home/robot33-6/student133_ws/install/test_subscriber/share/test_subscriber/package.zsh'
[1.770s] Level 1:colcon.colcon_core.environment:create_file_with_runtime_dependencies(/home/robot33-6/student133_ws/install/test_subscriber/share/colcon-core/packages/test_subscriber)
[1.782s] Level 1:colcon.colcon_core.environment:create_environment_scripts_only(test_pkg)
[1.794s] Level 1:colcon.colcon_core.environment:checking '/home/robot33-6/student133_ws/install/test_pkg' for CMake module files
[1.794s] Level 1:colcon.colcon_core.environment:checking '/home/robot33-6/student133_ws/install/test_pkg' for CMake config files
[1.794s] Level 1:colcon.colcon_core.shell:create_environment_hook('test_pkg', 'cmake_prefix_path')
[1.806s] INFO:colcon.colcon_core.shell:Creating environment hook '/home/robot33-6/student133_ws/install/test_pkg/share/test_pkg/hook/cmake_prefix_path.ps1'
[1.806s] INFO:colcon.colcon_core.shell:Creating environment descriptor '/home/robot33-6/student133_ws/install/test_pkg/share/test_pkg/hook/cmake_prefix_path.dsv'
[1.806s] INFO:colcon.colcon_core.shell:Creating environment hook '/home/robot33-6/student133_ws/install/test_pkg/share/test_pkg/hook/cmake_prefix_path.sh'
[1.807s] Level 1:colcon.colcon_core.environment:checking '/home/robot33-6/student133_ws/install/test_pkg/lib'
[1.807s] Level 1:colcon.colcon_core.environment:checking '/home/robot33-6/student133_ws/install/test_pkg/bin'
[1.807s] Level 1:colcon.colcon_core.environment:checking '/home/robot33-6/student133_ws/install/test_pkg/lib/pkgconfig/test_pkg.pc'
[1.807s] Level 1:colcon.colcon_core.environment:checking '/home/robot33-6/student133_ws/install/test_pkg/lib/python3.10/site-packages'
[1.807s] Level 1:colcon.colcon_core.environment:checking '/home/robot33-6/student133_ws/install/test_pkg/bin'
[1.819s] INFO:colcon.colcon_core.shell:Creating package script '/home/robot33-6/student133_ws/install/test_pkg/share/test_pkg/package.ps1'
[1.819s] INFO:colcon.colcon_core.shell:Creating package descriptor '/home/robot33-6/student133_ws/install/test_pkg/share/test_pkg/package.dsv'
[1.820s] INFO:colcon.colcon_core.shell:Creating package script '/home/robot33-6/student133_ws/install/test_pkg/share/test_pkg/package.sh'
[1.820s] INFO:colcon.colcon_core.shell:Creating package script '/home/robot33-6/student133_ws/install/test_pkg/share/test_pkg/package.bash'
[1.820s] INFO:colcon.colcon_core.shell:Creating package script '/home/robot33-6/student133_ws/install/test_pkg/share/test_pkg/package.zsh'
[1.820s] Level 1:colcon.colcon_core.environment:create_file_with_runtime_dependencies(/home/robot33-6/student133_ws/install/test_pkg/share/colcon-core/packages/test_pkg)
[1.822s] DEBUG:colcon.colcon_core.event_handler.log_command:Invoked command in '/home/robot33-6/student133_ws/build/test_custom_msg' returned '0': CMAKE_PREFIX_PATH=${CMAKE_PREFIX_PATH}:/opt/ros/humble /usr/bin/cmake --build /home/robot33-6/student133_ws/build/test_custom_msg -- -j8 -l8
[1.835s] Level 1:colcon.colcon_core.environment:create_environment_scripts_only(test_publisher)
[1.848s] Level 1:colcon.colcon_core.environment:checking '/home/robot33-6/student133_ws/install/test_publisher' for CMake module files
[1.848s] Level 1:colcon.colcon_core.environment:checking '/home/robot33-6/student133_ws/install/test_publisher' for CMake config files
[1.849s] Level 1:colcon.colcon_core.shell:create_environment_hook('test_publisher', 'cmake_prefix_path')
[1.861s] INFO:colcon.colcon_core.shell:Creating environment hook '/home/robot33-6/student133_ws/install/test_publisher/share/test_publisher/hook/cmake_prefix_path.ps1'
[1.862s] INFO:colcon.colcon_core.shell:Creating environment descriptor '/home/robot33-6/student133_ws/install/test_publisher/share/test_publisher/hook/cmake_prefix_path.dsv'
[1.862s] INFO:colcon.colcon_core.shell:Creating environment hook '/home/robot33-6/student133_ws/install/test_publisher/share/test_publisher/hook/cmake_prefix_path.sh'
[1.862s] Level 1:colcon.colcon_core.environment:checking '/home/robot33-6/student133_ws/install/test_publisher/lib'
[1.862s] Level 1:colcon.colcon_core.environment:checking '/home/robot33-6/student133_ws/install/test_publisher/bin'
[1.863s] Level 1:colcon.colcon_core.environment:checking '/home/robot33-6/student133_ws/install/test_publisher/lib/pkgconfig/test_publisher.pc'
[1.863s] Level 1:colcon.colcon_core.environment:checking '/home/robot33-6/student133_ws/install/test_publisher/lib/python3.10/site-packages'
[1.863s] Level 1:colcon.colcon_core.environment:checking '/home/robot33-6/student133_ws/install/test_publisher/bin'
[1.875s] INFO:colcon.colcon_core.shell:Creating package script '/home/robot33-6/student133_ws/install/test_publisher/share/test_publisher/package.ps1'
[1.875s] INFO:colcon.colcon_core.shell:Creating package descriptor '/home/robot33-6/student133_ws/install/test_publisher/share/test_publisher/package.dsv'
[1.875s] INFO:colcon.colcon_core.shell:Creating package script '/home/robot33-6/student133_ws/install/test_publisher/share/test_publisher/package.sh'
[1.876s] INFO:colcon.colcon_core.shell:Creating package script '/home/robot33-6/student133_ws/install/test_publisher/share/test_publisher/package.bash'
[1.876s] INFO:colcon.colcon_core.shell:Creating package script '/home/robot33-6/student133_ws/install/test_publisher/share/test_publisher/package.zsh'
[1.876s] Level 1:colcon.colcon_core.environment:create_file_with_runtime_dependencies(/home/robot33-6/student133_ws/install/test_publisher/share/colcon-core/packages/test_publisher)
[1.878s] DEBUG:colcon.colcon_core.event_handler.log_command:Invoking command in '/home/robot33-6/student133_ws/build/test_custom_msg': CMAKE_PREFIX_PATH=${CMAKE_PREFIX_PATH}:/opt/ros/humble /usr/bin/cmake --install /home/robot33-6/student133_ws/build/test_custom_msg
[1.917s] Level 1:colcon.colcon_core.environment:create_environment_scripts_only(test_custom_msg)
[1.917s] DEBUG:colcon.colcon_core.event_handler.log_command:Invoked command in '/home/robot33-6/student133_ws/build/test_custom_msg' returned '0': CMAKE_PREFIX_PATH=${CMAKE_PREFIX_PATH}:/opt/ros/humble /usr/bin/cmake --install /home/robot33-6/student133_ws/build/test_custom_msg
[1.929s] Level 1:colcon.colcon_core.environment:checking '/home/robot33-6/student133_ws/install/test_custom_msg' for CMake module files
[1.929s] Level 1:colcon.colcon_core.environment:checking '/home/robot33-6/student133_ws/install/test_custom_msg' for CMake config files
[1.930s] Level 1:colcon.colcon_core.shell:create_environment_hook('test_custom_msg', 'cmake_prefix_path')
[1.942s] INFO:colcon.colcon_core.shell:Creating environment hook '/home/robot33-6/student133_ws/install/test_custom_msg/share/test_custom_msg/hook/cmake_prefix_path.ps1'
[1.943s] INFO:colcon.colcon_core.shell:Creating environment descriptor '/home/robot33-6/student133_ws/install/test_custom_msg/share/test_custom_msg/hook/cmake_prefix_path.dsv'
[1.943s] INFO:colcon.colcon_core.shell:Creating environment hook '/home/robot33-6/student133_ws/install/test_custom_msg/share/test_custom_msg/hook/cmake_prefix_path.sh'
[1.943s] Level 1:colcon.colcon_core.environment:checking '/home/robot33-6/student133_ws/install/test_custom_msg/lib'
[1.943s] Level 1:colcon.colcon_core.shell:create_environment_hook('test_custom_msg', 'ld_library_path_lib')
[1.956s] INFO:colcon.colcon_core.shell:Creating environment hook '/home/robot33-6/student133_ws/install/test_custom_msg/share/test_custom_msg/hook/ld_library_path_lib.ps1'
[1.956s] INFO:colcon.colcon_core.shell:Creating environment descriptor '/home/robot33-6/student133_ws/install/test_custom_msg/share/test_custom_msg/hook/ld_library_path_lib.dsv'
[1.956s] INFO:colcon.colcon_core.shell:Creating environment hook '/home/robot33-6/student133_ws/install/test_custom_msg/share/test_custom_msg/hook/ld_library_path_lib.sh'
[1.956s] Level 1:colcon.colcon_core.environment:checking '/home/robot33-6/student133_ws/install/test_custom_msg/bin'
[1.956s] Level 1:colcon.colcon_core.environment:checking '/home/robot33-6/student133_ws/install/test_custom_msg/lib/pkgconfig/test_custom_msg.pc'
[1.957s] Level 1:colcon.colcon_core.environment:checking '/home/robot33-6/student133_ws/install/test_custom_msg/lib/python3.10/site-packages'
[1.957s] Level 1:colcon.colcon_core.environment:checking '/home/robot33-6/student133_ws/install/test_custom_msg/bin'
[1.969s] INFO:colcon.colcon_core.shell:Creating package script '/home/robot33-6/student133_ws/install/test_custom_msg/share/test_custom_msg/package.ps1'
[1.969s] INFO:colcon.colcon_core.shell:Creating package descriptor '/home/robot33-6/student133_ws/install/test_custom_msg/share/test_custom_msg/package.dsv'
[1.969s] INFO:colcon.colcon_core.shell:Creating package script '/home/robot33-6/student133_ws/install/test_custom_msg/share/test_custom_msg/package.sh'
[1.969s] INFO:colcon.colcon_core.shell:Creating package script '/home/robot33-6/student133_ws/install/test_custom_msg/share/test_custom_msg/package.bash'
[1.970s] INFO:colcon.colcon_core.shell:Creating package script '/home/robot33-6/student133_ws/install/test_custom_msg/share/test_custom_msg/package.zsh'
[1.970s] Level 1:colcon.colcon_core.environment:create_file_with_runtime_dependencies(/home/robot33-6/student133_ws/install/test_custom_msg/share/colcon-core/packages/test_custom_msg)
[2.018s] Level 1:colcon.colcon_core.environment:create_environment_scripts_only(test_custom_msg)
[2.030s] Level 1:colcon.colcon_core.environment:checking '/home/robot33-6/student133_ws/install/test_custom_msg' for CMake module files
[2.030s] Level 1:colcon.colcon_core.environment:checking '/home/robot33-6/student133_ws/install/test_custom_msg' for CMake config files
[2.030s] Level 1:colcon.colcon_core.shell:create_environment_hook('test_custom_msg', 'cmake_prefix_path')
[2.042s] INFO:colcon.colcon_core.shell:Creating environment hook '/home/robot33-6/student133_ws/install/test_custom_msg/share/test_custom_msg/hook/cmake_prefix_path.ps1'
[2.042s] INFO:colcon.colcon_core.shell:Creating environment descriptor '/home/robot33-6/student133_ws/install/test_custom_msg/share/test_custom_msg/hook/cmake_prefix_path.dsv'
[2.042s] INFO:colcon.colcon_core.shell:Creating environment hook '/home/robot33-6/student133_ws/install/test_custom_msg/share/test_custom_msg/hook/cmake_prefix_path.sh'
[2.043s] Level 1:colcon.colcon_core.environment:checking '/home/robot33-6/student133_ws/install/test_custom_msg/lib'
[2.043s] Level 1:colcon.colcon_core.shell:create_environment_hook('test_custom_msg', 'ld_library_path_lib')
[2.055s] INFO:colcon.colcon_core.shell:Creating environment hook '/home/robot33-6/student133_ws/install/test_custom_msg/share/test_custom_msg/hook/ld_library_path_lib.ps1'
[2.055s] INFO:colcon.colcon_core.shell:Creating environment descriptor '/home/robot33-6/student133_ws/install/test_custom_msg/share/test_custom_msg/hook/ld_library_path_lib.dsv'
[2.055s] INFO:colcon.colcon_core.shell:Creating environment hook '/home/robot33-6/student133_ws/install/test_custom_msg/share/test_custom_msg/hook/ld_library_path_lib.sh'
[2.055s] Level 1:colcon.colcon_core.environment:checking '/home/robot33-6/student133_ws/install/test_custom_msg/bin'
[2.055s] Level 1:colcon.colcon_core.environment:checking '/home/robot33-6/student133_ws/install/test_custom_msg/lib/pkgconfig/test_custom_msg.pc'
[2.056s] Level 1:colcon.colcon_core.environment:checking '/home/robot33-6/student133_ws/install/test_custom_msg/lib/python3.10/site-packages'
[2.056s] Level 1:colcon.colcon_core.environment:checking '/home/robot33-6/student133_ws/install/test_custom_msg/bin'
[2.067s] INFO:colcon.colcon_core.shell:Creating package script '/home/robot33-6/student133_ws/install/test_custom_msg/share/test_custom_msg/package.ps1'
[2.068s] INFO:colcon.colcon_core.shell:Creating package descriptor '/home/robot33-6/student133_ws/install/test_custom_msg/share/test_custom_msg/package.dsv'
[2.068s] INFO:colcon.colcon_core.shell:Creating package script '/home/robot33-6/student133_ws/install/test_custom_msg/share/test_custom_msg/package.sh'
[2.068s] INFO:colcon.colcon_core.shell:Creating package script '/home/robot33-6/student133_ws/install/test_custom_msg/share/test_custom_msg/package.bash'
[2.069s] INFO:colcon.colcon_core.shell:Creating package script '/home/robot33-6/student133_ws/install/test_custom_msg/share/test_custom_msg/package.zsh'
[2.069s] Level 1:colcon.colcon_core.environment:create_file_with_runtime_dependencies(/home/robot33-6/student133_ws/install/test_custom_msg/share/colcon-core/packages/test_custom_msg)
[2.069s] DEBUG:colcon.colcon_parallel_executor.executor.parallel:closing loop
[2.069s] DEBUG:colcon.colcon_parallel_executor.executor.parallel:loop closed
[2.070s] DEBUG:colcon.colcon_parallel_executor.executor.parallel:run_until_complete finished with '0'
[2.070s] DEBUG:colcon.colcon_core.event_reactor:joining thread
[2.085s] INFO:colcon.colcon_core.plugin_system:Skipping extension 'colcon_notification.desktop_notification.terminal_notifier': Not used on non-Darwin systems
[2.085s] INFO:colcon.colcon_core.plugin_system:Skipping extension 'colcon_notification.desktop_notification.win32': Not used on non-Windows systems
[2.085s] INFO:colcon.colcon_notification.desktop_notification:Sending desktop notification using 'notify2'
[2.093s] DEBUG:colcon.colcon_core.event_reactor:joined thread
[2.106s] INFO:colcon.colcon_core.shell:Creating prefix script '/home/robot33-6/student133_ws/install/local_setup.ps1'
[2.106s] INFO:colcon.colcon_core.shell:Creating prefix util module '/home/robot33-6/student133_ws/install/_local_setup_util_ps1.py'
[2.107s] INFO:colcon.colcon_core.shell:Creating prefix chain script '/home/robot33-6/student133_ws/install/setup.ps1'
[2.121s] INFO:colcon.colcon_core.shell:Creating prefix script '/home/robot33-6/student133_ws/install/local_setup.sh'
[2.121s] INFO:colcon.colcon_core.shell:Creating prefix util module '/home/robot33-6/student133_ws/install/_local_setup_util_sh.py'
[2.122s] INFO:colcon.colcon_core.shell:Creating prefix chain script '/home/robot33-6/student133_ws/install/setup.sh'
[2.135s] INFO:colcon.colcon_core.shell:Creating prefix script '/home/robot33-6/student133_ws/install/local_setup.bash'
[2.135s] INFO:colcon.colcon_core.shell:Creating prefix chain script '/home/robot33-6/student133_ws/install/setup.bash'
[2.149s] INFO:colcon.colcon_core.shell:Creating prefix script '/home/robot33-6/student133_ws/install/local_setup.zsh'
[2.149s] INFO:colcon.colcon_core.shell:Creating prefix chain script '/home/robot33-6/student133_ws/install/setup.zsh'
