[0.000000] (-) TimerEvent: {}
[0.000114] (test_pkg) JobQueued: {'identifier': 'test_pkg', 'dependencies': OrderedDict()}
[0.000472] (test_pkg) JobStarted: {'identifier': 'test_pkg'}
[0.051342] (test_pkg) JobProgress: {'identifier': 'test_pkg', 'progress': 'cmake'}
[0.052686] (test_pkg) JobProgress: {'identifier': 'test_pkg', 'progress': 'build'}
[0.052758] (test_pkg) Command: {'cmd': ['/usr/bin/cmake', '--build', '/home/robot33-5/student133_ws/build/test_pkg', '--', '-j8', '-l8'], 'cwd': '/home/robot33-5/student133_ws/build/test_pkg', 'env': OrderedDict([('GJS_DEBUG_TOPICS', 'JS ERROR;JS LOG'), ('LC_TIME', 'ru_RU.UTF-8'), ('SNAP_COMMON', '/var/snap/qtcreator-ros/common'), ('SNAP_INSTANCE_KEY', ''), ('USER', 'robot33-5'), ('XDG_SESSION_TYPE', 'wayland'), ('LD_LIBRARY_PATH', '/opt/ros/humble/opt/rviz_ogre_vendor/lib:/opt/ros/humble/lib/x86_64-linux-gnu:/opt/ros/humble/lib:/snap/qtcreator-ros/107/lib:/snap/qtcreator-ros/107/usr/lib/x86_64-linux-gnu'), ('SHLVL', '55'), ('SNAP_UID', '1000'), ('HOME', '/home/robot33-5'), ('SNAP_LIBRARY_PATH', '/var/lib/snapd/lib/gl:/var/lib/snapd/lib/gl32:/var/lib/snapd/void'), ('DESKTOP_SESSION', 'ubuntu'), ('QTDIR', '/usr/lib/x86_64-linux-gnu/qt5'), ('SNAP_USER_DATA', '/home/robot33-5/snap/qtcreator-ros/107'), ('GIO_LAUNCHED_DESKTOP_FILE', '/var/lib/snapd/desktop/applications/qtcreator-ros_qtcreator-ros.desktop'), ('GNOME_SHELL_SESSION_MODE', 'ubuntu'), ('GTK_MODULES', 'gail:atk-bridge'), ('ROS_PYTHON_VERSION', '3'), ('LC_MONETARY', 'ru_RU.UTF-8'), ('MANAGERPID', '1381'), ('DBUS_SESSION_BUS_ADDRESS', 'unix:path=/run/user/1000/bus'), ('SYSTEMD_EXEC_PID', '1566'), ('GIO_LAUNCHED_DESKTOP_FILE_PID', '2363'), ('SNAP_REVISION', '107'), ('COLCON_PREFIX_PATH', '/home/robot33-5/student133_ws/install'), ('IM_CONFIG_PHASE', '1'), ('ROS_DISTRO', 'humble'), ('WAYLAND_DISPLAY', 'wayland-0'), ('LOGNAME', 'robot33-5'), ('JOURNAL_STREAM', '8:26126'), ('SNAP_CONTEXT', 'LPsIUpTfNsdvJiuC9PQttVL9Kp7JxPCS1EuRBfoqsQhqHTJvyXaY'), ('_', '/usr/bin/env'), ('ROS_VERSION', '2'), ('SNAP_VERSION', '12.0.2'), ('XDG_SESSION_CLASS', 'user'), ('TERM', 'xterm'), ('USERNAME', 'robot33-5'), ('GNOME_DESKTOP_SESSION_ID', 'this-is-deprecated'), ('ROS_LOCALHOST_ONLY', '0'), ('SNAP_INSTANCE_NAME', 'qtcreator-ros'), ('PATH', '/opt/ros/humble/bin:/usr/local/sbin:/usr/local/bin:/usr/sbin:/usr/bin:/sbin:/bin:/usr/games:/usr/local/games:/snap/bin:/snap/bin'), ('INVOCATION_ID', '96a7c61e82484c81b021f994dd3a04f6'), ('SESSION_MANAGER', 'local/robot33-5:@/tmp/.ICE-unix/1538,unix/robot33-5:/tmp/.ICE-unix/1538'), ('BAMF_DESKTOP_FILE_HINT', '/var/lib/snapd/desktop/applications/qtcreator-ros_qtcreator-ros.desktop'), ('GNOME_SETUP_DISPLAY', ':1'), ('LC_ADDRESS', 'ru_RU.UTF-8'), ('SNAP_DATA', '/var/snap/qtcreator-ros/107'), ('XDG_MENU_PREFIX', 'gnome-'), ('XDG_RUNTIME_DIR', '/run/user/1000'), ('DISPLAY', ':0'), ('LANG', 'en_US.UTF-8'), ('LC_TELEPHONE', 'ru_RU.UTF-8'), ('XDG_CURRENT_DESKTOP', 'ubuntu:GNOME'), ('XAUTHORITY', '/run/user/1000/.mutter-Xwaylandauth.ZA4ZI2'), ('XDG_SESSION_DESKTOP', 'ubuntu'), ('XMODIFIERS', '@im=ibus'), ('AMENT_PREFIX_PATH', '/home/robot33-5/student133_ws/install/test_pkg:/opt/ros/humble'), ('SNAP_ARCH', 'amd64'), ('SNAP_COOKIE', 'LPsIUpTfNsdvJiuC9PQttVL9Kp7JxPCS1EuRBfoqsQhqHTJvyXaY'), ('SNAP_USER_COMMON', '/home/robot33-5/snap/qtcreator-ros/common'), ('SSH_AGENT_LAUNCHER', 'gnome-keyring'), ('SSH_AUTH_SOCK', '/run/user/1000/keyring/ssh'), ('LC_NAME', 'ru_RU.UTF-8'), ('SHELL', '/bin/bash'), ('GDMSESSION', 'ubuntu'), ('QT_ACCESSIBILITY', '1'), ('SNAP_REEXEC', ''), ('SNAP_NAME', 'qtcreator-ros'), ('LC_MEASUREMENT', 'ru_RU.UTF-8'), ('GJS_DEBUG_OUTPUT', 'stderr'), ('LC_IDENTIFICATION', 'ru_RU.UTF-8'), ('QT_IM_MODULE', 'ibus'), ('PWD', '/home/robot33-5/student133_ws/build/test_pkg'), ('QT_QPA_PLATFORM', 'wayland;xcb'), ('SNAP_REAL_HOME', '/home/robot33-5'), ('XDG_CONFIG_DIRS', '/etc/xdg/xdg-ubuntu:/etc/xdg'), ('XDG_DATA_DIRS', '/usr/share/ubuntu:/usr/local/share/:/usr/share/:/var/lib/snapd/desktop'), ('LC_NUMERIC', 'ru_RU.UTF-8'), ('PYTHONPATH', '/opt/ros/humble/lib/python3.10/site-packages:/opt/ros/humble/local/lib/python3.10/dist-packages'), ('SNAP', '/snap/qtcreator-ros/107'), ('SNAP_EUID', '1000'), ('LC_PAPER', 'ru_RU.UTF-8'), ('COLCON', '1'), ('CMAKE_PREFIX_PATH', '/home/robot33-5/student133_ws/install/test_pkg:/opt/ros/humble'), ('LIBGL_DRIVERS_PATH', '/snap/qtcreator-ros/107/usr/lib/x86_64-linux-gnu/dri')]), 'shell': False}
[0.090343] (test_pkg) StdoutLine: {'line': b'[ 50%] Building CXX object CMakeFiles/test_pkg_node.dir/src/test_pkg_node.cpp.o\n'}
[0.099831] (-) TimerEvent: {}
[0.200063] (-) TimerEvent: {}
[0.300301] (-) TimerEvent: {}
[0.400535] (-) TimerEvent: {}
[0.500754] (-) TimerEvent: {}
[0.601009] (-) TimerEvent: {}
[0.701280] (-) TimerEvent: {}
[0.801517] (-) TimerEvent: {}
[0.901746] (-) TimerEvent: {}
[1.001968] (-) TimerEvent: {}
[1.102179] (-) TimerEvent: {}
[1.202401] (-) TimerEvent: {}
[1.302652] (-) TimerEvent: {}
[1.402874] (-) TimerEvent: {}
[1.503114] (-) TimerEvent: {}
[1.603345] (-) TimerEvent: {}
[1.703570] (-) TimerEvent: {}
[1.803808] (-) TimerEvent: {}
[1.904031] (-) TimerEvent: {}
[2.004252] (-) TimerEvent: {}
[2.104467] (-) TimerEvent: {}
[2.204693] (-) TimerEvent: {}
[2.304951] (-) TimerEvent: {}
[2.405192] (-) TimerEvent: {}
[2.505408] (-) TimerEvent: {}
[2.605624] (-) TimerEvent: {}
[2.705860] (-) TimerEvent: {}
[2.806095] (-) TimerEvent: {}
[2.858694] (test_pkg) StdoutLine: {'line': b'[100%] Linking CXX executable test_pkg_node\n'}
[2.906227] (-) TimerEvent: {}
[2.955026] (test_pkg) StdoutLine: {'line': b'[100%] Built target test_pkg_node\n'}
[2.962557] (test_pkg) CommandEnded: {'returncode': 0}
[2.978937] (test_pkg) JobProgress: {'identifier': 'test_pkg', 'progress': 'install'}
[2.984982] (test_pkg) Command: {'cmd': ['/usr/bin/cmake', '--install', '/home/robot33-5/student133_ws/build/test_pkg'], 'cwd': '/home/robot33-5/student133_ws/build/test_pkg', 'env': OrderedDict([('GJS_DEBUG_TOPICS', 'JS ERROR;JS LOG'), ('LC_TIME', 'ru_RU.UTF-8'), ('SNAP_COMMON', '/var/snap/qtcreator-ros/common'), ('SNAP_INSTANCE_KEY', ''), ('USER', 'robot33-5'), ('XDG_SESSION_TYPE', 'wayland'), ('LD_LIBRARY_PATH', '/opt/ros/humble/opt/rviz_ogre_vendor/lib:/opt/ros/humble/lib/x86_64-linux-gnu:/opt/ros/humble/lib:/snap/qtcreator-ros/107/lib:/snap/qtcreator-ros/107/usr/lib/x86_64-linux-gnu'), ('SHLVL', '55'), ('SNAP_UID', '1000'), ('HOME', '/home/robot33-5'), ('SNAP_LIBRARY_PATH', '/var/lib/snapd/lib/gl:/var/lib/snapd/lib/gl32:/var/lib/snapd/void'), ('DESKTOP_SESSION', 'ubuntu'), ('QTDIR', '/usr/lib/x86_64-linux-gnu/qt5'), ('SNAP_USER_DATA', '/home/robot33-5/snap/qtcreator-ros/107'), ('GIO_LAUNCHED_DESKTOP_FILE', '/var/lib/snapd/desktop/applications/qtcreator-ros_qtcreator-ros.desktop'), ('GNOME_SHELL_SESSION_MODE', 'ubuntu'), ('GTK_MODULES', 'gail:atk-bridge'), ('ROS_PYTHON_VERSION', '3'), ('LC_MONETARY', 'ru_RU.UTF-8'), ('MANAGERPID', '1381'), ('DBUS_SESSION_BUS_ADDRESS', 'unix:path=/run/user/1000/bus'), ('SYSTEMD_EXEC_PID', '1566'), ('GIO_LAUNCHED_DESKTOP_FILE_PID', '2363'), ('SNAP_REVISION', '107'), ('COLCON_PREFIX_PATH', '/home/robot33-5/student133_ws/install'), ('IM_CONFIG_PHASE', '1'), ('ROS_DISTRO', 'humble'), ('WAYLAND_DISPLAY', 'wayland-0'), ('LOGNAME', 'robot33-5'), ('JOURNAL_STREAM', '8:26126'), ('SNAP_CONTEXT', 'LPsIUpTfNsdvJiuC9PQttVL9Kp7JxPCS1EuRBfoqsQhqHTJvyXaY'), ('_', '/usr/bin/env'), ('ROS_VERSION', '2'), ('SNAP_VERSION', '12.0.2'), ('XDG_SESSION_CLASS', 'user'), ('TERM', 'xterm'), ('USERNAME', 'robot33-5'), ('GNOME_DESKTOP_SESSION_ID', 'this-is-deprecated'), ('ROS_LOCALHOST_ONLY', '0'), ('SNAP_INSTANCE_NAME', 'qtcreator-ros'), ('PATH', '/opt/ros/humble/bin:/usr/local/sbin:/usr/local/bin:/usr/sbin:/usr/bin:/sbin:/bin:/usr/games:/usr/local/games:/snap/bin:/snap/bin'), ('INVOCATION_ID', '96a7c61e82484c81b021f994dd3a04f6'), ('SESSION_MANAGER', 'local/robot33-5:@/tmp/.ICE-unix/1538,unix/robot33-5:/tmp/.ICE-unix/1538'), ('BAMF_DESKTOP_FILE_HINT', '/var/lib/snapd/desktop/applications/qtcreator-ros_qtcreator-ros.desktop'), ('GNOME_SETUP_DISPLAY', ':1'), ('LC_ADDRESS', 'ru_RU.UTF-8'), ('SNAP_DATA', '/var/snap/qtcreator-ros/107'), ('XDG_MENU_PREFIX', 'gnome-'), ('XDG_RUNTIME_DIR', '/run/user/1000'), ('DISPLAY', ':0'), ('LANG', 'en_US.UTF-8'), ('LC_TELEPHONE', 'ru_RU.UTF-8'), ('XDG_CURRENT_DESKTOP', 'ubuntu:GNOME'), ('XAUTHORITY', '/run/user/1000/.mutter-Xwaylandauth.ZA4ZI2'), ('XDG_SESSION_DESKTOP', 'ubuntu'), ('XMODIFIERS', '@im=ibus'), ('AMENT_PREFIX_PATH', '/home/robot33-5/student133_ws/install/test_pkg:/opt/ros/humble'), ('SNAP_ARCH', 'amd64'), ('SNAP_COOKIE', 'LPsIUpTfNsdvJiuC9PQttVL9Kp7JxPCS1EuRBfoqsQhqHTJvyXaY'), ('SNAP_USER_COMMON', '/home/robot33-5/snap/qtcreator-ros/common'), ('SSH_AGENT_LAUNCHER', 'gnome-keyring'), ('SSH_AUTH_SOCK', '/run/user/1000/keyring/ssh'), ('LC_NAME', 'ru_RU.UTF-8'), ('SHELL', '/bin/bash'), ('GDMSESSION', 'ubuntu'), ('QT_ACCESSIBILITY', '1'), ('SNAP_REEXEC', ''), ('SNAP_NAME', 'qtcreator-ros'), ('LC_MEASUREMENT', 'ru_RU.UTF-8'), ('GJS_DEBUG_OUTPUT', 'stderr'), ('LC_IDENTIFICATION', 'ru_RU.UTF-8'), ('QT_IM_MODULE', 'ibus'), ('PWD', '/home/robot33-5/student133_ws/build/test_pkg'), ('QT_QPA_PLATFORM', 'wayland;xcb'), ('SNAP_REAL_HOME', '/home/robot33-5'), ('XDG_CONFIG_DIRS', '/etc/xdg/xdg-ubuntu:/etc/xdg'), ('XDG_DATA_DIRS', '/usr/share/ubuntu:/usr/local/share/:/usr/share/:/var/lib/snapd/desktop'), ('LC_NUMERIC', 'ru_RU.UTF-8'), ('PYTHONPATH', '/opt/ros/humble/lib/python3.10/site-packages:/opt/ros/humble/local/lib/python3.10/dist-packages'), ('SNAP', '/snap/qtcreator-ros/107'), ('SNAP_EUID', '1000'), ('LC_PAPER', 'ru_RU.UTF-8'), ('COLCON', '1'), ('CMAKE_PREFIX_PATH', '/home/robot33-5/student133_ws/install/test_pkg:/opt/ros/humble'), ('LIBGL_DRIVERS_PATH', '/snap/qtcreator-ros/107/usr/lib/x86_64-linux-gnu/dri')]), 'shell': False}
[2.990337] (test_pkg) StdoutLine: {'line': b'-- Install configuration: "Debug"\n'}
[2.990582] (test_pkg) StdoutLine: {'line': b'-- Installing: /home/robot33-5/student133_ws/install/test_pkg/lib/test_pkg/test_pkg_node\n'}
[2.991414] (test_pkg) StdoutLine: {'line': b'-- Set runtime path of "/home/robot33-5/student133_ws/install/test_pkg/lib/test_pkg/test_pkg_node" to ""\n'}
[2.991578] (test_pkg) StdoutLine: {'line': b'-- Up-to-date: /home/robot33-5/student133_ws/install/test_pkg/share/ament_index/resource_index/package_run_dependencies/test_pkg\n'}
[2.991861] (test_pkg) StdoutLine: {'line': b'-- Up-to-date: /home/robot33-5/student133_ws/install/test_pkg/share/ament_index/resource_index/parent_prefix_path/test_pkg\n'}
[2.991996] (test_pkg) StdoutLine: {'line': b'-- Up-to-date: /home/robot33-5/student133_ws/install/test_pkg/share/test_pkg/environment/ament_prefix_path.sh\n'}
[2.992180] (test_pkg) StdoutLine: {'line': b'-- Up-to-date: /home/robot33-5/student133_ws/install/test_pkg/share/test_pkg/environment/ament_prefix_path.dsv\n'}
[2.992306] (test_pkg) StdoutLine: {'line': b'-- Up-to-date: /home/robot33-5/student133_ws/install/test_pkg/share/test_pkg/environment/path.sh\n'}
[2.992393] (test_pkg) StdoutLine: {'line': b'-- Up-to-date: /home/robot33-5/student133_ws/install/test_pkg/share/test_pkg/environment/path.dsv\n'}
[2.992475] (test_pkg) StdoutLine: {'line': b'-- Up-to-date: /home/robot33-5/student133_ws/install/test_pkg/share/test_pkg/local_setup.bash\n'}
[2.992552] (test_pkg) StdoutLine: {'line': b'-- Up-to-date: /home/robot33-5/student133_ws/install/test_pkg/share/test_pkg/local_setup.sh\n'}
[2.992625] (test_pkg) StdoutLine: {'line': b'-- Up-to-date: /home/robot33-5/student133_ws/install/test_pkg/share/test_pkg/local_setup.zsh\n'}
[2.992698] (test_pkg) StdoutLine: {'line': b'-- Up-to-date: /home/robot33-5/student133_ws/install/test_pkg/share/test_pkg/local_setup.dsv\n'}
[2.992769] (test_pkg) StdoutLine: {'line': b'-- Installing: /home/robot33-5/student133_ws/install/test_pkg/share/test_pkg/package.dsv\n'}
[2.992841] (test_pkg) StdoutLine: {'line': b'-- Up-to-date: /home/robot33-5/student133_ws/install/test_pkg/share/ament_index/resource_index/packages/test_pkg\n'}
[2.992911] (test_pkg) StdoutLine: {'line': b'-- Up-to-date: /home/robot33-5/student133_ws/install/test_pkg/share/test_pkg/cmake/test_pkgConfig.cmake\n'}
[2.992984] (test_pkg) StdoutLine: {'line': b'-- Up-to-date: /home/robot33-5/student133_ws/install/test_pkg/share/test_pkg/cmake/test_pkgConfig-version.cmake\n'}
[2.993057] (test_pkg) StdoutLine: {'line': b'-- Up-to-date: /home/robot33-5/student133_ws/install/test_pkg/share/test_pkg/package.xml\n'}
[2.993445] (test_pkg) CommandEnded: {'returncode': 0}
[3.006538] (-) TimerEvent: {}
[3.106803] (-) TimerEvent: {}
[3.111331] (test_pkg) JobEnded: {'identifier': 'test_pkg', 'rc': 0}
[3.111706] (-) EventReactorShutdown: {}
