[0.062s] Invoking command in '/home/eragon/student133_ws/build/circle_detector': CMAKE_PREFIX_PATH=${CMAKE_PREFIX_PATH}:/opt/ros/humble /usr/bin/cmake --build /home/eragon/student133_ws/build/circle_detector -- -j8 -l8
[0.276s] [ 50%] Building CXX object CMakeFiles/circle_detector_node.dir/src/circle_detector_node.cpp.o
[14.329s] [100%] Linking CXX executable circle_detector_node
[15.487s] [100%] Built target circle_detector_node
[15.505s] Invoked command in '/home/eragon/student133_ws/build/circle_detector' returned '0': CMAKE_PREFIX_PATH=${CMAKE_PREFIX_PATH}:/opt/ros/humble /usr/bin/cmake --build /home/eragon/student133_ws/build/circle_detector -- -j8 -l8
[15.507s] Invoking command in '/home/eragon/student133_ws/build/circle_detector': CMAKE_PREFIX_PATH=${CMAKE_PREFIX_PATH}:/opt/ros/humble /usr/bin/cmake --install /home/eragon/student133_ws/build/circle_detector
[15.524s] -- Install configuration: "Debug"
[15.525s] -- Installing: /home/eragon/student133_ws/install/circle_detector/lib/circle_detector/circle_detector_node
[15.546s] -- Set runtime path of "/home/eragon/student133_ws/install/circle_detector/lib/circle_detector/circle_detector_node" to ""
[15.546s] -- Up-to-date: /home/eragon/student133_ws/install/circle_detector/share/ament_index/resource_index/package_run_dependencies/circle_detector
[15.547s] -- Up-to-date: /home/eragon/student133_ws/install/circle_detector/share/ament_index/resource_index/parent_prefix_path/circle_detector
[15.547s] -- Up-to-date: /home/eragon/student133_ws/install/circle_detector/share/circle_detector/environment/ament_prefix_path.sh
[15.547s] -- Up-to-date: /home/eragon/student133_ws/install/circle_detector/share/circle_detector/environment/ament_prefix_path.dsv
[15.547s] -- Up-to-date: /home/eragon/student133_ws/install/circle_detector/share/circle_detector/environment/path.sh
[15.548s] -- Up-to-date: /home/eragon/student133_ws/install/circle_detector/share/circle_detector/environment/path.dsv
[15.548s] -- Up-to-date: /home/eragon/student133_ws/install/circle_detector/share/circle_detector/local_setup.bash
[15.548s] -- Up-to-date: /home/eragon/student133_ws/install/circle_detector/share/circle_detector/local_setup.sh
[15.548s] -- Up-to-date: /home/eragon/student133_ws/install/circle_detector/share/circle_detector/local_setup.zsh
[15.548s] -- Up-to-date: /home/eragon/student133_ws/install/circle_detector/share/circle_detector/local_setup.dsv
[15.548s] -- Installing: /home/eragon/student133_ws/install/circle_detector/share/circle_detector/package.dsv
[15.549s] -- Up-to-date: /home/eragon/student133_ws/install/circle_detector/share/ament_index/resource_index/packages/circle_detector
[15.549s] -- Up-to-date: /home/eragon/student133_ws/install/circle_detector/share/circle_detector/cmake/circle_detectorConfig.cmake
[15.550s] -- Up-to-date: /home/eragon/student133_ws/install/circle_detector/share/circle_detector/cmake/circle_detectorConfig-version.cmake
[15.551s] -- Up-to-date: /home/eragon/student133_ws/install/circle_detector/share/circle_detector/package.xml
[15.552s] Invoked command in '/home/eragon/student133_ws/build/circle_detector' returned '0': CMAKE_PREFIX_PATH=${CMAKE_PREFIX_PATH}:/opt/ros/humble /usr/bin/cmake --install /home/eragon/student133_ws/build/circle_detector
